#
# There is insufficient memory for the Java Runtime Environment to continue.
# Native memory allocation (mmap) failed to map 22544384 bytes for committing reserved memory.
# Possible reasons:
#   The system is out of physical RAM or swap space
#   In 32 bit mode, the process size limit was hit
# Possible solutions:
#   Reduce memory load on the system
#   Increase physical memory or swap space
#   Check if swap backing store is full
#   Use 64 bit Java on a 64 bit OS
#   Decrease Java heap size (-Xmx/-Xms)
#   Decrease number of Java threads
#   Decrease Java thread stack sizes (-Xss)
#   Set larger code cache with -XX:ReservedCodeCacheSize=
# This output file may be truncated or incomplete.
#
#  Out of Memory Error (os_linux.cpp:2640), pid=3790, tid=0x00007ff3b3bfb700
#
# JRE version: OpenJDK Runtime Environment (8.0_152-b01) (build 1.8.0_152-release-915-b01)
# Java VM: OpenJDK 64-Bit Server VM (25.152-b01 mixed mode linux-amd64 compressed oops)
# Failed to write core dump. Core dumps have been disabled. To enable core dumping, try "ulimit -c unlimited" before starting Java again
#

---------------  T H R E A D  ---------------

Current thread (0x00007ff3d8079000):  VMThread [stack: 0x00007ff3b3afb000,0x00007ff3b3bfc000] [id=3798]

Stack: [0x00007ff3b3afb000,0x00007ff3b3bfc000],  sp=0x00007ff3b3bfa470,  free space=1021k
Native frames: (J=compiled Java code, j=interpreted, Vv=VM code, C=native code)
V  [libjvm.so+0x9eb15d]  VMError::report_and_die()+0x15d
V  [libjvm.so+0x4b8eaa]  report_vm_out_of_memory(char const*, int, unsigned long, VMErrorType, char const*)+0x8a
V  [libjvm.so+0x851370]  os::pd_commit_memory(char*, unsigned long, unsigned long, bool)+0xf0
V  [libjvm.so+0x84be8f]  os::commit_memory(char*, unsigned long, unsigned long, bool)+0x1f
V  [libjvm.so+0x8c261b]  PSVirtualSpace::expand_by(unsigned long)+0x5b
V  [libjvm.so+0x8c3290]  PSYoungGen::resize_generation(unsigned long, unsigned long)+0xb0
V  [libjvm.so+0x8c35ab]  PSYoungGen::resize(unsigned long, unsigned long)+0x1b
V  [libjvm.so+0x8bfc9c]  PSScavenge::invoke_no_policy()+0xdac
V  [libjvm.so+0x8c0478]  PSScavenge::invoke()+0x38
V  [libjvm.so+0x8748f3]  ParallelScavengeHeap::failed_mem_allocate(unsigned long)+0x63
V  [libjvm.so+0x9ecc84]  VM_ParallelGCFailedAllocation::doit()+0x84
V  [libjvm.so+0x9f1197]  VM_Operation::evaluate()+0x47
V  [libjvm.so+0x9efb78]  VMThread::evaluate_operation(VM_Operation*)+0x2c8
V  [libjvm.so+0x9efff9]  VMThread::loop()+0x219
V  [libjvm.so+0x9f0442]  VMThread::run()+0x72
V  [libjvm.so+0x84e792]  java_start(Thread*)+0xf2

VM_Operation (0x00007ff3b0d70010): ParallelGCFailedAllocation, mode: safepoint, requested by thread 0x00007ff34c0b3800


---------------  P R O C E S S  ---------------

Java Threads: ( => current thread )
  0x00007ff3bc02c000 JavaThread "pool-13-thread-1" [_thread_blocked, id=7149, stack(0x00007ff38837e000,0x00007ff38847f000)]
  0x00007ff3bc01f000 JavaThread "ForkJoinPool.commonPool-worker-2" daemon [_thread_blocked, id=7148, stack(0x00007ff38847f000,0x00007ff388580000)]
  0x00007ff3bc01e000 JavaThread "ForkJoinPool.commonPool-worker-1" daemon [_thread_blocked, id=7147, stack(0x00007ff38827d000,0x00007ff38837e000)]
  0x0000000000658000 JavaThread "ForkJoinPool.commonPool-worker-0" daemon [_thread_blocked, id=7146, stack(0x00007ff34a536000,0x00007ff34a637000)]
  0x00007ff3bc01d800 JavaThread "ForkJoinPool.commonPool-worker-3" daemon [_thread_blocked, id=7145, stack(0x00007ff3b0570000,0x00007ff3b0671000)]
  0x00007ff3c403c800 JavaThread "Cache worker for Java compile cache (/home/tom/AndroidStudioProjects/SmartAlarm/.gradle/4.1/javaCompile)" [_thread_blocked, id=7144, stack(0x00007ff34a134000,0x00007ff34a235000)]
  0x00007ff34c0b4800 JavaThread "Task worker for ':' Thread 3" [_thread_blocked, id=7143, stack(0x00007ff34a435000,0x00007ff34a536000)]
  0x00007ff34c0b3800 JavaThread "Task worker for ':' Thread 2" [_thread_blocked, id=7142, stack(0x00007ff3b0c73000,0x00007ff3b0d74000)]
  0x00007ff34c0b3000 JavaThread "Task worker for ':'" [_thread_blocked, id=7141, stack(0x00007ff3b0d74000,0x00007ff3b0e75000)]
  0x00007ff34c0b2000 JavaThread "Cache worker for task history cache (/home/tom/AndroidStudioProjects/SmartAlarm/.gradle/4.1/taskHistory)" [_thread_blocked, id=7140, stack(0x00007ff34aa39000,0x00007ff34ab3a000)]
  0x00007ff34c0b1800 JavaThread "Cache worker for file content cache (/home/tom/AndroidStudioProjects/SmartAlarm/.gradle/4.1/fileContent)" [_thread_blocked, id=7139, stack(0x00007ff349444000,0x00007ff349545000)]
  0x00007ff34c080800 JavaThread "build operations Thread 4" [_thread_blocked, id=7136, stack(0x00007ff34a637000,0x00007ff34a738000)]
  0x00007ff34c07f800 JavaThread "build operations Thread 3" [_thread_blocked, id=7135, stack(0x00007ff34a738000,0x00007ff34a839000)]
  0x00007ff34c07f000 JavaThread "build operations Thread 2" [_thread_blocked, id=7134, stack(0x00007ff34a033000,0x00007ff34a134000)]
  0x00007ff34c083000 JavaThread "build operations" [_thread_blocked, id=7133, stack(0x00007ff349848000,0x00007ff349949000)]
  0x00007ff34c096000 JavaThread "Cache worker for Artifact transforms cache (/home/tom/.gradle/caches/transforms-1)" [_thread_blocked, id=7124, stack(0x00007ff3b0f76000,0x00007ff3b1077000)]
  0x00007ff34c001800 JavaThread "Cache worker for file hash cache (/home/tom/AndroidStudioProjects/SmartAlarm/.gradle/4.1/fileHashes)" [_thread_blocked, id=7123, stack(0x00007ff3b1077000,0x00007ff3b1178000)]
  0x00007ff34c0bf000 JavaThread "Stdin handler" [_thread_blocked, id=7122, stack(0x00007ff3b004e000,0x00007ff3b014f000)]
  0x00007ff34c006800 JavaThread "Asynchronous log dispatcher for DefaultDaemonConnection: socket connection from /127.0.0.1:36767 to /127.0.0.1:34808" [_thread_blocked, id=7119, stack(0x00007ff38817c000,0x00007ff38827d000)]
  0x00007ff38000a000 JavaThread "Cancel handler" [_thread_blocked, id=7118, stack(0x00007ff349f32000,0x00007ff34a033000)]
  0x00007ff380008800 JavaThread "Handler for socket connection from /127.0.0.1:36767 to /127.0.0.1:34808" [_thread_in_native, id=7117, stack(0x00007ff3b0e75000,0x00007ff3b0f76000)]
  0x00007ff380003800 JavaThread "Daemon worker Thread 9" [_thread_blocked, id=7030, stack(0x00007ff349c4c000,0x00007ff349d4d000)]
  0x00007ff3840a7800 JavaThread "Daemon Thread 9" [_thread_blocked, id=7027, stack(0x00007ff3b1178000,0x00007ff3b1279000)]
  0x00007ff36c9ed000 JavaThread "Memory manager" [_thread_blocked, id=3861, stack(0x00007ff34b74c000,0x00007ff34b84d000)]
  0x00007ff36c11c000 JavaThread "File lock request listener" [_thread_in_native, id=3827, stack(0x00007ff3b0871000,0x00007ff3b0972000)]
  0x00007ff36c117800 JavaThread "Cache worker for file hash cache (/home/tom/.gradle/caches/4.1/fileHashes)" [_thread_blocked, id=3826, stack(0x00007ff3b0972000,0x00007ff3b0a73000)]
  0x00007ff3d8d0d800 JavaThread "Daemon periodic checks" [_thread_blocked, id=3817, stack(0x00007ff3b1279000,0x00007ff3b137a000)]
  0x00007ff3d8cea800 JavaThread "Incoming local TCP Connector on port 36767" [_thread_in_native, id=3816, stack(0x00007ff3b1381000,0x00007ff3b1482000)]
  0x00007ff3d80c1000 JavaThread "Service Thread" daemon [_thread_blocked, id=3805, stack(0x00007ff3b2a2a000,0x00007ff3b2b2b000)]
  0x00007ff3d80be000 JavaThread "C1 CompilerThread2" daemon [_thread_blocked, id=3804, stack(0x00007ff3b2b2b000,0x00007ff3b2c2c000)]
  0x00007ff3d80bc800 JavaThread "C2 CompilerThread1" daemon [_thread_blocked, id=3803, stack(0x00007ff3b2c2c000,0x00007ff3b2d2d000)]
  0x00007ff3d80b9800 JavaThread "C2 CompilerThread0" daemon [_thread_blocked, id=3802, stack(0x00007ff3b2d2d000,0x00007ff3b2e2e000)]
  0x00007ff3d80b5000 JavaThread "Signal Dispatcher" daemon [_thread_blocked, id=3801, stack(0x00007ff3b2e2e000,0x00007ff3b2f2f000)]
  0x00007ff3d8085000 JavaThread "Finalizer" daemon [_thread_blocked, id=3800, stack(0x00007ff3b38f9000,0x00007ff3b39fa000)]
  0x00007ff3d8080800 JavaThread "Reference Handler" daemon [_thread_blocked, id=3799, stack(0x00007ff3b39fa000,0x00007ff3b3afb000)]
  0x00007ff3d800b000 JavaThread "main" [_thread_blocked, id=3793, stack(0x00007ff3df50e000,0x00007ff3df60f000)]

Other Threads:
=>0x00007ff3d8079000 VMThread [stack: 0x00007ff3b3afb000,0x00007ff3b3bfc000] [id=3798]
  0x00007ff3d80c4000 WatcherThread [stack: 0x00007ff3b2929000,0x00007ff3b2a2a000] [id=3806]

VM state:at safepoint (normal execution)

VM Mutex/Monitor currently owned by a thread:  ([mutex/lock_event])
[0x00007ff3d8007be0] Threads_lock - owner thread: 0x00007ff3d8079000
[0x00007ff3d80080e0] Heap_lock - owner thread: 0x00007ff34c0b3800

Heap:
 PSYoungGen      total 334848K, used 33001K [0x00000000e0000000, 0x00000000f8a80000, 0x0000000100000000)
  eden space 279552K, 0% used [0x00000000e0000000,0x00000000e0000000,0x00000000f1100000)
  from space 55296K, 59% used [0x00000000f1e80000,0x00000000f3eba750,0x00000000f5480000)
  to   space 12800K, 0% used [0x00000000f7e00000,0x00000000f7e00000,0x00000000f8a80000)
 ParOldGen       total 97280K, used 76443K [0x00000000a0000000, 0x00000000a5f00000, 0x00000000e0000000)
  object space 97280K, 78% used [0x00000000a0000000,0x00000000a4aa6fb8,0x00000000a5f00000)
 Metaspace       used 74761K, capacity 79574K, committed 79636K, reserved 1118208K
  class space    used 9434K, capacity 10512K, committed 10556K, reserved 1048576K

Card table byte_map: [0x00007ff3dc03d000,0x00007ff3dc33e000] byte_map_base: 0x00007ff3dbb3d000

Marking Bits: (ParMarkBitMap*) 0x00007ff3de9cf3e0
 Begin Bits: [0x00007ff3b9000000, 0x00007ff3ba800000)
 End Bits:   [0x00007ff3ba800000, 0x00007ff3bc000000)

Polling page: 0x00007ff3df63b000

CodeCache: size=245760Kb used=48975Kb max_used=48987Kb free=196785Kb
 bounds [0x00007ff3c9000000, 0x00007ff3cc030000, 0x00007ff3d8000000]
 total_blobs=15878 nmethods=15046 adapters=744
 compilation: enabled

Compilation events (10 events):
Event: 1441.024 Thread 0x00007ff3d80bc800 nmethod 19510 0x00007ff3cb0e7d50 code [0x00007ff3cb0e7ea0, 0x00007ff3cb0e7f58]
Event: 1441.024 Thread 0x00007ff3d80bc800 19511   !   4       com.android.apkzlib.zip.StoredEntry::<init> (374 bytes)
Event: 1441.049 Thread 0x00007ff3d80b9800 nmethod 19509 0x00007ff3cc00cc50 code [0x00007ff3cc00ce40, 0x00007ff3cc00d338]
Event: 1441.049 Thread 0x00007ff3d80b9800 19513       4       com.android.apkzlib.zip.FileUseMap::add (131 bytes)
Event: 1441.149 Thread 0x00007ff3d80be000 19514       3       java.util.HashMap$KeySpliterator::characteristics (30 bytes)
Event: 1441.157 Thread 0x00007ff3d80be000 nmethod 19514 0x00007ff3cc00c810 code [0x00007ff3cc00c980, 0x00007ff3cc00cb70]
Event: 1441.180 Thread 0x00007ff3d80b9800 nmethod 19513 0x00007ff3cc0160d0 code [0x00007ff3cc016460, 0x00007ff3cc018180]
Event: 1441.180 Thread 0x00007ff3d80b9800 19512       4       com.android.apkzlib.zip.CentralDirectoryHeader::<init> (101 bytes)
Event: 1441.257 Thread 0x00007ff3d80bc800 nmethod 19511 0x00007ff3cc01a510 code [0x00007ff3cc01aa40, 0x00007ff3cc01de48]
Event: 1441.454 Thread 0x00007ff3d80b9800 nmethod 19512 0x00007ff3cc025990 code [0x00007ff3cc025e20, 0x00007ff3cc0284a0]

GC Heap History (10 events):
Event: 952.386 GC heap after
Heap after GC invocations=23 (full 3):
 PSYoungGen      total 354816K, used 25672K [0x00000000e0000000, 0x00000000f8d00000, 0x0000000100000000)
  eden space 317440K, 0% used [0x00000000e0000000,0x00000000e0000000,0x00000000f3600000)
  from space 37376K, 68% used [0x00000000f6880000,0x00000000f81923c0,0x00000000f8d00000)
  to   space 44544K, 0% used [0x00000000f3600000,0x00000000f3600000,0x00000000f6180000)
 ParOldGen       total 97280K, used 46340K [0x00000000a0000000, 0x00000000a5f00000, 0x00000000e0000000)
  object space 97280K, 47% used [0x00000000a0000000,0x00000000a2d413e0,0x00000000a5f00000)
 Metaspace       used 73158K, capacity 76968K, committed 77204K, reserved 1116160K
  class space    used 9277K, capacity 10149K, committed 10172K, reserved 1048576K
}
Event: 954.296 GC heap before
{Heap before GC invocations=24 (full 3):
 PSYoungGen      total 354816K, used 343112K [0x00000000e0000000, 0x00000000f8d00000, 0x0000000100000000)
  eden space 317440K, 100% used [0x00000000e0000000,0x00000000f3600000,0x00000000f3600000)
  from space 37376K, 68% used [0x00000000f6880000,0x00000000f81923c0,0x00000000f8d00000)
  to   space 44544K, 0% used [0x00000000f3600000,0x00000000f3600000,0x00000000f6180000)
 ParOldGen       total 97280K, used 46340K [0x00000000a0000000, 0x00000000a5f00000, 0x00000000e0000000)
  object space 97280K, 47% used [0x00000000a0000000,0x00000000a2d413e0,0x00000000a5f00000)
 Metaspace       used 73432K, capacity 77280K, committed 77460K, reserved 1116160K
  class space    used 9282K, capacity 10157K, committed 10172K, reserved 1048576K
Event: 954.317 GC heap after
Heap after GC invocations=24 (full 3):
 PSYoungGen      total 361984K, used 24744K [0x00000000e0000000, 0x00000000fb500000, 0x0000000100000000)
  eden space 317440K, 0% used [0x00000000e0000000,0x00000000e0000000,0x00000000f3600000)
  from space 44544K, 55% used [0x00000000f3600000,0x00000000f4e2a3e0,0x00000000f6180000)
  to   space 44032K, 0% used [0x00000000f8a00000,0x00000000f8a00000,0x00000000fb500000)
 ParOldGen       total 97280K, used 46348K [0x00000000a0000000, 0x00000000a5f00000, 0x00000000e0000000)
  object space 97280K, 47% used [0x00000000a0000000,0x00000000a2d433e0,0x00000000a5f00000)
 Metaspace       used 73432K, capacity 77280K, committed 77460K, reserved 1116160K
  class space    used 9282K, capacity 10157K, committed 10172K, reserved 1048576K
}
Event: 1094.957 GC heap before
{Heap before GC invocations=25 (full 3):
 PSYoungGen      total 361984K, used 340902K [0x00000000e0000000, 0x00000000fb500000, 0x0000000100000000)
  eden space 317440K, 99% used [0x00000000e0000000,0x00000000f34bf6c8,0x00000000f3600000)
  from space 44544K, 55% used [0x00000000f3600000,0x00000000f4e2a3e0,0x00000000f6180000)
  to   space 44032K, 0% used [0x00000000f8a00000,0x00000000f8a00000,0x00000000fb500000)
 ParOldGen       total 97280K, used 46348K [0x00000000a0000000, 0x00000000a5f00000, 0x00000000e0000000)
  object space 97280K, 47% used [0x00000000a0000000,0x00000000a2d433e0,0x00000000a5f00000)
 Metaspace       used 74034K, capacity 78438K, committed 78740K, reserved 1118208K
  class space    used 9370K, capacity 10338K, committed 10428K, reserved 1048576K
Event: 1095.015 GC heap after
Heap after GC invocations=25 (full 3):
 PSYoungGen      total 338944K, used 34613K [0x00000000e0000000, 0x00000000fac00000, 0x0000000100000000)
  eden space 304128K, 0% used [0x00000000e0000000,0x00000000e0000000,0x00000000f2900000)
  from space 34816K, 99% used [0x00000000f8a00000,0x00000000fabcd700,0x00000000fac00000)
  to   space 46592K, 0% used [0x00000000f5100000,0x00000000f5100000,0x00000000f7e80000)
 ParOldGen       total 97280K, used 46356K [0x00000000a0000000, 0x00000000a5f00000, 0x00000000e0000000)
  object space 97280K, 47% used [0x00000000a0000000,0x00000000a2d453e0,0x00000000a5f00000)
 Metaspace       used 74034K, capacity 78438K, committed 78740K, reserved 1118208K
  class space    used 9370K, capacity 10338K, committed 10428K, reserved 1048576K
}
Event: 1184.779 GC heap before
{Heap before GC invocations=26 (full 3):
 PSYoungGen      total 338944K, used 338741K [0x00000000e0000000, 0x00000000fac00000, 0x0000000100000000)
  eden space 304128K, 100% used [0x00000000e0000000,0x00000000f2900000,0x00000000f2900000)
  from space 34816K, 99% used [0x00000000f8a00000,0x00000000fabcd700,0x00000000fac00000)
  to   space 46592K, 0% used [0x00000000f5100000,0x00000000f5100000,0x00000000f7e80000)
 ParOldGen       total 97280K, used 46356K [0x00000000a0000000, 0x00000000a5f00000, 0x00000000e0000000)
  object space 97280K, 47% used [0x00000000a0000000,0x00000000a2d453e0,0x00000000a5f00000)
 Metaspace       used 74269K, capacity 78794K, committed 78996K, reserved 1118208K
  class space    used 9391K, capacity 10396K, committed 10428K, reserved 1048576K
Event: 1184.825 GC heap after
Heap after GC invocations=26 (full 3):
 PSYoungGen      total 337408K, used 45921K [0x00000000e0000000, 0x00000000f8a80000, 0x0000000100000000)
  eden space 291328K, 0% used [0x00000000e0000000,0x00000000e0000000,0x00000000f1c80000)
  from space 46080K, 99% used [0x00000000f5100000,0x00000000f7dd84a0,0x00000000f7e00000)
  to   space 12800K, 0% used [0x00000000f7e00000,0x00000000f7e00000,0x00000000f8a80000)
 ParOldGen       total 97280K, used 50827K [0x00000000a0000000, 0x00000000a5f00000, 0x00000000e0000000)
  object space 97280K, 52% used [0x00000000a0000000,0x00000000a31a2f80,0x00000000a5f00000)
 Metaspace       used 74269K, capacity 78794K, committed 78996K, reserved 1118208K
  class space    used 9391K, capacity 10396K, committed 10428K, reserved 1048576K
}
Event: 1437.987 GC heap before
{Heap before GC invocations=27 (full 3):
 PSYoungGen      total 337408K, used 335112K [0x00000000e0000000, 0x00000000f8a80000, 0x0000000100000000)
  eden space 291328K, 99% used [0x00000000e0000000,0x00000000f1a69ea8,0x00000000f1c80000)
  from space 46080K, 99% used [0x00000000f5100000,0x00000000f7dd84a0,0x00000000f7e00000)
  to   space 12800K, 0% used [0x00000000f7e00000,0x00000000f7e00000,0x00000000f8a80000)
 ParOldGen       total 97280K, used 50827K [0x00000000a0000000, 0x00000000a5f00000, 0x00000000e0000000)
  object space 97280K, 52% used [0x00000000a0000000,0x00000000a31a2f80,0x00000000a5f00000)
 Metaspace       used 74588K, capacity 79242K, committed 79380K, reserved 1118208K
  class space    used 9415K, capacity 10478K, committed 10556K, reserved 1048576K
Event: 1438.078 GC heap after
Heap after GC invocations=27 (full 3):
 PSYoungGen      total 292352K, used 12788K [0x00000000e0000000, 0x00000000f8a80000, 0x0000000100000000)
  eden space 279552K, 0% used [0x00000000e0000000,0x00000000e0000000,0x00000000f1100000)
  from space 12800K, 99% used [0x00000000f7e00000,0x00000000f8a7d0d8,0x00000000f8a80000)
  to   space 55296K, 0% used [0x00000000f1e80000,0x00000000f1e80000,0x00000000f5480000)
 ParOldGen       total 97280K, used 76443K [0x00000000a0000000, 0x00000000a5f00000, 0x00000000e0000000)
  object space 97280K, 78% used [0x00000000a0000000,0x00000000a4aa6fb8,0x00000000a5f00000)
 Metaspace       used 74588K, capacity 79242K, committed 79380K, reserved 1118208K
  class space    used 9415K, capacity 10478K, committed 10556K, reserved 1048576K
}
Event: 1441.467 GC heap before
{Heap before GC invocations=28 (full 3):
 PSYoungGen      total 292352K, used 289667K [0x00000000e0000000, 0x00000000f8a80000, 0x0000000100000000)
  eden space 279552K, 99% used [0x00000000e0000000,0x00000000f0e63d28,0x00000000f1100000)
  from space 12800K, 99% used [0x00000000f7e00000,0x00000000f8a7d0d8,0x00000000f8a80000)
  to   space 55296K, 0% used [0x00000000f1e80000,0x00000000f1e80000,0x00000000f5480000)
 ParOldGen       total 97280K, used 76443K [0x00000000a0000000, 0x00000000a5f00000, 0x00000000e0000000)
  object space 97280K, 78% used [0x00000000a0000000,0x00000000a4aa6fb8,0x00000000a5f00000)
 Metaspace       used 74761K, capacity 79574K, committed 79636K, reserved 1118208K
  class space    used 9434K, capacity 10512K, committed 10556K, reserved 1048576K

Deoptimization events (10 events):
Event: 1093.935 Thread 0x00007ff37801f800 Uncommon trap: reason=array_check action=maybe_recompile pc=0x00007ff3cba88354 method=java.util.TimSort.reverseRange([Ljava/lang/Object;II)V @ 27
Event: 1183.356 Thread 0x00007ff38000a000 Uncommon trap: reason=array_check action=maybe_recompile pc=0x00007ff3cba62ee4 method=java.util.ComparableTimSort.reverseRange([Ljava/lang/Object;II)V @ 27
Event: 1183.897 Thread 0x00007ff354017800 Uncommon trap: reason=unstable_if action=reinterpret pc=0x00007ff3cb0e8690 method=java.util.concurrent.ConcurrentHashMap.addCount(JI)V @ 110
Event: 1183.904 Thread 0x00007ff354019800 Uncommon trap: reason=unstable_if action=reinterpret pc=0x00007ff3cb9db5d8 method=java.util.concurrent.ConcurrentHashMap.addCount(JI)V @ 110
Event: 1184.048 Thread 0x00007ff354017800 Uncommon trap: reason=unstable_if action=reinterpret pc=0x00007ff3caea81a8 method=java.util.concurrent.locks.LockSupport.unpark(Ljava/lang/Thread;)V @ 1
Event: 1430.302 Thread 0x00007ff380003800 Uncommon trap: reason=array_check action=maybe_recompile pc=0x00007ff3cb3a0ae0 method=java.util.ComparableTimSort.reverseRange([Ljava/lang/Object;II)V @ 20
Event: 1430.685 Thread 0x00007ff380003800 Uncommon trap: reason=unstable_if action=reinterpret pc=0x00007ff3cb3a7038 method=java.util.stream.AbstractSpinedBuffer.count()J @ 4
Event: 1437.339 Thread 0x00007ff380003800 Uncommon trap: reason=null_check action=make_not_entrant pc=0x00007ff3cb070794 method=org.gradle.api.internal.collections.CollectionFilter.filter(Ljava/lang/Object;)Ljava/lang/Object; @ 5
Event: 1437.960 Thread 0x00007ff34c0b4800 Uncommon trap: reason=class_check action=maybe_recompile pc=0x00007ff3c9df0d54 method=com.sun.tools.javac.tree.TreeMaker.Modifiers(JLcom/sun/tools/javac/util/List;)Lcom/sun/tools/javac/tree/JCTree$JCModifiers; @ 36
Event: 1437.961 Thread 0x00007ff34c0b4800 Uncommon trap: reason=class_check action=maybe_recompile pc=0x00007ff3c9df0d54 method=com.sun.tools.javac.tree.TreeMaker.Modifiers(JLcom/sun/tools/javac/util/List;)Lcom/sun/tools/javac/tree/JCTree$JCModifiers; @ 36

Classes redefined (0 events):
No events

Internal exceptions (10 events):
Event: 1437.379 Thread 0x00007ff380003800 Exception <a 'sun/nio/fs/UnixException'> (0x00000000eed7d2c8) thrown at [/ssd/Android/AOSP-openjdk-git/jdk8u/hotspot/src/share/vm/prims/jni.cpp, line 709]
Event: 1437.380 Thread 0x00007ff380003800 Exception <a 'sun/nio/fs/UnixException'> (0x00000000eed80148) thrown at [/ssd/Android/AOSP-openjdk-git/jdk8u/hotspot/src/share/vm/prims/jni.cpp, line 709]
Event: 1437.380 Thread 0x00007ff380003800 Exception <a 'sun/nio/fs/UnixException'> (0x00000000eed81470) thrown at [/ssd/Android/AOSP-openjdk-git/jdk8u/hotspot/src/share/vm/prims/jni.cpp, line 709]
Event: 1437.380 Thread 0x00007ff380003800 Exception <a 'sun/nio/fs/UnixException'> (0x00000000eed84e30) thrown at [/ssd/Android/AOSP-openjdk-git/jdk8u/hotspot/src/share/vm/prims/jni.cpp, line 709]
Event: 1437.380 Thread 0x00007ff380003800 Exception <a 'sun/nio/fs/UnixException'> (0x00000000eed86188) thrown at [/ssd/Android/AOSP-openjdk-git/jdk8u/hotspot/src/share/vm/prims/jni.cpp, line 709]
Event: 1437.382 Thread 0x00007ff380003800 Exception <a 'sun/nio/fs/UnixException'> (0x00000000eed89798) thrown at [/ssd/Android/AOSP-openjdk-git/jdk8u/hotspot/src/share/vm/prims/jni.cpp, line 709]
Event: 1437.383 Thread 0x00007ff380003800 Exception <a 'sun/nio/fs/UnixException'> (0x00000000eed8aab8) thrown at [/ssd/Android/AOSP-openjdk-git/jdk8u/hotspot/src/share/vm/prims/jni.cpp, line 709]
Event: 1437.383 Thread 0x00007ff380003800 Exception <a 'sun/nio/fs/UnixException'> (0x00000000eed90630) thrown at [/ssd/Android/AOSP-openjdk-git/jdk8u/hotspot/src/share/vm/prims/jni.cpp, line 709]
Event: 1437.383 Thread 0x00007ff380003800 Exception <a 'sun/nio/fs/UnixException'> (0x00000000eed91940) thrown at [/ssd/Android/AOSP-openjdk-git/jdk8u/hotspot/src/share/vm/prims/jni.cpp, line 709]
Event: 1439.933 Thread 0x00007ff3bc01e000 Exception <a 'sun/nio/fs/UnixException'> (0x00000000e46764a8) thrown at [/ssd/Android/AOSP-openjdk-git/jdk8u/hotspot/src/share/vm/prims/jni.cpp, line 709]

Events (10 events):
Event: 1440.734 Executing VM operation: RevokeBias
Event: 1440.767 Executing VM operation: RevokeBias done
Event: 1440.978 Thread 0x00007ff34c0b3800 DEOPT PACKING pc=0x00007ff3c9447d67 sp=0x00007ff3b0d710a0
Event: 1440.978 Thread 0x00007ff34c0b3800 DEOPT UNPACKING pc=0x00007ff3c9047373 sp=0x00007ff3b0d70e08 mode 0
Event: 1441.126 Thread 0x00007ff3bc02c000 Thread added: 0x00007ff3bc02c000
Event: 1441.134 Executing VM operation: RevokeBias
Event: 1441.145 Executing VM operation: RevokeBias done
Event: 1441.454 Executing VM operation: RevokeBias
Event: 1441.455 Executing VM operation: RevokeBias done
Event: 1441.467 Executing VM operation: ParallelGCFailedAllocation


Dynamic libraries:
00400000-00401000 r-xp 00000000 103:04 1198465                           /usr/local/android-studio/jre/bin/java
00600000-00601000 r--p 00000000 103:04 1198465                           /usr/local/android-studio/jre/bin/java
00601000-00602000 rw-p 00001000 103:04 1198465                           /usr/local/android-studio/jre/bin/java
00654000-00aa5000 rw-p 00000000 00:00 0                                  [heap]
a0000000-a5f00000 rw-p 00000000 00:00 0 
a5f00000-e0000000 ---p 00000000 00:00 0 
e0000000-f8a80000 rw-p 00000000 00:00 0 
fa000000-100000000 ---p 00000000 00:00 0 
100000000-100a4f000 rw-p 00000000 00:00 0 
100a4f000-140000000 ---p 00000000 00:00 0 
7ff340000000-7ff340053000 rw-p 00000000 00:00 0 
7ff340053000-7ff344000000 ---p 00000000 00:00 0 
7ff344000000-7ff344125000 rw-p 00000000 00:00 0 
7ff344125000-7ff348000000 ---p 00000000 00:00 0 
7ff348002000-7ff348021000 r--s 0053d000 103:04 4855885                   /home/tom/.gradle/caches/jars-3/07dcf2f3f2bda71869cda3f75be96a82/sdk-tools.jar
7ff348021000-7ff348221000 rw-p 00000000 00:00 0 
7ff348221000-7ff348421000 rw-p 00000000 00:00 0 
7ff348444000-7ff3485c4000 rw-p 00000000 00:00 0 
7ff3485c4000-7ff348644000 ---p 00000000 00:00 0 
7ff348644000-7ff348844000 rw-p 00000000 00:00 0 
7ff348844000-7ff348a44000 rw-p 00000000 00:00 0 
7ff348a44000-7ff348c44000 rw-p 00000000 00:00 0 
7ff348c44000-7ff348e44000 rw-p 00000000 00:00 0 
7ff348e44000-7ff349044000 rw-p 00000000 00:00 0 
7ff349044000-7ff349244000 rw-p 00000000 00:00 0 
7ff349244000-7ff349444000 rw-p 00000000 00:00 0 
7ff349444000-7ff349447000 ---p 00000000 00:00 0 
7ff349447000-7ff349545000 rw-p 00000000 00:00 0 
7ff349545000-7ff349548000 ---p 00000000 00:00 0 
7ff349548000-7ff349646000 rw-p 00000000 00:00 0 
7ff349646000-7ff349649000 ---p 00000000 00:00 0 
7ff349649000-7ff349747000 rw-p 00000000 00:00 0 
7ff349747000-7ff34974a000 ---p 00000000 00:00 0 
7ff34974a000-7ff349848000 rw-p 00000000 00:00 0 
7ff349848000-7ff34984b000 ---p 00000000 00:00 0 
7ff34984b000-7ff349949000 rw-p 00000000 00:00 0 
7ff349949000-7ff34994c000 ---p 00000000 00:00 0 
7ff34994c000-7ff349a4a000 rw-p 00000000 00:00 0 
7ff349a4a000-7ff349a4d000 ---p 00000000 00:00 0 
7ff349a4d000-7ff349b4b000 rw-p 00000000 00:00 0 
7ff349b4b000-7ff349b4e000 ---p 00000000 00:00 0 
7ff349b4e000-7ff349c4c000 rw-p 00000000 00:00 0 
7ff349c4c000-7ff349c4f000 ---p 00000000 00:00 0 
7ff349c4f000-7ff349d4d000 rw-p 00000000 00:00 0 
7ff349d4d000-7ff349d50000 ---p 00000000 00:00 0 
7ff349d50000-7ff349d86000 rw-p 00000000 00:00 0 
7ff349d86000-7ff349d89000 ---p 00000000 00:00 0 
7ff349d89000-7ff349dbf000 rw-p 00000000 00:00 0 
7ff349dbf000-7ff349dc2000 ---p 00000000 00:00 0 
7ff349dc2000-7ff349df8000 rw-p 00000000 00:00 0 
7ff349df8000-7ff349dfb000 ---p 00000000 00:00 0 
7ff349dfb000-7ff349e31000 rw-p 00000000 00:00 0 
7ff349e31000-7ff349e34000 ---p 00000000 00:00 0 
7ff349e34000-7ff349f32000 rw-p 00000000 00:00 0 
7ff349f32000-7ff349f35000 ---p 00000000 00:00 0 
7ff349f35000-7ff34a033000 rw-p 00000000 00:00 0 
7ff34a033000-7ff34a036000 ---p 00000000 00:00 0 
7ff34a036000-7ff34a134000 rw-p 00000000 00:00 0 
7ff34a134000-7ff34a137000 ---p 00000000 00:00 0 
7ff34a137000-7ff34a435000 rw-p 00000000 00:00 0 
7ff34a435000-7ff34a438000 ---p 00000000 00:00 0 
7ff34a438000-7ff34a536000 rw-p 00000000 00:00 0 
7ff34a536000-7ff34a539000 ---p 00000000 00:00 0 
7ff34a539000-7ff34a637000 rw-p 00000000 00:00 0 
7ff34a637000-7ff34a63a000 ---p 00000000 00:00 0 
7ff34a63a000-7ff34a738000 rw-p 00000000 00:00 0 
7ff34a738000-7ff34a73b000 ---p 00000000 00:00 0 
7ff34a73b000-7ff34aa39000 rw-p 00000000 00:00 0 
7ff34aa39000-7ff34aa3c000 ---p 00000000 00:00 0 
7ff34aa3c000-7ff34ad3a000 rw-p 00000000 00:00 0 
7ff34ad3a000-7ff34af3a000 rw-p 00000000 00:00 0 
7ff34af3a000-7ff34b13a000 rw-p 00000000 00:00 0 
7ff34b13a000-7ff34b14c000 r--s 00345000 103:04 1198547                   /usr/local/android-studio/jre/jre/lib/resources.jar
7ff34b14c000-7ff34b34c000 rw-p 00000000 00:00 0 
7ff34b34c000-7ff34b54c000 rw-p 00000000 00:00 0 
7ff34b54c000-7ff34b74c000 rw-p 00000000 00:00 0 
7ff34b74c000-7ff34b74f000 ---p 00000000 00:00 0 
7ff34b74f000-7ff34ba4d000 rw-p 00000000 00:00 0 
7ff34ba4d000-7ff34bc43000 rw-p 00000000 00:00 0 
7ff34bc43000-7ff34bc4d000 ---p 00000000 00:00 0 
7ff34bc4d000-7ff34bc58000 r--s 00081000 103:04 662964                    /home/tom/.gradle/caches/jars-3/fc6e889a0f45cc9752787eb60f920103/trove4j-20160824.jar
7ff34bc58000-7ff34bcdb000 r--s 00758000 103:04 662962                    /home/tom/.gradle/caches/jars-3/b46ab84062ddfd52701cfe0a9718e764/intellij-core-26.0.1.jar
7ff34bcdb000-7ff34be00000 r--s 00f5d000 103:04 5130812                   /home/tom/.gradle/caches/jars-3/dfd566a90e18a0aa75879c33e0731ab8/fastutil-7.2.0.jar
7ff34be00000-7ff34c000000 rw-p 00000000 00:00 0 
7ff34c000000-7ff34c125000 rw-p 00000000 00:00 0 
7ff34c125000-7ff350000000 ---p 00000000 00:00 0 
7ff350000000-7ff350049000 rw-p 00000000 00:00 0 
7ff350049000-7ff354000000 ---p 00000000 00:00 0 
7ff354000000-7ff354116000 rw-p 00000000 00:00 0 
7ff354116000-7ff358000000 ---p 00000000 00:00 0 
7ff358000000-7ff358bd0000 rw-p 00000000 00:00 0 
7ff358bd0000-7ff35c000000 ---p 00000000 00:00 0 
7ff35c000000-7ff35c149000 rw-p 00000000 00:00 0 
7ff35c149000-7ff360000000 ---p 00000000 00:00 0 
7ff360000000-7ff360608000 rw-p 00000000 00:00 0 
7ff360608000-7ff364000000 ---p 00000000 00:00 0 
7ff364000000-7ff364d7b000 rw-p 00000000 00:00 0 
7ff364d7b000-7ff368000000 ---p 00000000 00:00 0 
7ff368000000-7ff3680b4000 rw-p 00000000 00:00 0 
7ff3680b4000-7ff36c000000 ---p 00000000 00:00 0 
7ff36c000000-7ff36d3eb000 rw-p 00000000 00:00 0 
7ff36d3eb000-7ff370000000 ---p 00000000 00:00 0 
7ff370000000-7ff370280000 rw-p 00000000 00:00 0 
7ff370280000-7ff374000000 ---p 00000000 00:00 0 
7ff374000000-7ff374064000 rw-p 00000000 00:00 0 
7ff374064000-7ff378000000 ---p 00000000 00:00 0 
7ff378000000-7ff378126000 rw-p 00000000 00:00 0 
7ff378126000-7ff37c000000 ---p 00000000 00:00 0 
7ff37c000000-7ff37c04f000 rw-p 00000000 00:00 0 
7ff37c04f000-7ff380000000 ---p 00000000 00:00 0 
7ff380000000-7ff380475000 rw-p 00000000 00:00 0 
7ff380475000-7ff384000000 ---p 00000000 00:00 0 
7ff384000000-7ff384c63000 rw-p 00000000 00:00 0 
7ff384c63000-7ff388000000 ---p 00000000 00:00 0 
7ff388003000-7ff388006000 r--s 00015000 103:04 1198546                   /usr/local/android-studio/jre/jre/lib/jce.jar
7ff388006000-7ff388007000 r--p 00000000 103:04 1970248                   /usr/share/locale-langpack/en_GB/LC_MESSAGES/libc.mo
7ff388007000-7ff38800d000 r--s 00033000 103:04 662960                    /home/tom/.gradle/caches/jars-3/f96c897d327ea500d64fe3af2833bd50/commons-codec-1.6.jar
7ff38800d000-7ff38800f000 r--s 0000d000 103:04 662958                    /home/tom/.gradle/caches/jars-3/ccc849edcf9fccd61ed937bf93ffe896/commons-logging-1.1.1.jar
7ff38800f000-7ff388015000 r--s 00032000 103:04 662956                    /home/tom/.gradle/caches/jars-3/72e344059d1923829968d0d38b0c3c72/httpcore-4.2.5.jar
7ff388015000-7ff388016000 r--s 00004000 103:04 662954                    /home/tom/.gradle/caches/jars-3/3a4299d1ce3e273e7c03a9ccf5a1e333/annotations-12.0.jar
7ff388016000-7ff388017000 r--s 00000000 103:04 662952                    /home/tom/.gradle/caches/jars-3/0e2fbc3b8c56d2975eca90c524790c13/animal-sniffer-annotations-1.14.jar
7ff388017000-7ff388019000 r--s 00001000 103:04 662950                    /home/tom/.gradle/caches/jars-3/ad41f8f3ac67c0323ce9eb1c20c8dc3f/j2objc-annotations-1.1.jar
7ff388019000-7ff38801a000 r--s 00002000 103:04 662948                    /home/tom/.gradle/caches/jars-3/9edb0f46b907c34c4718edabde6c791c/error_prone_annotations-2.0.18.jar
7ff38801a000-7ff38801d000 r--s 00006000 103:04 662946                    /home/tom/.gradle/caches/jars-3/b58a9bc3bbba42132e4abc0bacae8da1/jsr305-1.3.9.jar
7ff38801d000-7ff38801e000 r--s 0000a000 103:04 662944                    /home/tom/.gradle/caches/jars-3/5b8b36ed61fe92731031cca3c9b3a0b3/kxml2-2.3.0.jar
7ff38801e000-7ff388020000 r--s 00005000 103:04 662942                    /home/tom/.gradle/caches/jars-3/f10e1e1978816198f2eb1189c974b440/httpmime-4.1.jar
7ff388020000-7ff38802a000 r--s 00061000 103:04 662940                    /home/tom/.gradle/caches/jars-3/bc4b2527f35dc983f759e8f85f3f8d52/httpclient-4.2.6.jar
7ff38802a000-7ff388033000 r--s 00064000 103:04 662938                    /home/tom/.gradle/caches/jars-3/fc37c717528c2a0d27f3e3621835f781/commons-compress-1.12.jar
7ff388033000-7ff388038000 r--s 0002e000 103:04 662936                    /home/tom/.gradle/caches/jars-3/c5bcda7f6f4809e9c92270f99e51f154/gson-2.3.jar
7ff388038000-7ff388048000 r--s 000d6000 103:04 662934                    /home/tom/.gradle/caches/jars-3/dbdb8caed2514263a34702cc763c6785/proguard-base-5.3.3.jar
7ff388048000-7ff38804a000 r--s 00003000 103:04 662932                    /home/tom/.gradle/caches/jars-3/01ab8600ebbfdcaf9b89b45c2b992e82/annotations-13.0.jar
7ff38804a000-7ff38804b000 r--s 00001000 103:04 662930                    /home/tom/.gradle/caches/jars-3/dccac9b7f67766e57200b1770178f61c/annotations-26.0.1.jar
7ff38804b000-7ff38804e000 r--s 00033000 103:04 662928                    /home/tom/.gradle/caches/jars-3/0ce03714647bf7bd3c78634c20ddbf38/juniversalchardet-1.0.3.jar
7ff38804e000-7ff388052000 r--s 0002a000 103:04 5130828                   /home/tom/.gradle/caches/jars-3/9849af6d4b0409ba64061601342f385d/commons-io-2.4.jar
7ff388052000-7ff388069000 r--s 00154000 103:04 5130826                   /home/tom/.gradle/caches/jars-3/57adf9abd30c921d4ea1dfdcfe7b9efd/antlr4-4.5.3.jar
7ff388069000-7ff38806a000 r--s 00003000 103:04 5130824                   /home/tom/.gradle/caches/jars-3/54a15dd332fd4c2e246ad396835dc0d2/baseLibrary-3.0.1.jar
7ff38806a000-7ff38809a000 r--s 00245000 103:04 5130822                   /home/tom/.gradle/caches/jars-3/8e27cdebb49ba2f804f9403d90aaaac5/guava-22.0.jar
7ff38809a000-7ff3880a2000 r--s 000a8000 103:04 5130820                   /home/tom/.gradle/caches/jars-3/6cc57ce9ec0d90186f781694264d61bc/lombok-ast-0.2.3.jar
7ff3880a2000-7ff3880a6000 r--s 0002f000 103:04 5130818                   /home/tom/.gradle/caches/jars-3/505fcc8c47da308b2f1262f0ff3c65f1/jimfs-1.1.jar
7ff3880a6000-7ff3880b9000 r--s 00241000 103:04 5130816                   /home/tom/.gradle/caches/jars-3/d8dc71eb6d91c966c45f7b594129e14a/ecj-4.6.1.jar
7ff3880b9000-7ff3880ba000 r--s 00003000 103:04 5130814                   /home/tom/.gradle/caches/jars-3/fdb8f5ebd6a086c4818336712b830716/json-simple-1.1.jar
7ff3880ba000-7ff388105000 r--s 002ff000 103:04 5130810                   /home/tom/.gradle/caches/jars-3/d3d44e9a7fcb4a86fb40775c385dd3d0/bcprov-jdk15on-1.56.jar
7ff388105000-7ff388116000 r--s 00097000 103:04 5130808                   /home/tom/.gradle/caches/jars-3/59ebb77d99c5ca0e24bb23272e0329dd/bcpkix-jdk15on-1.56.jar
7ff388116000-7ff388118000 r--s 00002000 103:04 5130806                   /home/tom/.gradle/caches/jars-3/f268e5e8fc83bb846ac355d6a16b1f30/javawriter-2.5.0.jar
7ff388118000-7ff38811d000 r--s 0003b000 103:04 5130804                   /home/tom/.gradle/caches/jars-3/91bf67441f6ac57ccbb374f99f9ed0fc/apksig-3.0.1.jar
7ff38811d000-7ff388120000 r--s 00024000 103:04 5130802                   /home/tom/.gradle/caches/jars-3/04183dcd1bde85515b23d1bbd46ea9bc/common-26.0.1.jar
7ff388120000-7ff388123000 r--s 00014000 103:04 5130798                   /home/tom/.gradle/caches/jars-3/6abb718b4b844aa0386163f0c2f6eb72/layoutlib-api-26.0.1.jar
7ff388123000-7ff388128000 r--s 0004d000 103:04 5130796                   /home/tom/.gradle/caches/jars-3/65a80584522712b8832b7c1c03186c4b/ddmlib-26.0.1.jar
7ff388128000-7ff388137000 r--s 00130000 103:04 5130790                   /home/tom/.gradle/caches/jars-3/72ba1443c6adcea1f6ba21e12f0bb0fc/protobuf-java-3.0.0.jar
7ff388137000-7ff38814a000 r--s 001a8000 103:04 5130788                   /home/tom/.gradle/caches/jars-3/a1cbdfb97e256e71fcbd29dc4584a785/protos-26.0.1.jar
7ff38814a000-7ff38817c000 r--s 0021b000 103:04 5130760                   /home/tom/.gradle/caches/jars-3/24b2127528a18b338af82ff7ea236d45/kotlin-reflect-1.1.3-2.jar
7ff38817c000-7ff38817f000 ---p 00000000 00:00 0 
7ff38817f000-7ff38827d000 rw-p 00000000 00:00 0 
7ff38827d000-7ff388280000 ---p 00000000 00:00 0 
7ff388280000-7ff38837e000 rw-p 00000000 00:00 0 
7ff38837e000-7ff388381000 ---p 00000000 00:00 0 
7ff388381000-7ff38847f000 rw-p 00000000 00:00 0 
7ff38847f000-7ff388482000 ---p 00000000 00:00 0 
7ff388482000-7ff388780000 rw-p 00000000 00:00 0 
7ff388780000-7ff388980000 rw-p 00000000 00:00 0 
7ff388980000-7ff388b80000 rw-p 00000000 00:00 0 
7ff388b80000-7ff388d80000 rw-p 00000000 00:00 0 
7ff388d80000-7ff388d82000 r--s 00006000 103:04 5130800                   /home/tom/.gradle/caches/jars-3/a0ea702af2bdb16dfa1a50969b155dea/dvlib-26.0.1.jar
7ff388d82000-7ff388d83000 r--s 00003000 103:04 5130794                   /home/tom/.gradle/caches/jars-3/af01854c900e4906a368ef59064a245d/builder-test-api-3.0.1.jar
7ff388d83000-7ff388d86000 r--s 00007000 103:04 5130792                   /home/tom/.gradle/caches/jars-3/124ec36ab4edce0919b54d1123daa364/builder-model-3.0.1.jar
7ff388d86000-7ff388d87000 r--s 00005000 103:04 5130786                   /home/tom/.gradle/caches/jars-3/ca5180624b528b15325a5d002dbfbb6d/shared-26.0.1.jar
7ff388d87000-7ff388d89000 r--s 00004000 103:04 5130784                   /home/tom/.gradle/caches/jars-3/07f12c2b6f66ca8d4d6bd02e9c9b060a/tracker-26.0.1.jar
7ff388d89000-7ff388d8b000 r--s 00002000 103:04 5130782                   /home/tom/.gradle/caches/jars-3/e91624d2ed1c3b55eec9fd768ed13c1d/proguard-gradle-5.3.3.jar
7ff388d8b000-7ff388d8d000 r--s 0000f000 103:04 5130780                   /home/tom/.gradle/caches/jars-3/96760c32d36a5d7066e3ccf088bfd362/jopt-simple-4.9.jar
7ff388d8d000-7ff388d91000 r--s 0001e000 103:04 5130778                   /home/tom/.gradle/caches/jars-3/0d3e95aba631209a078aeec58a76633d/org.jacoco.core-0.7.4.201502262128.jar
7ff388d91000-7ff388d94000 r--s 00020000 103:04 5130776                   /home/tom/.gradle/caches/jars-3/c72fc284d34f39eab57a4e3ba83405e9/org.jacoco.report-0.7.4.201502262128.jar
7ff388d94000-7ff388d96000 r--s 0000c000 103:04 5130774                   /home/tom/.gradle/caches/jars-3/9b0a36633c92c6e87e62c81734593183/asm-5.1.jar
7ff388d96000-7ff388d98000 r--s 00006000 103:04 5130772                   /home/tom/.gradle/caches/jars-3/50c8a7da333c41693b2b7ce95b6d9d89/asm-tree-5.1.jar
7ff388d98000-7ff388d99000 r--s 0000a000 103:04 5130770                   /home/tom/.gradle/caches/jars-3/c4f1f1d5a624f981d35a78d181e2c418/asm-util-5.1.jar
7ff388d99000-7ff388d9b000 r--s 0000a000 103:04 5130768                   /home/tom/.gradle/caches/jars-3/d37aa405961c464c627b1efe5def81b8/asm-commons-5.1.jar
7ff388d9b000-7ff388d9c000 r--s 00004000 103:04 5130766                   /home/tom/.gradle/caches/jars-3/2b2689d10a4425b1cb2d0654db2ea088/asm-analysis-5.1.jar
7ff388d9c000-7ff388dab000 r--s 000c8000 103:04 5130762                   /home/tom/.gradle/caches/jars-3/af931fae44e009148423077fa09abbd1/kotlin-stdlib-1.1.3-2.jar
7ff388dab000-7ff388db1000 r--s 00030000 103:04 5130758                   /home/tom/.gradle/caches/jars-3/90ec49f8b88710e2876aefe447609abb/repository-26.0.1.jar
7ff388db1000-7ff388dbc000 r--s 0009b000 103:04 5130756                   /home/tom/.gradle/caches/jars-3/af771564c510a1c104220a8be892ab2d/sdklib-26.0.1.jar
7ff388dbc000-7ff388dcb000 r--s 000da000 103:04 5130754                   /home/tom/.gradle/caches/jars-3/50767da85151ce151711c301f4a0623c/sdk-common-26.0.1.jar
7ff388dcb000-7ff388dcf000 r--s 00023000 103:04 5130752                   /home/tom/.gradle/caches/jars-3/186e268c3a12c0a405d658dabf9d64d2/manifest-merger-26.0.1.jar
7ff388dcf000-7ff388dff000 r--s 01983000 103:04 5130738                   /home/tom/.gradle/caches/jars-3/add7f1627b730db059119a8274a10c21/builder-3.0.1.jar
7ff388dff000-7ff388fff000 rw-p 00000000 00:00 0 
7ff388fff000-7ff38c000000 rw-p 00000000 00:00 0 
7ff38c000000-7ff38c108000 rw-p 00000000 00:00 0 
7ff38c108000-7ff390000000 ---p 00000000 00:00 0 
7ff390000000-7ff39011a000 rw-p 00000000 00:00 0 
7ff39011a000-7ff394000000 ---p 00000000 00:00 0 
7ff394000000-7ff395e3d000 rw-p 00000000 00:00 0 
7ff395e3d000-7ff398000000 ---p 00000000 00:00 0 
7ff398000000-7ff3996e6000 rw-p 00000000 00:00 0 
7ff3996e6000-7ff39c000000 ---p 00000000 00:00 0 
7ff39c000000-7ff39c110000 rw-p 00000000 00:00 0 
7ff39c110000-7ff3a0000000 ---p 00000000 00:00 0 
7ff3a0000000-7ff3a1d03000 rw-p 00000000 00:00 0 
7ff3a1d03000-7ff3a4000000 ---p 00000000 00:00 0 
7ff3a4000000-7ff3a443c000 rw-p 00000000 00:00 0 
7ff3a443c000-7ff3a8000000 ---p 00000000 00:00 0 
7ff3a8000000-7ff3a803c000 rw-p 00000000 00:00 0 
7ff3a803c000-7ff3ac000000 ---p 00000000 00:00 0 
7ff3ac000000-7ff3ac31d000 rw-p 00000000 00:00 0 
7ff3ac31d000-7ff3b0000000 ---p 00000000 00:00 0 
7ff3b0000000-7ff3b0001000 r--s 00000000 103:04 5130764                   /home/tom/.gradle/caches/jars-3/5206138fb8a6b2ffbd31e140916c2100/transform-api-2.0.0-deprecated-use-gradle-api.jar
7ff3b0001000-7ff3b0005000 r--s 0002e000 103:04 5130750                   /home/tom/.gradle/caches/jars-3/c519ce7b2f3637e909703f541c08c445/compilerCommon-3.0.1.jar
7ff3b0005000-7ff3b0007000 r--s 00003000 103:04 5130748                   /home/tom/.gradle/caches/jars-3/34cfdbf6cad3f54cc2f45521bf0374e7/gradle-api-3.0.1.jar
7ff3b0007000-7ff3b0016000 r--s 000cb000 103:04 5130746                   /home/tom/.gradle/caches/jars-3/e5c09abb4b0acf0785ecd8a8015ab959/uast-26.0.1.jar
7ff3b0016000-7ff3b001d000 r--s 0007f000 103:04 5130744                   /home/tom/.gradle/caches/jars-3/b1f5a73634581e955e7f89376aea2d48/lint-api-26.0.1.jar
7ff3b001d000-7ff3b0026000 r--s 000ff000 103:04 5130742                   /home/tom/.gradle/caches/jars-3/75e696a5531ca85e1fe447df83f74bd2/lint-checks-26.0.1.jar
7ff3b0026000-7ff3b0029000 r--s 00039000 103:04 5130740                   /home/tom/.gradle/caches/jars-3/7fa6c4fcdd1d81db4cc9c7439ce29486/lint-26.0.1.jar
7ff3b0029000-7ff3b004c000 r--s 0020b000 103:04 5130736                   /home/tom/.gradle/caches/jars-3/4adae2b762c8552c6e3aa2ded1493e4b/gradle-core-3.0.1.jar
7ff3b004c000-7ff3b004e000 r--s 0000f000 103:04 5130734                   /home/tom/.gradle/caches/jars-3/afd86a0d8507fd7f2e97461eaf9e4416/gradle-3.0.1.jar
7ff3b004e000-7ff3b0051000 ---p 00000000 00:00 0 
7ff3b0051000-7ff3b034f000 rw-p 00000000 00:00 0 
7ff3b034f000-7ff3b046a000 r--s 02008000 103:04 2515372                   /home/tom/.gradle/caches/jars-3/9955734f77abc673a38c7cd4c0214af5/android.jar
7ff3b046a000-7ff3b0471000 r--s 0002a000 103:04 4855877                   /home/tom/.gradle/caches/jars-3/fff47aec37b967e571b648d1fc9c6db6/gradle-messaging-3.5.jar
7ff3b0471000-7ff3b0476000 r--s 00041000 103:04 4855875                   /home/tom/.gradle/caches/jars-3/c0502f5c2cf6dfd52d250e1b7d027d24/commons-lang-2.6.jar
7ff3b0476000-7ff3b04b8000 r--s 00220000 103:04 4855873                   /home/tom/.gradle/caches/jars-3/929747bc6b973b44297e9c57df71598d/gradle-core-3.5.jar
7ff3b04b8000-7ff3b04c1000 r--s 00047000 103:04 4855871                   /home/tom/.gradle/caches/jars-3/11d06a5dce89fe5632250b7df00a3d57/gradle-base-services-3.5.jar
7ff3b04c1000-7ff3b04e9000 r--s 001cf000 103:04 4855869                   /home/tom/.gradle/caches/jars-3/566e7e0f530f75a42eba4833ef84d88c/guava-jdk5-17.0.jar
7ff3b04e9000-7ff3b04f7000 r--s 00043000 103:04 4855867                   /home/tom/.gradle/caches/jars-3/c0d1da18a547ef3a2ba66d3068ae6e09/gradle-tooling-api-3.5.jar
7ff3b04f7000-7ff3b0570000 r--s 010fd000 103:04 1198518                   /usr/local/android-studio/jre/lib/tools.jar
7ff3b0570000-7ff3b0573000 ---p 00000000 00:00 0 
7ff3b0573000-7ff3b0871000 rw-p 00000000 00:00 0 
7ff3b0871000-7ff3b0874000 ---p 00000000 00:00 0 
7ff3b0874000-7ff3b0972000 rw-p 00000000 00:00 0 
7ff3b0972000-7ff3b0975000 ---p 00000000 00:00 0 
7ff3b0975000-7ff3b0c73000 rw-p 00000000 00:00 0 
7ff3b0c73000-7ff3b0c76000 ---p 00000000 00:00 0 
7ff3b0c76000-7ff3b0d74000 rw-p 00000000 00:00 0 
7ff3b0d74000-7ff3b0d77000 ---p 00000000 00:00 0 
7ff3b0d77000-7ff3b0e75000 rw-p 00000000 00:00 0 
7ff3b0e75000-7ff3b0e78000 ---p 00000000 00:00 0 
7ff3b0e78000-7ff3b0f76000 rw-p 00000000 00:00 0 
7ff3b0f76000-7ff3b0f79000 ---p 00000000 00:00 0 
7ff3b0f79000-7ff3b1077000 rw-p 00000000 00:00 0 
7ff3b1077000-7ff3b107a000 ---p 00000000 00:00 0 
7ff3b107a000-7ff3b1178000 rw-p 00000000 00:00 0 
7ff3b1178000-7ff3b117b000 ---p 00000000 00:00 0 
7ff3b117b000-7ff3b1279000 rw-p 00000000 00:00 0 
7ff3b1279000-7ff3b127c000 ---p 00000000 00:00 0 
7ff3b127c000-7ff3b137a000 rw-p 00000000 00:00 0 
7ff3b137a000-7ff3b1381000 r--s 00000000 103:04 1443562                   /usr/lib/x86_64-linux-gnu/gconv/gconv-modules.cache
7ff3b1381000-7ff3b1384000 ---p 00000000 00:00 0 
7ff3b1384000-7ff3b1482000 rw-p 00000000 00:00 0 
7ff3b1482000-7ff3b1487000 r--s 0009a000 103:04 1198643                   /usr/local/android-studio/jre/jre/lib/jsse.jar
7ff3b1487000-7ff3b1687000 rw-p 00000000 00:00 0 
7ff3b1687000-7ff3b1690000 r-xp 00000000 103:04 1198596                   /usr/local/android-studio/jre/jre/lib/amd64/libmanagement.so
7ff3b1690000-7ff3b188f000 ---p 00009000 103:04 1198596                   /usr/local/android-studio/jre/jre/lib/amd64/libmanagement.so
7ff3b188f000-7ff3b1890000 r--p 00008000 103:04 1198596                   /usr/local/android-studio/jre/jre/lib/amd64/libmanagement.so
7ff3b1890000-7ff3b1891000 rw-p 00009000 103:04 1198596                   /usr/local/android-studio/jre/jre/lib/amd64/libmanagement.so
7ff3b1891000-7ff3b1893000 r--s 00007000 103:04 4854729                   /home/tom/.gradle/wrapper/dists/gradle-4.1-all/bzyivzo6n839fup2jbap0tjew/gradle-4.1/lib/plugins/gradle-tooling-api-builders-4.1.jar
7ff3b1893000-7ff3b1896000 r--s 00009000 103:04 4854739                   /home/tom/.gradle/wrapper/dists/gradle-4.1-all/bzyivzo6n839fup2jbap0tjew/gradle-4.1/lib/plugins/gradle-testing-native-4.1.jar
7ff3b1896000-7ff3b1898000 r--s 00009000 103:04 4854812                   /home/tom/.gradle/wrapper/dists/gradle-4.1-all/bzyivzo6n839fup2jbap0tjew/gradle-4.1/lib/plugins/hamcrest-core-1.3.jar
7ff3b1898000-7ff3b189d000 r--s 00040000 103:04 4854807                   /home/tom/.gradle/wrapper/dists/gradle-4.1-all/bzyivzo6n839fup2jbap0tjew/gradle-4.1/lib/plugins/bsh-2.0b4.jar
7ff3b189d000-7ff3b189f000 r--s 00006000 103:04 4854808                   /home/tom/.gradle/wrapper/dists/gradle-4.1-all/bzyivzo6n839fup2jbap0tjew/gradle-4.1/lib/plugins/jcommander-1.12.jar
7ff3b189f000-7ff3b18a5000 r--s 00033000 103:04 4854809                   /home/tom/.gradle/wrapper/dists/gradle-4.1-all/bzyivzo6n839fup2jbap0tjew/gradle-4.1/lib/plugins/snakeyaml-1.6.jar
7ff3b18a5000-7ff3b18ae000 r--s 00089000 103:04 4854767                   /home/tom/.gradle/wrapper/dists/gradle-4.1-all/bzyivzo6n839fup2jbap0tjew/gradle-4.1/lib/plugins/testng-6.3.1.jar
7ff3b18ae000-7ff3b18b6000 r--s 00045000 103:04 4854768                   /home/tom/.gradle/wrapper/dists/gradle-4.1-all/bzyivzo6n839fup2jbap0tjew/gradle-4.1/lib/plugins/junit-4.12.jar
7ff3b18b6000-7ff3b18bc000 r--s 0002e000 103:04 4854735                   /home/tom/.gradle/wrapper/dists/gradle-4.1-all/bzyivzo6n839fup2jbap0tjew/gradle-4.1/lib/plugins/gradle-testing-jvm-4.1.jar
7ff3b18bc000-7ff3b18c0000 r--s 00017000 103:04 4854743                   /home/tom/.gradle/wrapper/dists/gradle-4.1-all/bzyivzo6n839fup2jbap0tjew/gradle-4.1/lib/plugins/gradle-testing-base-4.1.jar
7ff3b18c0000-7ff3b18c7000 r--s 00038000 103:04 4854763                   /home/tom/.gradle/wrapper/dists/gradle-4.1-all/bzyivzo6n839fup2jbap0tjew/gradle-4.1/lib/plugins/bcpg-jdk15on-1.51.jar
7ff3b18c7000-7ff3b18c9000 r--s 0000c000 103:04 4854714                   /home/tom/.gradle/wrapper/dists/gradle-4.1-all/bzyivzo6n839fup2jbap0tjew/gradle-4.1/lib/plugins/gradle-signing-4.1.jar
7ff3b18c9000-7ff3b18cb000 r--s 00007000 103:04 4854720                   /home/tom/.gradle/wrapper/dists/gradle-4.1-all/bzyivzo6n839fup2jbap0tjew/gradle-4.1/lib/plugins/gradle-scala-4.1.jar
7ff3b18cb000-7ff3b18cc000 r--s 00004000 103:04 4854751                   /home/tom/.gradle/wrapper/dists/gradle-4.1-all/bzyivzo6n839fup2jbap0tjew/gradle-4.1/lib/plugins/gradle-resources-sftp-4.1.jar
7ff3b18cc000-7ff3b18dc000 r--s 00088000 103:04 4854780                   /home/tom/.gradle/wrapper/dists/gradle-4.1-all/bzyivzo6n839fup2jbap0tjew/gradle-4.1/lib/plugins/joda-time-2.8.2.jar
7ff3b18dc000-7ff3b18ed000 r--s 0010d000 103:04 4854779                   /home/tom/.gradle/wrapper/dists/gradle-4.1-all/bzyivzo6n839fup2jbap0tjew/gradle-4.1/lib/plugins/jackson-databind-2.6.6.jar
7ff3b18ed000-7ff3b18f0000 r--s 00009000 103:04 4854778                   /home/tom/.gradle/wrapper/dists/gradle-4.1-all/bzyivzo6n839fup2jbap0tjew/gradle-4.1/lib/plugins/jackson-annotations-2.6.6.jar
7ff3b18f0000-7ff3b18f4000 r--s 0003c000 103:04 4854777                   /home/tom/.gradle/wrapper/dists/gradle-4.1-all/bzyivzo6n839fup2jbap0tjew/gradle-4.1/lib/plugins/jackson-core-2.6.6.jar
7ff3b18f4000-7ff3b1902000 r--s 00087000 103:04 4854776                   /home/tom/.gradle/wrapper/dists/gradle-4.1-all/bzyivzo6n839fup2jbap0tjew/gradle-4.1/lib/plugins/aws-java-sdk-core-1.11.6.jar
7ff3b1902000-7ff3b1909000 r--s 00057000 103:04 4854775                   /home/tom/.gradle/wrapper/dists/gradle-4.1-all/bzyivzo6n839fup2jbap0tjew/gradle-4.1/lib/plugins/aws-java-sdk-kms-1.11.6.jar
7ff3b1909000-7ff3b1916000 r--s 0008e000 103:04 4854774                   /home/tom/.gradle/wrapper/dists/gradle-4.1-all/bzyivzo6n839fup2jbap0tjew/gradle-4.1/lib/plugins/aws-java-sdk-s3-1.11.6.jar
7ff3b1916000-7ff3b1918000 r--s 00004000 103:04 4854748                   /home/tom/.gradle/wrapper/dists/gradle-4.1-all/bzyivzo6n839fup2jbap0tjew/gradle-4.1/lib/plugins/gradle-resources-s3-4.1.jar
7ff3b1918000-7ff3b191a000 r--s 00010000 103:04 4854744                   /home/tom/.gradle/wrapper/dists/gradle-4.1-all/bzyivzo6n839fup2jbap0tjew/gradle-4.1/lib/plugins/gradle-reporting-4.1.jar
7ff3b191a000-7ff3b191c000 r--s 00002000 103:04 4854745                   /home/tom/.gradle/wrapper/dists/gradle-4.1-all/bzyivzo6n839fup2jbap0tjew/gradle-4.1/lib/plugins/gradle-publish-4.1.jar
7ff3b191c000-7ff3b191e000 r--s 00009000 103:04 4854756                   /home/tom/.gradle/wrapper/dists/gradle-4.1-all/bzyivzo6n839fup2jbap0tjew/gradle-4.1/lib/plugins/commons-cli-1.2.jar
7ff3b191e000-7ff3b1924000 r--s 00036000 103:04 4854728                   /home/tom/.gradle/wrapper/dists/gradle-4.1-all/bzyivzo6n839fup2jbap0tjew/gradle-4.1/lib/plugins/gradle-plugins-4.1.jar
7ff3b1924000-7ff3b1926000 r--s 00009000 103:04 4854715                   /home/tom/.gradle/wrapper/dists/gradle-4.1-all/bzyivzo6n839fup2jbap0tjew/gradle-4.1/lib/plugins/gradle-plugin-development-4.1.jar
7ff3b1926000-7ff3b192c000 r--s 0002b000 103:04 4854723                   /home/tom/.gradle/wrapper/dists/gradle-4.1-all/bzyivzo6n839fup2jbap0tjew/gradle-4.1/lib/plugins/gradle-platform-play-4.1.jar
7ff3b192c000-7ff3b193b000 r--s 0005b000 103:04 4854741                   /home/tom/.gradle/wrapper/dists/gradle-4.1-all/bzyivzo6n839fup2jbap0tjew/gradle-4.1/lib/plugins/gradle-platform-native-4.1.jar
7ff3b193b000-7ff3b193f000 r--s 0001b000 103:04 4854738                   /home/tom/.gradle/wrapper/dists/gradle-4.1-all/bzyivzo6n839fup2jbap0tjew/gradle-4.1/lib/plugins/gradle-platform-jvm-4.1.jar
7ff3b193f000-7ff3b1947000 r--s 00027000 103:04 4854746                   /home/tom/.gradle/wrapper/dists/gradle-4.1-all/bzyivzo6n839fup2jbap0tjew/gradle-4.1/lib/plugins/gradle-platform-base-4.1.jar
7ff3b1947000-7ff3b196f000 r--s 0021c000 103:04 4854757                   /home/tom/.gradle/wrapper/dists/gradle-4.1-all/bzyivzo6n839fup2jbap0tjew/gradle-4.1/lib/plugins/biz.aQute.bndlib-3.2.0.jar
7ff3b196f000-7ff3b1970000 r--s 00004000 103:04 4854713                   /home/tom/.gradle/wrapper/dists/gradle-4.1-all/bzyivzo6n839fup2jbap0tjew/gradle-4.1/lib/plugins/gradle-osgi-4.1.jar
7ff3b1970000-7ff3b1973000 r--s 0000c000 103:04 4854760                   /home/tom/.gradle/wrapper/dists/gradle-4.1-all/bzyivzo6n839fup2jbap0tjew/gradle-4.1/lib/plugins/pmaven-groovy-0.8-20100325.jar
7ff3b1973000-7ff3b1974000 r--s 00004000 103:04 4854759                   /home/tom/.gradle/wrapper/dists/gradle-4.1-all/bzyivzo6n839fup2jbap0tjew/gradle-4.1/lib/plugins/pmaven-common-0.8-20100325.jar
7ff3b1974000-7ff3b197a000 r--s 00023000 103:04 4854716                   /home/tom/.gradle/wrapper/dists/gradle-4.1-all/bzyivzo6n839fup2jbap0tjew/gradle-4.1/lib/plugins/gradle-maven-4.1.jar
7ff3b197a000-7ff3b197d000 r--s 0000b000 103:04 4854734                   /home/tom/.gradle/wrapper/dists/gradle-4.1-all/bzyivzo6n839fup2jbap0tjew/gradle-4.1/lib/plugins/gradle-language-scala-4.1.jar
7ff3b197d000-7ff3b1984000 r--s 00020000 103:04 4854740                   /home/tom/.gradle/wrapper/dists/gradle-4.1-all/bzyivzo6n839fup2jbap0tjew/gradle-4.1/lib/plugins/gradle-language-native-4.1.jar
7ff3b1984000-7ff3b1986000 r--s 00005000 103:04 4854737                   /home/tom/.gradle/wrapper/dists/gradle-4.1-all/bzyivzo6n839fup2jbap0tjew/gradle-4.1/lib/plugins/gradle-language-jvm-4.1.jar
7ff3b1986000-7ff3b198d000 r--s 0002f000 103:04 4854736                   /home/tom/.gradle/wrapper/dists/gradle-4.1-all/bzyivzo6n839fup2jbap0tjew/gradle-4.1/lib/plugins/gradle-language-java-4.1.jar
7ff3b198d000-7ff3b1990000 r--s 0000a000 103:04 4854733                   /home/tom/.gradle/wrapper/dists/gradle-4.1-all/bzyivzo6n839fup2jbap0tjew/gradle-4.1/lib/plugins/gradle-language-groovy-4.1.jar
7ff3b1990000-7ff3b1997000 r--s 00035000 103:04 4854766                   /home/tom/.gradle/wrapper/dists/gradle-4.1-all/bzyivzo6n839fup2jbap0tjew/gradle-4.1/lib/plugins/simple-4.1.21.jar
7ff3b1997000-7ff3b19a3000 r--s 00100000 103:04 4854764                   /home/tom/.gradle/wrapper/dists/gradle-4.1-all/bzyivzo6n839fup2jbap0tjew/gradle-4.1/lib/plugins/rhino-1.7R3.jar
7ff3b19a3000-7ff3b19a7000 r--s 00012000 103:04 4854724                   /home/tom/.gradle/wrapper/dists/gradle-4.1-all/bzyivzo6n839fup2jbap0tjew/gradle-4.1/lib/plugins/gradle-javascript-4.1.jar
7ff3b19a7000-7ff3b19aa000 r--s 00011000 103:04 4854726                   /home/tom/.gradle/wrapper/dists/gradle-4.1-all/bzyivzo6n839fup2jbap0tjew/gradle-4.1/lib/plugins/gradle-jacoco-4.1.jar
7ff3b19aa000-7ff3b19ad000 r--s 0000e000 103:04 4854725                   /home/tom/.gradle/wrapper/dists/gradle-4.1-all/bzyivzo6n839fup2jbap0tjew/gradle-4.1/lib/plugins/gradle-ivy-4.1.jar
7ff3b19ad000-7ff3b19ae000 r--s 00002000 103:04 4854717                   /home/tom/.gradle/wrapper/dists/gradle-4.1-all/bzyivzo6n839fup2jbap0tjew/gradle-4.1/lib/plugins/gradle-ide-play-4.1.jar
7ff3b19ae000-7ff3b19b1000 r--s 00013000 103:04 4854718                   /home/tom/.gradle/wrapper/dists/gradle-4.1-all/bzyivzo6n839fup2jbap0tjew/gradle-4.1/lib/plugins/gradle-ide-native-4.1.jar
7ff3b19b1000-7ff3b19bb000 r--s 00054000 103:04 4854719                   /home/tom/.gradle/wrapper/dists/gradle-4.1-all/bzyivzo6n839fup2jbap0tjew/gradle-4.1/lib/plugins/gradle-ide-4.1.jar
7ff3b19bb000-7ff3b19bd000 r--s 00007000 103:04 4854722                   /home/tom/.gradle/wrapper/dists/gradle-4.1-all/bzyivzo6n839fup2jbap0tjew/gradle-4.1/lib/plugins/gradle-ear-4.1.jar
7ff3b19bd000-7ff3b19bf000 r--s 00005000 103:04 4854754                   /home/tom/.gradle/wrapper/dists/gradle-4.1-all/bzyivzo6n839fup2jbap0tjew/gradle-4.1/lib/plugins/jatl-0.2.2.jar
7ff3b19bf000-7ff3b19c6000 r--s 00038000 103:04 4854742                   /home/tom/.gradle/wrapper/dists/gradle-4.1-all/bzyivzo6n839fup2jbap0tjew/gradle-4.1/lib/plugins/gradle-diagnostics-4.1.jar
7ff3b19c6000-7ff3b19c8000 r--s 0000b000 103:04 4854731                   /home/tom/.gradle/wrapper/dists/gradle-4.1-all/bzyivzo6n839fup2jbap0tjew/gradle-4.1/lib/plugins/gradle-composite-builds-4.1.jar
7ff3b19c8000-7ff3b19cd000 r--s 00025000 103:04 4854711                   /home/tom/.gradle/wrapper/dists/gradle-4.1-all/bzyivzo6n839fup2jbap0tjew/gradle-4.1/lib/plugins/gradle-code-quality-4.1.jar
7ff3b19cd000-7ff3b19d2000 r--s 00022000 103:04 4854727                   /home/tom/.gradle/wrapper/dists/gradle-4.1-all/bzyivzo6n839fup2jbap0tjew/gradle-4.1/lib/plugins/gradle-build-init-4.1.jar
7ff3b19d2000-7ff3b19d8000 r--s 0008e000 103:04 4854721                   /home/tom/.gradle/wrapper/dists/gradle-4.1-all/bzyivzo6n839fup2jbap0tjew/gradle-4.1/lib/plugins/gradle-build-comparison-4.1.jar
7ff3b19d8000-7ff3b19d9000 r--s 00002000 103:04 4854749                   /home/tom/.gradle/wrapper/dists/gradle-4.1-all/bzyivzo6n839fup2jbap0tjew/gradle-4.1/lib/plugins/gradle-build-cache-http-4.1.jar
7ff3b19d9000-7ff3b19db000 r--s 00008000 103:04 4854712                   /home/tom/.gradle/wrapper/dists/gradle-4.1-all/bzyivzo6n839fup2jbap0tjew/gradle-4.1/lib/plugins/gradle-antlr-4.1.jar
7ff3b19db000-7ff3b19dd000 r--s 00004000 103:04 4854732                   /home/tom/.gradle/wrapper/dists/gradle-4.1-all/bzyivzo6n839fup2jbap0tjew/gradle-4.1/lib/plugins/gradle-announce-4.1.jar
7ff3b19dd000-7ff3b19df000 r--s 00008000 103:04 4854652                   /home/tom/.gradle/wrapper/dists/gradle-4.1-all/bzyivzo6n839fup2jbap0tjew/gradle-4.1/lib/gradle-kotlin-dsl-tooling-builders-0.10.3.jar
7ff3b19df000-7ff3b19e2000 r--s 0001c000 103:04 4854770                   /home/tom/.gradle/wrapper/dists/gradle-4.1-all/bzyivzo6n839fup2jbap0tjew/gradle-4.1/lib/plugins/nekohtml-1.9.14.jar
7ff3b19e2000-7ff3b19ea000 r--s 00028000 103:04 4854811                   /home/tom/.gradle/wrapper/dists/gradle-4.1-all/bzyivzo6n839fup2jbap0tjew/gradle-4.1/lib/plugins/xml-apis-1.3.04.jar
7ff3b19ea000-7ff3b1a02000 r--s 00115000 103:04 4854771                   /home/tom/.gradle/wrapper/dists/gradle-4.1-all/bzyivzo6n839fup2jbap0tjew/gradle-4.1/lib/plugins/xercesImpl-2.9.1.jar
7ff3b1a02000-7ff3b1a08000 r--s 0005b000 103:04 4854769                   /home/tom/.gradle/wrapper/dists/gradle-4.1-all/bzyivzo6n839fup2jbap0tjew/gradle-4.1/lib/plugins/jcifs-1.3.17.jar
7ff3b1a08000-7ff3b1a0f000 r--s 00049000 103:04 4854810                   /home/tom/.gradle/wrapper/dists/gradle-4.1-all/bzyivzo6n839fup2jbap0tjew/gradle-4.1/lib/plugins/httpcore-4.4.4.jar
7ff3b1a0f000-7ff3b1a15000 r--s 00033000 103:04 4854762                   /home/tom/.gradle/wrapper/dists/gradle-4.1-all/bzyivzo6n839fup2jbap0tjew/gradle-4.1/lib/plugins/commons-codec-1.6.jar
7ff3b1a15000-7ff3b1a22000 r--s 000a4000 103:04 4854755                   /home/tom/.gradle/wrapper/dists/gradle-4.1-all/bzyivzo6n839fup2jbap0tjew/gradle-4.1/lib/plugins/httpclient-4.4.1.jar
7ff3b1a22000-7ff3b1a24000 r--s 0000b000 103:04 4854750                   /home/tom/.gradle/wrapper/dists/gradle-4.1-all/bzyivzo6n839fup2jbap0tjew/gradle-4.1/lib/plugins/gradle-resources-http-4.1.jar
7ff3b1a24000-7ff3b1a28000 r--s 00017000 103:04 4854747                   /home/tom/.gradle/wrapper/dists/gradle-4.1-all/bzyivzo6n839fup2jbap0tjew/gradle-4.1/lib/plugins/gradle-plugin-use-4.1.jar
7ff3b1a28000-7ff3b1a29000 r--s 00000000 103:04 4854658                   /home/tom/.gradle/wrapper/dists/gradle-4.1-all/bzyivzo6n839fup2jbap0tjew/gradle-4.1/lib/gradle-runtime-api-info-4.1.jar
7ff3b1a29000-7ff3b1a2a000 r--s 00000000 103:04 4854661                   /home/tom/.gradle/wrapper/dists/gradle-4.1-all/bzyivzo6n839fup2jbap0tjew/gradle-4.1/lib/gradle-installation-beacon-4.1.jar
7ff3b1a2a000-7ff3b1a6a000 r--s 00277000 103:04 4854782                   /home/tom/.gradle/wrapper/dists/gradle-4.1-all/bzyivzo6n839fup2jbap0tjew/gradle-4.1/lib/plugins/bcprov-jdk15on-1.51.jar
7ff3b1a6a000-7ff3b1a6e000 r--s 0001d000 103:04 4854781                   /home/tom/.gradle/wrapper/dists/gradle-4.1-all/bzyivzo6n839fup2jbap0tjew/gradle-4.1/lib/plugins/xbean-reflect-3.4.jar
7ff3b1a6e000-7ff3b1a70000 r--s 0000a000 103:04 4854783                   /home/tom/.gradle/wrapper/dists/gradle-4.1-all/bzyivzo6n839fup2jbap0tjew/gradle-4.1/lib/plugins/maven-settings-3.0.4.jar
7ff3b1a70000-7ff3b1a73000 r--s 00008000 103:04 4854784                   /home/tom/.gradle/wrapper/dists/gradle-4.1-all/bzyivzo6n839fup2jbap0tjew/gradle-4.1/lib/plugins/maven-settings-builder-3.0.4.jar
7ff3b1a73000-7ff3b1a77000 r--s 00033000 103:04 4854785                   /home/tom/.gradle/wrapper/dists/gradle-4.1-all/bzyivzo6n839fup2jbap0tjew/gradle-4.1/lib/plugins/plexus-utils-2.0.6.jar
7ff3b1a77000-7ff3b1a79000 r--s 0000d000 103:04 4854786                   /home/tom/.gradle/wrapper/dists/gradle-4.1-all/bzyivzo6n839fup2jbap0tjew/gradle-4.1/lib/plugins/plexus-interpolation-1.14.jar
7ff3b1a79000-7ff3b1a7b000 r--s 00000000 103:04 4854761                   /home/tom/.gradle/wrapper/dists/gradle-4.1-all/bzyivzo6n839fup2jbap0tjew/gradle-4.1/lib/plugins/plexus-component-annotations-1.5.5.jar
7ff3b1a7b000-7ff3b1a82000 r--s 0002e000 103:04 4854787                   /home/tom/.gradle/wrapper/dists/gradle-4.1-all/bzyivzo6n839fup2jbap0tjew/gradle-4.1/lib/plugins/plexus-container-default-1.5.5.jar
7ff3b1a82000-7ff3b1a84000 r--s 0000a000 103:04 4854788                   /home/tom/.gradle/wrapper/dists/gradle-4.1-all/bzyivzo6n839fup2jbap0tjew/gradle-4.1/lib/plugins/plexus-classworlds-2.4.jar
7ff3b1a84000-7ff3b1a86000 r--s 00002000 103:04 4854789                   /home/tom/.gradle/wrapper/dists/gradle-4.1-all/bzyivzo6n839fup2jbap0tjew/gradle-4.1/lib/plugins/plexus-cipher-1.7.jar
7ff3b1a86000-7ff3b1a87000 r--s 00006000 103:04 4854790                   /home/tom/.gradle/wrapper/dists/gradle-4.1-all/bzyivzo6n839fup2jbap0tjew/gradle-4.1/lib/plugins/plexus-sec-dispatcher-1.3.jar
7ff3b1a87000-7ff3b1a8d000 r--s 0003f000 103:04 4854791                   /home/tom/.gradle/wrapper/dists/gradle-4.1-all/bzyivzo6n839fup2jbap0tjew/gradle-4.1/lib/plugins/maven-compat-3.0.4.jar
7ff3b1a8d000-7ff3b1a91000 r--s 00021000 103:04 4854792                   /home/tom/.gradle/wrapper/dists/gradle-4.1-all/bzyivzo6n839fup2jbap0tjew/gradle-4.1/lib/plugins/maven-model-builder-3.0.4.jar
7ff3b1a91000-7ff3b1a93000 r--s 00026000 103:04 4854793                   /home/tom/.gradle/wrapper/dists/gradle-4.1-all/bzyivzo6n839fup2jbap0tjew/gradle-4.1/lib/plugins/maven-model-3.0.4.jar
7ff3b1a93000-7ff3b1a95000 r--s 0000b000 103:04 4854794                   /home/tom/.gradle/wrapper/dists/gradle-4.1-all/bzyivzo6n839fup2jbap0tjew/gradle-4.1/lib/plugins/maven-artifact-3.0.4.jar
7ff3b1a95000-7ff3b1a97000 r--s 00006000 103:04 4854795                   /home/tom/.gradle/wrapper/dists/gradle-4.1-all/bzyivzo6n839fup2jbap0tjew/gradle-4.1/lib/plugins/maven-repository-metadata-3.0.4.jar
7ff3b1a97000-7ff3b1a99000 r--s 0000b000 103:04 4854796                   /home/tom/.gradle/wrapper/dists/gradle-4.1-all/bzyivzo6n839fup2jbap0tjew/gradle-4.1/lib/plugins/maven-plugin-api-3.0.4.jar
7ff3b1a99000-7ff3b1a9b000 r--s 0000c000 103:04 4854797                   /home/tom/.gradle/wrapper/dists/gradle-4.1-all/bzyivzo6n839fup2jbap0tjew/gradle-4.1/lib/plugins/maven-aether-provider-3.0.4.jar
7ff3b1a9b000-7ff3b1a9c000 r--s 00002000 103:04 4854798                   /home/tom/.gradle/wrapper/dists/gradle-4.1-all/bzyivzo6n839fup2jbap0tjew/gradle-4.1/lib/plugins/wagon-file-2.4.jar
7ff3b1a9c000-7ff3b1a9d000 r--s 00002000 103:04 4854799                   /home/tom/.gradle/wrapper/dists/gradle-4.1-all/bzyivzo6n839fup2jbap0tjew/gradle-4.1/lib/plugins/wagon-http-2.4.jar
7ff3b1a9d000-7ff3b1a9f000 r--s 0000b000 103:04 4854800                   /home/tom/.gradle/wrapper/dists/gradle-4.1-all/bzyivzo6n839fup2jbap0tjew/gradle-4.1/lib/plugins/wagon-provider-api-2.4.jar
7ff3b1a9f000-7ff3b1aa0000 r--s 00007000 103:04 4854801                   /home/tom/.gradle/wrapper/dists/gradle-4.1-all/bzyivzo6n839fup2jbap0tjew/gradle-4.1/lib/plugins/wagon-http-shared4-2.4.jar
7ff3b1aa0000-7ff3b1aa3000 r--s 00013000 103:04 4854802                   /home/tom/.gradle/wrapper/dists/gradle-4.1-all/bzyivzo6n839fup2jbap0tjew/gradle-4.1/lib/plugins/aether-api-1.13.1.jar
7ff3b1aa3000-7ff3b1aa6000 r--s 0001d000 103:04 4854803                   /home/tom/.gradle/wrapper/dists/gradle-4.1-all/bzyivzo6n839fup2jbap0tjew/gradle-4.1/lib/plugins/aether-impl-1.13.1.jar
7ff3b1aa6000-7ff3b1aa7000 r--s 00003000 103:04 4854804                   /home/tom/.gradle/wrapper/dists/gradle-4.1-all/bzyivzo6n839fup2jbap0tjew/gradle-4.1/lib/plugins/aether-spi-1.13.1.jar
7ff3b1aa7000-7ff3b1ab3000 r--s 0007d000 103:04 4854758                   /home/tom/.gradle/wrapper/dists/gradle-4.1-all/bzyivzo6n839fup2jbap0tjew/gradle-4.1/lib/plugins/maven-core-3.0.4.jar
7ff3b1ab3000-7ff3b1ab8000 r--s 00034000 103:04 4854765                   /home/tom/.gradle/wrapper/dists/gradle-4.1-all/bzyivzo6n839fup2jbap0tjew/gradle-4.1/lib/plugins/gson-2.7.jar
7ff3b1ab8000-7ff3b1abd000 r--s 00040000 103:04 4854773                   /home/tom/.gradle/wrapper/dists/gradle-4.1-all/bzyivzo6n839fup2jbap0tjew/gradle-4.1/lib/plugins/jsch-0.1.54.jar
7ff3b1abd000-7ff3b1acc000 r--s 000d9000 103:04 4854772                   /home/tom/.gradle/wrapper/dists/gradle-4.1-all/bzyivzo6n839fup2jbap0tjew/gradle-4.1/lib/plugins/ivy-2.2.0.jar
7ff3b1acc000-7ff3b1ae2000 r-xp 00000000 103:04 791132                    /lib/x86_64-linux-gnu/libgcc_s.so.1
7ff3b1ae2000-7ff3b1ce1000 ---p 00016000 103:04 791132                    /lib/x86_64-linux-gnu/libgcc_s.so.1
7ff3b1ce1000-7ff3b1ce2000 r--p 00015000 103:04 791132                    /lib/x86_64-linux-gnu/libgcc_s.so.1
7ff3b1ce2000-7ff3b1ce3000 rw-p 00016000 103:04 791132                    /lib/x86_64-linux-gnu/libgcc_s.so.1
7ff3b1ce3000-7ff3b1e5b000 r-xp 00000000 103:04 1189341                   /usr/lib/x86_64-linux-gnu/libstdc++.so.6.0.24
7ff3b1e5b000-7ff3b205a000 ---p 00178000 103:04 1189341                   /usr/lib/x86_64-linux-gnu/libstdc++.so.6.0.24
7ff3b205a000-7ff3b2064000 r--p 00177000 103:04 1189341                   /usr/lib/x86_64-linux-gnu/libstdc++.so.6.0.24
7ff3b2064000-7ff3b2066000 rw-p 00181000 103:04 1189341                   /usr/lib/x86_64-linux-gnu/libstdc++.so.6.0.24
7ff3b2066000-7ff3b2069000 rw-p 00000000 00:00 0 
7ff3b2069000-7ff3b206d000 r--s 0001c000 103:04 4854805                   /home/tom/.gradle/wrapper/dists/gradle-4.1-all/bzyivzo6n839fup2jbap0tjew/gradle-4.1/lib/plugins/aether-util-1.13.1.jar
7ff3b206d000-7ff3b2091000 r--s 0011a000 103:04 4854753                   /home/tom/.gradle/wrapper/dists/gradle-4.1-all/bzyivzo6n839fup2jbap0tjew/gradle-4.1/lib/plugins/gradle-dependency-management-4.1.jar
7ff3b2091000-7ff3b2094000 r--s 0000d000 103:04 4854752                   /home/tom/.gradle/wrapper/dists/gradle-4.1-all/bzyivzo6n839fup2jbap0tjew/gradle-4.1/lib/plugins/gradle-workers-4.1.jar
7ff3b2094000-7ff3b2099000 r-xp 00000000 103:04 4855842                   /home/tom/.gradle/native/25/linux-amd64/libnative-platform.so
7ff3b2099000-7ff3b2298000 ---p 00005000 103:04 4855842                   /home/tom/.gradle/native/25/linux-amd64/libnative-platform.so
7ff3b2298000-7ff3b2299000 rw-p 00004000 103:04 4855842                   /home/tom/.gradle/native/25/linux-amd64/libnative-platform.so
7ff3b2299000-7ff3b22aa000 r-xp 00000000 103:04 1198588                   /usr/local/android-studio/jre/jre/lib/amd64/libnio.so
7ff3b22aa000-7ff3b24a9000 ---p 00011000 103:04 1198588                   /usr/local/android-studio/jre/jre/lib/amd64/libnio.so
7ff3b24a9000-7ff3b24aa000 r--p 00010000 103:04 1198588                   /usr/local/android-studio/jre/jre/lib/amd64/libnio.so
7ff3b24aa000-7ff3b24ab000 rw-p 00011000 103:04 1198588                   /usr/local/android-studio/jre/jre/lib/amd64/libnio.so
7ff3b24ab000-7ff3b24c1000 r-xp 00000000 103:04 1198590                   /usr/local/android-studio/jre/jre/lib/amd64/libnet.so
7ff3b24c1000-7ff3b26c1000 ---p 00016000 103:04 1198590                   /usr/local/android-studio/jre/jre/lib/amd64/libnet.so
7ff3b26c1000-7ff3b26c2000 r--p 00016000 103:04 1198590                   /usr/local/android-studio/jre/jre/lib/amd64/libnet.so
7ff3b26c2000-7ff3b26c3000 rw-p 00017000 103:04 1198590                   /usr/local/android-studio/jre/jre/lib/amd64/libnet.so
7ff3b26c3000-7ff3b26d0000 r--s 00043000 103:04 4854659                   /home/tom/.gradle/wrapper/dists/gradle-4.1-all/bzyivzo6n839fup2jbap0tjew/gradle-4.1/lib/gradle-tooling-api-4.1.jar
7ff3b26d0000-7ff3b2702000 r--s 0021b000 103:04 4854655                   /home/tom/.gradle/wrapper/dists/gradle-4.1-all/bzyivzo6n839fup2jbap0tjew/gradle-4.1/lib/kotlin-reflect-1.1.3-2.jar
7ff3b2702000-7ff3b28b9000 r--s 01786000 103:04 4854654                   /home/tom/.gradle/wrapper/dists/gradle-4.1-all/bzyivzo6n839fup2jbap0tjew/gradle-4.1/lib/kotlin-compiler-embeddable-1.1.3-2.jar
7ff3b28b9000-7ff3b2929000 r--s 00645000 103:04 4854686                   /home/tom/.gradle/wrapper/dists/gradle-4.1-all/bzyivzo6n839fup2jbap0tjew/gradle-4.1/lib/groovy-all-2.4.11.jar
7ff3b2929000-7ff3b292a000 ---p 00000000 00:00 0 
7ff3b292a000-7ff3b2a2a000 rw-p 00000000 00:00 0 
7ff3b2a2a000-7ff3b2a2d000 ---p 00000000 00:00 0 
7ff3b2a2d000-7ff3b2b2b000 rw-p 00000000 00:00 0 
7ff3b2b2b000-7ff3b2b2e000 ---p 00000000 00:00 0 
7ff3b2b2e000-7ff3b2c2c000 rw-p 00000000 00:00 0 
7ff3b2c2c000-7ff3b2c2f000 ---p 00000000 00:00 0 
7ff3b2c2f000-7ff3b2d2d000 rw-p 00000000 00:00 0 
7ff3b2d2d000-7ff3b2d30000 ---p 00000000 00:00 0 
7ff3b2d30000-7ff3b2e2e000 rw-p 00000000 00:00 0 
7ff3b2e2e000-7ff3b2e31000 ---p 00000000 00:00 0 
7ff3b2e31000-7ff3b2f2f000 rw-p 00000000 00:00 0 
7ff3b2f2f000-7ff3b38f9000 r--p 00000000 103:04 1186569                   /usr/lib/locale/locale-archive
7ff3b38f9000-7ff3b38fc000 ---p 00000000 00:00 0 
7ff3b38fc000-7ff3b39fa000 rw-p 00000000 00:00 0 
7ff3b39fa000-7ff3b39fd000 ---p 00000000 00:00 0 
7ff3b39fd000-7ff3b3afb000 rw-p 00000000 00:00 0 
7ff3b3afb000-7ff3b3afc000 ---p 00000000 00:00 0 
7ff3b3afc000-7ff3b4000000 rw-p 00000000 00:00 0 
7ff3b4000000-7ff3b4bf0000 rw-p 00000000 00:00 0 
7ff3b4bf0000-7ff3b8000000 ---p 00000000 00:00 0 
7ff3b8000000-7ff3b8002000 r--s 00006000 103:04 4854806                   /home/tom/.gradle/wrapper/dists/gradle-4.1-all/bzyivzo6n839fup2jbap0tjew/gradle-4.1/lib/plugins/aether-connector-wagon-1.13.1.jar
7ff3b8002000-7ff3b8003000 r--s 00006000 103:04 4854660                   /home/tom/.gradle/wrapper/dists/gradle-4.1-all/bzyivzo6n839fup2jbap0tjew/gradle-4.1/lib/gradle-wrapper-4.1.jar
7ff3b8003000-7ff3b8012000 r--s 000c8000 103:04 4854656                   /home/tom/.gradle/wrapper/dists/gradle-4.1-all/bzyivzo6n839fup2jbap0tjew/gradle-4.1/lib/kotlin-stdlib-1.1.3-2.jar
7ff3b8012000-7ff3b8013000 r--s 00000000 103:04 4854653                   /home/tom/.gradle/wrapper/dists/gradle-4.1-all/bzyivzo6n839fup2jbap0tjew/gradle-4.1/lib/gradle-kotlin-dsl-tooling-models-0.10.3.jar
7ff3b8013000-7ff3b8014000 r--s 00001000 103:04 4854651                   /home/tom/.gradle/wrapper/dists/gradle-4.1-all/bzyivzo6n839fup2jbap0tjew/gradle-4.1/lib/gradle-kotlin-dsl-compiler-plugin-0.10.3.jar
7ff3b8014000-7ff3b8016000 r--s 00003000 103:04 4854649                   /home/tom/.gradle/wrapper/dists/gradle-4.1-all/bzyivzo6n839fup2jbap0tjew/gradle-4.1/lib/annotations-13.0.jar
7ff3b8016000-7ff3b8020000 r--s 00073000 103:04 4854650                   /home/tom/.gradle/wrapper/dists/gradle-4.1-all/bzyivzo6n839fup2jbap0tjew/gradle-4.1/lib/gradle-kotlin-dsl-0.10.3.jar
7ff3b8020000-7ff3b8025000 r--s 00013000 103:04 4854666                   /home/tom/.gradle/wrapper/dists/gradle-4.1-all/bzyivzo6n839fup2jbap0tjew/gradle-4.1/lib/gradle-resources-4.1.jar
7ff3b8025000-7ff3b8027000 r--s 00005000 103:04 4854673                   /home/tom/.gradle/wrapper/dists/gradle-4.1-all/bzyivzo6n839fup2jbap0tjew/gradle-4.1/lib/gradle-cli-4.1.jar
7ff3b8027000-7ff3b8029000 r--s 00003000 103:04 4854680                   /home/tom/.gradle/wrapper/dists/gradle-4.1-all/bzyivzo6n839fup2jbap0tjew/gradle-4.1/lib/jcl-over-slf4j-1.7.10.jar
7ff3b8029000-7ff3b802a000 r--s 00005000 103:04 4854679                   /home/tom/.gradle/wrapper/dists/gradle-4.1-all/bzyivzo6n839fup2jbap0tjew/gradle-4.1/lib/log4j-over-slf4j-1.7.10.jar
7ff3b802a000-7ff3b802c000 r--s 00000000 103:04 4854678                   /home/tom/.gradle/wrapper/dists/gradle-4.1-all/bzyivzo6n839fup2jbap0tjew/gradle-4.1/lib/jul-to-slf4j-1.7.10.jar
7ff3b802c000-7ff3b8033000 r--s 0002c000 103:04 4854664                   /home/tom/.gradle/wrapper/dists/gradle-4.1-all/bzyivzo6n839fup2jbap0tjew/gradle-4.1/lib/gradle-logging-4.1.jar
7ff3b8033000-7ff3b8043000 r--s 00082000 103:04 4854669                   /home/tom/.gradle/wrapper/dists/gradle-4.1-all/bzyivzo6n839fup2jbap0tjew/gradle-4.1/lib/gradle-model-core-4.1.jar
7ff3b8043000-7ff3b8045000 r--s 00006000 103:04 4854670                   /home/tom/.gradle/wrapper/dists/gradle-4.1-all/bzyivzo6n839fup2jbap0tjew/gradle-4.1/lib/gradle-base-services-groovy-4.1.jar
7ff3b8045000-7ff3b8047000 r--s 00007000 103:04 4854668                   /home/tom/.gradle/wrapper/dists/gradle-4.1-all/bzyivzo6n839fup2jbap0tjew/gradle-4.1/lib/gradle-model-groovy-4.1.jar
7ff3b8047000-7ff3b8048000 r--s 00002000 103:04 4854691                   /home/tom/.gradle/wrapper/dists/gradle-4.1-all/bzyivzo6n839fup2jbap0tjew/gradle-4.1/lib/gradle-docs-4.1.jar
7ff3b8048000-7ff3b8055000 r--s 00083000 103:04 4854689                   /home/tom/.gradle/wrapper/dists/gradle-4.1-all/bzyivzo6n839fup2jbap0tjew/gradle-4.1/lib/commons-collections-3.2.2.jar
7ff3b8055000-7ff3b8056000 r--s 00000000 103:04 4854688                   /home/tom/.gradle/wrapper/dists/gradle-4.1-all/bzyivzo6n839fup2jbap0tjew/gradle-4.1/lib/javax.inject-1.jar
7ff3b8056000-7ff3b8059000 r--s 00023000 103:04 4854692                   /home/tom/.gradle/wrapper/dists/gradle-4.1-all/bzyivzo6n839fup2jbap0tjew/gradle-4.1/lib/jansi-1.14.jar
7ff3b8059000-7ff3b805a000 r--s 00004000 103:04 4854694                   /home/tom/.gradle/wrapper/dists/gradle-4.1-all/bzyivzo6n839fup2jbap0tjew/gradle-4.1/lib/native-platform-freebsd-amd64-libcpp-0.14.jar
7ff3b805a000-7ff3b805b000 r--s 00004000 103:04 4854695                   /home/tom/.gradle/wrapper/dists/gradle-4.1-all/bzyivzo6n839fup2jbap0tjew/gradle-4.1/lib/native-platform-freebsd-amd64-libstdcpp-0.14.jar
7ff3b805b000-7ff3b805c000 r--s 00004000 103:04 4854696                   /home/tom/.gradle/wrapper/dists/gradle-4.1-all/bzyivzo6n839fup2jbap0tjew/gradle-4.1/lib/native-platform-freebsd-i386-libcpp-0.14.jar
7ff3b805c000-7ff3b805d000 r--s 00003000 103:04 4854697                   /home/tom/.gradle/wrapper/dists/gradle-4.1-all/bzyivzo6n839fup2jbap0tjew/gradle-4.1/lib/native-platform-freebsd-i386-libstdcpp-0.14.jar
7ff3b805d000-7ff3b805e000 r--s 00002000 103:04 4854698                   /home/tom/.gradle/wrapper/dists/gradle-4.1-all/bzyivzo6n839fup2jbap0tjew/gradle-4.1/lib/native-platform-linux-amd64-0.14.jar
7ff3b805e000-7ff3b805f000 r--s 00002000 103:04 4854699                   /home/tom/.gradle/wrapper/dists/gradle-4.1-all/bzyivzo6n839fup2jbap0tjew/gradle-4.1/lib/native-platform-linux-i386-0.14.jar
7ff3b805f000-7ff3b8061000 r--s 00002000 103:04 4854700                   /home/tom/.gradle/wrapper/dists/gradle-4.1-all/bzyivzo6n839fup2jbap0tjew/gradle-4.1/lib/native-platform-osx-amd64-0.14.jar
7ff3b8061000-7ff3b8062000 r--s 00003000 103:04 4854701                   /home/tom/.gradle/wrapper/dists/gradle-4.1-all/bzyivzo6n839fup2jbap0tjew/gradle-4.1/lib/native-platform-osx-i386-0.14.jar
7ff3b8062000-7ff3b8064000 r--s 0000b000 103:04 4854702                   /home/tom/.gradle/wrapper/dists/gradle-4.1-all/bzyivzo6n839fup2jbap0tjew/gradle-4.1/lib/native-platform-windows-amd64-0.14.jar
7ff3b8064000-7ff3b8065000 r--s 0000b000 103:04 4854703                   /home/tom/.gradle/wrapper/dists/gradle-4.1-all/bzyivzo6n839fup2jbap0tjew/gradle-4.1/lib/native-platform-windows-i386-0.14.jar
7ff3b8065000-7ff3b8066000 r--s 00001000 103:04 4854704                   /home/tom/.gradle/wrapper/dists/gradle-4.1-all/bzyivzo6n839fup2jbap0tjew/gradle-4.1/lib/native-platform-linux-amd64-ncurses5-0.14.jar
7ff3b8066000-7ff3b8067000 r--s 00001000 103:04 4854705                   /home/tom/.gradle/wrapper/dists/gradle-4.1-all/bzyivzo6n839fup2jbap0tjew/gradle-4.1/lib/native-platform-linux-amd64-ncurses6-0.14.jar
7ff3b8067000-7ff3b8068000 r--s 00001000 103:04 4854706                   /home/tom/.gradle/wrapper/dists/gradle-4.1-all/bzyivzo6n839fup2jbap0tjew/gradle-4.1/lib/native-platform-linux-i386-ncurses5-0.14.jar
7ff3b8068000-7ff3b8069000 r--s 00001000 103:04 4854707                   /home/tom/.gradle/wrapper/dists/gradle-4.1-all/bzyivzo6n839fup2jbap0tjew/gradle-4.1/lib/native-platform-linux-i386-ncurses6-0.14.jar
7ff3b8069000-7ff3b806d000 r--s 00012000 103:04 4854690                   /home/tom/.gradle/wrapper/dists/gradle-4.1-all/bzyivzo6n839fup2jbap0tjew/gradle-4.1/lib/native-platform-0.14.jar
7ff3b806d000-7ff3b8070000 r--s 0000c000 103:04 4854667                   /home/tom/.gradle/wrapper/dists/gradle-4.1-all/bzyivzo6n839fup2jbap0tjew/gradle-4.1/lib/gradle-native-4.1.jar
7ff3b8070000-7ff3b8072000 r--s 0000f000 103:04 4854675                   /home/tom/.gradle/wrapper/dists/gradle-4.1-all/bzyivzo6n839fup2jbap0tjew/gradle-4.1/lib/reflectasm-1.07-shaded.jar
7ff3b8072000-7ff3b8074000 r--s 00000000 103:04 4854708                   /home/tom/.gradle/wrapper/dists/gradle-4.1-all/bzyivzo6n839fup2jbap0tjew/gradle-4.1/lib/minlog-1.2.jar
7ff3b8074000-7ff3b8076000 r--s 00007000 103:04 4854709                   /home/tom/.gradle/wrapper/dists/gradle-4.1-all/bzyivzo6n839fup2jbap0tjew/gradle-4.1/lib/objenesis-1.2.jar
7ff3b8076000-7ff3b807a000 r--s 00026000 103:04 4854674                   /home/tom/.gradle/wrapper/dists/gradle-4.1-all/bzyivzo6n839fup2jbap0tjew/gradle-4.1/lib/kryo-2.20.jar
7ff3b807a000-7ff3b8080000 r--s 0002b000 103:04 4854671                   /home/tom/.gradle/wrapper/dists/gradle-4.1-all/bzyivzo6n839fup2jbap0tjew/gradle-4.1/lib/gradle-messaging-4.1.jar
7ff3b8080000-7ff3b8082000 r--s 00006000 103:04 4854665                   /home/tom/.gradle/wrapper/dists/gradle-4.1-all/bzyivzo6n839fup2jbap0tjew/gradle-4.1/lib/gradle-process-services-4.1.jar
7ff3b8082000-7ff3b8087000 r--s 00041000 103:04 4854684                   /home/tom/.gradle/wrapper/dists/gradle-4.1-all/bzyivzo6n839fup2jbap0tjew/gradle-4.1/lib/commons-lang-2.6.jar
7ff3b8087000-7ff3b80af000 r--s 001cf000 103:04 4854682                   /home/tom/.gradle/wrapper/dists/gradle-4.1-all/bzyivzo6n839fup2jbap0tjew/gradle-4.1/lib/guava-jdk5-17.0.jar
7ff3b80af000-7ff3b80f9000 r--s 00253000 103:04 4854662                   /home/tom/.gradle/wrapper/dists/gradle-4.1-all/bzyivzo6n839fup2jbap0tjew/gradle-4.1/lib/gradle-core-4.1.jar
7ff3b80f9000-7ff3bc000000 rw-p 00000000 00:00 0 
7ff3bc000000-7ff3bc128000 rw-p 00000000 00:00 0 
7ff3bc128000-7ff3c0000000 ---p 00000000 00:00 0 
7ff3c0000000-7ff3c0072000 rw-p 00000000 00:00 0 
7ff3c0072000-7ff3c4000000 ---p 00000000 00:00 0 
7ff3c4000000-7ff3c4468000 rw-p 00000000 00:00 0 
7ff3c4468000-7ff3c8000000 ---p 00000000 00:00 0 
7ff3c8000000-7ff3c8003000 r--s 00006000 103:04 4854683                   /home/tom/.gradle/wrapper/dists/gradle-4.1-all/bzyivzo6n839fup2jbap0tjew/gradle-4.1/lib/jsr305-1.3.9.jar
7ff3c8003000-7ff3c8022000 r--s 001d1000 103:04 4854687                   /home/tom/.gradle/wrapper/dists/gradle-4.1-all/bzyivzo6n839fup2jbap0tjew/gradle-4.1/lib/ant-1.9.6.jar
7ff3c8022000-7ff3c84b6000 rw-p 00000000 00:00 0 
7ff3c84b6000-7ff3c8686000 r--s 03c46000 103:04 1198544                   /usr/local/android-studio/jre/jre/lib/rt.jar
7ff3c8686000-7ff3c89fc000 rw-p 00000000 00:00 0 
7ff3c89fc000-7ff3c89fd000 ---p 00000000 00:00 0 
7ff3c89fd000-7ff3c8afd000 rw-p 00000000 00:00 0 
7ff3c8afd000-7ff3c8afe000 ---p 00000000 00:00 0 
7ff3c8afe000-7ff3c8bfe000 rw-p 00000000 00:00 0 
7ff3c8bfe000-7ff3c8bff000 ---p 00000000 00:00 0 
7ff3c8bff000-7ff3c8cff000 rw-p 00000000 00:00 0 
7ff3c8cff000-7ff3c8d00000 ---p 00000000 00:00 0 
7ff3c8d00000-7ff3c8e30000 rw-p 00000000 00:00 0 
7ff3c8e30000-7ff3c9000000 ---p 00000000 00:00 0 
7ff3c9000000-7ff3cc030000 rwxp 00000000 00:00 0 
7ff3cc030000-7ff3d8000000 ---p 00000000 00:00 0 
7ff3d8000000-7ff3d9842000 rw-p 00000000 00:00 0 
7ff3d9842000-7ff3dc000000 ---p 00000000 00:00 0 
7ff3dc000000-7ff3dc004000 r--s 00027000 103:04 4854677                   /home/tom/.gradle/wrapper/dists/gradle-4.1-all/bzyivzo6n839fup2jbap0tjew/gradle-4.1/lib/commons-io-2.2.jar
7ff3dc004000-7ff3dc010000 r--s 00053000 103:04 4854672                   /home/tom/.gradle/wrapper/dists/gradle-4.1-all/bzyivzo6n839fup2jbap0tjew/gradle-4.1/lib/gradle-base-services-4.1.jar
7ff3dc010000-7ff3dc01c000 r--s 0005c000 103:04 4854657                   /home/tom/.gradle/wrapper/dists/gradle-4.1-all/bzyivzo6n839fup2jbap0tjew/gradle-4.1/lib/gradle-launcher-4.1.jar
7ff3dc01c000-7ff3dc06d000 rw-p 00000000 00:00 0 
7ff3dc06d000-7ff3dc23d000 ---p 00000000 00:00 0 
7ff3dc23d000-7ff3dc303000 rw-p 00000000 00:00 0 
7ff3dc303000-7ff3dc33d000 ---p 00000000 00:00 0 
7ff3dc33d000-7ff3dc3ff000 rw-p 00000000 00:00 0 
7ff3dc3ff000-7ff3dc6fe000 ---p 00000000 00:00 0 
7ff3dc6fe000-7ff3dc718000 r-xp 00000000 103:04 1198565                   /usr/local/android-studio/jre/jre/lib/amd64/libzip.so
7ff3dc718000-7ff3dc918000 ---p 0001a000 103:04 1198565                   /usr/local/android-studio/jre/jre/lib/amd64/libzip.so
7ff3dc918000-7ff3dc919000 r--p 0001a000 103:04 1198565                   /usr/local/android-studio/jre/jre/lib/amd64/libzip.so
7ff3dc919000-7ff3dc91a000 rw-p 0001b000 103:04 1198565                   /usr/local/android-studio/jre/jre/lib/amd64/libzip.so
7ff3dc91a000-7ff3dc925000 r-xp 00000000 103:04 791187                    /lib/x86_64-linux-gnu/libnss_files-2.26.so
7ff3dc925000-7ff3dcb24000 ---p 0000b000 103:04 791187                    /lib/x86_64-linux-gnu/libnss_files-2.26.so
7ff3dcb24000-7ff3dcb25000 r--p 0000a000 103:04 791187                    /lib/x86_64-linux-gnu/libnss_files-2.26.so
7ff3dcb25000-7ff3dcb26000 rw-p 0000b000 103:04 791187                    /lib/x86_64-linux-gnu/libnss_files-2.26.so
7ff3dcb26000-7ff3dcb2c000 rw-p 00000000 00:00 0 
7ff3dcb2c000-7ff3dcb37000 r-xp 00000000 103:04 791198                    /lib/x86_64-linux-gnu/libnss_nis-2.26.so
7ff3dcb37000-7ff3dcd36000 ---p 0000b000 103:04 791198                    /lib/x86_64-linux-gnu/libnss_nis-2.26.so
7ff3dcd36000-7ff3dcd37000 r--p 0000a000 103:04 791198                    /lib/x86_64-linux-gnu/libnss_nis-2.26.so
7ff3dcd37000-7ff3dcd38000 rw-p 0000b000 103:04 791198                    /lib/x86_64-linux-gnu/libnss_nis-2.26.so
7ff3dcd38000-7ff3dcd4f000 r-xp 00000000 103:04 791181                    /lib/x86_64-linux-gnu/libnsl-2.26.so
7ff3dcd4f000-7ff3dcf4e000 ---p 00017000 103:04 791181                    /lib/x86_64-linux-gnu/libnsl-2.26.so
7ff3dcf4e000-7ff3dcf4f000 r--p 00016000 103:04 791181                    /lib/x86_64-linux-gnu/libnsl-2.26.so
7ff3dcf4f000-7ff3dcf50000 rw-p 00017000 103:04 791181                    /lib/x86_64-linux-gnu/libnsl-2.26.so
7ff3dcf50000-7ff3dcf52000 rw-p 00000000 00:00 0 
7ff3dcf52000-7ff3dcf5a000 r-xp 00000000 103:04 791183                    /lib/x86_64-linux-gnu/libnss_compat-2.26.so
7ff3dcf5a000-7ff3dd159000 ---p 00008000 103:04 791183                    /lib/x86_64-linux-gnu/libnss_compat-2.26.so
7ff3dd159000-7ff3dd15a000 r--p 00007000 103:04 791183                    /lib/x86_64-linux-gnu/libnss_compat-2.26.so
7ff3dd15a000-7ff3dd15b000 rw-p 00008000 103:04 791183                    /lib/x86_64-linux-gnu/libnss_compat-2.26.so
7ff3dd15b000-7ff3dd188000 r-xp 00000000 103:04 1198564                   /usr/local/android-studio/jre/jre/lib/amd64/libjava.so
7ff3dd188000-7ff3dd387000 ---p 0002d000 103:04 1198564                   /usr/local/android-studio/jre/jre/lib/amd64/libjava.so
7ff3dd387000-7ff3dd388000 r--p 0002c000 103:04 1198564                   /usr/local/android-studio/jre/jre/lib/amd64/libjava.so
7ff3dd388000-7ff3dd38a000 rw-p 0002d000 103:04 1198564                   /usr/local/android-studio/jre/jre/lib/amd64/libjava.so
7ff3dd38a000-7ff3dd39a000 r-xp 00000000 103:04 1198570                   /usr/local/android-studio/jre/jre/lib/amd64/libverify.so
7ff3dd39a000-7ff3dd599000 ---p 00010000 103:04 1198570                   /usr/local/android-studio/jre/jre/lib/amd64/libverify.so
7ff3dd599000-7ff3dd59b000 r--p 0000f000 103:04 1198570                   /usr/local/android-studio/jre/jre/lib/amd64/libverify.so
7ff3dd59b000-7ff3dd59c000 rw-p 00011000 103:04 1198570                   /usr/local/android-studio/jre/jre/lib/amd64/libverify.so
7ff3dd59c000-7ff3dd5a3000 r-xp 00000000 103:04 791241                    /lib/x86_64-linux-gnu/librt-2.26.so
7ff3dd5a3000-7ff3dd7a2000 ---p 00007000 103:04 791241                    /lib/x86_64-linux-gnu/librt-2.26.so
7ff3dd7a2000-7ff3dd7a3000 r--p 00006000 103:04 791241                    /lib/x86_64-linux-gnu/librt-2.26.so
7ff3dd7a3000-7ff3dd7a4000 rw-p 00007000 103:04 791241                    /lib/x86_64-linux-gnu/librt-2.26.so
7ff3dd7a4000-7ff3dd8f9000 r-xp 00000000 103:04 791160                    /lib/x86_64-linux-gnu/libm-2.26.so
7ff3dd8f9000-7ff3ddaf8000 ---p 00155000 103:04 791160                    /lib/x86_64-linux-gnu/libm-2.26.so
7ff3ddaf8000-7ff3ddaf9000 r--p 00154000 103:04 791160                    /lib/x86_64-linux-gnu/libm-2.26.so
7ff3ddaf9000-7ff3ddafa000 rw-p 00155000 103:04 791160                    /lib/x86_64-linux-gnu/libm-2.26.so
7ff3ddafa000-7ff3de6f2000 r-xp 00000000 103:04 1198574                   /usr/local/android-studio/jre/jre/lib/amd64/server/libjvm.so
7ff3de6f2000-7ff3de8f2000 ---p 00bf8000 103:04 1198574                   /usr/local/android-studio/jre/jre/lib/amd64/server/libjvm.so
7ff3de8f2000-7ff3de991000 r--p 00bf8000 103:04 1198574                   /usr/local/android-studio/jre/jre/lib/amd64/server/libjvm.so
7ff3de991000-7ff3de9ba000 rw-p 00c97000 103:04 1198574                   /usr/local/android-studio/jre/jre/lib/amd64/server/libjvm.so
7ff3de9ba000-7ff3de9fe000 rw-p 00000000 00:00 0 
7ff3de9fe000-7ff3dea18000 r-xp 00000000 103:04 791233                    /lib/x86_64-linux-gnu/libpthread-2.26.so
7ff3dea18000-7ff3dec17000 ---p 0001a000 103:04 791233                    /lib/x86_64-linux-gnu/libpthread-2.26.so
7ff3dec17000-7ff3dec18000 r--p 00019000 103:04 791233                    /lib/x86_64-linux-gnu/libpthread-2.26.so
7ff3dec18000-7ff3dec19000 rw-p 0001a000 103:04 791233                    /lib/x86_64-linux-gnu/libpthread-2.26.so
7ff3dec19000-7ff3dec1d000 rw-p 00000000 00:00 0 
7ff3dec1d000-7ff3dec20000 r-xp 00000000 103:04 791118                    /lib/x86_64-linux-gnu/libdl-2.26.so
7ff3dec20000-7ff3dee1f000 ---p 00003000 103:04 791118                    /lib/x86_64-linux-gnu/libdl-2.26.so
7ff3dee1f000-7ff3dee20000 r--p 00002000 103:04 791118                    /lib/x86_64-linux-gnu/libdl-2.26.so
7ff3dee20000-7ff3dee21000 rw-p 00003000 103:04 791118                    /lib/x86_64-linux-gnu/libdl-2.26.so
7ff3dee21000-7ff3deff7000 r-xp 00000000 103:04 791094                    /lib/x86_64-linux-gnu/libc-2.26.so
7ff3deff7000-7ff3df1f7000 ---p 001d6000 103:04 791094                    /lib/x86_64-linux-gnu/libc-2.26.so
7ff3df1f7000-7ff3df1fb000 r--p 001d6000 103:04 791094                    /lib/x86_64-linux-gnu/libc-2.26.so
7ff3df1fb000-7ff3df1fd000 rw-p 001da000 103:04 791094                    /lib/x86_64-linux-gnu/libc-2.26.so
7ff3df1fd000-7ff3df201000 rw-p 00000000 00:00 0 
7ff3df201000-7ff3df217000 r-xp 00000000 103:04 1198513                   /usr/local/android-studio/jre/lib/amd64/jli/libjli.so
7ff3df217000-7ff3df416000 ---p 00016000 103:04 1198513                   /usr/local/android-studio/jre/lib/amd64/jli/libjli.so
7ff3df416000-7ff3df417000 r--p 00015000 103:04 1198513                   /usr/local/android-studio/jre/lib/amd64/jli/libjli.so
7ff3df417000-7ff3df418000 rw-p 00016000 103:04 1198513                   /usr/local/android-studio/jre/lib/amd64/jli/libjli.so
7ff3df418000-7ff3df43f000 r-xp 00000000 103:04 791066                    /lib/x86_64-linux-gnu/ld-2.26.so
7ff3df43f000-7ff3df441000 r--s 00000000 103:04 4854663                   /home/tom/.gradle/wrapper/dists/gradle-4.1-all/bzyivzo6n839fup2jbap0tjew/gradle-4.1/lib/gradle-jvm-services-4.1.jar
7ff3df441000-7ff3df449000 r--s 000bd000 103:04 4854676                   /home/tom/.gradle/wrapper/dists/gradle-4.1-all/bzyivzo6n839fup2jbap0tjew/gradle-4.1/lib/asm-debug-all-6.0_ALPHA.jar
7ff3df449000-7ff3df50e000 rw-p 00000000 00:00 0 
7ff3df50e000-7ff3df511000 ---p 00000000 00:00 0 
7ff3df511000-7ff3df611000 rw-p 00000000 00:00 0 
7ff3df611000-7ff3df612000 r--s 00000000 103:04 4854685                   /home/tom/.gradle/wrapper/dists/gradle-4.1-all/bzyivzo6n839fup2jbap0tjew/gradle-4.1/lib/jcip-annotations-1.0.jar
7ff3df612000-7ff3df613000 r--s 00007000 103:04 4854681                   /home/tom/.gradle/wrapper/dists/gradle-4.1-all/bzyivzo6n839fup2jbap0tjew/gradle-4.1/lib/slf4j-api-1.7.10.jar
7ff3df613000-7ff3df614000 r--s 00004000 103:04 4854693                   /home/tom/.gradle/wrapper/dists/gradle-4.1-all/bzyivzo6n839fup2jbap0tjew/gradle-4.1/lib/ant-launcher-1.9.6.jar
7ff3df614000-7ff3df632000 rw-p 00000000 00:00 0 
7ff3df632000-7ff3df63a000 rw-s 00000000 103:04 3289585                   /tmp/hsperfdata_tom/3790
7ff3df63a000-7ff3df63b000 rw-p 00000000 00:00 0 
7ff3df63b000-7ff3df63c000 ---p 00000000 00:00 0 
7ff3df63c000-7ff3df63f000 rw-p 00000000 00:00 0 
7ff3df63f000-7ff3df640000 r--p 00027000 103:04 791066                    /lib/x86_64-linux-gnu/ld-2.26.so
7ff3df640000-7ff3df641000 rw-p 00028000 103:04 791066                    /lib/x86_64-linux-gnu/ld-2.26.so
7ff3df641000-7ff3df642000 rw-p 00000000 00:00 0 
7ffda869b000-7ffda86bc000 rw-p 00000000 00:00 0                          [stack]
7ffda872b000-7ffda872e000 r--p 00000000 00:00 0                          [vvar]
7ffda872e000-7ffda8730000 r-xp 00000000 00:00 0                          [vdso]
ffffffffff600000-ffffffffff601000 r-xp 00000000 00:00 0                  [vsyscall]

VM Arguments:
jvm_args: -Xmx1536m -Dfile.encoding=UTF-8 -Duser.country=GB -Duser.language=en -Duser.variant 
java_command: org.gradle.launcher.daemon.bootstrap.GradleDaemon 4.1
java_class_path (initial): /home/tom/.gradle/wrapper/dists/gradle-4.1-all/bzyivzo6n839fup2jbap0tjew/gradle-4.1/lib/gradle-launcher-4.1.jar
Launcher Type: SUN_STANDARD

Environment Variables:
PATH=/usr/local/sbin:/usr/local/bin:/usr/sbin:/usr/bin:/sbin:/bin:/usr/games:/usr/local/games:/snap/bin:/home/tom/Android/Sdk/platform-tools
USERNAME=tom
LD_LIBRARY_PATH=/usr/local/android-studio/bin:
SHELL=/bin/bash
DISPLAY=:0

Signal Handlers:
SIGSEGV: [libjvm.so+0x9ebc60], sa_mask[0]=11111111011111111101111111111110, sa_flags=SA_RESTART|SA_SIGINFO
SIGBUS: [libjvm.so+0x9ebc60], sa_mask[0]=11111111011111111101111111111110, sa_flags=SA_RESTART|SA_SIGINFO
SIGFPE: [libjvm.so+0x84cf60], sa_mask[0]=11111111011111111101111111111110, sa_flags=SA_RESTART|SA_SIGINFO
SIGPIPE: [libjvm.so+0x84cf60], sa_mask[0]=11111111011111111101111111111110, sa_flags=SA_RESTART|SA_SIGINFO
SIGXFSZ: [libjvm.so+0x84cf60], sa_mask[0]=11111111011111111101111111111110, sa_flags=SA_RESTART|SA_SIGINFO
SIGILL: [libjvm.so+0x84cf60], sa_mask[0]=11111111011111111101111111111110, sa_flags=SA_RESTART|SA_SIGINFO
SIGUSR1: SIG_DFL, sa_mask[0]=00000000000000000000000000000000, sa_flags=none
SIGUSR2: [libjvm.so+0x84ce30], sa_mask[0]=00100000000000000000000000000000, sa_flags=SA_RESTART|SA_SIGINFO
SIGHUP: [libjvm.so+0x84d020], sa_mask[0]=11111111011111111101111111111110, sa_flags=SA_RESTART|SA_SIGINFO
SIGINT: [libjvm.so+0x84d020], sa_mask[0]=11111111011111111101111111111110, sa_flags=SA_RESTART|SA_SIGINFO
SIGTERM: [libjvm.so+0x84d020], sa_mask[0]=11111111011111111101111111111110, sa_flags=SA_RESTART|SA_SIGINFO
SIGQUIT: [libjvm.so+0x84d020], sa_mask[0]=11111111011111111101111111111110, sa_flags=SA_RESTART|SA_SIGINFO


---------------  S Y S T E M  ---------------

OS:DISTRIB_ID=Ubuntu
DISTRIB_RELEASE=17.10
DISTRIB_CODENAME=artful
DISTRIB_DESCRIPTION="Ubuntu 17.10"

uname:Linux 4.14.8-surface #2 SMP Fri Dec 22 11:23:52 GMT 2017 x86_64
libc:glibc 2.26 NPTL 2.26 
rlimit: STACK 8192k, CORE 0k, NPROC 15003, NOFILE 1048576, AS infinity
load average:2.52 1.35 1.32

/proc/meminfo:
MemTotal:        3966476 kB
MemFree:           90768 kB
MemAvailable:          0 kB
Buffers:             368 kB
Cached:           514644 kB
SwapCached:         2344 kB
Active:          3000536 kB
Inactive:         605852 kB
Active(anon):    2993928 kB
Inactive(anon):   598736 kB
Active(file):       6608 kB
Inactive(file):     7116 kB
Unevictable:         660 kB
Mlocked:             660 kB
SwapTotal:       2097148 kB
SwapFree:              0 kB
Dirty:                88 kB
Writeback:             0 kB
AnonPages:       3090188 kB
Mapped:            47696 kB
Shmem:            501148 kB
Slab:             115472 kB
SReclaimable:      41920 kB
SUnreclaim:        73552 kB
KernelStack:       18032 kB
PageTables:        81676 kB
NFS_Unstable:          0 kB
Bounce:                0 kB
WritebackTmp:          0 kB
CommitLimit:     4080384 kB
Committed_AS:   13926740 kB
VmallocTotal:   34359738367 kB
VmallocUsed:           0 kB
VmallocChunk:          0 kB
HardwareCorrupted:     0 kB
AnonHugePages:         0 kB
ShmemHugePages:        0 kB
ShmemPmdMapped:        0 kB
CmaTotal:              0 kB
CmaFree:               0 kB
HugePages_Total:       0
HugePages_Free:        0
HugePages_Rsvd:        0
HugePages_Surp:        0
Hugepagesize:       2048 kB
DirectMap4k:      411112 kB
DirectMap2M:     3706880 kB
DirectMap1G:           0 kB


CPU:total 4 (initial active 4) (2 cores per cpu, 2 threads per core) family 6 model 78 stepping 3, cmov, cx8, fxsr, mmx, sse, sse2, sse3, ssse3, sse4.1, sse4.2, popcnt, avx, avx2, aes, clmul, erms, 3dnowpref, lzcnt, ht, tsc, tscinvbit, bmi1, bmi2, adx

/proc/cpuinfo:
processor	: 0
vendor_id	: GenuineIntel
cpu family	: 6
model		: 78
model name	: Intel(R) Core(TM) m3-6Y30 CPU @ 0.90GHz
stepping	: 3
microcode	: 0xba
cpu MHz		: 1500.000
cache size	: 4096 KB
physical id	: 0
siblings	: 4
core id		: 0
cpu cores	: 2
apicid		: 0
initial apicid	: 0
fpu		: yes
fpu_exception	: yes
cpuid level	: 22
wp		: yes
flags		: fpu vme de pse tsc msr pae mce cx8 apic sep mtrr pge mca cmov pat pse36 clflush dts acpi mmx fxsr sse sse2 ss ht tm pbe syscall nx pdpe1gb rdtscp lm constant_tsc art arch_perfmon pebs bts rep_good nopl xtopology nonstop_tsc cpuid aperfmperf tsc_known_freq pni pclmulqdq dtes64 monitor ds_cpl vmx est tm2 ssse3 sdbg fma cx16 xtpr pdcm pcid sse4_1 sse4_2 x2apic movbe popcnt tsc_deadline_timer aes xsave avx f16c rdrand lahf_lm abm 3dnowprefetch cpuid_fault epb intel_pt tpr_shadow vnmi flexpriority ept vpid fsgsbase tsc_adjust bmi1 avx2 smep bmi2 erms invpcid mpx rdseed adx smap clflushopt xsaveopt xsavec xgetbv1 xsaves dtherm ida arat pln pts hwp hwp_notify hwp_act_window hwp_epp
bugs		:
bogomips	: 3024.00
clflush size	: 64
cache_alignment	: 64
address sizes	: 39 bits physical, 48 bits virtual
power management:

processor	: 1
vendor_id	: GenuineIntel
cpu family	: 6
model		: 78
model name	: Intel(R) Core(TM) m3-6Y30 CPU @ 0.90GHz
stepping	: 3
microcode	: 0xba
cpu MHz		: 1500.000
cache size	: 4096 KB
physical id	: 0
siblings	: 4
core id		: 1
cpu cores	: 2
apicid		: 2
initial apicid	: 2
fpu		: yes
fpu_exception	: yes
cpuid level	: 22
wp		: yes
flags		: fpu vme de pse tsc msr pae mce cx8 apic sep mtrr pge mca cmov pat pse36 clflush dts acpi mmx fxsr sse sse2 ss ht tm pbe syscall nx pdpe1gb rdtscp lm constant_tsc art arch_perfmon pebs bts rep_good nopl xtopology nonstop_tsc cpuid aperfmperf tsc_known_freq pni pclmulqdq dtes64 monitor ds_cpl vmx est tm2 ssse3 sdbg fma cx16 xtpr pdcm pcid sse4_1 sse4_2 x2apic movbe popcnt tsc_deadline_timer aes xsave avx f16c rdrand lahf_lm abm 3dnowprefetch cpuid_fault epb intel_pt tpr_shadow vnmi flexpriority ept vpid fsgsbase tsc_adjust bmi1 avx2 smep bmi2 erms invpcid mpx rdseed adx smap clflushopt xsaveopt xsavec xgetbv1 xsaves dtherm ida arat pln pts hwp hwp_notify hwp_act_window hwp_epp
bugs		:
bogomips	: 3024.00
clflush size	: 64
cache_alignment	: 64
address sizes	: 39 bits physical, 48 bits virtual
power management:

processor	: 2
vendor_id	: GenuineIntel
cpu family	: 6
model		: 78
model name	: Intel(R) Core(TM) m3-6Y30 CPU @ 0.90GHz
stepping	: 3
microcode	: 0xba
cpu MHz		: 1500.000
cache size	: 4096 KB
physical id	: 0
siblings	: 4
core id		: 0
cpu cores	: 2
apicid		: 1
initial apicid	: 1
fpu		: yes
fpu_exception	: yes
cpuid level	: 22
wp		: yes
flags		: fpu vme de pse tsc msr pae mce cx8 apic sep mtrr pge mca cmov pat pse36 clflush dts acpi mmx fxsr sse sse2 ss ht tm pbe syscall nx pdpe1gb rdtscp lm constant_tsc art arch_perfmon pebs bts rep_good nopl xtopology nonstop_tsc cpuid aperfmperf tsc_known_freq pni pclmulqdq dtes64 monitor ds_cpl vmx est tm2 ssse3 sdbg fma cx16 xtpr pdcm pcid sse4_1 sse4_2 x2apic movbe popcnt tsc_deadline_timer aes xsave avx f16c rdrand lahf_lm abm 3dnowprefetch cpuid_fault epb intel_pt tpr_shadow vnmi flexpriority ept vpid fsgsbase tsc_adjust bmi1 avx2 smep bmi2 erms invpcid mpx rdseed adx smap clflushopt xsaveopt xsavec xgetbv1 xsaves dtherm ida arat pln pts hwp hwp_notify hwp_act_window hwp_epp
bugs		:
bogomips	: 3024.00
clflush size	: 64
cache_alignment	: 64
address sizes	: 39 bits physical, 48 bits virtual
power management:

processor	: 3
vendor_id	: GenuineIntel
cpu family	: 6
model		: 78
model name	: Intel(R) Core(TM) m3-6Y30 CPU @ 0.90GHz
stepping	: 3
microcode	: 0xba
cpu MHz		: 1500.000
cache size	: 4096 KB
physical id	: 0
siblings	: 4
core id		: 1
cpu cores	: 2
apicid		: 3
initial apicid	: 3
fpu		: yes
fpu_exception	: yes
cpuid level	: 22
wp		: yes
flags		: fpu vme de pse tsc msr pae mce cx8 apic sep mtrr pge mca cmov pat pse36 clflush dts acpi mmx fxsr sse sse2 ss ht tm pbe syscall nx pdpe1gb rdtscp lm constant_tsc art arch_perfmon pebs bts rep_good nopl xtopology nonstop_tsc cpuid aperfmperf tsc_known_freq pni pclmulqdq dtes64 monitor ds_cpl vmx est tm2 ssse3 sdbg fma cx16 xtpr pdcm pcid sse4_1 sse4_2 x2apic movbe popcnt tsc_deadline_timer aes xsave avx f16c rdrand lahf_lm abm 3dnowprefetch cpuid_fault epb intel_pt tpr_shadow vnmi flexpriority ept vpid fsgsbase tsc_adjust bmi1 avx2 smep bmi2 erms invpcid mpx rdseed adx smap clflushopt xsaveopt xsavec xgetbv1 xsaves dtherm ida arat pln pts hwp hwp_notify hwp_act_window hwp_epp
bugs		:
bogomips	: 3024.00
clflush size	: 64
cache_alignment	: 64
address sizes	: 39 bits physical, 48 bits virtual
power management:



Memory: 4k page, physical 3966476k(90644k free), swap 2097148k(4k free)

vm_info: OpenJDK 64-Bit Server VM (25.152-b01) for linux-amd64 JRE (1.8.0_152-release-915-b01), built by "builder" with gcc 4.8.4

time: Sat Dec 30 01:13:13 2017
elapsed time: 1441 seconds (0d 0h 24m 1s)

