#
# There is insufficient memory for the Java Runtime Environment to continue.
# Native memory allocation (mmap) failed to map 54525952 bytes for committing reserved memory.
# Possible reasons:
#   The system is out of physical RAM or swap space
#   In 32 bit mode, the process size limit was hit
# Possible solutions:
#   Reduce memory load on the system
#   Increase physical memory or swap space
#   Check if swap backing store is full
#   Use 64 bit Java on a 64 bit OS
#   Decrease Java heap size (-Xmx/-Xms)
#   Decrease number of Java threads
#   Decrease Java thread stack sizes (-Xss)
#   Set larger code cache with -XX:ReservedCodeCacheSize=
# This output file may be truncated or incomplete.
#
#  Out of Memory Error (os_linux.cpp:2640), pid=29824, tid=0x00007f4c52f20700
#
# JRE version: OpenJDK Runtime Environment (8.0_152-b01) (build 1.8.0_152-release-915-b01)
# Java VM: OpenJDK 64-Bit Server VM (25.152-b01 mixed mode linux-amd64 compressed oops)
# Failed to write core dump. Core dumps have been disabled. To enable core dumping, try "ulimit -c unlimited" before starting Java again
#

---------------  T H R E A D  ---------------

Current thread (0x00007f4c78079000):  VMThread [stack: 0x00007f4c52e20000,0x00007f4c52f21000] [id=29834]

Stack: [0x00007f4c52e20000,0x00007f4c52f21000],  sp=0x00007f4c52f1f470,  free space=1021k
Native frames: (J=compiled Java code, j=interpreted, Vv=VM code, C=native code)
V  [libjvm.so+0x9eb15d]  VMError::report_and_die()+0x15d
V  [libjvm.so+0x4b8eaa]  report_vm_out_of_memory(char const*, int, unsigned long, VMErrorType, char const*)+0x8a
V  [libjvm.so+0x851370]  os::pd_commit_memory(char*, unsigned long, unsigned long, bool)+0xf0
V  [libjvm.so+0x84be8f]  os::commit_memory(char*, unsigned long, unsigned long, bool)+0x1f
V  [libjvm.so+0x8c261b]  PSVirtualSpace::expand_by(unsigned long)+0x5b
V  [libjvm.so+0x8c3290]  PSYoungGen::resize_generation(unsigned long, unsigned long)+0xb0
V  [libjvm.so+0x8c35ab]  PSYoungGen::resize(unsigned long, unsigned long)+0x1b
V  [libjvm.so+0x8bfc9c]  PSScavenge::invoke_no_policy()+0xdac
V  [libjvm.so+0x8c0478]  PSScavenge::invoke()+0x38
V  [libjvm.so+0x8748f3]  ParallelScavengeHeap::failed_mem_allocate(unsigned long)+0x63
V  [libjvm.so+0x9ecc84]  VM_ParallelGCFailedAllocation::doit()+0x84
V  [libjvm.so+0x9f1197]  VM_Operation::evaluate()+0x47
V  [libjvm.so+0x9efb78]  VMThread::evaluate_operation(VM_Operation*)+0x2c8
V  [libjvm.so+0x9efff9]  VMThread::loop()+0x219
V  [libjvm.so+0x9f0442]  VMThread::run()+0x72
V  [libjvm.so+0x84e792]  java_start(Thread*)+0xf2

VM_Operation (0x00007f4bf8d95170): ParallelGCFailedAllocation, mode: safepoint, requested by thread 0x00007f4bec017000


---------------  P R O C E S S  ---------------

Java Threads: ( => current thread )
  0x00007f4bf4058800 JavaThread "ForkJoinPool.commonPool-worker-0" daemon [_thread_blocked, id=31010, stack(0x00007f4bf8d97000,0x00007f4bf8e98000)]
  0x00007f4bec017800 JavaThread "ForkJoinPool.commonPool-worker-3" daemon [_thread_blocked, id=31009, stack(0x00007f4bf8f99000,0x00007f4bf909a000)]
  0x00007f4bec017000 JavaThread "ForkJoinPool.commonPool-worker-2" daemon [_thread_blocked, id=31008, stack(0x00007f4bf8c96000,0x00007f4bf8d97000)]
  0x00007f4bec016000 JavaThread "ForkJoinPool.commonPool-worker-1" daemon [_thread_blocked, id=31007, stack(0x00007f4bf9d86000,0x00007f4bf9e87000)]
  0x00007f4c0c648000 JavaThread "Cache worker for Java compile cache (/home/tom/AndroidStudioProjects/SmartAlarm/.gradle/4.1/javaCompile)" [_thread_blocked, id=31006, stack(0x00007f4bf8e98000,0x00007f4bf8f99000)]
  0x00007f4c0800d000 JavaThread "process reaper" daemon [_thread_blocked, id=30973, stack(0x00007f4bf919b000,0x00007f4bf91d4000)]
  0x00007f4bfc00b800 JavaThread "process reaper" daemon [_thread_blocked, id=30972, stack(0x00007f4bf920d000,0x00007f4bf9246000)]
  0x00007f4c00005000 JavaThread "process reaper" daemon [_thread_blocked, id=30969, stack(0x00007f4bf9246000,0x00007f4bf927f000)]
  0x00007f4bf4058000 JavaThread "process reaper" daemon [_thread_blocked, id=30965, stack(0x00007f4bf91d4000,0x00007f4bf920d000)]
  0x00007f4c0cf4b800 JavaThread "Task worker for ':' Thread 3" [_thread_blocked, id=30957, stack(0x00007f4bf8a94000,0x00007f4bf8b95000)]
  0x00007f4c0cf4a800 JavaThread "Task worker for ':' Thread 2" [_thread_blocked, id=30956, stack(0x00007f4c28005000,0x00007f4c28106000)]
  0x00007f4c0cf4a000 JavaThread "Task worker for ':'" [_thread_blocked, id=30955, stack(0x00007f4bfb8ff000,0x00007f4bfba00000)]
  0x00007f4c0c645800 JavaThread "Cache worker for task history cache (/home/tom/AndroidStudioProjects/SmartAlarm/.gradle/4.1/taskHistory)" [_thread_blocked, id=30954, stack(0x00007f4bfb7fe000,0x00007f4bfb8ff000)]
  0x00007f4c0c647000 JavaThread "Cache worker for file content cache (/home/tom/AndroidStudioProjects/SmartAlarm/.gradle/4.1/fileContent)" [_thread_blocked, id=30953, stack(0x00007f4bfb5fc000,0x00007f4bfb6fd000)]
  0x00007f4c0cf4f000 JavaThread "build operations Thread 4" [_thread_blocked, id=30952, stack(0x00007f4bfb6fd000,0x00007f4bfb7fe000)]
  0x00007f4c0c6b8000 JavaThread "build operations Thread 3" [_thread_blocked, id=30951, stack(0x00007f4c289fb000,0x00007f4c28afc000)]
  0x00007f4c0c6b7800 JavaThread "build operations Thread 2" [_thread_blocked, id=30950, stack(0x00007f4c28efe000,0x00007f4c28fff000)]
  0x00007f4c0cb54800 JavaThread "build operations" [_thread_blocked, id=30949, stack(0x00007f4c50017000,0x00007f4c50118000)]
  0x00007f4c0cb54000 JavaThread "Cache worker for Artifact transforms cache (/home/tom/.gradle/caches/transforms-1)" [_thread_blocked, id=30948, stack(0x00007f4c5031a000,0x00007f4c5041b000)]
  0x00007f4c0cb57000 JavaThread "Cache worker for file hash cache (/home/tom/AndroidStudioProjects/SmartAlarm/.gradle/4.1/fileHashes)" [_thread_blocked, id=30947, stack(0x00007f4c50118000,0x00007f4c50219000)]
  0x00007f4c0d136000 JavaThread "Stdin handler" [_thread_blocked, id=30944, stack(0x00007f4bf8993000,0x00007f4bf8a94000)]
  0x00007f4c0c010000 JavaThread "Asynchronous log dispatcher for DefaultDaemonConnection: socket connection from /127.0.0.1:42355 to /127.0.0.1:55446" [_thread_blocked, id=30943, stack(0x00007f4bf8b95000,0x00007f4bf8c96000)]
  0x00007f4c2000a000 JavaThread "Daemon worker Thread 3" [_thread_blocked, id=30942, stack(0x00007f4bf9380000,0x00007f4bf9481000)]
  0x00007f4c20008800 JavaThread "Cancel handler" [_thread_blocked, id=30941, stack(0x00007f4bf909a000,0x00007f4bf919b000)]
  0x00007f4c2000e800 JavaThread "Handler for socket connection from /127.0.0.1:42355 to /127.0.0.1:55446" [_thread_in_native, id=30940, stack(0x00007f4c50219000,0x00007f4c5031a000)]
  0x00007f4c24046800 JavaThread "Daemon Thread 3" [_thread_blocked, id=30939, stack(0x00007f4c5041b000,0x00007f4c5051c000)]
  0x00007f4c0d3e8800 JavaThread "Memory manager" [_thread_blocked, id=29868, stack(0x00007f4bfab9d000,0x00007f4bfac9e000)]
  0x00007f4c0c11c000 JavaThread "File lock request listener" [_thread_in_native, id=29856, stack(0x00007f4c28afc000,0x00007f4c28bfd000)]
  0x00007f4c0c103800 JavaThread "Cache worker for file hash cache (/home/tom/.gradle/caches/4.1/fileHashes)" [_thread_blocked, id=29855, stack(0x00007f4c28bfd000,0x00007f4c28cfe000)]
  0x00007f4c78d54000 JavaThread "Daemon periodic checks" [_thread_blocked, id=29846, stack(0x00007f4c5051c000,0x00007f4c5061d000)]
  0x00007f4c78d30000 JavaThread "Incoming local TCP Connector on port 42355" [_thread_in_native, id=29845, stack(0x00007f4c50624000,0x00007f4c50725000)]
  0x00007f4c780c9000 JavaThread "Service Thread" daemon [_thread_blocked, id=29843, stack(0x00007f4c51d4f000,0x00007f4c51e50000)]
  0x00007f4c780be000 JavaThread "C1 CompilerThread2" daemon [_thread_blocked, id=29842, stack(0x00007f4c51e50000,0x00007f4c51f51000)]
  0x00007f4c780bc800 JavaThread "C2 CompilerThread1" daemon [_thread_blocked, id=29841, stack(0x00007f4c51f51000,0x00007f4c52052000)]
  0x00007f4c780b9800 JavaThread "C2 CompilerThread0" daemon [_thread_blocked, id=29840, stack(0x00007f4c52052000,0x00007f4c52153000)]
  0x00007f4c780b5000 JavaThread "Signal Dispatcher" daemon [_thread_blocked, id=29837, stack(0x00007f4c52153000,0x00007f4c52254000)]
  0x00007f4c78085000 JavaThread "Finalizer" daemon [_thread_blocked, id=29836, stack(0x00007f4c52c1e000,0x00007f4c52d1f000)]
  0x00007f4c78080800 JavaThread "Reference Handler" daemon [_thread_blocked, id=29835, stack(0x00007f4c52d1f000,0x00007f4c52e20000)]
  0x00007f4c7800b000 JavaThread "main" [_thread_blocked, id=29829, stack(0x00007f4c7e7b1000,0x00007f4c7e8b2000)]

Other Threads:
=>0x00007f4c78079000 VMThread [stack: 0x00007f4c52e20000,0x00007f4c52f21000] [id=29834]
  0x00007f4c780cc000 WatcherThread [stack: 0x00007f4c51c4e000,0x00007f4c51d4f000] [id=29844]

VM state:at safepoint (normal execution)

VM Mutex/Monitor currently owned by a thread:  ([mutex/lock_event])
[0x00007f4c78007be0] Threads_lock - owner thread: 0x00007f4c78079000
[0x00007f4c780080e0] Heap_lock - owner thread: 0x00007f4bec017000

Heap:
 PSYoungGen      total 413184K, used 21720K [0x00000000e0000000, 0x00000000fcc00000, 0x0000000100000000)
  eden space 388608K, 0% used [0x00000000e0000000,0x00000000e0000000,0x00000000f7b80000)
  from space 24576K, 88% used [0x00000000f7b80000,0x00000000f90b6380,0x00000000f9380000)
  to   space 25600K, 0% used [0x00000000f9380000,0x00000000f9380000,0x00000000fac80000)
 ParOldGen       total 86016K, used 68221K [0x00000000a0000000, 0x00000000a5400000, 0x00000000e0000000)
  object space 86016K, 79% used [0x00000000a0000000,0x00000000a429f5a0,0x00000000a5400000)
 Metaspace       used 72819K, capacity 75814K, committed 75992K, reserved 1116160K
  class space    used 9244K, capacity 9944K, committed 9984K, reserved 1048576K

Card table byte_map: [0x00007f4c680eb000,0x00007f4c683ec000] byte_map_base: 0x00007f4c67beb000

Marking Bits: (ParMarkBitMap*) 0x00007f4c7dc723e0
 Begin Bits: [0x00007f4c64be8000, 0x00007f4c663e8000)
 End Bits:   [0x00007f4c663e8000, 0x00007f4c67be8000)

Polling page: 0x00007f4c7e8de000

CodeCache: size=245760Kb used=40672Kb max_used=40692Kb free=205087Kb
 bounds [0x00007f4c687ac000, 0x00007f4c6afac000, 0x00007f4c777ac000]
 total_blobs=13432 nmethods=12600 adapters=745
 compilation: enabled

Compilation events (10 events):
Event: 559.168 Thread 0x00007f4c780be000 15629       3       com.android.dx.io.instructions.InstructionCodec::access$1300 (5 bytes)
Event: 559.168 Thread 0x00007f4c780be000 nmethod 15629 0x00007f4c6af55510 code [0x00007f4c6af55680, 0x00007f4c6af55810]
Event: 559.168 Thread 0x00007f4c780be000 15630       3       com.android.dx.io.instructions.InstructionCodec::unit0 (4 bytes)
Event: 559.168 Thread 0x00007f4c780b9800 nmethod 15611 0x00007f4c6af90710 code [0x00007f4c6af908a0, 0x00007f4c6af91098]
Event: 559.168 Thread 0x00007f4c780b9800 15623       4       com.android.dx.merge.SortableType::tryAssignDepth (189 bytes)
Event: 559.169 Thread 0x00007f4c780be000 nmethod 15630 0x00007f4c6af56f50 code [0x00007f4c6af570a0, 0x00007f4c6af571f0]
Event: 559.169 Thread 0x00007f4c780be000 15631       3       com.android.dx.io.instructions.InstructionCodec::access$1400 (5 bytes)
Event: 559.169 Thread 0x00007f4c780be000 nmethod 15631 0x00007f4c6af56b90 code [0x00007f4c6af56d00, 0x00007f4c6af56eb0]
Event: 559.170 Thread 0x00007f4c780bc800 nmethod 15626 0x00007f4c6af55e90 code [0x00007f4c6af56020, 0x00007f4c6af56778]
Event: 559.170 Thread 0x00007f4c780bc800 15612       4       com.android.dx.merge.DexMerger::transformAnnotationSet (82 bytes)

GC Heap History (10 events):
Event: 13.910 GC heap after
Heap after GC invocations=15 (full 3):
 PSYoungGen      total 252416K, used 5569K [0x00000000e0000000, 0x00000000f2000000, 0x0000000100000000)
  eden space 237568K, 0% used [0x00000000e0000000,0x00000000e0000000,0x00000000ee800000)
  from space 14848K, 37% used [0x00000000f0100000,0x00000000f06705a0,0x00000000f0f80000)
  to   space 25600K, 0% used [0x00000000ee800000,0x00000000ee800000,0x00000000f0100000)
 ParOldGen       total 86016K, used 44870K [0x00000000a0000000, 0x00000000a5400000, 0x00000000e0000000)
  object space 86016K, 52% used [0x00000000a0000000,0x00000000a2bd1828,0x00000000a5400000)
 Metaspace       used 53544K, capacity 55176K, committed 55256K, reserved 1097728K
  class space    used 7223K, capacity 7625K, committed 7680K, reserved 1048576K
}
Event: 111.996 GC heap before
{Heap before GC invocations=16 (full 3):
 PSYoungGen      total 252416K, used 243137K [0x00000000e0000000, 0x00000000f2000000, 0x0000000100000000)
  eden space 237568K, 100% used [0x00000000e0000000,0x00000000ee800000,0x00000000ee800000)
  from space 14848K, 37% used [0x00000000f0100000,0x00000000f06705a0,0x00000000f0f80000)
  to   space 25600K, 0% used [0x00000000ee800000,0x00000000ee800000,0x00000000f0100000)
 ParOldGen       total 86016K, used 44870K [0x00000000a0000000, 0x00000000a5400000, 0x00000000e0000000)
  object space 86016K, 52% used [0x00000000a0000000,0x00000000a2bd1828,0x00000000a5400000)
 Metaspace       used 64463K, capacity 66746K, committed 66776K, reserved 1107968K
  class space    used 8410K, capacity 8954K, committed 8960K, reserved 1048576K
Event: 112.067 GC heap after
Heap after GC invocations=16 (full 3):
 PSYoungGen      total 263168K, used 16503K [0x00000000e0000000, 0x00000000f6700000, 0x0000000100000000)
  eden space 237568K, 0% used [0x00000000e0000000,0x00000000e0000000,0x00000000ee800000)
  from space 25600K, 64% used [0x00000000ee800000,0x00000000ef81dc48,0x00000000f0100000)
  to   space 26624K, 0% used [0x00000000f4d00000,0x00000000f4d00000,0x00000000f6700000)
 ParOldGen       total 86016K, used 48254K [0x00000000a0000000, 0x00000000a5400000, 0x00000000e0000000)
  object space 86016K, 56% used [0x00000000a0000000,0x00000000a2f1f838,0x00000000a5400000)
 Metaspace       used 64463K, capacity 66746K, committed 66776K, reserved 1107968K
  class space    used 8410K, capacity 8954K, committed 8960K, reserved 1048576K
}
Event: 116.838 GC heap before
{Heap before GC invocations=17 (full 3):
 PSYoungGen      total 263168K, used 254071K [0x00000000e0000000, 0x00000000f6700000, 0x0000000100000000)
  eden space 237568K, 100% used [0x00000000e0000000,0x00000000ee800000,0x00000000ee800000)
  from space 25600K, 64% used [0x00000000ee800000,0x00000000ef81dc48,0x00000000f0100000)
  to   space 26624K, 0% used [0x00000000f4d00000,0x00000000f4d00000,0x00000000f6700000)
 ParOldGen       total 86016K, used 48254K [0x00000000a0000000, 0x00000000a5400000, 0x00000000e0000000)
  object space 86016K, 56% used [0x00000000a0000000,0x00000000a2f1f838,0x00000000a5400000)
 Metaspace       used 68473K, capacity 70912K, committed 71256K, reserved 1112064K
  class space    used 8712K, capacity 9271K, committed 9344K, reserved 1048576K
Event: 116.879 GC heap after
Heap after GC invocations=17 (full 3):
 PSYoungGen      total 321536K, used 10157K [0x00000000e0000000, 0x00000000f5c00000, 0x0000000100000000)
  eden space 306176K, 0% used [0x00000000e0000000,0x00000000e0000000,0x00000000f2b00000)
  from space 15360K, 66% used [0x00000000f4d00000,0x00000000f56eb408,0x00000000f5c00000)
  to   space 25088K, 0% used [0x00000000f2b00000,0x00000000f2b00000,0x00000000f4380000)
 ParOldGen       total 86016K, used 59794K [0x00000000a0000000, 0x00000000a5400000, 0x00000000e0000000)
  object space 86016K, 69% used [0x00000000a0000000,0x00000000a3a64a80,0x00000000a5400000)
 Metaspace       used 68473K, capacity 70912K, committed 71256K, reserved 1112064K
  class space    used 8712K, capacity 9271K, committed 9344K, reserved 1048576K
}
Event: 119.101 GC heap before
{Heap before GC invocations=18 (full 3):
 PSYoungGen      total 321536K, used 315322K [0x00000000e0000000, 0x00000000f5c00000, 0x0000000100000000)
  eden space 306176K, 99% used [0x00000000e0000000,0x00000000f2a03660,0x00000000f2b00000)
  from space 15360K, 66% used [0x00000000f4d00000,0x00000000f56eb408,0x00000000f5c00000)
  to   space 25088K, 0% used [0x00000000f2b00000,0x00000000f2b00000,0x00000000f4380000)
 ParOldGen       total 86016K, used 59794K [0x00000000a0000000, 0x00000000a5400000, 0x00000000e0000000)
  object space 86016K, 69% used [0x00000000a0000000,0x00000000a3a64a80,0x00000000a5400000)
 Metaspace       used 71080K, capacity 73782K, committed 73944K, reserved 1114112K
  class space    used 9044K, capacity 9682K, committed 9728K, reserved 1048576K
Event: 119.134 GC heap after
Heap after GC invocations=18 (full 3):
 PSYoungGen      total 331264K, used 15674K [0x00000000e0000000, 0x00000000fac80000, 0x0000000100000000)
  eden space 306176K, 0% used [0x00000000e0000000,0x00000000e0000000,0x00000000f2b00000)
  from space 25088K, 62% used [0x00000000f2b00000,0x00000000f3a4ea40,0x00000000f4380000)
  to   space 25600K, 0% used [0x00000000f9380000,0x00000000f9380000,0x00000000fac80000)
 ParOldGen       total 86016K, used 66683K [0x00000000a0000000, 0x00000000a5400000, 0x00000000e0000000)
  object space 86016K, 77% used [0x00000000a0000000,0x00000000a411efa0,0x00000000a5400000)
 Metaspace       used 71080K, capacity 73782K, committed 73944K, reserved 1114112K
  class space    used 9044K, capacity 9682K, committed 9728K, reserved 1048576K
}
Event: 119.181 GC heap before
{Heap before GC invocations=19 (full 3):
 PSYoungGen      total 331264K, used 320945K [0x00000000e0000000, 0x00000000fac80000, 0x0000000100000000)
  eden space 306176K, 99% used [0x00000000e0000000,0x00000000f2a1ddb0,0x00000000f2b00000)
  from space 25088K, 62% used [0x00000000f2b00000,0x00000000f3a4ea40,0x00000000f4380000)
  to   space 25600K, 0% used [0x00000000f9380000,0x00000000f9380000,0x00000000fac80000)
 ParOldGen       total 86016K, used 66683K [0x00000000a0000000, 0x00000000a5400000, 0x00000000e0000000)
  object space 86016K, 77% used [0x00000000a0000000,0x00000000a411efa0,0x00000000a5400000)
 Metaspace       used 71091K, capacity 73782K, committed 73944K, reserved 1114112K
  class space    used 9044K, capacity 9682K, committed 9728K, reserved 1048576K
Event: 119.191 GC heap after
Heap after GC invocations=19 (full 3):
 PSYoungGen      total 414208K, used 9077K [0x00000000e0000000, 0x00000000fcc00000, 0x0000000100000000)
  eden space 388608K, 0% used [0x00000000e0000000,0x00000000e0000000,0x00000000f7b80000)
  from space 25600K, 35% used [0x00000000f9380000,0x00000000f9c5d770,0x00000000fac80000)
  to   space 24576K, 0% used [0x00000000f7b80000,0x00000000f7b80000,0x00000000f9380000)
 ParOldGen       total 86016K, used 66691K [0x00000000a0000000, 0x00000000a5400000, 0x00000000e0000000)
  object space 86016K, 77% used [0x00000000a0000000,0x00000000a4120fa0,0x00000000a5400000)
 Metaspace       used 71091K, capacity 73782K, committed 73944K, reserved 1114112K
  class space    used 9044K, capacity 9682K, committed 9728K, reserved 1048576K
}
Event: 559.202 GC heap before
{Heap before GC invocations=20 (full 3):
 PSYoungGen      total 414208K, used 397685K [0x00000000e0000000, 0x00000000fcc00000, 0x0000000100000000)
  eden space 388608K, 100% used [0x00000000e0000000,0x00000000f7b80000,0x00000000f7b80000)
  from space 25600K, 35% used [0x00000000f9380000,0x00000000f9c5d770,0x00000000fac80000)
  to   space 24576K, 0% used [0x00000000f7b80000,0x00000000f7b80000,0x00000000f9380000)
 ParOldGen       total 86016K, used 66691K [0x00000000a0000000, 0x00000000a5400000, 0x00000000e0000000)
  object space 86016K, 77% used [0x00000000a0000000,0x00000000a4120fa0,0x00000000a5400000)
 Metaspace       used 72819K, capacity 75814K, committed 75992K, reserved 1116160K
  class space    used 9244K, capacity 9944K, committed 9984K, reserved 1048576K

Deoptimization events (10 events):
Event: 558.791 Thread 0x00007f4bec017800 Uncommon trap: reason=class_check action=maybe_recompile pc=0x00007f4c6a8c41e8 method=com.android.dx.cf.code.BytecodeArray.parseInstruction(ILcom/android/dx/cf/code/BytecodeArray$Visitor;)I @ 1891
Event: 558.817 Thread 0x00007f4bec017800 Uncommon trap: reason=predicate action=maybe_recompile pc=0x00007f4c6aac0cd4 method=com.android.dex.Leb128.writeSignedLeb128(Lcom/android/dex/util/ByteOutput;I)V @ 25
Event: 558.874 Thread 0x00007f4c2000a000 Uncommon trap: reason=class_check action=maybe_recompile pc=0x00007f4c6a389d7c method=com.google.common.collect.ImmutableMap.copyOf(Ljava/lang/Iterable;)Lcom/google/common/collect/ImmutableMap; @ 53
Event: 558.875 Thread 0x00007f4c2000a000 Uncommon trap: reason=class_check action=maybe_recompile pc=0x00007f4c6add9d18 method=java.util.stream.AbstractPipeline.wrapAndCopyInto(Ljava/util/stream/Sink;Ljava/util/Spliterator;)Ljava/util/stream/Sink; @ 6
Event: 558.875 Thread 0x00007f4c2000a000 Uncommon trap: reason=class_check action=maybe_recompile pc=0x00007f4c6add9d18 method=java.util.stream.AbstractPipeline.wrapAndCopyInto(Ljava/util/stream/Sink;Ljava/util/Spliterator;)Ljava/util/stream/Sink; @ 6
Event: 558.970 Thread 0x00007f4bec017800 Uncommon trap: reason=array_check action=maybe_recompile pc=0x00007f4c6ab7d148 method=java.util.ComparableTimSort.binarySort([Ljava/lang/Object;III)V @ 193
Event: 558.970 Thread 0x00007f4bec017800 Uncommon trap: reason=array_check action=maybe_recompile pc=0x00007f4c6ab7d148 method=java.util.ComparableTimSort.binarySort([Ljava/lang/Object;III)V @ 193
Event: 558.970 Thread 0x00007f4bec017800 Uncommon trap: reason=array_check action=maybe_recompile pc=0x00007f4c69b0ec0c method=java.util.ComparableTimSort.binarySort([Ljava/lang/Object;III)V @ 215
Event: 558.975 Thread 0x00007f4bec017800 Uncommon trap: reason=class_check action=maybe_recompile pc=0x00007f4c6add9d18 method=java.util.stream.AbstractPipeline.wrapAndCopyInto(Ljava/util/stream/Sink;Ljava/util/Spliterator;)Ljava/util/stream/Sink; @ 6
Event: 559.149 Thread 0x00007f4bec017000 Uncommon trap: reason=array_check action=maybe_recompile pc=0x00007f4c6ad92850 method=java.util.TimSort.binarySort([Ljava/lang/Object;IIILjava/util/Comparator;)V @ 183

Classes redefined (0 events):
No events

Internal exceptions (10 events):
Event: 556.138 Thread 0x00007f4c2000a000 Exception <a 'sun/nio/fs/UnixException'> (0x00000000e84c0a08) thrown at [/ssd/Android/AOSP-openjdk-git/jdk8u/hotspot/src/share/vm/prims/jni.cpp, line 709]
Event: 556.138 Thread 0x00007f4c2000a000 Exception <a 'sun/nio/fs/UnixException'> (0x00000000e84c4528) thrown at [/ssd/Android/AOSP-openjdk-git/jdk8u/hotspot/src/share/vm/prims/jni.cpp, line 709]
Event: 556.138 Thread 0x00007f4c2000a000 Exception <a 'sun/nio/fs/UnixException'> (0x00000000e84c5d58) thrown at [/ssd/Android/AOSP-openjdk-git/jdk8u/hotspot/src/share/vm/prims/jni.cpp, line 709]
Event: 556.139 Thread 0x00007f4c2000a000 Exception <a 'sun/nio/fs/UnixException'> (0x00000000e84cbf28) thrown at [/ssd/Android/AOSP-openjdk-git/jdk8u/hotspot/src/share/vm/prims/jni.cpp, line 709]
Event: 556.139 Thread 0x00007f4c2000a000 Exception <a 'sun/nio/fs/UnixException'> (0x00000000e84cd748) thrown at [/ssd/Android/AOSP-openjdk-git/jdk8u/hotspot/src/share/vm/prims/jni.cpp, line 709]
Event: 556.982 Thread 0x00007f4c2000a000 Implicit null exception at 0x00007f4c6ad370fd to 0x00007f4c6ad3733d
Event: 556.982 Thread 0x00007f4c2000a000 Implicit null exception at 0x00007f4c6aa5b3d9 to 0x00007f4c6aa5ce99
Event: 556.982 Thread 0x00007f4c2000a000 Implicit null exception at 0x00007f4c68f51659 to 0x00007f4c68f516b9
Event: 558.059 Thread 0x00007f4c0d3e8800 Exception <a 'java/io/IOException'> (0x00000000e4bd9a28) thrown at [/ssd/Android/AOSP-openjdk-git/jdk8u/hotspot/src/share/vm/prims/jni.cpp, line 709]
Event: 558.829 Thread 0x00007f4bec017800 Exception <a 'sun/nio/fs/UnixException'> (0x00000000f3efdff0) thrown at [/ssd/Android/AOSP-openjdk-git/jdk8u/hotspot/src/share/vm/prims/jni.cpp, line 709]

Events (10 events):
Event: 559.115 Thread 0x00007f4bec017000 DEOPT PACKING pc=0x00007f4c6a968b4b sp=0x00007f4bf8d955f0
Event: 559.115 Thread 0x00007f4bec017000 DEOPT UNPACKING pc=0x00007f4c687f3373 sp=0x00007f4bf8d95358 mode 0
Event: 559.137 Thread 0x00007f4bec017000 DEOPT PACKING pc=0x00007f4c6a9786f8 sp=0x00007f4bf8d953d0
Event: 559.137 Thread 0x00007f4bec017000 DEOPT UNPACKING pc=0x00007f4c687f3373 sp=0x00007f4bf8d95120 mode 0
Event: 559.147 Thread 0x00007f4bec017000 DEOPT PACKING pc=0x00007f4c6a912e73 sp=0x00007f4bf8d95470
Event: 559.147 Thread 0x00007f4bec017000 DEOPT UNPACKING pc=0x00007f4c687f3373 sp=0x00007f4bf8d95188 mode 0
Event: 559.149 Thread 0x00007f4bec017000 Uncommon trap: trap_request=0xffffffd6 fr.pc=0x00007f4c6ad92850
Event: 559.149 Thread 0x00007f4bec017000 DEOPT PACKING pc=0x00007f4c6ad92850 sp=0x00007f4bf8d95410
Event: 559.149 Thread 0x00007f4bec017000 DEOPT UNPACKING pc=0x00007f4c687b0f69 sp=0x00007f4bf8d953b0 mode 2
Event: 559.201 Executing VM operation: ParallelGCFailedAllocation


Dynamic libraries:
00400000-00401000 r-xp 00000000 103:04 1198465                           /usr/local/android-studio/jre/bin/java
00600000-00601000 r--p 00000000 103:04 1198465                           /usr/local/android-studio/jre/bin/java
00601000-00602000 rw-p 00001000 103:04 1198465                           /usr/local/android-studio/jre/bin/java
01c97000-01d7f000 rw-p 00000000 00:00 0                                  [heap]
a0000000-a5400000 rw-p 00000000 00:00 0 
a5400000-e0000000 ---p 00000000 00:00 0 
e0000000-fcc00000 rw-p 00000000 00:00 0 
100000000-1009c0000 rw-p 00000000 00:00 0 
1009c0000-140000000 ---p 00000000 00:00 0 
7f4bdc000000-7f4bdc044000 rw-p 00000000 00:00 0 
7f4bdc044000-7f4be0000000 ---p 00000000 00:00 0 
7f4be30a3000-7f4be3123000 rw-p 00000000 00:00 0 
7f4be3123000-7f4be32a3000 ---p 00000000 00:00 0 
7f4be32a3000-7f4be32c2000 r--s 0053d000 103:04 4855885                   /home/tom/.gradle/caches/jars-3/07dcf2f3f2bda71869cda3f75be96a82/sdk-tools.jar
7f4be32c2000-7f4be34c2000 rw-p 00000000 00:00 0 
7f4be34c2000-7f4be3ae5000 rw-p 00000000 00:00 0 
7f4be3ae5000-7f4be3ce5000 rw-p 00000000 00:00 0 
7f4be3ce5000-7f4be3e00000 r--s 02008000 103:04 2515372                   /home/tom/.gradle/caches/jars-3/9955734f77abc673a38c7cd4c0214af5/android.jar
7f4be3e00000-7f4be4000000 rw-p 00000000 00:00 0 
7f4be4000000-7f4be42c5000 rw-p 00000000 00:00 0 
7f4be42c5000-7f4be8000000 ---p 00000000 00:00 0 
7f4be8000000-7f4be8082000 rw-p 00000000 00:00 0 
7f4be8082000-7f4bec000000 ---p 00000000 00:00 0 
7f4bec000000-7f4bec059000 rw-p 00000000 00:00 0 
7f4bec059000-7f4bf0000000 ---p 00000000 00:00 0 
7f4bf0000000-7f4bf0071000 rw-p 00000000 00:00 0 
7f4bf0071000-7f4bf4000000 ---p 00000000 00:00 0 
7f4bf4000000-7f4bf4c20000 rw-p 00000000 00:00 0 
7f4bf4c20000-7f4bf8000000 ---p 00000000 00:00 0 
7f4bf8005000-7f4bf800c000 r--s 0002a000 103:04 4855877                   /home/tom/.gradle/caches/jars-3/fff47aec37b967e571b648d1fc9c6db6/gradle-messaging-3.5.jar
7f4bf800c000-7f4bf8011000 r--s 00041000 103:04 4855875                   /home/tom/.gradle/caches/jars-3/c0502f5c2cf6dfd52d250e1b7d027d24/commons-lang-2.6.jar
7f4bf8011000-7f4bf8053000 r--s 00220000 103:04 4855873                   /home/tom/.gradle/caches/jars-3/929747bc6b973b44297e9c57df71598d/gradle-core-3.5.jar
7f4bf8053000-7f4bf805c000 r--s 00047000 103:04 4855871                   /home/tom/.gradle/caches/jars-3/11d06a5dce89fe5632250b7df00a3d57/gradle-base-services-3.5.jar
7f4bf805c000-7f4bf8084000 r--s 001cf000 103:04 4855869                   /home/tom/.gradle/caches/jars-3/566e7e0f530f75a42eba4833ef84d88c/guava-jdk5-17.0.jar
7f4bf8084000-7f4bf8092000 r--s 00043000 103:04 4855867                   /home/tom/.gradle/caches/jars-3/c0d1da18a547ef3a2ba66d3068ae6e09/gradle-tooling-api-3.5.jar
7f4bf8092000-7f4bf8292000 rw-p 00000000 00:00 0 
7f4bf8292000-7f4bf8492000 rw-p 00000000 00:00 0 
7f4bf8492000-7f4bf8692000 rw-p 00000000 00:00 0 
7f4bf8692000-7f4bf8892000 rw-p 00000000 00:00 0 
7f4bf8892000-7f4bf8895000 ---p 00000000 00:00 0 
7f4bf8895000-7f4bf8993000 rw-p 00000000 00:00 0 
7f4bf8993000-7f4bf8996000 ---p 00000000 00:00 0 
7f4bf8996000-7f4bf8a94000 rw-p 00000000 00:00 0 
7f4bf8a94000-7f4bf8a97000 ---p 00000000 00:00 0 
7f4bf8a97000-7f4bf8b95000 rw-p 00000000 00:00 0 
7f4bf8b95000-7f4bf8b98000 ---p 00000000 00:00 0 
7f4bf8b98000-7f4bf8c96000 rw-p 00000000 00:00 0 
7f4bf8c96000-7f4bf8c99000 ---p 00000000 00:00 0 
7f4bf8c99000-7f4bf8d97000 rw-p 00000000 00:00 0 
7f4bf8d97000-7f4bf8d9a000 ---p 00000000 00:00 0 
7f4bf8d9a000-7f4bf8e98000 rw-p 00000000 00:00 0 
7f4bf8e98000-7f4bf8e9b000 ---p 00000000 00:00 0 
7f4bf8e9b000-7f4bf8f99000 rw-p 00000000 00:00 0 
7f4bf8f99000-7f4bf8f9c000 ---p 00000000 00:00 0 
7f4bf8f9c000-7f4bf909a000 rw-p 00000000 00:00 0 
7f4bf909a000-7f4bf909d000 ---p 00000000 00:00 0 
7f4bf909d000-7f4bf919b000 rw-p 00000000 00:00 0 
7f4bf919b000-7f4bf919e000 ---p 00000000 00:00 0 
7f4bf919e000-7f4bf91d4000 rw-p 00000000 00:00 0 
7f4bf91d4000-7f4bf91d7000 ---p 00000000 00:00 0 
7f4bf91d7000-7f4bf920d000 rw-p 00000000 00:00 0 
7f4bf920d000-7f4bf9210000 ---p 00000000 00:00 0 
7f4bf9210000-7f4bf9246000 rw-p 00000000 00:00 0 
7f4bf9246000-7f4bf9249000 ---p 00000000 00:00 0 
7f4bf9249000-7f4bf927f000 rw-p 00000000 00:00 0 
7f4bf927f000-7f4bf9282000 ---p 00000000 00:00 0 
7f4bf9282000-7f4bf9380000 rw-p 00000000 00:00 0 
7f4bf9380000-7f4bf9383000 ---p 00000000 00:00 0 
7f4bf9383000-7f4bf9481000 rw-p 00000000 00:00 0 
7f4bf9481000-7f4bf9484000 ---p 00000000 00:00 0 
7f4bf9484000-7f4bf9582000 rw-p 00000000 00:00 0 
7f4bf9582000-7f4bf9585000 ---p 00000000 00:00 0 
7f4bf9585000-7f4bf9883000 rw-p 00000000 00:00 0 
7f4bf9883000-7f4bf9886000 ---p 00000000 00:00 0 
7f4bf9886000-7f4bf9984000 rw-p 00000000 00:00 0 
7f4bf9984000-7f4bf9987000 ---p 00000000 00:00 0 
7f4bf9987000-7f4bf9a85000 rw-p 00000000 00:00 0 
7f4bf9a85000-7f4bf9a88000 ---p 00000000 00:00 0 
7f4bf9a88000-7f4bf9d86000 rw-p 00000000 00:00 0 
7f4bf9d86000-7f4bf9d89000 ---p 00000000 00:00 0 
7f4bf9d89000-7f4bf9e87000 rw-p 00000000 00:00 0 
7f4bf9e87000-7f4bf9e8a000 ---p 00000000 00:00 0 
7f4bf9e8a000-7f4bfa188000 rw-p 00000000 00:00 0 
7f4bfa188000-7f4bfa388000 rw-p 00000000 00:00 0 
7f4bfa388000-7f4bfa588000 rw-p 00000000 00:00 0 
7f4bfa588000-7f4bfa59a000 r--s 00345000 103:04 1198547                   /usr/local/android-studio/jre/jre/lib/resources.jar
7f4bfa59a000-7f4bfa79a000 rw-p 00000000 00:00 0 
7f4bfa79a000-7f4bfa99a000 rw-p 00000000 00:00 0 
7f4bfa99a000-7f4bfa99d000 r--s 00015000 103:04 1198546                   /usr/local/android-studio/jre/jre/lib/jce.jar
7f4bfa99d000-7f4bfab9d000 rw-p 00000000 00:00 0 
7f4bfab9d000-7f4bfaba0000 ---p 00000000 00:00 0 
7f4bfaba0000-7f4bfac9e000 rw-p 00000000 00:00 0 
7f4bfac9e000-7f4bfac9f000 r--p 00000000 103:04 1970248                   /usr/share/locale-langpack/en_GB/LC_MESSAGES/libc.mo
7f4bfac9f000-7f4bfae9f000 rw-p 00000000 00:00 0 
7f4bfae9f000-7f4bfb095000 rw-p 00000000 00:00 0 
7f4bfb095000-7f4bfb09f000 ---p 00000000 00:00 0 
7f4bfb09f000-7f4bfb0aa000 r--s 00081000 103:04 662964                    /home/tom/.gradle/caches/jars-3/fc6e889a0f45cc9752787eb60f920103/trove4j-20160824.jar
7f4bfb0aa000-7f4bfb12d000 r--s 00758000 103:04 662962                    /home/tom/.gradle/caches/jars-3/b46ab84062ddfd52701cfe0a9718e764/intellij-core-26.0.1.jar
7f4bfb12d000-7f4bfb133000 r--s 00033000 103:04 662960                    /home/tom/.gradle/caches/jars-3/f96c897d327ea500d64fe3af2833bd50/commons-codec-1.6.jar
7f4bfb133000-7f4bfb135000 r--s 0000d000 103:04 662958                    /home/tom/.gradle/caches/jars-3/ccc849edcf9fccd61ed937bf93ffe896/commons-logging-1.1.1.jar
7f4bfb135000-7f4bfb13b000 r--s 00032000 103:04 662956                    /home/tom/.gradle/caches/jars-3/72e344059d1923829968d0d38b0c3c72/httpcore-4.2.5.jar
7f4bfb13b000-7f4bfb13c000 r--s 00004000 103:04 662954                    /home/tom/.gradle/caches/jars-3/3a4299d1ce3e273e7c03a9ccf5a1e333/annotations-12.0.jar
7f4bfb13c000-7f4bfb13d000 r--s 00000000 103:04 662952                    /home/tom/.gradle/caches/jars-3/0e2fbc3b8c56d2975eca90c524790c13/animal-sniffer-annotations-1.14.jar
7f4bfb13d000-7f4bfb13f000 r--s 00001000 103:04 662950                    /home/tom/.gradle/caches/jars-3/ad41f8f3ac67c0323ce9eb1c20c8dc3f/j2objc-annotations-1.1.jar
7f4bfb13f000-7f4bfb140000 r--s 00002000 103:04 662948                    /home/tom/.gradle/caches/jars-3/9edb0f46b907c34c4718edabde6c791c/error_prone_annotations-2.0.18.jar
7f4bfb140000-7f4bfb143000 r--s 00006000 103:04 662946                    /home/tom/.gradle/caches/jars-3/b58a9bc3bbba42132e4abc0bacae8da1/jsr305-1.3.9.jar
7f4bfb143000-7f4bfb144000 r--s 0000a000 103:04 662944                    /home/tom/.gradle/caches/jars-3/5b8b36ed61fe92731031cca3c9b3a0b3/kxml2-2.3.0.jar
7f4bfb144000-7f4bfb146000 r--s 00005000 103:04 662942                    /home/tom/.gradle/caches/jars-3/f10e1e1978816198f2eb1189c974b440/httpmime-4.1.jar
7f4bfb146000-7f4bfb150000 r--s 00061000 103:04 662940                    /home/tom/.gradle/caches/jars-3/bc4b2527f35dc983f759e8f85f3f8d52/httpclient-4.2.6.jar
7f4bfb150000-7f4bfb159000 r--s 00064000 103:04 662938                    /home/tom/.gradle/caches/jars-3/fc37c717528c2a0d27f3e3621835f781/commons-compress-1.12.jar
7f4bfb159000-7f4bfb15e000 r--s 0002e000 103:04 662936                    /home/tom/.gradle/caches/jars-3/c5bcda7f6f4809e9c92270f99e51f154/gson-2.3.jar
7f4bfb15e000-7f4bfb16e000 r--s 000d6000 103:04 662934                    /home/tom/.gradle/caches/jars-3/dbdb8caed2514263a34702cc763c6785/proguard-base-5.3.3.jar
7f4bfb16e000-7f4bfb170000 r--s 00003000 103:04 662932                    /home/tom/.gradle/caches/jars-3/01ab8600ebbfdcaf9b89b45c2b992e82/annotations-13.0.jar
7f4bfb170000-7f4bfb171000 r--s 00001000 103:04 662930                    /home/tom/.gradle/caches/jars-3/dccac9b7f67766e57200b1770178f61c/annotations-26.0.1.jar
7f4bfb171000-7f4bfb174000 r--s 00033000 103:04 662928                    /home/tom/.gradle/caches/jars-3/0ce03714647bf7bd3c78634c20ddbf38/juniversalchardet-1.0.3.jar
7f4bfb174000-7f4bfb178000 r--s 0002a000 103:04 5130828                   /home/tom/.gradle/caches/jars-3/9849af6d4b0409ba64061601342f385d/commons-io-2.4.jar
7f4bfb178000-7f4bfb18f000 r--s 00154000 103:04 5130826                   /home/tom/.gradle/caches/jars-3/57adf9abd30c921d4ea1dfdcfe7b9efd/antlr4-4.5.3.jar
7f4bfb18f000-7f4bfb190000 r--s 00003000 103:04 5130824                   /home/tom/.gradle/caches/jars-3/54a15dd332fd4c2e246ad396835dc0d2/baseLibrary-3.0.1.jar
7f4bfb190000-7f4bfb1c0000 r--s 00245000 103:04 5130822                   /home/tom/.gradle/caches/jars-3/8e27cdebb49ba2f804f9403d90aaaac5/guava-22.0.jar
7f4bfb1c0000-7f4bfb1c8000 r--s 000a8000 103:04 5130820                   /home/tom/.gradle/caches/jars-3/6cc57ce9ec0d90186f781694264d61bc/lombok-ast-0.2.3.jar
7f4bfb1c8000-7f4bfb1cc000 r--s 0002f000 103:04 5130818                   /home/tom/.gradle/caches/jars-3/505fcc8c47da308b2f1262f0ff3c65f1/jimfs-1.1.jar
7f4bfb1cc000-7f4bfb1df000 r--s 00241000 103:04 5130816                   /home/tom/.gradle/caches/jars-3/d8dc71eb6d91c966c45f7b594129e14a/ecj-4.6.1.jar
7f4bfb1df000-7f4bfb1e0000 r--s 00003000 103:04 5130814                   /home/tom/.gradle/caches/jars-3/fdb8f5ebd6a086c4818336712b830716/json-simple-1.1.jar
7f4bfb1e0000-7f4bfb305000 r--s 00f5d000 103:04 5130812                   /home/tom/.gradle/caches/jars-3/dfd566a90e18a0aa75879c33e0731ab8/fastutil-7.2.0.jar
7f4bfb305000-7f4bfb350000 r--s 002ff000 103:04 5130810                   /home/tom/.gradle/caches/jars-3/d3d44e9a7fcb4a86fb40775c385dd3d0/bcprov-jdk15on-1.56.jar
7f4bfb350000-7f4bfb361000 r--s 00097000 103:04 5130808                   /home/tom/.gradle/caches/jars-3/59ebb77d99c5ca0e24bb23272e0329dd/bcpkix-jdk15on-1.56.jar
7f4bfb361000-7f4bfb363000 r--s 00002000 103:04 5130806                   /home/tom/.gradle/caches/jars-3/f268e5e8fc83bb846ac355d6a16b1f30/javawriter-2.5.0.jar
7f4bfb363000-7f4bfb368000 r--s 0003b000 103:04 5130804                   /home/tom/.gradle/caches/jars-3/91bf67441f6ac57ccbb374f99f9ed0fc/apksig-3.0.1.jar
7f4bfb368000-7f4bfb36b000 r--s 00024000 103:04 5130802                   /home/tom/.gradle/caches/jars-3/04183dcd1bde85515b23d1bbd46ea9bc/common-26.0.1.jar
7f4bfb36b000-7f4bfb36d000 r--s 00006000 103:04 5130800                   /home/tom/.gradle/caches/jars-3/a0ea702af2bdb16dfa1a50969b155dea/dvlib-26.0.1.jar
7f4bfb36d000-7f4bfb370000 r--s 00014000 103:04 5130798                   /home/tom/.gradle/caches/jars-3/6abb718b4b844aa0386163f0c2f6eb72/layoutlib-api-26.0.1.jar
7f4bfb370000-7f4bfb375000 r--s 0004d000 103:04 5130796                   /home/tom/.gradle/caches/jars-3/65a80584522712b8832b7c1c03186c4b/ddmlib-26.0.1.jar
7f4bfb375000-7f4bfb376000 r--s 00003000 103:04 5130794                   /home/tom/.gradle/caches/jars-3/af01854c900e4906a368ef59064a245d/builder-test-api-3.0.1.jar
7f4bfb376000-7f4bfb379000 r--s 00007000 103:04 5130792                   /home/tom/.gradle/caches/jars-3/124ec36ab4edce0919b54d1123daa364/builder-model-3.0.1.jar
7f4bfb379000-7f4bfb388000 r--s 00130000 103:04 5130790                   /home/tom/.gradle/caches/jars-3/72ba1443c6adcea1f6ba21e12f0bb0fc/protobuf-java-3.0.0.jar
7f4bfb388000-7f4bfb39b000 r--s 001a8000 103:04 5130788                   /home/tom/.gradle/caches/jars-3/a1cbdfb97e256e71fcbd29dc4584a785/protos-26.0.1.jar
7f4bfb39b000-7f4bfb39d000 r--s 00004000 103:04 5130784                   /home/tom/.gradle/caches/jars-3/07f12c2b6f66ca8d4d6bd02e9c9b060a/tracker-26.0.1.jar
7f4bfb39d000-7f4bfb39f000 r--s 00002000 103:04 5130782                   /home/tom/.gradle/caches/jars-3/e91624d2ed1c3b55eec9fd768ed13c1d/proguard-gradle-5.3.3.jar
7f4bfb39f000-7f4bfb3a1000 r--s 0000f000 103:04 5130780                   /home/tom/.gradle/caches/jars-3/96760c32d36a5d7066e3ccf088bfd362/jopt-simple-4.9.jar
7f4bfb3a1000-7f4bfb3a5000 r--s 0001e000 103:04 5130778                   /home/tom/.gradle/caches/jars-3/0d3e95aba631209a078aeec58a76633d/org.jacoco.core-0.7.4.201502262128.jar
7f4bfb3a5000-7f4bfb3a8000 r--s 00020000 103:04 5130776                   /home/tom/.gradle/caches/jars-3/c72fc284d34f39eab57a4e3ba83405e9/org.jacoco.report-0.7.4.201502262128.jar
7f4bfb3a8000-7f4bfb3aa000 r--s 0000c000 103:04 5130774                   /home/tom/.gradle/caches/jars-3/9b0a36633c92c6e87e62c81734593183/asm-5.1.jar
7f4bfb3aa000-7f4bfb3b9000 r--s 000c8000 103:04 5130762                   /home/tom/.gradle/caches/jars-3/af931fae44e009148423077fa09abbd1/kotlin-stdlib-1.1.3-2.jar
7f4bfb3b9000-7f4bfb3eb000 r--s 0021b000 103:04 5130760                   /home/tom/.gradle/caches/jars-3/24b2127528a18b338af82ff7ea236d45/kotlin-reflect-1.1.3-2.jar
7f4bfb3eb000-7f4bfb3f1000 r--s 00030000 103:04 5130758                   /home/tom/.gradle/caches/jars-3/90ec49f8b88710e2876aefe447609abb/repository-26.0.1.jar
7f4bfb3f1000-7f4bfb3fc000 r--s 0009b000 103:04 5130756                   /home/tom/.gradle/caches/jars-3/af771564c510a1c104220a8be892ab2d/sdklib-26.0.1.jar
7f4bfb3fc000-7f4bfb5fc000 rw-p 00000000 00:00 0 
7f4bfb5fc000-7f4bfb5ff000 ---p 00000000 00:00 0 
7f4bfb5ff000-7f4bfb6fd000 rw-p 00000000 00:00 0 
7f4bfb6fd000-7f4bfb700000 ---p 00000000 00:00 0 
7f4bfb700000-7f4bfb7fe000 rw-p 00000000 00:00 0 
7f4bfb7fe000-7f4bfb801000 ---p 00000000 00:00 0 
7f4bfb801000-7f4bfb8ff000 rw-p 00000000 00:00 0 
7f4bfb8ff000-7f4bfb902000 ---p 00000000 00:00 0 
7f4bfb902000-7f4bfbc00000 rw-p 00000000 00:00 0 
7f4bfbc00000-7f4bfbe00000 rw-p 00000000 00:00 0 
7f4bfbe00000-7f4bfc000000 rw-p 00000000 00:00 0 
7f4bfc000000-7f4bfc0e6000 rw-p 00000000 00:00 0 
7f4bfc0e6000-7f4c00000000 ---p 00000000 00:00 0 
7f4c00000000-7f4c00064000 rw-p 00000000 00:00 0 
7f4c00064000-7f4c04000000 ---p 00000000 00:00 0 
7f4c04000000-7f4c041c4000 rw-p 00000000 00:00 0 
7f4c041c4000-7f4c08000000 ---p 00000000 00:00 0 
7f4c08000000-7f4c080a6000 rw-p 00000000 00:00 0 
7f4c080a6000-7f4c0c000000 ---p 00000000 00:00 0 
7f4c0c000000-7f4c0d758000 rw-p 00000000 00:00 0 
7f4c0d758000-7f4c10000000 ---p 00000000 00:00 0 
7f4c10000000-7f4c10281000 rw-p 00000000 00:00 0 
7f4c10281000-7f4c14000000 ---p 00000000 00:00 0 
7f4c14000000-7f4c1402e000 rw-p 00000000 00:00 0 
7f4c1402e000-7f4c18000000 ---p 00000000 00:00 0 
7f4c18000000-7f4c18021000 rw-p 00000000 00:00 0 
7f4c18021000-7f4c1c000000 ---p 00000000 00:00 0 
7f4c1c000000-7f4c1c021000 rw-p 00000000 00:00 0 
7f4c1c021000-7f4c20000000 ---p 00000000 00:00 0 
7f4c20000000-7f4c20021000 rw-p 00000000 00:00 0 
7f4c20021000-7f4c24000000 ---p 00000000 00:00 0 
7f4c24000000-7f4c2407e000 rw-p 00000000 00:00 0 
7f4c2407e000-7f4c28000000 ---p 00000000 00:00 0 
7f4c28000000-7f4c28001000 r--s 00005000 103:04 5130786                   /home/tom/.gradle/caches/jars-3/ca5180624b528b15325a5d002dbfbb6d/shared-26.0.1.jar
7f4c28001000-7f4c28003000 r--s 00006000 103:04 5130772                   /home/tom/.gradle/caches/jars-3/50c8a7da333c41693b2b7ce95b6d9d89/asm-tree-5.1.jar
7f4c28003000-7f4c28005000 r--s 0000a000 103:04 5130768                   /home/tom/.gradle/caches/jars-3/d37aa405961c464c627b1efe5def81b8/asm-commons-5.1.jar
7f4c28005000-7f4c28008000 ---p 00000000 00:00 0 
7f4c28008000-7f4c28306000 rw-p 00000000 00:00 0 
7f4c28306000-7f4c28307000 r--s 0000a000 103:04 5130770                   /home/tom/.gradle/caches/jars-3/c4f1f1d5a624f981d35a78d181e2c418/asm-util-5.1.jar
7f4c28307000-7f4c28308000 r--s 00004000 103:04 5130766                   /home/tom/.gradle/caches/jars-3/2b2689d10a4425b1cb2d0654db2ea088/asm-analysis-5.1.jar
7f4c28308000-7f4c28309000 r--s 00000000 103:04 5130764                   /home/tom/.gradle/caches/jars-3/5206138fb8a6b2ffbd31e140916c2100/transform-api-2.0.0-deprecated-use-gradle-api.jar
7f4c28309000-7f4c28318000 r--s 000da000 103:04 5130754                   /home/tom/.gradle/caches/jars-3/50767da85151ce151711c301f4a0623c/sdk-common-26.0.1.jar
7f4c28318000-7f4c2831c000 r--s 00023000 103:04 5130752                   /home/tom/.gradle/caches/jars-3/186e268c3a12c0a405d658dabf9d64d2/manifest-merger-26.0.1.jar
7f4c2831c000-7f4c28320000 r--s 0002e000 103:04 5130750                   /home/tom/.gradle/caches/jars-3/c519ce7b2f3637e909703f541c08c445/compilerCommon-3.0.1.jar
7f4c28320000-7f4c2832f000 r--s 000cb000 103:04 5130746                   /home/tom/.gradle/caches/jars-3/e5c09abb4b0acf0785ecd8a8015ab959/uast-26.0.1.jar
7f4c2832f000-7f4c2835f000 r--s 01983000 103:04 5130738                   /home/tom/.gradle/caches/jars-3/add7f1627b730db059119a8274a10c21/builder-3.0.1.jar
7f4c2835f000-7f4c28382000 r--s 0020b000 103:04 5130736                   /home/tom/.gradle/caches/jars-3/4adae2b762c8552c6e3aa2ded1493e4b/gradle-core-3.0.1.jar
7f4c28382000-7f4c28582000 rw-p 00000000 00:00 0 
7f4c28582000-7f4c28782000 rw-p 00000000 00:00 0 
7f4c28782000-7f4c287fb000 r--s 010fd000 103:04 1198518                   /usr/local/android-studio/jre/lib/tools.jar
7f4c287fb000-7f4c289fb000 rw-p 00000000 00:00 0 
7f4c289fb000-7f4c289fe000 ---p 00000000 00:00 0 
7f4c289fe000-7f4c28afc000 rw-p 00000000 00:00 0 
7f4c28afc000-7f4c28aff000 ---p 00000000 00:00 0 
7f4c28aff000-7f4c28bfd000 rw-p 00000000 00:00 0 
7f4c28bfd000-7f4c28c00000 ---p 00000000 00:00 0 
7f4c28c00000-7f4c28efe000 rw-p 00000000 00:00 0 
7f4c28efe000-7f4c28f01000 ---p 00000000 00:00 0 
7f4c28f01000-7f4c2c000000 rw-p 00000000 00:00 0 
7f4c2c000000-7f4c2c021000 rw-p 00000000 00:00 0 
7f4c2c021000-7f4c30000000 ---p 00000000 00:00 0 
7f4c30000000-7f4c30021000 rw-p 00000000 00:00 0 
7f4c30021000-7f4c34000000 ---p 00000000 00:00 0 
7f4c34000000-7f4c36268000 rw-p 00000000 00:00 0 
7f4c36268000-7f4c38000000 ---p 00000000 00:00 0 
7f4c38000000-7f4c38f02000 rw-p 00000000 00:00 0 
7f4c38f02000-7f4c3c000000 ---p 00000000 00:00 0 
7f4c3c000000-7f4c3c021000 rw-p 00000000 00:00 0 
7f4c3c021000-7f4c40000000 ---p 00000000 00:00 0 
7f4c40000000-7f4c41937000 rw-p 00000000 00:00 0 
7f4c41937000-7f4c44000000 ---p 00000000 00:00 0 
7f4c44000000-7f4c44021000 rw-p 00000000 00:00 0 
7f4c44021000-7f4c48000000 ---p 00000000 00:00 0 
7f4c48000000-7f4c48021000 rw-p 00000000 00:00 0 
7f4c48021000-7f4c4c000000 ---p 00000000 00:00 0 
7f4c4c000000-7f4c4c2c2000 rw-p 00000000 00:00 0 
7f4c4c2c2000-7f4c50000000 ---p 00000000 00:00 0 
7f4c50000000-7f4c50002000 r--s 00003000 103:04 5130748                   /home/tom/.gradle/caches/jars-3/34cfdbf6cad3f54cc2f45521bf0374e7/gradle-api-3.0.1.jar
7f4c50002000-7f4c50009000 r--s 0007f000 103:04 5130744                   /home/tom/.gradle/caches/jars-3/b1f5a73634581e955e7f89376aea2d48/lint-api-26.0.1.jar
7f4c50009000-7f4c50012000 r--s 000ff000 103:04 5130742                   /home/tom/.gradle/caches/jars-3/75e696a5531ca85e1fe447df83f74bd2/lint-checks-26.0.1.jar
7f4c50012000-7f4c50015000 r--s 00039000 103:04 5130740                   /home/tom/.gradle/caches/jars-3/7fa6c4fcdd1d81db4cc9c7439ce29486/lint-26.0.1.jar
7f4c50015000-7f4c50017000 r--s 0000f000 103:04 5130734                   /home/tom/.gradle/caches/jars-3/afd86a0d8507fd7f2e97461eaf9e4416/gradle-3.0.1.jar
7f4c50017000-7f4c5001a000 ---p 00000000 00:00 0 
7f4c5001a000-7f4c50118000 rw-p 00000000 00:00 0 
7f4c50118000-7f4c5011b000 ---p 00000000 00:00 0 
7f4c5011b000-7f4c50219000 rw-p 00000000 00:00 0 
7f4c50219000-7f4c5021c000 ---p 00000000 00:00 0 
7f4c5021c000-7f4c5031a000 rw-p 00000000 00:00 0 
7f4c5031a000-7f4c5031d000 ---p 00000000 00:00 0 
7f4c5031d000-7f4c5041b000 rw-p 00000000 00:00 0 
7f4c5041b000-7f4c5041e000 ---p 00000000 00:00 0 
7f4c5041e000-7f4c5051c000 rw-p 00000000 00:00 0 
7f4c5051c000-7f4c5051f000 ---p 00000000 00:00 0 
7f4c5051f000-7f4c5061d000 rw-p 00000000 00:00 0 
7f4c5061d000-7f4c50624000 r--s 00000000 103:04 1443562                   /usr/lib/x86_64-linux-gnu/gconv/gconv-modules.cache
7f4c50624000-7f4c50627000 ---p 00000000 00:00 0 
7f4c50627000-7f4c50725000 rw-p 00000000 00:00 0 
7f4c50725000-7f4c5072a000 r--s 0009a000 103:04 1198643                   /usr/local/android-studio/jre/jre/lib/jsse.jar
7f4c5072a000-7f4c5092a000 rw-p 00000000 00:00 0 
7f4c5092a000-7f4c50933000 r-xp 00000000 103:04 1198596                   /usr/local/android-studio/jre/jre/lib/amd64/libmanagement.so
7f4c50933000-7f4c50b32000 ---p 00009000 103:04 1198596                   /usr/local/android-studio/jre/jre/lib/amd64/libmanagement.so
7f4c50b32000-7f4c50b33000 r--p 00008000 103:04 1198596                   /usr/local/android-studio/jre/jre/lib/amd64/libmanagement.so
7f4c50b33000-7f4c50b34000 rw-p 00009000 103:04 1198596                   /usr/local/android-studio/jre/jre/lib/amd64/libmanagement.so
7f4c50b34000-7f4c50b36000 r--s 00007000 103:04 4854729                   /home/tom/.gradle/wrapper/dists/gradle-4.1-all/bzyivzo6n839fup2jbap0tjew/gradle-4.1/lib/plugins/gradle-tooling-api-builders-4.1.jar
7f4c50b36000-7f4c50b39000 r--s 00009000 103:04 4854739                   /home/tom/.gradle/wrapper/dists/gradle-4.1-all/bzyivzo6n839fup2jbap0tjew/gradle-4.1/lib/plugins/gradle-testing-native-4.1.jar
7f4c50b39000-7f4c50b3b000 r--s 00009000 103:04 4854812                   /home/tom/.gradle/wrapper/dists/gradle-4.1-all/bzyivzo6n839fup2jbap0tjew/gradle-4.1/lib/plugins/hamcrest-core-1.3.jar
7f4c50b3b000-7f4c50b40000 r--s 00040000 103:04 4854807                   /home/tom/.gradle/wrapper/dists/gradle-4.1-all/bzyivzo6n839fup2jbap0tjew/gradle-4.1/lib/plugins/bsh-2.0b4.jar
7f4c50b40000-7f4c50b42000 r--s 00006000 103:04 4854808                   /home/tom/.gradle/wrapper/dists/gradle-4.1-all/bzyivzo6n839fup2jbap0tjew/gradle-4.1/lib/plugins/jcommander-1.12.jar
7f4c50b42000-7f4c50b48000 r--s 00033000 103:04 4854809                   /home/tom/.gradle/wrapper/dists/gradle-4.1-all/bzyivzo6n839fup2jbap0tjew/gradle-4.1/lib/plugins/snakeyaml-1.6.jar
7f4c50b48000-7f4c50b51000 r--s 00089000 103:04 4854767                   /home/tom/.gradle/wrapper/dists/gradle-4.1-all/bzyivzo6n839fup2jbap0tjew/gradle-4.1/lib/plugins/testng-6.3.1.jar
7f4c50b51000-7f4c50b59000 r--s 00045000 103:04 4854768                   /home/tom/.gradle/wrapper/dists/gradle-4.1-all/bzyivzo6n839fup2jbap0tjew/gradle-4.1/lib/plugins/junit-4.12.jar
7f4c50b59000-7f4c50b5f000 r--s 0002e000 103:04 4854735                   /home/tom/.gradle/wrapper/dists/gradle-4.1-all/bzyivzo6n839fup2jbap0tjew/gradle-4.1/lib/plugins/gradle-testing-jvm-4.1.jar
7f4c50b5f000-7f4c50b63000 r--s 00017000 103:04 4854743                   /home/tom/.gradle/wrapper/dists/gradle-4.1-all/bzyivzo6n839fup2jbap0tjew/gradle-4.1/lib/plugins/gradle-testing-base-4.1.jar
7f4c50b63000-7f4c50b6a000 r--s 00038000 103:04 4854763                   /home/tom/.gradle/wrapper/dists/gradle-4.1-all/bzyivzo6n839fup2jbap0tjew/gradle-4.1/lib/plugins/bcpg-jdk15on-1.51.jar
7f4c50b6a000-7f4c50b6c000 r--s 0000c000 103:04 4854714                   /home/tom/.gradle/wrapper/dists/gradle-4.1-all/bzyivzo6n839fup2jbap0tjew/gradle-4.1/lib/plugins/gradle-signing-4.1.jar
7f4c50b6c000-7f4c50b6e000 r--s 00007000 103:04 4854720                   /home/tom/.gradle/wrapper/dists/gradle-4.1-all/bzyivzo6n839fup2jbap0tjew/gradle-4.1/lib/plugins/gradle-scala-4.1.jar
7f4c50b6e000-7f4c50b6f000 r--s 00004000 103:04 4854751                   /home/tom/.gradle/wrapper/dists/gradle-4.1-all/bzyivzo6n839fup2jbap0tjew/gradle-4.1/lib/plugins/gradle-resources-sftp-4.1.jar
7f4c50b6f000-7f4c50b7f000 r--s 00088000 103:04 4854780                   /home/tom/.gradle/wrapper/dists/gradle-4.1-all/bzyivzo6n839fup2jbap0tjew/gradle-4.1/lib/plugins/joda-time-2.8.2.jar
7f4c50b7f000-7f4c50b90000 r--s 0010d000 103:04 4854779                   /home/tom/.gradle/wrapper/dists/gradle-4.1-all/bzyivzo6n839fup2jbap0tjew/gradle-4.1/lib/plugins/jackson-databind-2.6.6.jar
7f4c50b90000-7f4c50b93000 r--s 00009000 103:04 4854778                   /home/tom/.gradle/wrapper/dists/gradle-4.1-all/bzyivzo6n839fup2jbap0tjew/gradle-4.1/lib/plugins/jackson-annotations-2.6.6.jar
7f4c50b93000-7f4c50b97000 r--s 0003c000 103:04 4854777                   /home/tom/.gradle/wrapper/dists/gradle-4.1-all/bzyivzo6n839fup2jbap0tjew/gradle-4.1/lib/plugins/jackson-core-2.6.6.jar
7f4c50b97000-7f4c50ba5000 r--s 00087000 103:04 4854776                   /home/tom/.gradle/wrapper/dists/gradle-4.1-all/bzyivzo6n839fup2jbap0tjew/gradle-4.1/lib/plugins/aws-java-sdk-core-1.11.6.jar
7f4c50ba5000-7f4c50bac000 r--s 00057000 103:04 4854775                   /home/tom/.gradle/wrapper/dists/gradle-4.1-all/bzyivzo6n839fup2jbap0tjew/gradle-4.1/lib/plugins/aws-java-sdk-kms-1.11.6.jar
7f4c50bac000-7f4c50bb9000 r--s 0008e000 103:04 4854774                   /home/tom/.gradle/wrapper/dists/gradle-4.1-all/bzyivzo6n839fup2jbap0tjew/gradle-4.1/lib/plugins/aws-java-sdk-s3-1.11.6.jar
7f4c50bb9000-7f4c50bbb000 r--s 00004000 103:04 4854748                   /home/tom/.gradle/wrapper/dists/gradle-4.1-all/bzyivzo6n839fup2jbap0tjew/gradle-4.1/lib/plugins/gradle-resources-s3-4.1.jar
7f4c50bbb000-7f4c50bbd000 r--s 00010000 103:04 4854744                   /home/tom/.gradle/wrapper/dists/gradle-4.1-all/bzyivzo6n839fup2jbap0tjew/gradle-4.1/lib/plugins/gradle-reporting-4.1.jar
7f4c50bbd000-7f4c50bbf000 r--s 00002000 103:04 4854745                   /home/tom/.gradle/wrapper/dists/gradle-4.1-all/bzyivzo6n839fup2jbap0tjew/gradle-4.1/lib/plugins/gradle-publish-4.1.jar
7f4c50bbf000-7f4c50bc1000 r--s 00009000 103:04 4854756                   /home/tom/.gradle/wrapper/dists/gradle-4.1-all/bzyivzo6n839fup2jbap0tjew/gradle-4.1/lib/plugins/commons-cli-1.2.jar
7f4c50bc1000-7f4c50bc7000 r--s 00036000 103:04 4854728                   /home/tom/.gradle/wrapper/dists/gradle-4.1-all/bzyivzo6n839fup2jbap0tjew/gradle-4.1/lib/plugins/gradle-plugins-4.1.jar
7f4c50bc7000-7f4c50bc9000 r--s 00009000 103:04 4854715                   /home/tom/.gradle/wrapper/dists/gradle-4.1-all/bzyivzo6n839fup2jbap0tjew/gradle-4.1/lib/plugins/gradle-plugin-development-4.1.jar
7f4c50bc9000-7f4c50bcf000 r--s 0002b000 103:04 4854723                   /home/tom/.gradle/wrapper/dists/gradle-4.1-all/bzyivzo6n839fup2jbap0tjew/gradle-4.1/lib/plugins/gradle-platform-play-4.1.jar
7f4c50bcf000-7f4c50bde000 r--s 0005b000 103:04 4854741                   /home/tom/.gradle/wrapper/dists/gradle-4.1-all/bzyivzo6n839fup2jbap0tjew/gradle-4.1/lib/plugins/gradle-platform-native-4.1.jar
7f4c50bde000-7f4c50be2000 r--s 0001b000 103:04 4854738                   /home/tom/.gradle/wrapper/dists/gradle-4.1-all/bzyivzo6n839fup2jbap0tjew/gradle-4.1/lib/plugins/gradle-platform-jvm-4.1.jar
7f4c50be2000-7f4c50bea000 r--s 00027000 103:04 4854746                   /home/tom/.gradle/wrapper/dists/gradle-4.1-all/bzyivzo6n839fup2jbap0tjew/gradle-4.1/lib/plugins/gradle-platform-base-4.1.jar
7f4c50bea000-7f4c50c12000 r--s 0021c000 103:04 4854757                   /home/tom/.gradle/wrapper/dists/gradle-4.1-all/bzyivzo6n839fup2jbap0tjew/gradle-4.1/lib/plugins/biz.aQute.bndlib-3.2.0.jar
7f4c50c12000-7f4c50c13000 r--s 00004000 103:04 4854713                   /home/tom/.gradle/wrapper/dists/gradle-4.1-all/bzyivzo6n839fup2jbap0tjew/gradle-4.1/lib/plugins/gradle-osgi-4.1.jar
7f4c50c13000-7f4c50c16000 r--s 0000c000 103:04 4854760                   /home/tom/.gradle/wrapper/dists/gradle-4.1-all/bzyivzo6n839fup2jbap0tjew/gradle-4.1/lib/plugins/pmaven-groovy-0.8-20100325.jar
7f4c50c16000-7f4c50c17000 r--s 00004000 103:04 4854759                   /home/tom/.gradle/wrapper/dists/gradle-4.1-all/bzyivzo6n839fup2jbap0tjew/gradle-4.1/lib/plugins/pmaven-common-0.8-20100325.jar
7f4c50c17000-7f4c50c1d000 r--s 00023000 103:04 4854716                   /home/tom/.gradle/wrapper/dists/gradle-4.1-all/bzyivzo6n839fup2jbap0tjew/gradle-4.1/lib/plugins/gradle-maven-4.1.jar
7f4c50c1d000-7f4c50c20000 r--s 0000b000 103:04 4854734                   /home/tom/.gradle/wrapper/dists/gradle-4.1-all/bzyivzo6n839fup2jbap0tjew/gradle-4.1/lib/plugins/gradle-language-scala-4.1.jar
7f4c50c20000-7f4c50c27000 r--s 00020000 103:04 4854740                   /home/tom/.gradle/wrapper/dists/gradle-4.1-all/bzyivzo6n839fup2jbap0tjew/gradle-4.1/lib/plugins/gradle-language-native-4.1.jar
7f4c50c27000-7f4c50c29000 r--s 00005000 103:04 4854737                   /home/tom/.gradle/wrapper/dists/gradle-4.1-all/bzyivzo6n839fup2jbap0tjew/gradle-4.1/lib/plugins/gradle-language-jvm-4.1.jar
7f4c50c29000-7f4c50c30000 r--s 0002f000 103:04 4854736                   /home/tom/.gradle/wrapper/dists/gradle-4.1-all/bzyivzo6n839fup2jbap0tjew/gradle-4.1/lib/plugins/gradle-language-java-4.1.jar
7f4c50c30000-7f4c50c33000 r--s 0000a000 103:04 4854733                   /home/tom/.gradle/wrapper/dists/gradle-4.1-all/bzyivzo6n839fup2jbap0tjew/gradle-4.1/lib/plugins/gradle-language-groovy-4.1.jar
7f4c50c33000-7f4c50c3a000 r--s 00035000 103:04 4854766                   /home/tom/.gradle/wrapper/dists/gradle-4.1-all/bzyivzo6n839fup2jbap0tjew/gradle-4.1/lib/plugins/simple-4.1.21.jar
7f4c50c3a000-7f4c50c46000 r--s 00100000 103:04 4854764                   /home/tom/.gradle/wrapper/dists/gradle-4.1-all/bzyivzo6n839fup2jbap0tjew/gradle-4.1/lib/plugins/rhino-1.7R3.jar
7f4c50c46000-7f4c50c4a000 r--s 00012000 103:04 4854724                   /home/tom/.gradle/wrapper/dists/gradle-4.1-all/bzyivzo6n839fup2jbap0tjew/gradle-4.1/lib/plugins/gradle-javascript-4.1.jar
7f4c50c4a000-7f4c50c4d000 r--s 00011000 103:04 4854726                   /home/tom/.gradle/wrapper/dists/gradle-4.1-all/bzyivzo6n839fup2jbap0tjew/gradle-4.1/lib/plugins/gradle-jacoco-4.1.jar
7f4c50c4d000-7f4c50c50000 r--s 0000e000 103:04 4854725                   /home/tom/.gradle/wrapper/dists/gradle-4.1-all/bzyivzo6n839fup2jbap0tjew/gradle-4.1/lib/plugins/gradle-ivy-4.1.jar
7f4c50c50000-7f4c50c51000 r--s 00002000 103:04 4854717                   /home/tom/.gradle/wrapper/dists/gradle-4.1-all/bzyivzo6n839fup2jbap0tjew/gradle-4.1/lib/plugins/gradle-ide-play-4.1.jar
7f4c50c51000-7f4c50c54000 r--s 00013000 103:04 4854718                   /home/tom/.gradle/wrapper/dists/gradle-4.1-all/bzyivzo6n839fup2jbap0tjew/gradle-4.1/lib/plugins/gradle-ide-native-4.1.jar
7f4c50c54000-7f4c50c5e000 r--s 00054000 103:04 4854719                   /home/tom/.gradle/wrapper/dists/gradle-4.1-all/bzyivzo6n839fup2jbap0tjew/gradle-4.1/lib/plugins/gradle-ide-4.1.jar
7f4c50c5e000-7f4c50c60000 r--s 00007000 103:04 4854722                   /home/tom/.gradle/wrapper/dists/gradle-4.1-all/bzyivzo6n839fup2jbap0tjew/gradle-4.1/lib/plugins/gradle-ear-4.1.jar
7f4c50c60000-7f4c50c62000 r--s 00005000 103:04 4854754                   /home/tom/.gradle/wrapper/dists/gradle-4.1-all/bzyivzo6n839fup2jbap0tjew/gradle-4.1/lib/plugins/jatl-0.2.2.jar
7f4c50c62000-7f4c50c69000 r--s 00038000 103:04 4854742                   /home/tom/.gradle/wrapper/dists/gradle-4.1-all/bzyivzo6n839fup2jbap0tjew/gradle-4.1/lib/plugins/gradle-diagnostics-4.1.jar
7f4c50c69000-7f4c50c6b000 r--s 0000b000 103:04 4854731                   /home/tom/.gradle/wrapper/dists/gradle-4.1-all/bzyivzo6n839fup2jbap0tjew/gradle-4.1/lib/plugins/gradle-composite-builds-4.1.jar
7f4c50c6b000-7f4c50c70000 r--s 00025000 103:04 4854711                   /home/tom/.gradle/wrapper/dists/gradle-4.1-all/bzyivzo6n839fup2jbap0tjew/gradle-4.1/lib/plugins/gradle-code-quality-4.1.jar
7f4c50c70000-7f4c50c75000 r--s 00022000 103:04 4854727                   /home/tom/.gradle/wrapper/dists/gradle-4.1-all/bzyivzo6n839fup2jbap0tjew/gradle-4.1/lib/plugins/gradle-build-init-4.1.jar
7f4c50c75000-7f4c50c7b000 r--s 0008e000 103:04 4854721                   /home/tom/.gradle/wrapper/dists/gradle-4.1-all/bzyivzo6n839fup2jbap0tjew/gradle-4.1/lib/plugins/gradle-build-comparison-4.1.jar
7f4c50c7b000-7f4c50c7c000 r--s 00002000 103:04 4854749                   /home/tom/.gradle/wrapper/dists/gradle-4.1-all/bzyivzo6n839fup2jbap0tjew/gradle-4.1/lib/plugins/gradle-build-cache-http-4.1.jar
7f4c50c7c000-7f4c50c7e000 r--s 00008000 103:04 4854712                   /home/tom/.gradle/wrapper/dists/gradle-4.1-all/bzyivzo6n839fup2jbap0tjew/gradle-4.1/lib/plugins/gradle-antlr-4.1.jar
7f4c50c7e000-7f4c50c80000 r--s 00004000 103:04 4854732                   /home/tom/.gradle/wrapper/dists/gradle-4.1-all/bzyivzo6n839fup2jbap0tjew/gradle-4.1/lib/plugins/gradle-announce-4.1.jar
7f4c50c80000-7f4c50c82000 r--s 00008000 103:04 4854652                   /home/tom/.gradle/wrapper/dists/gradle-4.1-all/bzyivzo6n839fup2jbap0tjew/gradle-4.1/lib/gradle-kotlin-dsl-tooling-builders-0.10.3.jar
7f4c50c82000-7f4c50c85000 r--s 0001c000 103:04 4854770                   /home/tom/.gradle/wrapper/dists/gradle-4.1-all/bzyivzo6n839fup2jbap0tjew/gradle-4.1/lib/plugins/nekohtml-1.9.14.jar
7f4c50c85000-7f4c50c8d000 r--s 00028000 103:04 4854811                   /home/tom/.gradle/wrapper/dists/gradle-4.1-all/bzyivzo6n839fup2jbap0tjew/gradle-4.1/lib/plugins/xml-apis-1.3.04.jar
7f4c50c8d000-7f4c50ca5000 r--s 00115000 103:04 4854771                   /home/tom/.gradle/wrapper/dists/gradle-4.1-all/bzyivzo6n839fup2jbap0tjew/gradle-4.1/lib/plugins/xercesImpl-2.9.1.jar
7f4c50ca5000-7f4c50cab000 r--s 0005b000 103:04 4854769                   /home/tom/.gradle/wrapper/dists/gradle-4.1-all/bzyivzo6n839fup2jbap0tjew/gradle-4.1/lib/plugins/jcifs-1.3.17.jar
7f4c50cab000-7f4c50cb2000 r--s 00049000 103:04 4854810                   /home/tom/.gradle/wrapper/dists/gradle-4.1-all/bzyivzo6n839fup2jbap0tjew/gradle-4.1/lib/plugins/httpcore-4.4.4.jar
7f4c50cb2000-7f4c50cb8000 r--s 00033000 103:04 4854762                   /home/tom/.gradle/wrapper/dists/gradle-4.1-all/bzyivzo6n839fup2jbap0tjew/gradle-4.1/lib/plugins/commons-codec-1.6.jar
7f4c50cb8000-7f4c50cc5000 r--s 000a4000 103:04 4854755                   /home/tom/.gradle/wrapper/dists/gradle-4.1-all/bzyivzo6n839fup2jbap0tjew/gradle-4.1/lib/plugins/httpclient-4.4.1.jar
7f4c50cc5000-7f4c50cc7000 r--s 0000b000 103:04 4854750                   /home/tom/.gradle/wrapper/dists/gradle-4.1-all/bzyivzo6n839fup2jbap0tjew/gradle-4.1/lib/plugins/gradle-resources-http-4.1.jar
7f4c50cc7000-7f4c50ccb000 r--s 00017000 103:04 4854747                   /home/tom/.gradle/wrapper/dists/gradle-4.1-all/bzyivzo6n839fup2jbap0tjew/gradle-4.1/lib/plugins/gradle-plugin-use-4.1.jar
7f4c50ccb000-7f4c50ccc000 r--s 00000000 103:04 4854658                   /home/tom/.gradle/wrapper/dists/gradle-4.1-all/bzyivzo6n839fup2jbap0tjew/gradle-4.1/lib/gradle-runtime-api-info-4.1.jar
7f4c50ccc000-7f4c50ccd000 r--s 00000000 103:04 4854661                   /home/tom/.gradle/wrapper/dists/gradle-4.1-all/bzyivzo6n839fup2jbap0tjew/gradle-4.1/lib/gradle-installation-beacon-4.1.jar
7f4c50ccd000-7f4c50d0d000 r--s 00277000 103:04 4854782                   /home/tom/.gradle/wrapper/dists/gradle-4.1-all/bzyivzo6n839fup2jbap0tjew/gradle-4.1/lib/plugins/bcprov-jdk15on-1.51.jar
7f4c50d0d000-7f4c50d11000 r--s 0001d000 103:04 4854781                   /home/tom/.gradle/wrapper/dists/gradle-4.1-all/bzyivzo6n839fup2jbap0tjew/gradle-4.1/lib/plugins/xbean-reflect-3.4.jar
7f4c50d11000-7f4c50d13000 r--s 0000a000 103:04 4854783                   /home/tom/.gradle/wrapper/dists/gradle-4.1-all/bzyivzo6n839fup2jbap0tjew/gradle-4.1/lib/plugins/maven-settings-3.0.4.jar
7f4c50d13000-7f4c50d16000 r--s 00008000 103:04 4854784                   /home/tom/.gradle/wrapper/dists/gradle-4.1-all/bzyivzo6n839fup2jbap0tjew/gradle-4.1/lib/plugins/maven-settings-builder-3.0.4.jar
7f4c50d16000-7f4c50d1a000 r--s 00033000 103:04 4854785                   /home/tom/.gradle/wrapper/dists/gradle-4.1-all/bzyivzo6n839fup2jbap0tjew/gradle-4.1/lib/plugins/plexus-utils-2.0.6.jar
7f4c50d1a000-7f4c50d1c000 r--s 0000d000 103:04 4854786                   /home/tom/.gradle/wrapper/dists/gradle-4.1-all/bzyivzo6n839fup2jbap0tjew/gradle-4.1/lib/plugins/plexus-interpolation-1.14.jar
7f4c50d1c000-7f4c50d1e000 r--s 00000000 103:04 4854761                   /home/tom/.gradle/wrapper/dists/gradle-4.1-all/bzyivzo6n839fup2jbap0tjew/gradle-4.1/lib/plugins/plexus-component-annotations-1.5.5.jar
7f4c50d1e000-7f4c50d25000 r--s 0002e000 103:04 4854787                   /home/tom/.gradle/wrapper/dists/gradle-4.1-all/bzyivzo6n839fup2jbap0tjew/gradle-4.1/lib/plugins/plexus-container-default-1.5.5.jar
7f4c50d25000-7f4c50d27000 r--s 0000a000 103:04 4854788                   /home/tom/.gradle/wrapper/dists/gradle-4.1-all/bzyivzo6n839fup2jbap0tjew/gradle-4.1/lib/plugins/plexus-classworlds-2.4.jar
7f4c50d27000-7f4c50d29000 r--s 00002000 103:04 4854789                   /home/tom/.gradle/wrapper/dists/gradle-4.1-all/bzyivzo6n839fup2jbap0tjew/gradle-4.1/lib/plugins/plexus-cipher-1.7.jar
7f4c50d29000-7f4c50d2a000 r--s 00006000 103:04 4854790                   /home/tom/.gradle/wrapper/dists/gradle-4.1-all/bzyivzo6n839fup2jbap0tjew/gradle-4.1/lib/plugins/plexus-sec-dispatcher-1.3.jar
7f4c50d2a000-7f4c50d30000 r--s 0003f000 103:04 4854791                   /home/tom/.gradle/wrapper/dists/gradle-4.1-all/bzyivzo6n839fup2jbap0tjew/gradle-4.1/lib/plugins/maven-compat-3.0.4.jar
7f4c50d30000-7f4c50d34000 r--s 00021000 103:04 4854792                   /home/tom/.gradle/wrapper/dists/gradle-4.1-all/bzyivzo6n839fup2jbap0tjew/gradle-4.1/lib/plugins/maven-model-builder-3.0.4.jar
7f4c50d34000-7f4c50d36000 r--s 00026000 103:04 4854793                   /home/tom/.gradle/wrapper/dists/gradle-4.1-all/bzyivzo6n839fup2jbap0tjew/gradle-4.1/lib/plugins/maven-model-3.0.4.jar
7f4c50d36000-7f4c50d38000 r--s 0000b000 103:04 4854794                   /home/tom/.gradle/wrapper/dists/gradle-4.1-all/bzyivzo6n839fup2jbap0tjew/gradle-4.1/lib/plugins/maven-artifact-3.0.4.jar
7f4c50d38000-7f4c50d3a000 r--s 00006000 103:04 4854795                   /home/tom/.gradle/wrapper/dists/gradle-4.1-all/bzyivzo6n839fup2jbap0tjew/gradle-4.1/lib/plugins/maven-repository-metadata-3.0.4.jar
7f4c50d3a000-7f4c50d3c000 r--s 0000b000 103:04 4854796                   /home/tom/.gradle/wrapper/dists/gradle-4.1-all/bzyivzo6n839fup2jbap0tjew/gradle-4.1/lib/plugins/maven-plugin-api-3.0.4.jar
7f4c50d3c000-7f4c50d3e000 r--s 0000c000 103:04 4854797                   /home/tom/.gradle/wrapper/dists/gradle-4.1-all/bzyivzo6n839fup2jbap0tjew/gradle-4.1/lib/plugins/maven-aether-provider-3.0.4.jar
7f4c50d3e000-7f4c50d3f000 r--s 00002000 103:04 4854798                   /home/tom/.gradle/wrapper/dists/gradle-4.1-all/bzyivzo6n839fup2jbap0tjew/gradle-4.1/lib/plugins/wagon-file-2.4.jar
7f4c50d3f000-7f4c50d40000 r--s 00002000 103:04 4854799                   /home/tom/.gradle/wrapper/dists/gradle-4.1-all/bzyivzo6n839fup2jbap0tjew/gradle-4.1/lib/plugins/wagon-http-2.4.jar
7f4c50d40000-7f4c50d42000 r--s 0000b000 103:04 4854800                   /home/tom/.gradle/wrapper/dists/gradle-4.1-all/bzyivzo6n839fup2jbap0tjew/gradle-4.1/lib/plugins/wagon-provider-api-2.4.jar
7f4c50d42000-7f4c50d45000 r--s 00013000 103:04 4854802                   /home/tom/.gradle/wrapper/dists/gradle-4.1-all/bzyivzo6n839fup2jbap0tjew/gradle-4.1/lib/plugins/aether-api-1.13.1.jar
7f4c50d45000-7f4c50d48000 r--s 0001d000 103:04 4854803                   /home/tom/.gradle/wrapper/dists/gradle-4.1-all/bzyivzo6n839fup2jbap0tjew/gradle-4.1/lib/plugins/aether-impl-1.13.1.jar
7f4c50d48000-7f4c50d4c000 r--s 0001c000 103:04 4854805                   /home/tom/.gradle/wrapper/dists/gradle-4.1-all/bzyivzo6n839fup2jbap0tjew/gradle-4.1/lib/plugins/aether-util-1.13.1.jar
7f4c50d4c000-7f4c50d58000 r--s 0007d000 103:04 4854758                   /home/tom/.gradle/wrapper/dists/gradle-4.1-all/bzyivzo6n839fup2jbap0tjew/gradle-4.1/lib/plugins/maven-core-3.0.4.jar
7f4c50d58000-7f4c50d5d000 r--s 00034000 103:04 4854765                   /home/tom/.gradle/wrapper/dists/gradle-4.1-all/bzyivzo6n839fup2jbap0tjew/gradle-4.1/lib/plugins/gson-2.7.jar
7f4c50d5d000-7f4c50d62000 r--s 00040000 103:04 4854773                   /home/tom/.gradle/wrapper/dists/gradle-4.1-all/bzyivzo6n839fup2jbap0tjew/gradle-4.1/lib/plugins/jsch-0.1.54.jar
7f4c50d62000-7f4c50d71000 r--s 000d9000 103:04 4854772                   /home/tom/.gradle/wrapper/dists/gradle-4.1-all/bzyivzo6n839fup2jbap0tjew/gradle-4.1/lib/plugins/ivy-2.2.0.jar
7f4c50d71000-7f4c50d87000 r-xp 00000000 103:04 791132                    /lib/x86_64-linux-gnu/libgcc_s.so.1
7f4c50d87000-7f4c50f86000 ---p 00016000 103:04 791132                    /lib/x86_64-linux-gnu/libgcc_s.so.1
7f4c50f86000-7f4c50f87000 r--p 00015000 103:04 791132                    /lib/x86_64-linux-gnu/libgcc_s.so.1
7f4c50f87000-7f4c50f88000 rw-p 00016000 103:04 791132                    /lib/x86_64-linux-gnu/libgcc_s.so.1
7f4c50f88000-7f4c51100000 r-xp 00000000 103:04 1189341                   /usr/lib/x86_64-linux-gnu/libstdc++.so.6.0.24
7f4c51100000-7f4c512ff000 ---p 00178000 103:04 1189341                   /usr/lib/x86_64-linux-gnu/libstdc++.so.6.0.24
7f4c512ff000-7f4c51309000 r--p 00177000 103:04 1189341                   /usr/lib/x86_64-linux-gnu/libstdc++.so.6.0.24
7f4c51309000-7f4c5130b000 rw-p 00181000 103:04 1189341                   /usr/lib/x86_64-linux-gnu/libstdc++.so.6.0.24
7f4c5130b000-7f4c5130e000 rw-p 00000000 00:00 0 
7f4c5130e000-7f4c5130f000 r--s 00007000 103:04 4854801                   /home/tom/.gradle/wrapper/dists/gradle-4.1-all/bzyivzo6n839fup2jbap0tjew/gradle-4.1/lib/plugins/wagon-http-shared4-2.4.jar
7f4c5130f000-7f4c51310000 r--s 00003000 103:04 4854804                   /home/tom/.gradle/wrapper/dists/gradle-4.1-all/bzyivzo6n839fup2jbap0tjew/gradle-4.1/lib/plugins/aether-spi-1.13.1.jar
7f4c51310000-7f4c51312000 r--s 00006000 103:04 4854806                   /home/tom/.gradle/wrapper/dists/gradle-4.1-all/bzyivzo6n839fup2jbap0tjew/gradle-4.1/lib/plugins/aether-connector-wagon-1.13.1.jar
7f4c51312000-7f4c51336000 r--s 0011a000 103:04 4854753                   /home/tom/.gradle/wrapper/dists/gradle-4.1-all/bzyivzo6n839fup2jbap0tjew/gradle-4.1/lib/plugins/gradle-dependency-management-4.1.jar
7f4c51336000-7f4c51339000 r--s 0000d000 103:04 4854752                   /home/tom/.gradle/wrapper/dists/gradle-4.1-all/bzyivzo6n839fup2jbap0tjew/gradle-4.1/lib/plugins/gradle-workers-4.1.jar
7f4c51339000-7f4c5133e000 r-xp 00000000 103:04 4855842                   /home/tom/.gradle/native/25/linux-amd64/libnative-platform.so
7f4c5133e000-7f4c5153d000 ---p 00005000 103:04 4855842                   /home/tom/.gradle/native/25/linux-amd64/libnative-platform.so
7f4c5153d000-7f4c5153e000 rw-p 00004000 103:04 4855842                   /home/tom/.gradle/native/25/linux-amd64/libnative-platform.so
7f4c5153e000-7f4c5154f000 r-xp 00000000 103:04 1198588                   /usr/local/android-studio/jre/jre/lib/amd64/libnio.so
7f4c5154f000-7f4c5174e000 ---p 00011000 103:04 1198588                   /usr/local/android-studio/jre/jre/lib/amd64/libnio.so
7f4c5174e000-7f4c5174f000 r--p 00010000 103:04 1198588                   /usr/local/android-studio/jre/jre/lib/amd64/libnio.so
7f4c5174f000-7f4c51750000 rw-p 00011000 103:04 1198588                   /usr/local/android-studio/jre/jre/lib/amd64/libnio.so
7f4c51750000-7f4c51766000 r-xp 00000000 103:04 1198590                   /usr/local/android-studio/jre/jre/lib/amd64/libnet.so
7f4c51766000-7f4c51966000 ---p 00016000 103:04 1198590                   /usr/local/android-studio/jre/jre/lib/amd64/libnet.so
7f4c51966000-7f4c51967000 r--p 00016000 103:04 1198590                   /usr/local/android-studio/jre/jre/lib/amd64/libnet.so
7f4c51967000-7f4c51968000 rw-p 00017000 103:04 1198590                   /usr/local/android-studio/jre/jre/lib/amd64/libnet.so
7f4c51968000-7f4c51969000 r--s 00006000 103:04 4854660                   /home/tom/.gradle/wrapper/dists/gradle-4.1-all/bzyivzo6n839fup2jbap0tjew/gradle-4.1/lib/gradle-wrapper-4.1.jar
7f4c51969000-7f4c51976000 r--s 00043000 103:04 4854659                   /home/tom/.gradle/wrapper/dists/gradle-4.1-all/bzyivzo6n839fup2jbap0tjew/gradle-4.1/lib/gradle-tooling-api-4.1.jar
7f4c51976000-7f4c51985000 r--s 000c8000 103:04 4854656                   /home/tom/.gradle/wrapper/dists/gradle-4.1-all/bzyivzo6n839fup2jbap0tjew/gradle-4.1/lib/kotlin-stdlib-1.1.3-2.jar
7f4c51985000-7f4c519b7000 r--s 0021b000 103:04 4854655                   /home/tom/.gradle/wrapper/dists/gradle-4.1-all/bzyivzo6n839fup2jbap0tjew/gradle-4.1/lib/kotlin-reflect-1.1.3-2.jar
7f4c519b7000-7f4c51b6e000 r--s 01786000 103:04 4854654                   /home/tom/.gradle/wrapper/dists/gradle-4.1-all/bzyivzo6n839fup2jbap0tjew/gradle-4.1/lib/kotlin-compiler-embeddable-1.1.3-2.jar
7f4c51b6e000-7f4c51b6f000 r--s 00000000 103:04 4854653                   /home/tom/.gradle/wrapper/dists/gradle-4.1-all/bzyivzo6n839fup2jbap0tjew/gradle-4.1/lib/gradle-kotlin-dsl-tooling-models-0.10.3.jar
7f4c51b6f000-7f4c51b70000 r--s 00001000 103:04 4854651                   /home/tom/.gradle/wrapper/dists/gradle-4.1-all/bzyivzo6n839fup2jbap0tjew/gradle-4.1/lib/gradle-kotlin-dsl-compiler-plugin-0.10.3.jar
7f4c51b70000-7f4c51b72000 r--s 00003000 103:04 4854649                   /home/tom/.gradle/wrapper/dists/gradle-4.1-all/bzyivzo6n839fup2jbap0tjew/gradle-4.1/lib/annotations-13.0.jar
7f4c51b72000-7f4c51b7c000 r--s 00073000 103:04 4854650                   /home/tom/.gradle/wrapper/dists/gradle-4.1-all/bzyivzo6n839fup2jbap0tjew/gradle-4.1/lib/gradle-kotlin-dsl-0.10.3.jar
7f4c51b7c000-7f4c51b81000 r--s 00013000 103:04 4854666                   /home/tom/.gradle/wrapper/dists/gradle-4.1-all/bzyivzo6n839fup2jbap0tjew/gradle-4.1/lib/gradle-resources-4.1.jar
7f4c51b81000-7f4c51b83000 r--s 00005000 103:04 4854673                   /home/tom/.gradle/wrapper/dists/gradle-4.1-all/bzyivzo6n839fup2jbap0tjew/gradle-4.1/lib/gradle-cli-4.1.jar
7f4c51b83000-7f4c51b85000 r--s 00003000 103:04 4854680                   /home/tom/.gradle/wrapper/dists/gradle-4.1-all/bzyivzo6n839fup2jbap0tjew/gradle-4.1/lib/jcl-over-slf4j-1.7.10.jar
7f4c51b85000-7f4c51b86000 r--s 00005000 103:04 4854679                   /home/tom/.gradle/wrapper/dists/gradle-4.1-all/bzyivzo6n839fup2jbap0tjew/gradle-4.1/lib/log4j-over-slf4j-1.7.10.jar
7f4c51b86000-7f4c51b88000 r--s 00000000 103:04 4854678                   /home/tom/.gradle/wrapper/dists/gradle-4.1-all/bzyivzo6n839fup2jbap0tjew/gradle-4.1/lib/jul-to-slf4j-1.7.10.jar
7f4c51b88000-7f4c51b8f000 r--s 0002c000 103:04 4854664                   /home/tom/.gradle/wrapper/dists/gradle-4.1-all/bzyivzo6n839fup2jbap0tjew/gradle-4.1/lib/gradle-logging-4.1.jar
7f4c51b8f000-7f4c51b9f000 r--s 00082000 103:04 4854669                   /home/tom/.gradle/wrapper/dists/gradle-4.1-all/bzyivzo6n839fup2jbap0tjew/gradle-4.1/lib/gradle-model-core-4.1.jar
7f4c51b9f000-7f4c51ba1000 r--s 00006000 103:04 4854670                   /home/tom/.gradle/wrapper/dists/gradle-4.1-all/bzyivzo6n839fup2jbap0tjew/gradle-4.1/lib/gradle-base-services-groovy-4.1.jar
7f4c51ba1000-7f4c51ba3000 r--s 00007000 103:04 4854668                   /home/tom/.gradle/wrapper/dists/gradle-4.1-all/bzyivzo6n839fup2jbap0tjew/gradle-4.1/lib/gradle-model-groovy-4.1.jar
7f4c51ba3000-7f4c51ba4000 r--s 00002000 103:04 4854691                   /home/tom/.gradle/wrapper/dists/gradle-4.1-all/bzyivzo6n839fup2jbap0tjew/gradle-4.1/lib/gradle-docs-4.1.jar
7f4c51ba4000-7f4c51bb1000 r--s 00083000 103:04 4854689                   /home/tom/.gradle/wrapper/dists/gradle-4.1-all/bzyivzo6n839fup2jbap0tjew/gradle-4.1/lib/commons-collections-3.2.2.jar
7f4c51bb1000-7f4c51bb2000 r--s 00000000 103:04 4854688                   /home/tom/.gradle/wrapper/dists/gradle-4.1-all/bzyivzo6n839fup2jbap0tjew/gradle-4.1/lib/javax.inject-1.jar
7f4c51bb2000-7f4c51c22000 r--s 00645000 103:04 4854686                   /home/tom/.gradle/wrapper/dists/gradle-4.1-all/bzyivzo6n839fup2jbap0tjew/gradle-4.1/lib/groovy-all-2.4.11.jar
7f4c51c22000-7f4c51c25000 r--s 00023000 103:04 4854692                   /home/tom/.gradle/wrapper/dists/gradle-4.1-all/bzyivzo6n839fup2jbap0tjew/gradle-4.1/lib/jansi-1.14.jar
7f4c51c25000-7f4c51c26000 r--s 00004000 103:04 4854694                   /home/tom/.gradle/wrapper/dists/gradle-4.1-all/bzyivzo6n839fup2jbap0tjew/gradle-4.1/lib/native-platform-freebsd-amd64-libcpp-0.14.jar
7f4c51c26000-7f4c51c27000 r--s 00004000 103:04 4854695                   /home/tom/.gradle/wrapper/dists/gradle-4.1-all/bzyivzo6n839fup2jbap0tjew/gradle-4.1/lib/native-platform-freebsd-amd64-libstdcpp-0.14.jar
7f4c51c27000-7f4c51c28000 r--s 00004000 103:04 4854696                   /home/tom/.gradle/wrapper/dists/gradle-4.1-all/bzyivzo6n839fup2jbap0tjew/gradle-4.1/lib/native-platform-freebsd-i386-libcpp-0.14.jar
7f4c51c28000-7f4c51c29000 r--s 00003000 103:04 4854697                   /home/tom/.gradle/wrapper/dists/gradle-4.1-all/bzyivzo6n839fup2jbap0tjew/gradle-4.1/lib/native-platform-freebsd-i386-libstdcpp-0.14.jar
7f4c51c29000-7f4c51c2a000 r--s 00002000 103:04 4854698                   /home/tom/.gradle/wrapper/dists/gradle-4.1-all/bzyivzo6n839fup2jbap0tjew/gradle-4.1/lib/native-platform-linux-amd64-0.14.jar
7f4c51c2a000-7f4c51c2b000 r--s 00002000 103:04 4854699                   /home/tom/.gradle/wrapper/dists/gradle-4.1-all/bzyivzo6n839fup2jbap0tjew/gradle-4.1/lib/native-platform-linux-i386-0.14.jar
7f4c51c2b000-7f4c51c2d000 r--s 00002000 103:04 4854700                   /home/tom/.gradle/wrapper/dists/gradle-4.1-all/bzyivzo6n839fup2jbap0tjew/gradle-4.1/lib/native-platform-osx-amd64-0.14.jar
7f4c51c2d000-7f4c51c2e000 r--s 00003000 103:04 4854701                   /home/tom/.gradle/wrapper/dists/gradle-4.1-all/bzyivzo6n839fup2jbap0tjew/gradle-4.1/lib/native-platform-osx-i386-0.14.jar
7f4c51c2e000-7f4c51c30000 r--s 0000b000 103:04 4854702                   /home/tom/.gradle/wrapper/dists/gradle-4.1-all/bzyivzo6n839fup2jbap0tjew/gradle-4.1/lib/native-platform-windows-amd64-0.14.jar
7f4c51c30000-7f4c51c31000 r--s 0000b000 103:04 4854703                   /home/tom/.gradle/wrapper/dists/gradle-4.1-all/bzyivzo6n839fup2jbap0tjew/gradle-4.1/lib/native-platform-windows-i386-0.14.jar
7f4c51c31000-7f4c51c32000 r--s 00001000 103:04 4854704                   /home/tom/.gradle/wrapper/dists/gradle-4.1-all/bzyivzo6n839fup2jbap0tjew/gradle-4.1/lib/native-platform-linux-amd64-ncurses5-0.14.jar
7f4c51c32000-7f4c51c33000 r--s 00001000 103:04 4854705                   /home/tom/.gradle/wrapper/dists/gradle-4.1-all/bzyivzo6n839fup2jbap0tjew/gradle-4.1/lib/native-platform-linux-amd64-ncurses6-0.14.jar
7f4c51c33000-7f4c51c34000 r--s 00001000 103:04 4854706                   /home/tom/.gradle/wrapper/dists/gradle-4.1-all/bzyivzo6n839fup2jbap0tjew/gradle-4.1/lib/native-platform-linux-i386-ncurses5-0.14.jar
7f4c51c34000-7f4c51c35000 r--s 00001000 103:04 4854707                   /home/tom/.gradle/wrapper/dists/gradle-4.1-all/bzyivzo6n839fup2jbap0tjew/gradle-4.1/lib/native-platform-linux-i386-ncurses6-0.14.jar
7f4c51c35000-7f4c51c39000 r--s 00012000 103:04 4854690                   /home/tom/.gradle/wrapper/dists/gradle-4.1-all/bzyivzo6n839fup2jbap0tjew/gradle-4.1/lib/native-platform-0.14.jar
7f4c51c39000-7f4c51c3c000 r--s 0000c000 103:04 4854667                   /home/tom/.gradle/wrapper/dists/gradle-4.1-all/bzyivzo6n839fup2jbap0tjew/gradle-4.1/lib/gradle-native-4.1.jar
7f4c51c3c000-7f4c51c3e000 r--s 0000f000 103:04 4854675                   /home/tom/.gradle/wrapper/dists/gradle-4.1-all/bzyivzo6n839fup2jbap0tjew/gradle-4.1/lib/reflectasm-1.07-shaded.jar
7f4c51c3e000-7f4c51c40000 r--s 00000000 103:04 4854708                   /home/tom/.gradle/wrapper/dists/gradle-4.1-all/bzyivzo6n839fup2jbap0tjew/gradle-4.1/lib/minlog-1.2.jar
7f4c51c40000-7f4c51c42000 r--s 00007000 103:04 4854709                   /home/tom/.gradle/wrapper/dists/gradle-4.1-all/bzyivzo6n839fup2jbap0tjew/gradle-4.1/lib/objenesis-1.2.jar
7f4c51c42000-7f4c51c46000 r--s 00026000 103:04 4854674                   /home/tom/.gradle/wrapper/dists/gradle-4.1-all/bzyivzo6n839fup2jbap0tjew/gradle-4.1/lib/kryo-2.20.jar
7f4c51c46000-7f4c51c4c000 r--s 0002b000 103:04 4854671                   /home/tom/.gradle/wrapper/dists/gradle-4.1-all/bzyivzo6n839fup2jbap0tjew/gradle-4.1/lib/gradle-messaging-4.1.jar
7f4c51c4c000-7f4c51c4e000 r--s 00006000 103:04 4854665                   /home/tom/.gradle/wrapper/dists/gradle-4.1-all/bzyivzo6n839fup2jbap0tjew/gradle-4.1/lib/gradle-process-services-4.1.jar
7f4c51c4e000-7f4c51c4f000 ---p 00000000 00:00 0 
7f4c51c4f000-7f4c51d4f000 rw-p 00000000 00:00 0 
7f4c51d4f000-7f4c51d52000 ---p 00000000 00:00 0 
7f4c51d52000-7f4c51e50000 rw-p 00000000 00:00 0 
7f4c51e50000-7f4c51e53000 ---p 00000000 00:00 0 
7f4c51e53000-7f4c51f51000 rw-p 00000000 00:00 0 
7f4c51f51000-7f4c51f54000 ---p 00000000 00:00 0 
7f4c51f54000-7f4c52052000 rw-p 00000000 00:00 0 
7f4c52052000-7f4c52055000 ---p 00000000 00:00 0 
7f4c52055000-7f4c52153000 rw-p 00000000 00:00 0 
7f4c52153000-7f4c52156000 ---p 00000000 00:00 0 
7f4c52156000-7f4c52254000 rw-p 00000000 00:00 0 
7f4c52254000-7f4c52c1e000 r--p 00000000 103:04 1186569                   /usr/lib/locale/locale-archive
7f4c52c1e000-7f4c52c21000 ---p 00000000 00:00 0 
7f4c52c21000-7f4c52d1f000 rw-p 00000000 00:00 0 
7f4c52d1f000-7f4c52d22000 ---p 00000000 00:00 0 
7f4c52d22000-7f4c52e20000 rw-p 00000000 00:00 0 
7f4c52e20000-7f4c52e21000 ---p 00000000 00:00 0 
7f4c52e21000-7f4c53e30000 rw-p 00000000 00:00 0 
7f4c53e30000-7f4c54000000 r--s 03c46000 103:04 1198544                   /usr/local/android-studio/jre/jre/lib/rt.jar
7f4c54000000-7f4c5408a000 rw-p 00000000 00:00 0 
7f4c5408a000-7f4c58000000 ---p 00000000 00:00 0 
7f4c58000000-7f4c580b8000 rw-p 00000000 00:00 0 
7f4c580b8000-7f4c5c000000 ---p 00000000 00:00 0 
7f4c5c000000-7f4c5c072000 rw-p 00000000 00:00 0 
7f4c5c072000-7f4c60000000 ---p 00000000 00:00 0 
7f4c60000000-7f4c6008d000 rw-p 00000000 00:00 0 
7f4c6008d000-7f4c64000000 ---p 00000000 00:00 0 
7f4c64000000-7f4c64005000 r--s 00041000 103:04 4854684                   /home/tom/.gradle/wrapper/dists/gradle-4.1-all/bzyivzo6n839fup2jbap0tjew/gradle-4.1/lib/commons-lang-2.6.jar
7f4c64005000-7f4c6402d000 r--s 001cf000 103:04 4854682                   /home/tom/.gradle/wrapper/dists/gradle-4.1-all/bzyivzo6n839fup2jbap0tjew/gradle-4.1/lib/guava-jdk5-17.0.jar
7f4c6402d000-7f4c64031000 r--s 00027000 103:04 4854677                   /home/tom/.gradle/wrapper/dists/gradle-4.1-all/bzyivzo6n839fup2jbap0tjew/gradle-4.1/lib/commons-io-2.2.jar
7f4c64031000-7f4c64050000 r--s 001d1000 103:04 4854687                   /home/tom/.gradle/wrapper/dists/gradle-4.1-all/bzyivzo6n839fup2jbap0tjew/gradle-4.1/lib/ant-1.9.6.jar
7f4c64050000-7f4c6405c000 r--s 00053000 103:04 4854672                   /home/tom/.gradle/wrapper/dists/gradle-4.1-all/bzyivzo6n839fup2jbap0tjew/gradle-4.1/lib/gradle-base-services-4.1.jar
7f4c6405c000-7f4c640a6000 r--s 00253000 103:04 4854662                   /home/tom/.gradle/wrapper/dists/gradle-4.1-all/bzyivzo6n839fup2jbap0tjew/gradle-4.1/lib/gradle-core-4.1.jar
7f4c640a6000-7f4c67be8000 rw-p 00000000 00:00 0 
7f4c67be8000-7f4c67be9000 ---p 00000000 00:00 0 
7f4c67be9000-7f4c67ce9000 rw-p 00000000 00:00 0 
7f4c67ce9000-7f4c67cea000 ---p 00000000 00:00 0 
7f4c67cea000-7f4c67dea000 rw-p 00000000 00:00 0 
7f4c67dea000-7f4c67deb000 ---p 00000000 00:00 0 
7f4c67deb000-7f4c67f15000 rw-p 00000000 00:00 0 
7f4c67f15000-7f4c680eb000 ---p 00000000 00:00 0 
7f4c680eb000-7f4c68115000 rw-p 00000000 00:00 0 
7f4c68115000-7f4c682eb000 ---p 00000000 00:00 0 
7f4c682eb000-7f4c683d1000 rw-p 00000000 00:00 0 
7f4c683d1000-7f4c683eb000 ---p 00000000 00:00 0 
7f4c683eb000-7f4c6848c000 rw-p 00000000 00:00 0 
7f4c6848c000-7f4c687ac000 ---p 00000000 00:00 0 
7f4c687ac000-7f4c6afac000 rwxp 00000000 00:00 0 
7f4c6afac000-7f4c777ac000 ---p 00000000 00:00 0 
7f4c777ac000-7f4c777c6000 r-xp 00000000 103:04 1198565                   /usr/local/android-studio/jre/jre/lib/amd64/libzip.so
7f4c777c6000-7f4c779c6000 ---p 0001a000 103:04 1198565                   /usr/local/android-studio/jre/jre/lib/amd64/libzip.so
7f4c779c6000-7f4c779c7000 r--p 0001a000 103:04 1198565                   /usr/local/android-studio/jre/jre/lib/amd64/libzip.so
7f4c779c7000-7f4c779c8000 rw-p 0001b000 103:04 1198565                   /usr/local/android-studio/jre/jre/lib/amd64/libzip.so
7f4c779c8000-7f4c779d3000 r-xp 00000000 103:04 791187                    /lib/x86_64-linux-gnu/libnss_files-2.26.so
7f4c779d3000-7f4c77bd2000 ---p 0000b000 103:04 791187                    /lib/x86_64-linux-gnu/libnss_files-2.26.so
7f4c77bd2000-7f4c77bd3000 r--p 0000a000 103:04 791187                    /lib/x86_64-linux-gnu/libnss_files-2.26.so
7f4c77bd3000-7f4c77bd4000 rw-p 0000b000 103:04 791187                    /lib/x86_64-linux-gnu/libnss_files-2.26.so
7f4c77bd4000-7f4c77bda000 rw-p 00000000 00:00 0 
7f4c77bda000-7f4c77be5000 r-xp 00000000 103:04 791198                    /lib/x86_64-linux-gnu/libnss_nis-2.26.so
7f4c77be5000-7f4c77de4000 ---p 0000b000 103:04 791198                    /lib/x86_64-linux-gnu/libnss_nis-2.26.so
7f4c77de4000-7f4c77de5000 r--p 0000a000 103:04 791198                    /lib/x86_64-linux-gnu/libnss_nis-2.26.so
7f4c77de5000-7f4c77de6000 rw-p 0000b000 103:04 791198                    /lib/x86_64-linux-gnu/libnss_nis-2.26.so
7f4c77de6000-7f4c77dfd000 r-xp 00000000 103:04 791181                    /lib/x86_64-linux-gnu/libnsl-2.26.so
7f4c77dfd000-7f4c77ffc000 ---p 00017000 103:04 791181                    /lib/x86_64-linux-gnu/libnsl-2.26.so
7f4c77ffc000-7f4c77ffd000 r--p 00016000 103:04 791181                    /lib/x86_64-linux-gnu/libnsl-2.26.so
7f4c77ffd000-7f4c77ffe000 rw-p 00017000 103:04 791181                    /lib/x86_64-linux-gnu/libnsl-2.26.so
7f4c77ffe000-7f4c78000000 rw-p 00000000 00:00 0 
7f4c78000000-7f4c78d5a000 rw-p 00000000 00:00 0 
7f4c78d5a000-7f4c7c000000 ---p 00000000 00:00 0 
7f4c7c000000-7f4c7c003000 r--s 00006000 103:04 4854683                   /home/tom/.gradle/wrapper/dists/gradle-4.1-all/bzyivzo6n839fup2jbap0tjew/gradle-4.1/lib/jsr305-1.3.9.jar
7f4c7c003000-7f4c7c00f000 r--s 0005c000 103:04 4854657                   /home/tom/.gradle/wrapper/dists/gradle-4.1-all/bzyivzo6n839fup2jbap0tjew/gradle-4.1/lib/gradle-launcher-4.1.jar
7f4c7c00f000-7f4c7c0f4000 rw-p 00000000 00:00 0 
7f4c7c0f4000-7f4c7c0f5000 ---p 00000000 00:00 0 
7f4c7c0f5000-7f4c7c1f5000 rw-p 00000000 00:00 0 
7f4c7c1f5000-7f4c7c1fd000 r-xp 00000000 103:04 791183                    /lib/x86_64-linux-gnu/libnss_compat-2.26.so
7f4c7c1fd000-7f4c7c3fc000 ---p 00008000 103:04 791183                    /lib/x86_64-linux-gnu/libnss_compat-2.26.so
7f4c7c3fc000-7f4c7c3fd000 r--p 00007000 103:04 791183                    /lib/x86_64-linux-gnu/libnss_compat-2.26.so
7f4c7c3fd000-7f4c7c3fe000 rw-p 00008000 103:04 791183                    /lib/x86_64-linux-gnu/libnss_compat-2.26.so
7f4c7c3fe000-7f4c7c42b000 r-xp 00000000 103:04 1198564                   /usr/local/android-studio/jre/jre/lib/amd64/libjava.so
7f4c7c42b000-7f4c7c62a000 ---p 0002d000 103:04 1198564                   /usr/local/android-studio/jre/jre/lib/amd64/libjava.so
7f4c7c62a000-7f4c7c62b000 r--p 0002c000 103:04 1198564                   /usr/local/android-studio/jre/jre/lib/amd64/libjava.so
7f4c7c62b000-7f4c7c62d000 rw-p 0002d000 103:04 1198564                   /usr/local/android-studio/jre/jre/lib/amd64/libjava.so
7f4c7c62d000-7f4c7c63d000 r-xp 00000000 103:04 1198570                   /usr/local/android-studio/jre/jre/lib/amd64/libverify.so
7f4c7c63d000-7f4c7c83c000 ---p 00010000 103:04 1198570                   /usr/local/android-studio/jre/jre/lib/amd64/libverify.so
7f4c7c83c000-7f4c7c83e000 r--p 0000f000 103:04 1198570                   /usr/local/android-studio/jre/jre/lib/amd64/libverify.so
7f4c7c83e000-7f4c7c83f000 rw-p 00011000 103:04 1198570                   /usr/local/android-studio/jre/jre/lib/amd64/libverify.so
7f4c7c83f000-7f4c7c846000 r-xp 00000000 103:04 791241                    /lib/x86_64-linux-gnu/librt-2.26.so
7f4c7c846000-7f4c7ca45000 ---p 00007000 103:04 791241                    /lib/x86_64-linux-gnu/librt-2.26.so
7f4c7ca45000-7f4c7ca46000 r--p 00006000 103:04 791241                    /lib/x86_64-linux-gnu/librt-2.26.so
7f4c7ca46000-7f4c7ca47000 rw-p 00007000 103:04 791241                    /lib/x86_64-linux-gnu/librt-2.26.so
7f4c7ca47000-7f4c7cb9c000 r-xp 00000000 103:04 791160                    /lib/x86_64-linux-gnu/libm-2.26.so
7f4c7cb9c000-7f4c7cd9b000 ---p 00155000 103:04 791160                    /lib/x86_64-linux-gnu/libm-2.26.so
7f4c7cd9b000-7f4c7cd9c000 r--p 00154000 103:04 791160                    /lib/x86_64-linux-gnu/libm-2.26.so
7f4c7cd9c000-7f4c7cd9d000 rw-p 00155000 103:04 791160                    /lib/x86_64-linux-gnu/libm-2.26.so
7f4c7cd9d000-7f4c7d995000 r-xp 00000000 103:04 1198574                   /usr/local/android-studio/jre/jre/lib/amd64/server/libjvm.so
7f4c7d995000-7f4c7db95000 ---p 00bf8000 103:04 1198574                   /usr/local/android-studio/jre/jre/lib/amd64/server/libjvm.so
7f4c7db95000-7f4c7dc34000 r--p 00bf8000 103:04 1198574                   /usr/local/android-studio/jre/jre/lib/amd64/server/libjvm.so
7f4c7dc34000-7f4c7dc5d000 rw-p 00c97000 103:04 1198574                   /usr/local/android-studio/jre/jre/lib/amd64/server/libjvm.so
7f4c7dc5d000-7f4c7dca1000 rw-p 00000000 00:00 0 
7f4c7dca1000-7f4c7dcbb000 r-xp 00000000 103:04 791233                    /lib/x86_64-linux-gnu/libpthread-2.26.so
7f4c7dcbb000-7f4c7deba000 ---p 0001a000 103:04 791233                    /lib/x86_64-linux-gnu/libpthread-2.26.so
7f4c7deba000-7f4c7debb000 r--p 00019000 103:04 791233                    /lib/x86_64-linux-gnu/libpthread-2.26.so
7f4c7debb000-7f4c7debc000 rw-p 0001a000 103:04 791233                    /lib/x86_64-linux-gnu/libpthread-2.26.so
7f4c7debc000-7f4c7dec0000 rw-p 00000000 00:00 0 
7f4c7dec0000-7f4c7dec3000 r-xp 00000000 103:04 791118                    /lib/x86_64-linux-gnu/libdl-2.26.so
7f4c7dec3000-7f4c7e0c2000 ---p 00003000 103:04 791118                    /lib/x86_64-linux-gnu/libdl-2.26.so
7f4c7e0c2000-7f4c7e0c3000 r--p 00002000 103:04 791118                    /lib/x86_64-linux-gnu/libdl-2.26.so
7f4c7e0c3000-7f4c7e0c4000 rw-p 00003000 103:04 791118                    /lib/x86_64-linux-gnu/libdl-2.26.so
7f4c7e0c4000-7f4c7e29a000 r-xp 00000000 103:04 791094                    /lib/x86_64-linux-gnu/libc-2.26.so
7f4c7e29a000-7f4c7e49a000 ---p 001d6000 103:04 791094                    /lib/x86_64-linux-gnu/libc-2.26.so
7f4c7e49a000-7f4c7e49e000 r--p 001d6000 103:04 791094                    /lib/x86_64-linux-gnu/libc-2.26.so
7f4c7e49e000-7f4c7e4a0000 rw-p 001da000 103:04 791094                    /lib/x86_64-linux-gnu/libc-2.26.so
7f4c7e4a0000-7f4c7e4a4000 rw-p 00000000 00:00 0 
7f4c7e4a4000-7f4c7e4ba000 r-xp 00000000 103:04 1198513                   /usr/local/android-studio/jre/lib/amd64/jli/libjli.so
7f4c7e4ba000-7f4c7e6b9000 ---p 00016000 103:04 1198513                   /usr/local/android-studio/jre/lib/amd64/jli/libjli.so
7f4c7e6b9000-7f4c7e6ba000 r--p 00015000 103:04 1198513                   /usr/local/android-studio/jre/lib/amd64/jli/libjli.so
7f4c7e6ba000-7f4c7e6bb000 rw-p 00016000 103:04 1198513                   /usr/local/android-studio/jre/lib/amd64/jli/libjli.so
7f4c7e6bb000-7f4c7e6e2000 r-xp 00000000 103:04 791066                    /lib/x86_64-linux-gnu/ld-2.26.so
7f4c7e6e2000-7f4c7e6e4000 r--s 00000000 103:04 4854663                   /home/tom/.gradle/wrapper/dists/gradle-4.1-all/bzyivzo6n839fup2jbap0tjew/gradle-4.1/lib/gradle-jvm-services-4.1.jar
7f4c7e6e4000-7f4c7e6ec000 r--s 000bd000 103:04 4854676                   /home/tom/.gradle/wrapper/dists/gradle-4.1-all/bzyivzo6n839fup2jbap0tjew/gradle-4.1/lib/asm-debug-all-6.0_ALPHA.jar
7f4c7e6ec000-7f4c7e7b1000 rw-p 00000000 00:00 0 
7f4c7e7b1000-7f4c7e7b4000 ---p 00000000 00:00 0 
7f4c7e7b4000-7f4c7e8b4000 rw-p 00000000 00:00 0 
7f4c7e8b4000-7f4c7e8b5000 r--s 00000000 103:04 4854685                   /home/tom/.gradle/wrapper/dists/gradle-4.1-all/bzyivzo6n839fup2jbap0tjew/gradle-4.1/lib/jcip-annotations-1.0.jar
7f4c7e8b5000-7f4c7e8b6000 r--s 00007000 103:04 4854681                   /home/tom/.gradle/wrapper/dists/gradle-4.1-all/bzyivzo6n839fup2jbap0tjew/gradle-4.1/lib/slf4j-api-1.7.10.jar
7f4c7e8b6000-7f4c7e8b7000 r--s 00004000 103:04 4854693                   /home/tom/.gradle/wrapper/dists/gradle-4.1-all/bzyivzo6n839fup2jbap0tjew/gradle-4.1/lib/ant-launcher-1.9.6.jar
7f4c7e8b7000-7f4c7e8d5000 rw-p 00000000 00:00 0 
7f4c7e8d5000-7f4c7e8dd000 rw-s 00000000 103:04 3289863                   /tmp/hsperfdata_tom/29824
7f4c7e8dd000-7f4c7e8de000 rw-p 00000000 00:00 0 
7f4c7e8de000-7f4c7e8df000 ---p 00000000 00:00 0 
7f4c7e8df000-7f4c7e8e2000 rw-p 00000000 00:00 0 
7f4c7e8e2000-7f4c7e8e3000 r--p 00027000 103:04 791066                    /lib/x86_64-linux-gnu/ld-2.26.so
7f4c7e8e3000-7f4c7e8e4000 rw-p 00028000 103:04 791066                    /lib/x86_64-linux-gnu/ld-2.26.so
7f4c7e8e4000-7f4c7e8e5000 rw-p 00000000 00:00 0 
7ffe8dfe0000-7ffe8e001000 rw-p 00000000 00:00 0                          [stack]
7ffe8e0ff000-7ffe8e102000 r--p 00000000 00:00 0                          [vvar]
7ffe8e102000-7ffe8e104000 r-xp 00000000 00:00 0                          [vdso]
ffffffffff600000-ffffffffff601000 r-xp 00000000 00:00 0                  [vsyscall]

VM Arguments:
jvm_args: -Xmx1536m -Dfile.encoding=UTF-8 -Duser.country=GB -Duser.language=en -Duser.variant 
java_command: org.gradle.launcher.daemon.bootstrap.GradleDaemon 4.1
java_class_path (initial): /home/tom/.gradle/wrapper/dists/gradle-4.1-all/bzyivzo6n839fup2jbap0tjew/gradle-4.1/lib/gradle-launcher-4.1.jar
Launcher Type: SUN_STANDARD

Environment Variables:
PATH=/usr/local/sbin:/usr/local/bin:/usr/sbin:/usr/bin:/sbin:/bin:/usr/games:/usr/local/games:/snap/bin:/home/tom/Android/Sdk/platform-tools
USERNAME=tom
LD_LIBRARY_PATH=/usr/local/android-studio/bin:
SHELL=/bin/bash
DISPLAY=:0

Signal Handlers:
SIGSEGV: [libjvm.so+0x9ebc60], sa_mask[0]=11111111011111111101111111111110, sa_flags=SA_RESTART|SA_SIGINFO
SIGBUS: [libjvm.so+0x9ebc60], sa_mask[0]=11111111011111111101111111111110, sa_flags=SA_RESTART|SA_SIGINFO
SIGFPE: [libjvm.so+0x84cf60], sa_mask[0]=11111111011111111101111111111110, sa_flags=SA_RESTART|SA_SIGINFO
SIGPIPE: [libjvm.so+0x84cf60], sa_mask[0]=11111111011111111101111111111110, sa_flags=SA_RESTART|SA_SIGINFO
SIGXFSZ: [libjvm.so+0x84cf60], sa_mask[0]=11111111011111111101111111111110, sa_flags=SA_RESTART|SA_SIGINFO
SIGILL: [libjvm.so+0x84cf60], sa_mask[0]=11111111011111111101111111111110, sa_flags=SA_RESTART|SA_SIGINFO
SIGUSR1: SIG_DFL, sa_mask[0]=00000000000000000000000000000000, sa_flags=none
SIGUSR2: [libjvm.so+0x84ce30], sa_mask[0]=00100000000000000000000000000000, sa_flags=SA_RESTART|SA_SIGINFO
SIGHUP: [libjvm.so+0x84d020], sa_mask[0]=11111111011111111101111111111110, sa_flags=SA_RESTART|SA_SIGINFO
SIGINT: [libjvm.so+0x84d020], sa_mask[0]=11111111011111111101111111111110, sa_flags=SA_RESTART|SA_SIGINFO
SIGTERM: [libjvm.so+0x84d020], sa_mask[0]=11111111011111111101111111111110, sa_flags=SA_RESTART|SA_SIGINFO
SIGQUIT: [libjvm.so+0x84d020], sa_mask[0]=11111111011111111101111111111110, sa_flags=SA_RESTART|SA_SIGINFO


---------------  S Y S T E M  ---------------

OS:DISTRIB_ID=Ubuntu
DISTRIB_RELEASE=17.10
DISTRIB_CODENAME=artful
DISTRIB_DESCRIPTION="Ubuntu 17.10"

uname:Linux 4.14.8-surface #2 SMP Fri Dec 22 11:23:52 GMT 2017 x86_64
libc:glibc 2.26 NPTL 2.26 
rlimit: STACK 8192k, CORE 0k, NPROC 15003, NOFILE 1048576, AS infinity
load average:1.43 1.37 1.78

/proc/meminfo:
MemTotal:        3966476 kB
MemFree:           92972 kB
MemAvailable:       2956 kB
Buffers:             984 kB
Cached:           464456 kB
SwapCached:         7932 kB
Active:          2994356 kB
Inactive:         608604 kB
Active(anon):    2984612 kB
Inactive(anon):   597128 kB
Active(file):       9744 kB
Inactive(file):    11476 kB
Unevictable:         660 kB
Mlocked:             660 kB
SwapTotal:       2097148 kB
SwapFree:              4 kB
Dirty:                28 kB
Writeback:             0 kB
AnonPages:       3133072 kB
Mapped:           181504 kB
Shmem:            443908 kB
Slab:             120348 kB
SReclaimable:      45476 kB
SUnreclaim:        74872 kB
KernelStack:       17296 kB
PageTables:        78288 kB
NFS_Unstable:          0 kB
Bounce:                0 kB
WritebackTmp:          0 kB
CommitLimit:     4080384 kB
Committed_AS:   13467440 kB
VmallocTotal:   34359738367 kB
VmallocUsed:           0 kB
VmallocChunk:          0 kB
HardwareCorrupted:     0 kB
AnonHugePages:         0 kB
ShmemHugePages:        0 kB
ShmemPmdMapped:        0 kB
CmaTotal:              0 kB
CmaFree:               0 kB
HugePages_Total:       0
HugePages_Free:        0
HugePages_Rsvd:        0
HugePages_Surp:        0
Hugepagesize:       2048 kB
DirectMap4k:      542184 kB
DirectMap2M:     3575808 kB
DirectMap1G:           0 kB


CPU:total 4 (initial active 4) (2 cores per cpu, 2 threads per core) family 6 model 78 stepping 3, cmov, cx8, fxsr, mmx, sse, sse2, sse3, ssse3, sse4.1, sse4.2, popcnt, avx, avx2, aes, clmul, erms, 3dnowpref, lzcnt, ht, tsc, tscinvbit, bmi1, bmi2, adx

/proc/cpuinfo:
processor	: 0
vendor_id	: GenuineIntel
cpu family	: 6
model		: 78
model name	: Intel(R) Core(TM) m3-6Y30 CPU @ 0.90GHz
stepping	: 3
microcode	: 0xba
cpu MHz		: 1500.000
cache size	: 4096 KB
physical id	: 0
siblings	: 4
core id		: 0
cpu cores	: 2
apicid		: 0
initial apicid	: 0
fpu		: yes
fpu_exception	: yes
cpuid level	: 22
wp		: yes
flags		: fpu vme de pse tsc msr pae mce cx8 apic sep mtrr pge mca cmov pat pse36 clflush dts acpi mmx fxsr sse sse2 ss ht tm pbe syscall nx pdpe1gb rdtscp lm constant_tsc art arch_perfmon pebs bts rep_good nopl xtopology nonstop_tsc cpuid aperfmperf tsc_known_freq pni pclmulqdq dtes64 monitor ds_cpl vmx est tm2 ssse3 sdbg fma cx16 xtpr pdcm pcid sse4_1 sse4_2 x2apic movbe popcnt tsc_deadline_timer aes xsave avx f16c rdrand lahf_lm abm 3dnowprefetch cpuid_fault epb intel_pt tpr_shadow vnmi flexpriority ept vpid fsgsbase tsc_adjust bmi1 avx2 smep bmi2 erms invpcid mpx rdseed adx smap clflushopt xsaveopt xsavec xgetbv1 xsaves dtherm ida arat pln pts hwp hwp_notify hwp_act_window hwp_epp
bugs		:
bogomips	: 3024.00
clflush size	: 64
cache_alignment	: 64
address sizes	: 39 bits physical, 48 bits virtual
power management:

processor	: 1
vendor_id	: GenuineIntel
cpu family	: 6
model		: 78
model name	: Intel(R) Core(TM) m3-6Y30 CPU @ 0.90GHz
stepping	: 3
microcode	: 0xba
cpu MHz		: 1500.000
cache size	: 4096 KB
physical id	: 0
siblings	: 4
core id		: 1
cpu cores	: 2
apicid		: 2
initial apicid	: 2
fpu		: yes
fpu_exception	: yes
cpuid level	: 22
wp		: yes
flags		: fpu vme de pse tsc msr pae mce cx8 apic sep mtrr pge mca cmov pat pse36 clflush dts acpi mmx fxsr sse sse2 ss ht tm pbe syscall nx pdpe1gb rdtscp lm constant_tsc art arch_perfmon pebs bts rep_good nopl xtopology nonstop_tsc cpuid aperfmperf tsc_known_freq pni pclmulqdq dtes64 monitor ds_cpl vmx est tm2 ssse3 sdbg fma cx16 xtpr pdcm pcid sse4_1 sse4_2 x2apic movbe popcnt tsc_deadline_timer aes xsave avx f16c rdrand lahf_lm abm 3dnowprefetch cpuid_fault epb intel_pt tpr_shadow vnmi flexpriority ept vpid fsgsbase tsc_adjust bmi1 avx2 smep bmi2 erms invpcid mpx rdseed adx smap clflushopt xsaveopt xsavec xgetbv1 xsaves dtherm ida arat pln pts hwp hwp_notify hwp_act_window hwp_epp
bugs		:
bogomips	: 3024.00
clflush size	: 64
cache_alignment	: 64
address sizes	: 39 bits physical, 48 bits virtual
power management:

processor	: 2
vendor_id	: GenuineIntel
cpu family	: 6
model		: 78
model name	: Intel(R) Core(TM) m3-6Y30 CPU @ 0.90GHz
stepping	: 3
microcode	: 0xba
cpu MHz		: 1500.000
cache size	: 4096 KB
physical id	: 0
siblings	: 4
core id		: 0
cpu cores	: 2
apicid		: 1
initial apicid	: 1
fpu		: yes
fpu_exception	: yes
cpuid level	: 22
wp		: yes
flags		: fpu vme de pse tsc msr pae mce cx8 apic sep mtrr pge mca cmov pat pse36 clflush dts acpi mmx fxsr sse sse2 ss ht tm pbe syscall nx pdpe1gb rdtscp lm constant_tsc art arch_perfmon pebs bts rep_good nopl xtopology nonstop_tsc cpuid aperfmperf tsc_known_freq pni pclmulqdq dtes64 monitor ds_cpl vmx est tm2 ssse3 sdbg fma cx16 xtpr pdcm pcid sse4_1 sse4_2 x2apic movbe popcnt tsc_deadline_timer aes xsave avx f16c rdrand lahf_lm abm 3dnowprefetch cpuid_fault epb intel_pt tpr_shadow vnmi flexpriority ept vpid fsgsbase tsc_adjust bmi1 avx2 smep bmi2 erms invpcid mpx rdseed adx smap clflushopt xsaveopt xsavec xgetbv1 xsaves dtherm ida arat pln pts hwp hwp_notify hwp_act_window hwp_epp
bugs		:
bogomips	: 3024.00
clflush size	: 64
cache_alignment	: 64
address sizes	: 39 bits physical, 48 bits virtual
power management:

processor	: 3
vendor_id	: GenuineIntel
cpu family	: 6
model		: 78
model name	: Intel(R) Core(TM) m3-6Y30 CPU @ 0.90GHz
stepping	: 3
microcode	: 0xba
cpu MHz		: 1500.000
cache size	: 4096 KB
physical id	: 0
siblings	: 4
core id		: 1
cpu cores	: 2
apicid		: 3
initial apicid	: 3
fpu		: yes
fpu_exception	: yes
cpuid level	: 22
wp		: yes
flags		: fpu vme de pse tsc msr pae mce cx8 apic sep mtrr pge mca cmov pat pse36 clflush dts acpi mmx fxsr sse sse2 ss ht tm pbe syscall nx pdpe1gb rdtscp lm constant_tsc art arch_perfmon pebs bts rep_good nopl xtopology nonstop_tsc cpuid aperfmperf tsc_known_freq pni pclmulqdq dtes64 monitor ds_cpl vmx est tm2 ssse3 sdbg fma cx16 xtpr pdcm pcid sse4_1 sse4_2 x2apic movbe popcnt tsc_deadline_timer aes xsave avx f16c rdrand lahf_lm abm 3dnowprefetch cpuid_fault epb intel_pt tpr_shadow vnmi flexpriority ept vpid fsgsbase tsc_adjust bmi1 avx2 smep bmi2 erms invpcid mpx rdseed adx smap clflushopt xsaveopt xsavec xgetbv1 xsaves dtherm ida arat pln pts hwp hwp_notify hwp_act_window hwp_epp
bugs		:
bogomips	: 3024.00
clflush size	: 64
cache_alignment	: 64
address sizes	: 39 bits physical, 48 bits virtual
power management:



Memory: 4k page, physical 3966476k(93476k free), swap 2097148k(4k free)

vm_info: OpenJDK 64-Bit Server VM (25.152-b01) for linux-amd64 JRE (1.8.0_152-release-915-b01), built by "builder" with gcc 4.8.4

time: Sat Dec 30 22:22:45 2017
elapsed time: 559 seconds (0d 0h 9m 19s)

