#
# There is insufficient memory for the Java Runtime Environment to continue.
# Native memory allocation (mmap) failed to map 8388608 bytes for committing reserved memory.
# Possible reasons:
#   The system is out of physical RAM or swap space
#   In 32 bit mode, the process size limit was hit
# Possible solutions:
#   Reduce memory load on the system
#   Increase physical memory or swap space
#   Check if swap backing store is full
#   Use 64 bit Java on a 64 bit OS
#   Decrease Java heap size (-Xmx/-Xms)
#   Decrease number of Java threads
#   Decrease Java thread stack sizes (-Xss)
#   Set larger code cache with -XX:ReservedCodeCacheSize=
# This output file may be truncated or incomplete.
#
#  Out of Memory Error (os_linux.cpp:2640), pid=11067, tid=0x00007fa054efe700
#
# JRE version: OpenJDK Runtime Environment (8.0_152-b01) (build 1.8.0_152-release-915-b01)
# Java VM: OpenJDK 64-Bit Server VM (25.152-b01 mixed mode linux-amd64 compressed oops)
# Failed to write core dump. Core dumps have been disabled. To enable core dumping, try "ulimit -c unlimited" before starting Java again
#

---------------  T H R E A D  ---------------

Current thread (0x00007fa064079000):  VMThread [stack: 0x00007fa054dfe000,0x00007fa054eff000] [id=11075]

Stack: [0x00007fa054dfe000,0x00007fa054eff000],  sp=0x00007fa054efd470,  free space=1021k
Native frames: (J=compiled Java code, j=interpreted, Vv=VM code, C=native code)
V  [libjvm.so+0x9eb15d]  VMError::report_and_die()+0x15d
V  [libjvm.so+0x4b8eaa]  report_vm_out_of_memory(char const*, int, unsigned long, VMErrorType, char const*)+0x8a
V  [libjvm.so+0x851370]  os::pd_commit_memory(char*, unsigned long, unsigned long, bool)+0xf0
V  [libjvm.so+0x84be8f]  os::commit_memory(char*, unsigned long, unsigned long, bool)+0x1f
V  [libjvm.so+0x8c261b]  PSVirtualSpace::expand_by(unsigned long)+0x5b
V  [libjvm.so+0x8c3290]  PSYoungGen::resize_generation(unsigned long, unsigned long)+0xb0
V  [libjvm.so+0x8c35ab]  PSYoungGen::resize(unsigned long, unsigned long)+0x1b
V  [libjvm.so+0x8bfc9c]  PSScavenge::invoke_no_policy()+0xdac
V  [libjvm.so+0x8c0478]  PSScavenge::invoke()+0x38
V  [libjvm.so+0x8748f3]  ParallelScavengeHeap::failed_mem_allocate(unsigned long)+0x63
V  [libjvm.so+0x9ecc84]  VM_ParallelGCFailedAllocation::doit()+0x84
V  [libjvm.so+0x9f1197]  VM_Operation::evaluate()+0x47
V  [libjvm.so+0x9efb78]  VMThread::evaluate_operation(VM_Operation*)+0x2c8
V  [libjvm.so+0x9efff9]  VMThread::loop()+0x219
V  [libjvm.so+0x9f0442]  VMThread::run()+0x72
V  [libjvm.so+0x84e792]  java_start(Thread*)+0xf2

VM_Operation (0x00007f9ffa558900): ParallelGCFailedAllocation, mode: safepoint, requested by thread 0x00007f9fe006b000


---------------  P R O C E S S  ---------------

Java Threads: ( => current thread )
  0x00007fa01000e000 JavaThread "ForkJoinPool.commonPool-worker-0" daemon [_thread_blocked, id=12559, stack(0x00007f9ffa75d000,0x00007f9ffa85e000)]
  0x00007fa004068000 JavaThread "ForkJoinPool.commonPool-worker-3" daemon [_thread_blocked, id=12558, stack(0x00007f9ff81c2000,0x00007f9ff82c3000)]
  0x00007f9fe006b000 JavaThread "ForkJoinPool.commonPool-worker-2" daemon [_thread_blocked, id=12557, stack(0x00007f9ffa45a000,0x00007f9ffa55b000)]
  0x00007f9fe006a800 JavaThread "ForkJoinPool.commonPool-worker-1" daemon [_thread_blocked, id=12556, stack(0x00007fa018000000,0x00007fa018101000)]
  0x00007f9fe00ac000 JavaThread "Cache worker for Java compile cache (/home/tom/AndroidStudioProjects/SmartAlarm/.gradle/4.1/javaCompile)" [_thread_blocked, id=12553, stack(0x00007f9fd39c1000,0x00007f9fd3ac2000)]
  0x00007fa00c007000 JavaThread "process reaper" daemon [_thread_blocked, id=12529, stack(0x00007f9ff8016000,0x00007f9ff804f000)]
  0x00007fa014048000 JavaThread "process reaper" daemon [_thread_blocked, id=12526, stack(0x00007f9ff8088000,0x00007f9ff80c1000)]
  0x00007fa01000f800 JavaThread "process reaper" daemon [_thread_blocked, id=12525, stack(0x00007f9fd3fc7000,0x00007f9fd4000000)]
  0x00007fa020001800 JavaThread "process reaper" daemon [_thread_blocked, id=12522, stack(0x00007f9ff804f000,0x00007f9ff8088000)]
  0x00007f9fe00aa800 JavaThread "Task worker for ':' Thread 3" [_thread_blocked, id=12513, stack(0x00007fa018202000,0x00007fa018303000)]
  0x00007f9fe00aa000 JavaThread "Task worker for ':' Thread 2" [_thread_blocked, id=12512, stack(0x00007fa018101000,0x00007fa018202000)]
  0x00007f9fe00a9000 JavaThread "Task worker for ':'" [_thread_blocked, id=12511, stack(0x00007f9fd37bf000,0x00007f9fd38c0000)]
  0x00007f9fe00a8800 JavaThread "Cache worker for task history cache (/home/tom/AndroidStudioProjects/SmartAlarm/.gradle/4.1/taskHistory)" [_thread_blocked, id=12510, stack(0x00007f9ff82c3000,0x00007f9ff83c4000)]
  0x00007f9fe00a7800 JavaThread "Cache worker for file content cache (/home/tom/AndroidStudioProjects/SmartAlarm/.gradle/4.1/fileContent)" [_thread_blocked, id=12509, stack(0x00007f9ff87c6000,0x00007f9ff88c7000)]
  0x00007f9fe00a6800 JavaThread "build operations Thread 4" [_thread_blocked, id=12508, stack(0x00007f9fd3dc5000,0x00007f9fd3ec6000)]
  0x00007f9fe00a6000 JavaThread "build operations Thread 3" [_thread_blocked, id=12507, stack(0x00007f9fd3ac2000,0x00007f9fd3bc3000)]
  0x00007f9fe00a5800 JavaThread "build operations Thread 2" [_thread_blocked, id=12506, stack(0x00007f9ffb7fc000,0x00007f9ffb8fd000)]
  0x00007f9fe0067000 JavaThread "build operations" [_thread_blocked, id=12505, stack(0x00007f9ff80c1000,0x00007f9ff81c2000)]
  0x00007f9fe0066000 JavaThread "Cache worker for Artifact transforms cache (/home/tom/.gradle/caches/transforms-1)" [_thread_blocked, id=12504, stack(0x00007f9ffa65c000,0x00007f9ffa75d000)]
  0x00007f9fe0138000 JavaThread "Cache worker for file hash cache (/home/tom/AndroidStudioProjects/SmartAlarm/.gradle/4.1/fileHashes)" [_thread_blocked, id=12503, stack(0x00007f9ff88c7000,0x00007f9ff89c8000)]
  0x00007f9fe0001000 JavaThread "Stdin handler" [_thread_blocked, id=12501, stack(0x00007f9ffbeff000,0x00007f9ffc000000)]
  0x00007f9fe000f800 JavaThread "Asynchronous log dispatcher for DefaultDaemonConnection: socket connection from /127.0.0.1:41027 to /127.0.0.1:42610" [_thread_blocked, id=12500, stack(0x00007f9ffaa5e000,0x00007f9ffab5f000)]
  0x00007fa010003800 JavaThread "Daemon worker Thread 5" [_thread_blocked, id=12498, stack(0x00007f9ffa55b000,0x00007f9ffa65c000)]
  0x00007fa01000a800 JavaThread "Cancel handler" [_thread_blocked, id=12497, stack(0x00007f9ff86c5000,0x00007f9ff87c6000)]
  0x00007fa010008800 JavaThread "Handler for socket connection from /127.0.0.1:41027 to /127.0.0.1:42610" [_thread_in_native, id=12496, stack(0x00007f9fd38c0000,0x00007f9fd39c1000)]
  0x00007fa014019800 JavaThread "Daemon Thread 5" [_thread_blocked, id=12495, stack(0x00007fa018404000,0x00007fa018505000)]
  0x00007f9ffcbb1000 JavaThread "Memory manager" [_thread_blocked, id=11122, stack(0x00007f9ff99df000,0x00007f9ff9ae0000)]
  0x00007f9ffc144000 JavaThread "File lock request listener" [_thread_in_native, id=11113, stack(0x00007f9ffbafd000,0x00007f9ffbbfe000)]
  0x00007f9ffc13b000 JavaThread "Cache worker for file hash cache (/home/tom/.gradle/caches/4.1/fileHashes)" [_thread_blocked, id=11112, stack(0x00007f9ffbbfe000,0x00007f9ffbcff000)]
  0x00007fa064c6e800 JavaThread "Daemon periodic checks" [_thread_blocked, id=11103, stack(0x00007fa018505000,0x00007fa018606000)]
  0x00007fa064c4f800 JavaThread "Incoming local TCP Connector on port 41027" [_thread_in_native, id=11102, stack(0x00007fa01860d000,0x00007fa01870e000)]
  0x00007fa0640c9000 JavaThread "Service Thread" daemon [_thread_blocked, id=11082, stack(0x00007fa044cfd000,0x00007fa044dfe000)]
  0x00007fa0640be000 JavaThread "C1 CompilerThread2" daemon [_thread_blocked, id=11081, stack(0x00007fa044dfe000,0x00007fa044eff000)]
  0x00007fa0640bc800 JavaThread "C2 CompilerThread1" daemon [_thread_blocked, id=11080, stack(0x00007fa044eff000,0x00007fa045000000)]
  0x00007fa0640b9800 JavaThread "C2 CompilerThread0" daemon [_thread_blocked, id=11079, stack(0x00007fa054030000,0x00007fa054131000)]
  0x00007fa0640b5000 JavaThread "Signal Dispatcher" daemon [_thread_blocked, id=11078, stack(0x00007fa054131000,0x00007fa054232000)]
  0x00007fa064085000 JavaThread "Finalizer" daemon [_thread_blocked, id=11077, stack(0x00007fa054bfc000,0x00007fa054cfd000)]
  0x00007fa064080800 JavaThread "Reference Handler" daemon [_thread_blocked, id=11076, stack(0x00007fa054cfd000,0x00007fa054dfe000)]
  0x00007fa06400b000 JavaThread "main" [_thread_blocked, id=11068, stack(0x00007fa06d7d7000,0x00007fa06d8d8000)]

Other Threads:
=>0x00007fa064079000 VMThread [stack: 0x00007fa054dfe000,0x00007fa054eff000] [id=11075]
  0x00007fa0640cc000 WatcherThread [stack: 0x00007fa044bfc000,0x00007fa044cfd000] [id=11083]

VM state:at safepoint (normal execution)

VM Mutex/Monitor currently owned by a thread:  ([mutex/lock_event])
[0x00007fa064007be0] Threads_lock - owner thread: 0x00007fa064079000
[0x00007fa0640080e0] Heap_lock - owner thread: 0x00007f9fe006b000

Heap:
 PSYoungGen      total 472576K, used 17927K [0x00000000e0000000, 0x00000000ff800000, 0x0000000100000000)
  eden space 429056K, 0% used [0x00000000e0000000,0x00000000e0000000,0x00000000fa300000)
  from space 43520K, 41% used [0x00000000fa300000,0x00000000fb481f48,0x00000000fcd80000)
  to   space 36352K, 0% used [0x00000000fd480000,0x00000000fd480000,0x00000000ff800000)
 ParOldGen       total 139264K, used 68596K [0x00000000a0000000, 0x00000000a8800000, 0x00000000e0000000)
  object space 139264K, 49% used [0x00000000a0000000,0x00000000a42fd390,0x00000000a8800000)
 Metaspace       used 72969K, capacity 76334K, committed 76504K, reserved 1116160K
  class space    used 9180K, capacity 9928K, committed 9984K, reserved 1048576K

Card table byte_map: [0x00007fa06a306000,0x00007fa06a607000] byte_map_base: 0x00007fa069e06000

Marking Bits: (ParMarkBitMap*) 0x00007fa06cc983e0
 Begin Bits: [0x00007fa045000000, 0x00007fa046800000)
 End Bits:   [0x00007fa046800000, 0x00007fa048000000)

Polling page: 0x00007fa06d904000

CodeCache: size=245760Kb used=45110Kb max_used=45138Kb free=200649Kb
 bounds [0x00007fa055000000, 0x00007fa057c70000, 0x00007fa064000000]
 total_blobs=14676 nmethods=13844 adapters=744
 compilation: enabled

Compilation events (10 events):
Event: 2166.273 Thread 0x00007fa0640bc800 nmethod 17642 0x00007fa057a1e810 code [0x00007fa057a1e960, 0x00007fa057a1e9f8]
Event: 2166.387 Thread 0x00007fa0640be000 17650       3       com.google.common.collect.Iterators$5::transform (11 bytes)
Event: 2166.392 Thread 0x00007fa0640be000 nmethod 17650 0x00007fa05680a950 code [0x00007fa05680aac0, 0x00007fa05680ace8]
Event: 2166.393 Thread 0x00007fa0640bc800 17651   !   4       com.android.apkzlib.zip.StoredEntry::createSourceFromZip (60 bytes)
Event: 2166.403 Thread 0x00007fa0640bc800 nmethod 17651 0x00007fa056d2c9d0 code [0x00007fa056d2cbc0, 0x00007fa056d2d078]
Event: 2166.413 Thread 0x00007fa0640bc800 17652   !   4       com.android.apkzlib.zip.StoredEntry::<init> (374 bytes)
Event: 2166.610 Thread 0x00007fa0640bc800 nmethod 17652 0x00007fa057c4e690 code [0x00007fa057c4eae0, 0x00007fa057c50968]
Event: 2166.617 Thread 0x00007fa0640bc800 17653       4       com.android.builder.packaging.PackagingUtils::lambda$getNoCompressPredicateForExtensions$0 (44 bytes)
Event: 2166.711 Thread 0x00007fa0640b9800 nmethod 17641 0x00007fa057c593d0 code [0x00007fa057c599e0, 0x00007fa057c5f0a8]
Event: 2166.711 Thread 0x00007fa0640bc800 nmethod 17653 0x00007fa057c18e90 code [0x00007fa057c19020, 0x00007fa057c19448]

GC Heap History (10 events):
Event: 173.418 GC heap after
Heap after GC invocations=24 (full 3):
 PSYoungGen      total 304640K, used 21211K [0x00000000e0000000, 0x00000000fa580000, 0x0000000100000000)
  eden space 255488K, 0% used [0x00000000e0000000,0x00000000e0000000,0x00000000ef980000)
  from space 49152K, 43% used [0x00000000ef980000,0x00000000f0e36e38,0x00000000f2980000)
  to   space 47104K, 0% used [0x00000000f7780000,0x00000000f7780000,0x00000000fa580000)
 ParOldGen       total 95232K, used 81554K [0x00000000a0000000, 0x00000000a5d00000, 0x00000000e0000000)
  object space 95232K, 85% used [0x00000000a0000000,0x00000000a4fa4bb8,0x00000000a5d00000)
 Metaspace       used 71183K, capacity 73978K, committed 74328K, reserved 1114112K
  class space    used 9106K, capacity 9740K, committed 9856K, reserved 1048576K
}
Event: 173.418 GC heap before
{Heap before GC invocations=25 (full 4):
 PSYoungGen      total 304640K, used 21211K [0x00000000e0000000, 0x00000000fa580000, 0x0000000100000000)
  eden space 255488K, 0% used [0x00000000e0000000,0x00000000e0000000,0x00000000ef980000)
  from space 49152K, 43% used [0x00000000ef980000,0x00000000f0e36e38,0x00000000f2980000)
  to   space 47104K, 0% used [0x00000000f7780000,0x00000000f7780000,0x00000000fa580000)
 ParOldGen       total 95232K, used 81554K [0x00000000a0000000, 0x00000000a5d00000, 0x00000000e0000000)
  object space 95232K, 85% used [0x00000000a0000000,0x00000000a4fa4bb8,0x00000000a5d00000)
 Metaspace       used 71183K, capacity 73978K, committed 74328K, reserved 1114112K
  class space    used 9106K, capacity 9740K, committed 9856K, reserved 1048576K
Event: 173.767 GC heap after
Heap after GC invocations=25 (full 4):
 PSYoungGen      total 304640K, used 0K [0x00000000e0000000, 0x00000000fa580000, 0x0000000100000000)
  eden space 255488K, 0% used [0x00000000e0000000,0x00000000e0000000,0x00000000ef980000)
  from space 49152K, 0% used [0x00000000ef980000,0x00000000ef980000,0x00000000f2980000)
  to   space 47104K, 0% used [0x00000000f7780000,0x00000000f7780000,0x00000000fa580000)
 ParOldGen       total 139264K, used 65347K [0x00000000a0000000, 0x00000000a8800000, 0x00000000e0000000)
  object space 139264K, 46% used [0x00000000a0000000,0x00000000a3fd0c18,0x00000000a8800000)
 Metaspace       used 71162K, capacity 73916K, committed 74328K, reserved 1114112K
  class space    used 9098K, capacity 9727K, committed 9856K, reserved 1048576K
}
Event: 846.082 GC heap before
{Heap before GC invocations=26 (full 4):
 PSYoungGen      total 304640K, used 255488K [0x00000000e0000000, 0x00000000fa580000, 0x0000000100000000)
  eden space 255488K, 100% used [0x00000000e0000000,0x00000000ef980000,0x00000000ef980000)
  from space 49152K, 0% used [0x00000000ef980000,0x00000000ef980000,0x00000000f2980000)
  to   space 47104K, 0% used [0x00000000f7780000,0x00000000f7780000,0x00000000fa580000)
 ParOldGen       total 139264K, used 65347K [0x00000000a0000000, 0x00000000a8800000, 0x00000000e0000000)
  object space 139264K, 46% used [0x00000000a0000000,0x00000000a3fd0c18,0x00000000a8800000)
 Metaspace       used 71723K, capacity 74662K, committed 74840K, reserved 1114112K
  class space    used 9121K, capacity 9786K, committed 9856K, reserved 1048576K
Event: 846.101 GC heap after
Heap after GC invocations=26 (full 4):
 PSYoungGen      total 380416K, used 12210K [0x00000000e0000000, 0x00000000fa200000, 0x0000000100000000)
  eden space 336896K, 0% used [0x00000000e0000000,0x00000000e0000000,0x00000000f4900000)
  from space 43520K, 28% used [0x00000000f7780000,0x00000000f836c978,0x00000000fa200000)
  to   space 45568K, 0% used [0x00000000f4900000,0x00000000f4900000,0x00000000f7580000)
 ParOldGen       total 139264K, used 65355K [0x00000000a0000000, 0x00000000a8800000, 0x00000000e0000000)
  object space 139264K, 46% used [0x00000000a0000000,0x00000000a3fd2c18,0x00000000a8800000)
 Metaspace       used 71723K, capacity 74662K, committed 74840K, reserved 1114112K
  class space    used 9121K, capacity 9786K, committed 9856K, reserved 1048576K
}
Event: 1546.474 GC heap before
{Heap before GC invocations=27 (full 4):
 PSYoungGen      total 380416K, used 349106K [0x00000000e0000000, 0x00000000fa200000, 0x0000000100000000)
  eden space 336896K, 100% used [0x00000000e0000000,0x00000000f4900000,0x00000000f4900000)
  from space 43520K, 28% used [0x00000000f7780000,0x00000000f836c978,0x00000000fa200000)
  to   space 45568K, 0% used [0x00000000f4900000,0x00000000f4900000,0x00000000f7580000)
 ParOldGen       total 139264K, used 65355K [0x00000000a0000000, 0x00000000a8800000, 0x00000000e0000000)
  object space 139264K, 46% used [0x00000000a0000000,0x00000000a3fd2c18,0x00000000a8800000)
 Metaspace       used 72218K, capacity 75366K, committed 75608K, reserved 1116160K
  class space    used 9144K, capacity 9846K, committed 9856K, reserved 1048576K
Event: 1546.489 GC heap after
Heap after GC invocations=27 (full 4):
 PSYoungGen      total 382464K, used 6934K [0x00000000e0000000, 0x0000000100000000, 0x0000000100000000)
  eden space 336896K, 0% used [0x00000000e0000000,0x00000000e0000000,0x00000000f4900000)
  from space 45568K, 15% used [0x00000000f4900000,0x00000000f4fc5a98,0x00000000f7580000)
  to   space 44544K, 0% used [0x00000000fd480000,0x00000000fd480000,0x0000000100000000)
 ParOldGen       total 139264K, used 67241K [0x00000000a0000000, 0x00000000a8800000, 0x00000000e0000000)
  object space 139264K, 48% used [0x00000000a0000000,0x00000000a41aa500,0x00000000a8800000)
 Metaspace       used 72218K, capacity 75366K, committed 75608K, reserved 1116160K
  class space    used 9144K, capacity 9846K, committed 9856K, reserved 1048576K
}
Event: 2159.695 GC heap before
{Heap before GC invocations=28 (full 4):
 PSYoungGen      total 382464K, used 343830K [0x00000000e0000000, 0x0000000100000000, 0x0000000100000000)
  eden space 336896K, 100% used [0x00000000e0000000,0x00000000f4900000,0x00000000f4900000)
  from space 45568K, 15% used [0x00000000f4900000,0x00000000f4fc5a98,0x00000000f7580000)
  to   space 44544K, 0% used [0x00000000fd480000,0x00000000fd480000,0x0000000100000000)
 ParOldGen       total 139264K, used 67241K [0x00000000a0000000, 0x00000000a8800000, 0x00000000e0000000)
  object space 139264K, 48% used [0x00000000a0000000,0x00000000a41aa500,0x00000000a8800000)
 Metaspace       used 72694K, capacity 76074K, committed 76248K, reserved 1116160K
  class space    used 9178K, capacity 9928K, committed 9984K, reserved 1048576K
Event: 2159.895 GC heap after
Heap after GC invocations=28 (full 4):
 PSYoungGen      total 465408K, used 6774K [0x00000000e0000000, 0x00000000ff800000, 0x0000000100000000)
  eden space 429056K, 0% used [0x00000000e0000000,0x00000000e0000000,0x00000000fa300000)
  from space 36352K, 18% used [0x00000000fd480000,0x00000000fdb1da78,0x00000000ff800000)
  to   space 43520K, 0% used [0x00000000fa300000,0x00000000fa300000,0x00000000fcd80000)
 ParOldGen       total 139264K, used 67603K [0x00000000a0000000, 0x00000000a8800000, 0x00000000e0000000)
  object space 139264K, 48% used [0x00000000a0000000,0x00000000a4204d88,0x00000000a8800000)
 Metaspace       used 72694K, capacity 76074K, committed 76248K, reserved 1116160K
  class space    used 9178K, capacity 9928K, committed 9984K, reserved 1048576K
}
Event: 2177.496 GC heap before
{Heap before GC invocations=29 (full 4):
 PSYoungGen      total 465408K, used 435830K [0x00000000e0000000, 0x00000000ff800000, 0x0000000100000000)
  eden space 429056K, 100% used [0x00000000e0000000,0x00000000fa300000,0x00000000fa300000)
  from space 36352K, 18% used [0x00000000fd480000,0x00000000fdb1da78,0x00000000ff800000)
  to   space 43520K, 0% used [0x00000000fa300000,0x00000000fa300000,0x00000000fcd80000)
 ParOldGen       total 139264K, used 67603K [0x00000000a0000000, 0x00000000a8800000, 0x00000000e0000000)
  object space 139264K, 48% used [0x00000000a0000000,0x00000000a4204d88,0x00000000a8800000)
 Metaspace       used 72969K, capacity 76334K, committed 76504K, reserved 1116160K
  class space    used 9180K, capacity 9928K, committed 9984K, reserved 1048576K

Deoptimization events (10 events):
Event: 2161.253 Thread 0x00007fa010003800 Uncommon trap: reason=unstable_if action=reinterpret pc=0x00007fa05514028c method=sun.nio.cs.UTF_8$Decoder.decode([BII[C)I @ 30
Event: 2161.253 Thread 0x00007fa010003800 Uncommon trap: reason=unstable_if action=reinterpret pc=0x00007fa056dab168 method=java.lang.StringCoding.safeTrim([CILjava/nio/charset/Charset;Z)[C @ 3
Event: 2161.256 Thread 0x00007fa010003800 Uncommon trap: reason=bimorphic action=maybe_recompile pc=0x00007fa056483b24 method=com.sun.org.apache.xerces.internal.dom.ParentNode.checkNormalizationAfterInsert(Lcom/sun/org/apache/xerces/internal/dom/ChildNode;)V @ 23
Event: 2161.256 Thread 0x00007fa010003800 Uncommon trap: reason=bimorphic action=maybe_recompile pc=0x00007fa056483b24 method=com.sun.org.apache.xerces.internal.dom.ParentNode.checkNormalizationAfterInsert(Lcom/sun/org/apache/xerces/internal/dom/ChildNode;)V @ 23
Event: 2161.256 Thread 0x00007fa010003800 Uncommon trap: reason=bimorphic action=maybe_recompile pc=0x00007fa056483b24 method=com.sun.org.apache.xerces.internal.dom.ParentNode.checkNormalizationAfterInsert(Lcom/sun/org/apache/xerces/internal/dom/ChildNode;)V @ 23
Event: 2161.257 Thread 0x00007fa010003800 Uncommon trap: reason=bimorphic action=maybe_recompile pc=0x00007fa056483b24 method=com.sun.org.apache.xerces.internal.dom.ParentNode.checkNormalizationAfterInsert(Lcom/sun/org/apache/xerces/internal/dom/ChildNode;)V @ 23
Event: 2161.290 Thread 0x00007fa010003800 Uncommon trap: reason=null_check action=make_not_entrant pc=0x00007fa0570c04bc method=com.google.common.collect.AbstractMapBasedMultimap.put(Ljava/lang/Object;Ljava/lang/Object;)Z @ 10
Event: 2163.073 Thread 0x00007fa010003800 Uncommon trap: reason=unstable_if action=reinterpret pc=0x00007fa055c6a284 method=java.lang.StringCoding$StringDecoder.decode([BII)[C @ 20
Event: 2164.880 Thread 0x00007f9fe00aa800 Uncommon trap: reason=predicate action=maybe_recompile pc=0x00007fa057a7549c method=com.google.common.collect.RegularImmutableMap.fromEntryArray(I[Ljava/util/Map$Entry;)Lcom/google/common/collect/RegularImmutableMap; @ 62
Event: 2166.144 Thread 0x00007f9fe006b000 Uncommon trap: reason=speculate_class_check action=maybe_recompile pc=0x00007fa0573b87b4 method=java.lang.StringCoding.decode(Ljava/nio/charset/Charset;[BII)[C @ 91

Classes redefined (0 events):
No events

Internal exceptions (10 events):
Event: 2160.431 Thread 0x00007fa010003800 Exception <a 'sun/nio/fs/UnixException'> (0x00000000e2642d80) thrown at [/ssd/Android/AOSP-openjdk-git/jdk8u/hotspot/src/share/vm/prims/jni.cpp, line 709]
Event: 2160.433 Thread 0x00007fa010003800 Exception <a 'sun/nio/fs/UnixException'> (0x00000000e26488f8) thrown at [/ssd/Android/AOSP-openjdk-git/jdk8u/hotspot/src/share/vm/prims/jni.cpp, line 709]
Event: 2160.433 Thread 0x00007fa010003800 Exception <a 'sun/nio/fs/UnixException'> (0x00000000e2649c08) thrown at [/ssd/Android/AOSP-openjdk-git/jdk8u/hotspot/src/share/vm/prims/jni.cpp, line 709]
Event: 2161.290 Thread 0x00007fa010003800 Implicit null exception at 0x00007fa0570bd3df to 0x00007fa0570c04a9
Event: 2162.651 Thread 0x00007f9ffcbb1000 Exception <a 'java/io/IOException'> (0x00000000e9072d38) thrown at [/ssd/Android/AOSP-openjdk-git/jdk8u/hotspot/src/share/vm/prims/jni.cpp, line 709]
Event: 2164.860 Thread 0x00007fa01000e000 Exception <a 'sun/nio/fs/UnixException'> (0x00000000ec54af20) thrown at [/ssd/Android/AOSP-openjdk-git/jdk8u/hotspot/src/share/vm/prims/jni.cpp, line 709]
Event: 2164.861 Thread 0x00007fa004068000 Exception <a 'sun/nio/fs/UnixException'> (0x00000000ec47d950) thrown at [/ssd/Android/AOSP-openjdk-git/jdk8u/hotspot/src/share/vm/prims/jni.cpp, line 709]
Event: 2164.864 Thread 0x00007f9fe006b000 Exception <a 'sun/nio/fs/UnixException'> (0x00000000ec507688) thrown at [/ssd/Android/AOSP-openjdk-git/jdk8u/hotspot/src/share/vm/prims/jni.cpp, line 709]
Event: 2169.162 Thread 0x00007f9ffcbb1000 Exception <a 'java/io/IOException'> (0x00000000e907b5b0) thrown at [/ssd/Android/AOSP-openjdk-git/jdk8u/hotspot/src/share/vm/prims/jni.cpp, line 709]
Event: 2173.409 Thread 0x00007f9ffcbb1000 Exception <a 'java/io/IOException'> (0x00000000e9083d80) thrown at [/ssd/Android/AOSP-openjdk-git/jdk8u/hotspot/src/share/vm/prims/jni.cpp, line 709]

Events (10 events):
Event: 2166.157 loading class sun/nio/cs/US_ASCII$1 done
Event: 2166.387 Thread 0x00007fa01002d800 Thread added: 0x00007fa01002d800
Event: 2166.388 Executing VM operation: RevokeBias
Event: 2166.392 Executing VM operation: RevokeBias done
Event: 2166.670 Executing VM operation: RevokeBias
Event: 2166.673 Executing VM operation: RevokeBias done
Event: 2166.788 Executing VM operation: RevokeBias
Event: 2166.804 Executing VM operation: RevokeBias done
Event: 2166.807 Thread 0x00007fa01002d800 Thread exited: 0x00007fa01002d800
Event: 2177.461 Executing VM operation: ParallelGCFailedAllocation


Dynamic libraries:
00400000-00401000 r-xp 00000000 103:04 1198465                           /usr/local/android-studio/jre/bin/java
00600000-00601000 r--p 00000000 103:04 1198465                           /usr/local/android-studio/jre/bin/java
00601000-00602000 rw-p 00001000 103:04 1198465                           /usr/local/android-studio/jre/bin/java
00fba000-00ffc000 rw-p 00000000 00:00 0                                  [heap]
a0000000-a8800000 rw-p 00000000 00:00 0 
a8800000-e0000000 ---p 00000000 00:00 0 
e0000000-ff800000 rw-p 00000000 00:00 0 
100000000-1009c0000 rw-p 00000000 00:00 0 
1009c0000-140000000 ---p 00000000 00:00 0 
7f9fcc000000-7f9fcc07d000 rw-p 00000000 00:00 0 
7f9fcc07d000-7f9fd0000000 ---p 00000000 00:00 0 
7f9fd1e59000-7f9fd247c000 rw-p 00000000 00:00 0 
7f9fd247c000-7f9fd267c000 rw-p 00000000 00:00 0 
7f9fd267c000-7f9fd269b000 r--s 0053d000 103:04 4855885                   /home/tom/.gradle/caches/jars-3/07dcf2f3f2bda71869cda3f75be96a82/sdk-tools.jar
7f9fd269b000-7f9fd289b000 rw-p 00000000 00:00 0 
7f9fd289b000-7f9fd2a9b000 rw-p 00000000 00:00 0 
7f9fd2cbe000-7f9fd2dbe000 rw-p 00000000 00:00 0 
7f9fd2dbe000-7f9fd2ebe000 ---p 00000000 00:00 0 
7f9fd2ebe000-7f9fd30be000 rw-p 00000000 00:00 0 
7f9fd30be000-7f9fd32be000 rw-p 00000000 00:00 0 
7f9fd32be000-7f9fd34be000 rw-p 00000000 00:00 0 
7f9fd34be000-7f9fd36be000 rw-p 00000000 00:00 0 
7f9fd36be000-7f9fd36c1000 ---p 00000000 00:00 0 
7f9fd36c1000-7f9fd37bf000 rw-p 00000000 00:00 0 
7f9fd37bf000-7f9fd37c2000 ---p 00000000 00:00 0 
7f9fd37c2000-7f9fd38c0000 rw-p 00000000 00:00 0 
7f9fd38c0000-7f9fd38c3000 ---p 00000000 00:00 0 
7f9fd38c3000-7f9fd39c1000 rw-p 00000000 00:00 0 
7f9fd39c1000-7f9fd39c4000 ---p 00000000 00:00 0 
7f9fd39c4000-7f9fd3ac2000 rw-p 00000000 00:00 0 
7f9fd3ac2000-7f9fd3ac5000 ---p 00000000 00:00 0 
7f9fd3ac5000-7f9fd3bc3000 rw-p 00000000 00:00 0 
7f9fd3bc3000-7f9fd3bc6000 ---p 00000000 00:00 0 
7f9fd3bc6000-7f9fd3cc4000 rw-p 00000000 00:00 0 
7f9fd3cc4000-7f9fd3cc7000 ---p 00000000 00:00 0 
7f9fd3cc7000-7f9fd3dc5000 rw-p 00000000 00:00 0 
7f9fd3dc5000-7f9fd3dc8000 ---p 00000000 00:00 0 
7f9fd3dc8000-7f9fd3ec6000 rw-p 00000000 00:00 0 
7f9fd3ec6000-7f9fd3ec9000 ---p 00000000 00:00 0 
7f9fd3ec9000-7f9fd3fc7000 rw-p 00000000 00:00 0 
7f9fd3fc7000-7f9fd3fca000 ---p 00000000 00:00 0 
7f9fd3fca000-7f9fd4000000 rw-p 00000000 00:00 0 
7f9fd4000000-7f9fd4335000 rw-p 00000000 00:00 0 
7f9fd4335000-7f9fd8000000 ---p 00000000 00:00 0 
7f9fd8000000-7f9fd805d000 rw-p 00000000 00:00 0 
7f9fd805d000-7f9fdc000000 ---p 00000000 00:00 0 
7f9fdc000000-7f9fdcbde000 rw-p 00000000 00:00 0 
7f9fdcbde000-7f9fe0000000 ---p 00000000 00:00 0 
7f9fe0000000-7f9fe025d000 rw-p 00000000 00:00 0 
7f9fe025d000-7f9fe4000000 ---p 00000000 00:00 0 
7f9fe4000000-7f9fe4480000 rw-p 00000000 00:00 0 
7f9fe4480000-7f9fe8000000 ---p 00000000 00:00 0 
7f9fe8000000-7f9fe8077000 rw-p 00000000 00:00 0 
7f9fe8077000-7f9fec000000 ---p 00000000 00:00 0 
7f9fec000000-7f9fec0da000 rw-p 00000000 00:00 0 
7f9fec0da000-7f9ff0000000 ---p 00000000 00:00 0 
7f9ff0000000-7f9ff004e000 rw-p 00000000 00:00 0 
7f9ff004e000-7f9ff4000000 ---p 00000000 00:00 0 
7f9ff4000000-7f9ff4136000 rw-p 00000000 00:00 0 
7f9ff4136000-7f9ff8000000 ---p 00000000 00:00 0 
7f9ff8016000-7f9ff8019000 ---p 00000000 00:00 0 
7f9ff8019000-7f9ff804f000 rw-p 00000000 00:00 0 
7f9ff804f000-7f9ff8052000 ---p 00000000 00:00 0 
7f9ff8052000-7f9ff8088000 rw-p 00000000 00:00 0 
7f9ff8088000-7f9ff808b000 ---p 00000000 00:00 0 
7f9ff808b000-7f9ff80c1000 rw-p 00000000 00:00 0 
7f9ff80c1000-7f9ff80c4000 ---p 00000000 00:00 0 
7f9ff80c4000-7f9ff81c2000 rw-p 00000000 00:00 0 
7f9ff81c2000-7f9ff81c5000 ---p 00000000 00:00 0 
7f9ff81c5000-7f9ff82c3000 rw-p 00000000 00:00 0 
7f9ff82c3000-7f9ff82c6000 ---p 00000000 00:00 0 
7f9ff82c6000-7f9ff83c4000 rw-p 00000000 00:00 0 
7f9ff83c4000-7f9ff83c7000 ---p 00000000 00:00 0 
7f9ff83c7000-7f9ff86c5000 rw-p 00000000 00:00 0 
7f9ff86c5000-7f9ff86c8000 ---p 00000000 00:00 0 
7f9ff86c8000-7f9ff87c6000 rw-p 00000000 00:00 0 
7f9ff87c6000-7f9ff87c9000 ---p 00000000 00:00 0 
7f9ff87c9000-7f9ff88c7000 rw-p 00000000 00:00 0 
7f9ff88c7000-7f9ff88ca000 ---p 00000000 00:00 0 
7f9ff88ca000-7f9ff89c8000 rw-p 00000000 00:00 0 
7f9ff89c8000-7f9ff89cb000 ---p 00000000 00:00 0 
7f9ff89cb000-7f9ff8cc9000 rw-p 00000000 00:00 0 
7f9ff8cc9000-7f9ff8ccc000 ---p 00000000 00:00 0 
7f9ff8ccc000-7f9ff8fca000 rw-p 00000000 00:00 0 
7f9ff8fca000-7f9ff91ca000 rw-p 00000000 00:00 0 
7f9ff91ca000-7f9ff93ca000 rw-p 00000000 00:00 0 
7f9ff93ca000-7f9ff93dc000 r--s 00345000 103:04 1198547                   /usr/local/android-studio/jre/jre/lib/resources.jar
7f9ff93dc000-7f9ff95dc000 rw-p 00000000 00:00 0 
7f9ff95dc000-7f9ff97dc000 rw-p 00000000 00:00 0 
7f9ff97dc000-7f9ff97df000 r--s 00015000 103:04 1198546                   /usr/local/android-studio/jre/jre/lib/jce.jar
7f9ff97df000-7f9ff99df000 rw-p 00000000 00:00 0 
7f9ff99df000-7f9ff99e2000 ---p 00000000 00:00 0 
7f9ff99e2000-7f9ff9ae0000 rw-p 00000000 00:00 0 
7f9ff9ae0000-7f9ff9ae1000 r--p 00000000 103:04 1970248                   /usr/share/locale-langpack/en_GB/LC_MESSAGES/libc.mo
7f9ff9ae1000-7f9ff9ce1000 rw-p 00000000 00:00 0 
7f9ff9ce1000-7f9ff9ed7000 rw-p 00000000 00:00 0 
7f9ff9ed7000-7f9ff9ee1000 ---p 00000000 00:00 0 
7f9ff9ee1000-7f9ff9eec000 r--s 00081000 103:04 662964                    /home/tom/.gradle/caches/jars-3/fc6e889a0f45cc9752787eb60f920103/trove4j-20160824.jar
7f9ff9eec000-7f9ff9f6f000 r--s 00758000 103:04 662962                    /home/tom/.gradle/caches/jars-3/b46ab84062ddfd52701cfe0a9718e764/intellij-core-26.0.1.jar
7f9ff9f6f000-7f9ff9f75000 r--s 00033000 103:04 662960                    /home/tom/.gradle/caches/jars-3/f96c897d327ea500d64fe3af2833bd50/commons-codec-1.6.jar
7f9ff9f75000-7f9ff9f77000 r--s 0000d000 103:04 662958                    /home/tom/.gradle/caches/jars-3/ccc849edcf9fccd61ed937bf93ffe896/commons-logging-1.1.1.jar
7f9ff9f77000-7f9ff9f7d000 r--s 00032000 103:04 662956                    /home/tom/.gradle/caches/jars-3/72e344059d1923829968d0d38b0c3c72/httpcore-4.2.5.jar
7f9ff9f7d000-7f9ff9f7e000 r--s 00004000 103:04 662954                    /home/tom/.gradle/caches/jars-3/3a4299d1ce3e273e7c03a9ccf5a1e333/annotations-12.0.jar
7f9ff9f7e000-7f9ff9f7f000 r--s 00000000 103:04 662952                    /home/tom/.gradle/caches/jars-3/0e2fbc3b8c56d2975eca90c524790c13/animal-sniffer-annotations-1.14.jar
7f9ff9f7f000-7f9ff9f81000 r--s 00001000 103:04 662950                    /home/tom/.gradle/caches/jars-3/ad41f8f3ac67c0323ce9eb1c20c8dc3f/j2objc-annotations-1.1.jar
7f9ff9f81000-7f9ff9f82000 r--s 00002000 103:04 662948                    /home/tom/.gradle/caches/jars-3/9edb0f46b907c34c4718edabde6c791c/error_prone_annotations-2.0.18.jar
7f9ff9f82000-7f9ff9f85000 r--s 00006000 103:04 662946                    /home/tom/.gradle/caches/jars-3/b58a9bc3bbba42132e4abc0bacae8da1/jsr305-1.3.9.jar
7f9ff9f85000-7f9ff9f86000 r--s 0000a000 103:04 662944                    /home/tom/.gradle/caches/jars-3/5b8b36ed61fe92731031cca3c9b3a0b3/kxml2-2.3.0.jar
7f9ff9f86000-7f9ff9f88000 r--s 00005000 103:04 662942                    /home/tom/.gradle/caches/jars-3/f10e1e1978816198f2eb1189c974b440/httpmime-4.1.jar
7f9ff9f88000-7f9ff9f92000 r--s 00061000 103:04 662940                    /home/tom/.gradle/caches/jars-3/bc4b2527f35dc983f759e8f85f3f8d52/httpclient-4.2.6.jar
7f9ff9f92000-7f9ff9f9b000 r--s 00064000 103:04 662938                    /home/tom/.gradle/caches/jars-3/fc37c717528c2a0d27f3e3621835f781/commons-compress-1.12.jar
7f9ff9f9b000-7f9ff9fa0000 r--s 0002e000 103:04 662936                    /home/tom/.gradle/caches/jars-3/c5bcda7f6f4809e9c92270f99e51f154/gson-2.3.jar
7f9ff9fa0000-7f9ff9fb0000 r--s 000d6000 103:04 662934                    /home/tom/.gradle/caches/jars-3/dbdb8caed2514263a34702cc763c6785/proguard-base-5.3.3.jar
7f9ff9fb0000-7f9ff9fb2000 r--s 00003000 103:04 662932                    /home/tom/.gradle/caches/jars-3/01ab8600ebbfdcaf9b89b45c2b992e82/annotations-13.0.jar
7f9ff9fb2000-7f9ff9fb3000 r--s 00001000 103:04 662930                    /home/tom/.gradle/caches/jars-3/dccac9b7f67766e57200b1770178f61c/annotations-26.0.1.jar
7f9ff9fb3000-7f9ff9fb6000 r--s 00033000 103:04 662928                    /home/tom/.gradle/caches/jars-3/0ce03714647bf7bd3c78634c20ddbf38/juniversalchardet-1.0.3.jar
7f9ff9fb6000-7f9ff9fba000 r--s 0002a000 103:04 5130828                   /home/tom/.gradle/caches/jars-3/9849af6d4b0409ba64061601342f385d/commons-io-2.4.jar
7f9ff9fba000-7f9ff9fd1000 r--s 00154000 103:04 5130826                   /home/tom/.gradle/caches/jars-3/57adf9abd30c921d4ea1dfdcfe7b9efd/antlr4-4.5.3.jar
7f9ff9fd1000-7f9ff9fd2000 r--s 00003000 103:04 5130824                   /home/tom/.gradle/caches/jars-3/54a15dd332fd4c2e246ad396835dc0d2/baseLibrary-3.0.1.jar
7f9ff9fd2000-7f9ffa002000 r--s 00245000 103:04 5130822                   /home/tom/.gradle/caches/jars-3/8e27cdebb49ba2f804f9403d90aaaac5/guava-22.0.jar
7f9ffa002000-7f9ffa00a000 r--s 000a8000 103:04 5130820                   /home/tom/.gradle/caches/jars-3/6cc57ce9ec0d90186f781694264d61bc/lombok-ast-0.2.3.jar
7f9ffa00a000-7f9ffa00e000 r--s 0002f000 103:04 5130818                   /home/tom/.gradle/caches/jars-3/505fcc8c47da308b2f1262f0ff3c65f1/jimfs-1.1.jar
7f9ffa00e000-7f9ffa021000 r--s 00241000 103:04 5130816                   /home/tom/.gradle/caches/jars-3/d8dc71eb6d91c966c45f7b594129e14a/ecj-4.6.1.jar
7f9ffa021000-7f9ffa022000 r--s 00003000 103:04 5130814                   /home/tom/.gradle/caches/jars-3/fdb8f5ebd6a086c4818336712b830716/json-simple-1.1.jar
7f9ffa022000-7f9ffa147000 r--s 00f5d000 103:04 5130812                   /home/tom/.gradle/caches/jars-3/dfd566a90e18a0aa75879c33e0731ab8/fastutil-7.2.0.jar
7f9ffa147000-7f9ffa192000 r--s 002ff000 103:04 5130810                   /home/tom/.gradle/caches/jars-3/d3d44e9a7fcb4a86fb40775c385dd3d0/bcprov-jdk15on-1.56.jar
7f9ffa192000-7f9ffa1a3000 r--s 00097000 103:04 5130808                   /home/tom/.gradle/caches/jars-3/59ebb77d99c5ca0e24bb23272e0329dd/bcpkix-jdk15on-1.56.jar
7f9ffa1a3000-7f9ffa1a5000 r--s 00002000 103:04 5130806                   /home/tom/.gradle/caches/jars-3/f268e5e8fc83bb846ac355d6a16b1f30/javawriter-2.5.0.jar
7f9ffa1a5000-7f9ffa1aa000 r--s 0003b000 103:04 5130804                   /home/tom/.gradle/caches/jars-3/91bf67441f6ac57ccbb374f99f9ed0fc/apksig-3.0.1.jar
7f9ffa1aa000-7f9ffa1ad000 r--s 00024000 103:04 5130802                   /home/tom/.gradle/caches/jars-3/04183dcd1bde85515b23d1bbd46ea9bc/common-26.0.1.jar
7f9ffa1ad000-7f9ffa1af000 r--s 00006000 103:04 5130800                   /home/tom/.gradle/caches/jars-3/a0ea702af2bdb16dfa1a50969b155dea/dvlib-26.0.1.jar
7f9ffa1af000-7f9ffa1b2000 r--s 00014000 103:04 5130798                   /home/tom/.gradle/caches/jars-3/6abb718b4b844aa0386163f0c2f6eb72/layoutlib-api-26.0.1.jar
7f9ffa1b2000-7f9ffa1b7000 r--s 0004d000 103:04 5130796                   /home/tom/.gradle/caches/jars-3/65a80584522712b8832b7c1c03186c4b/ddmlib-26.0.1.jar
7f9ffa1b7000-7f9ffa1b8000 r--s 00003000 103:04 5130794                   /home/tom/.gradle/caches/jars-3/af01854c900e4906a368ef59064a245d/builder-test-api-3.0.1.jar
7f9ffa1b8000-7f9ffa1bb000 r--s 00007000 103:04 5130792                   /home/tom/.gradle/caches/jars-3/124ec36ab4edce0919b54d1123daa364/builder-model-3.0.1.jar
7f9ffa1bb000-7f9ffa1ca000 r--s 00130000 103:04 5130790                   /home/tom/.gradle/caches/jars-3/72ba1443c6adcea1f6ba21e12f0bb0fc/protobuf-java-3.0.0.jar
7f9ffa1ca000-7f9ffa1dd000 r--s 001a8000 103:04 5130788                   /home/tom/.gradle/caches/jars-3/a1cbdfb97e256e71fcbd29dc4584a785/protos-26.0.1.jar
7f9ffa1dd000-7f9ffa1de000 r--s 00005000 103:04 5130786                   /home/tom/.gradle/caches/jars-3/ca5180624b528b15325a5d002dbfbb6d/shared-26.0.1.jar
7f9ffa1de000-7f9ffa1e0000 r--s 00004000 103:04 5130784                   /home/tom/.gradle/caches/jars-3/07f12c2b6f66ca8d4d6bd02e9c9b060a/tracker-26.0.1.jar
7f9ffa1e0000-7f9ffa1e2000 r--s 00002000 103:04 5130782                   /home/tom/.gradle/caches/jars-3/e91624d2ed1c3b55eec9fd768ed13c1d/proguard-gradle-5.3.3.jar
7f9ffa1e2000-7f9ffa1e4000 r--s 0000f000 103:04 5130780                   /home/tom/.gradle/caches/jars-3/96760c32d36a5d7066e3ccf088bfd362/jopt-simple-4.9.jar
7f9ffa1e4000-7f9ffa1e8000 r--s 0001e000 103:04 5130778                   /home/tom/.gradle/caches/jars-3/0d3e95aba631209a078aeec58a76633d/org.jacoco.core-0.7.4.201502262128.jar
7f9ffa1e8000-7f9ffa1eb000 r--s 00020000 103:04 5130776                   /home/tom/.gradle/caches/jars-3/c72fc284d34f39eab57a4e3ba83405e9/org.jacoco.report-0.7.4.201502262128.jar
7f9ffa1eb000-7f9ffa1ed000 r--s 0000c000 103:04 5130774                   /home/tom/.gradle/caches/jars-3/9b0a36633c92c6e87e62c81734593183/asm-5.1.jar
7f9ffa1ed000-7f9ffa1ef000 r--s 00006000 103:04 5130772                   /home/tom/.gradle/caches/jars-3/50c8a7da333c41693b2b7ce95b6d9d89/asm-tree-5.1.jar
7f9ffa1ef000-7f9ffa1f1000 r--s 0000a000 103:04 5130768                   /home/tom/.gradle/caches/jars-3/d37aa405961c464c627b1efe5def81b8/asm-commons-5.1.jar
7f9ffa1f1000-7f9ffa200000 r--s 000c8000 103:04 5130762                   /home/tom/.gradle/caches/jars-3/af931fae44e009148423077fa09abbd1/kotlin-stdlib-1.1.3-2.jar
7f9ffa200000-7f9ffa232000 r--s 0021b000 103:04 5130760                   /home/tom/.gradle/caches/jars-3/24b2127528a18b338af82ff7ea236d45/kotlin-reflect-1.1.3-2.jar
7f9ffa232000-7f9ffa238000 r--s 00030000 103:04 5130758                   /home/tom/.gradle/caches/jars-3/90ec49f8b88710e2876aefe447609abb/repository-26.0.1.jar
7f9ffa238000-7f9ffa243000 r--s 0009b000 103:04 5130756                   /home/tom/.gradle/caches/jars-3/af771564c510a1c104220a8be892ab2d/sdklib-26.0.1.jar
7f9ffa243000-7f9ffa252000 r--s 000da000 103:04 5130754                   /home/tom/.gradle/caches/jars-3/50767da85151ce151711c301f4a0623c/sdk-common-26.0.1.jar
7f9ffa252000-7f9ffa256000 r--s 00023000 103:04 5130752                   /home/tom/.gradle/caches/jars-3/186e268c3a12c0a405d658dabf9d64d2/manifest-merger-26.0.1.jar
7f9ffa256000-7f9ffa25a000 r--s 0002e000 103:04 5130750                   /home/tom/.gradle/caches/jars-3/c519ce7b2f3637e909703f541c08c445/compilerCommon-3.0.1.jar
7f9ffa25a000-7f9ffa45a000 rw-p 00000000 00:00 0 
7f9ffa45a000-7f9ffa45d000 ---p 00000000 00:00 0 
7f9ffa45d000-7f9ffa55b000 rw-p 00000000 00:00 0 
7f9ffa55b000-7f9ffa55e000 ---p 00000000 00:00 0 
7f9ffa55e000-7f9ffa65c000 rw-p 00000000 00:00 0 
7f9ffa65c000-7f9ffa65f000 ---p 00000000 00:00 0 
7f9ffa65f000-7f9ffa75d000 rw-p 00000000 00:00 0 
7f9ffa75d000-7f9ffa760000 ---p 00000000 00:00 0 
7f9ffa760000-7f9ffaa5e000 rw-p 00000000 00:00 0 
7f9ffaa5e000-7f9ffaa61000 ---p 00000000 00:00 0 
7f9ffaa61000-7f9ffad5f000 rw-p 00000000 00:00 0 
7f9ffad5f000-7f9ffaf5f000 rw-p 00000000 00:00 0 
7f9ffaf5f000-7f9ffb15f000 rw-p 00000000 00:00 0 
7f9ffb15f000-7f9ffb160000 r--s 0000a000 103:04 5130770                   /home/tom/.gradle/caches/jars-3/c4f1f1d5a624f981d35a78d181e2c418/asm-util-5.1.jar
7f9ffb160000-7f9ffb161000 r--s 00004000 103:04 5130766                   /home/tom/.gradle/caches/jars-3/2b2689d10a4425b1cb2d0654db2ea088/asm-analysis-5.1.jar
7f9ffb161000-7f9ffb162000 r--s 00000000 103:04 5130764                   /home/tom/.gradle/caches/jars-3/5206138fb8a6b2ffbd31e140916c2100/transform-api-2.0.0-deprecated-use-gradle-api.jar
7f9ffb162000-7f9ffb164000 r--s 00003000 103:04 5130748                   /home/tom/.gradle/caches/jars-3/34cfdbf6cad3f54cc2f45521bf0374e7/gradle-api-3.0.1.jar
7f9ffb164000-7f9ffb173000 r--s 000cb000 103:04 5130746                   /home/tom/.gradle/caches/jars-3/e5c09abb4b0acf0785ecd8a8015ab959/uast-26.0.1.jar
7f9ffb173000-7f9ffb17a000 r--s 0007f000 103:04 5130744                   /home/tom/.gradle/caches/jars-3/b1f5a73634581e955e7f89376aea2d48/lint-api-26.0.1.jar
7f9ffb17a000-7f9ffb183000 r--s 000ff000 103:04 5130742                   /home/tom/.gradle/caches/jars-3/75e696a5531ca85e1fe447df83f74bd2/lint-checks-26.0.1.jar
7f9ffb183000-7f9ffb186000 r--s 00039000 103:04 5130740                   /home/tom/.gradle/caches/jars-3/7fa6c4fcdd1d81db4cc9c7439ce29486/lint-26.0.1.jar
7f9ffb186000-7f9ffb1b6000 r--s 01983000 103:04 5130738                   /home/tom/.gradle/caches/jars-3/add7f1627b730db059119a8274a10c21/builder-3.0.1.jar
7f9ffb1b6000-7f9ffb1d9000 r--s 0020b000 103:04 5130736                   /home/tom/.gradle/caches/jars-3/4adae2b762c8552c6e3aa2ded1493e4b/gradle-core-3.0.1.jar
7f9ffb1d9000-7f9ffb1db000 r--s 0000f000 103:04 5130734                   /home/tom/.gradle/caches/jars-3/afd86a0d8507fd7f2e97461eaf9e4416/gradle-3.0.1.jar
7f9ffb1db000-7f9ffb3db000 rw-p 00000000 00:00 0 
7f9ffb3db000-7f9ffb5db000 rw-p 00000000 00:00 0 
7f9ffb5db000-7f9ffb6f6000 r--s 02008000 103:04 2515372                   /home/tom/.gradle/caches/jars-3/9955734f77abc673a38c7cd4c0214af5/android.jar
7f9ffb6f6000-7f9ffb6fd000 r--s 0002a000 103:04 4855877                   /home/tom/.gradle/caches/jars-3/fff47aec37b967e571b648d1fc9c6db6/gradle-messaging-3.5.jar
7f9ffb6fd000-7f9ffb702000 r--s 00041000 103:04 4855875                   /home/tom/.gradle/caches/jars-3/c0502f5c2cf6dfd52d250e1b7d027d24/commons-lang-2.6.jar
7f9ffb702000-7f9ffb744000 r--s 00220000 103:04 4855873                   /home/tom/.gradle/caches/jars-3/929747bc6b973b44297e9c57df71598d/gradle-core-3.5.jar
7f9ffb744000-7f9ffb74d000 r--s 00047000 103:04 4855871                   /home/tom/.gradle/caches/jars-3/11d06a5dce89fe5632250b7df00a3d57/gradle-base-services-3.5.jar
7f9ffb74d000-7f9ffb775000 r--s 001cf000 103:04 4855869                   /home/tom/.gradle/caches/jars-3/566e7e0f530f75a42eba4833ef84d88c/guava-jdk5-17.0.jar
7f9ffb775000-7f9ffb783000 r--s 00043000 103:04 4855867                   /home/tom/.gradle/caches/jars-3/c0d1da18a547ef3a2ba66d3068ae6e09/gradle-tooling-api-3.5.jar
7f9ffb783000-7f9ffb7fc000 r--s 010fd000 103:04 1198518                   /usr/local/android-studio/jre/lib/tools.jar
7f9ffb7fc000-7f9ffb7ff000 ---p 00000000 00:00 0 
7f9ffb7ff000-7f9ffbafd000 rw-p 00000000 00:00 0 
7f9ffbafd000-7f9ffbb00000 ---p 00000000 00:00 0 
7f9ffbb00000-7f9ffbbfe000 rw-p 00000000 00:00 0 
7f9ffbbfe000-7f9ffbc01000 ---p 00000000 00:00 0 
7f9ffbc01000-7f9ffbeff000 rw-p 00000000 00:00 0 
7f9ffbeff000-7f9ffbf02000 ---p 00000000 00:00 0 
7f9ffbf02000-7f9ffc000000 rw-p 00000000 00:00 0 
7f9ffc000000-7f9ffd4da000 rw-p 00000000 00:00 0 
7f9ffd4da000-7fa000000000 ---p 00000000 00:00 0 
7fa000000000-7fa000280000 rw-p 00000000 00:00 0 
7fa000280000-7fa004000000 ---p 00000000 00:00 0 
7fa004000000-7fa004137000 rw-p 00000000 00:00 0 
7fa004137000-7fa008000000 ---p 00000000 00:00 0 
7fa008000000-7fa008040000 rw-p 00000000 00:00 0 
7fa008040000-7fa00c000000 ---p 00000000 00:00 0 
7fa00c000000-7fa00c436000 rw-p 00000000 00:00 0 
7fa00c436000-7fa010000000 ---p 00000000 00:00 0 
7fa010000000-7fa010670000 rw-p 00000000 00:00 0 
7fa010670000-7fa014000000 ---p 00000000 00:00 0 
7fa014000000-7fa014c8f000 rw-p 00000000 00:00 0 
7fa014c8f000-7fa018000000 ---p 00000000 00:00 0 
7fa018000000-7fa018003000 ---p 00000000 00:00 0 
7fa018003000-7fa018101000 rw-p 00000000 00:00 0 
7fa018101000-7fa018104000 ---p 00000000 00:00 0 
7fa018104000-7fa018202000 rw-p 00000000 00:00 0 
7fa018202000-7fa018205000 ---p 00000000 00:00 0 
7fa018205000-7fa018303000 rw-p 00000000 00:00 0 
7fa018303000-7fa018306000 ---p 00000000 00:00 0 
7fa018306000-7fa018404000 rw-p 00000000 00:00 0 
7fa018404000-7fa018407000 ---p 00000000 00:00 0 
7fa018407000-7fa018505000 rw-p 00000000 00:00 0 
7fa018505000-7fa018508000 ---p 00000000 00:00 0 
7fa018508000-7fa018606000 rw-p 00000000 00:00 0 
7fa018606000-7fa01860d000 r--s 00000000 103:04 1443562                   /usr/lib/x86_64-linux-gnu/gconv/gconv-modules.cache
7fa01860d000-7fa018610000 ---p 00000000 00:00 0 
7fa018610000-7fa01870e000 rw-p 00000000 00:00 0 
7fa01870e000-7fa018713000 r--s 0009a000 103:04 1198643                   /usr/local/android-studio/jre/jre/lib/jsse.jar
7fa018713000-7fa018913000 rw-p 00000000 00:00 0 
7fa018913000-7fa01891c000 r-xp 00000000 103:04 1198596                   /usr/local/android-studio/jre/jre/lib/amd64/libmanagement.so
7fa01891c000-7fa018b1b000 ---p 00009000 103:04 1198596                   /usr/local/android-studio/jre/jre/lib/amd64/libmanagement.so
7fa018b1b000-7fa018b1c000 r--p 00008000 103:04 1198596                   /usr/local/android-studio/jre/jre/lib/amd64/libmanagement.so
7fa018b1c000-7fa018b1d000 rw-p 00009000 103:04 1198596                   /usr/local/android-studio/jre/jre/lib/amd64/libmanagement.so
7fa018b1d000-7fa018b1f000 r--s 00007000 103:04 4854729                   /home/tom/.gradle/wrapper/dists/gradle-4.1-all/bzyivzo6n839fup2jbap0tjew/gradle-4.1/lib/plugins/gradle-tooling-api-builders-4.1.jar
7fa018b1f000-7fa018b22000 r--s 00009000 103:04 4854739                   /home/tom/.gradle/wrapper/dists/gradle-4.1-all/bzyivzo6n839fup2jbap0tjew/gradle-4.1/lib/plugins/gradle-testing-native-4.1.jar
7fa018b22000-7fa018b24000 r--s 00009000 103:04 4854812                   /home/tom/.gradle/wrapper/dists/gradle-4.1-all/bzyivzo6n839fup2jbap0tjew/gradle-4.1/lib/plugins/hamcrest-core-1.3.jar
7fa018b24000-7fa018b29000 r--s 00040000 103:04 4854807                   /home/tom/.gradle/wrapper/dists/gradle-4.1-all/bzyivzo6n839fup2jbap0tjew/gradle-4.1/lib/plugins/bsh-2.0b4.jar
7fa018b29000-7fa018b2b000 r--s 00006000 103:04 4854808                   /home/tom/.gradle/wrapper/dists/gradle-4.1-all/bzyivzo6n839fup2jbap0tjew/gradle-4.1/lib/plugins/jcommander-1.12.jar
7fa018b2b000-7fa018b31000 r--s 00033000 103:04 4854809                   /home/tom/.gradle/wrapper/dists/gradle-4.1-all/bzyivzo6n839fup2jbap0tjew/gradle-4.1/lib/plugins/snakeyaml-1.6.jar
7fa018b31000-7fa018b3a000 r--s 00089000 103:04 4854767                   /home/tom/.gradle/wrapper/dists/gradle-4.1-all/bzyivzo6n839fup2jbap0tjew/gradle-4.1/lib/plugins/testng-6.3.1.jar
7fa018b3a000-7fa018b42000 r--s 00045000 103:04 4854768                   /home/tom/.gradle/wrapper/dists/gradle-4.1-all/bzyivzo6n839fup2jbap0tjew/gradle-4.1/lib/plugins/junit-4.12.jar
7fa018b42000-7fa018b48000 r--s 0002e000 103:04 4854735                   /home/tom/.gradle/wrapper/dists/gradle-4.1-all/bzyivzo6n839fup2jbap0tjew/gradle-4.1/lib/plugins/gradle-testing-jvm-4.1.jar
7fa018b48000-7fa018b4c000 r--s 00017000 103:04 4854743                   /home/tom/.gradle/wrapper/dists/gradle-4.1-all/bzyivzo6n839fup2jbap0tjew/gradle-4.1/lib/plugins/gradle-testing-base-4.1.jar
7fa018b4c000-7fa018b53000 r--s 00038000 103:04 4854763                   /home/tom/.gradle/wrapper/dists/gradle-4.1-all/bzyivzo6n839fup2jbap0tjew/gradle-4.1/lib/plugins/bcpg-jdk15on-1.51.jar
7fa018b53000-7fa018b55000 r--s 0000c000 103:04 4854714                   /home/tom/.gradle/wrapper/dists/gradle-4.1-all/bzyivzo6n839fup2jbap0tjew/gradle-4.1/lib/plugins/gradle-signing-4.1.jar
7fa018b55000-7fa018b57000 r--s 00007000 103:04 4854720                   /home/tom/.gradle/wrapper/dists/gradle-4.1-all/bzyivzo6n839fup2jbap0tjew/gradle-4.1/lib/plugins/gradle-scala-4.1.jar
7fa018b57000-7fa018b58000 r--s 00004000 103:04 4854751                   /home/tom/.gradle/wrapper/dists/gradle-4.1-all/bzyivzo6n839fup2jbap0tjew/gradle-4.1/lib/plugins/gradle-resources-sftp-4.1.jar
7fa018b58000-7fa018b68000 r--s 00088000 103:04 4854780                   /home/tom/.gradle/wrapper/dists/gradle-4.1-all/bzyivzo6n839fup2jbap0tjew/gradle-4.1/lib/plugins/joda-time-2.8.2.jar
7fa018b68000-7fa018b79000 r--s 0010d000 103:04 4854779                   /home/tom/.gradle/wrapper/dists/gradle-4.1-all/bzyivzo6n839fup2jbap0tjew/gradle-4.1/lib/plugins/jackson-databind-2.6.6.jar
7fa018b79000-7fa018b7c000 r--s 00009000 103:04 4854778                   /home/tom/.gradle/wrapper/dists/gradle-4.1-all/bzyivzo6n839fup2jbap0tjew/gradle-4.1/lib/plugins/jackson-annotations-2.6.6.jar
7fa018b7c000-7fa018b80000 r--s 0003c000 103:04 4854777                   /home/tom/.gradle/wrapper/dists/gradle-4.1-all/bzyivzo6n839fup2jbap0tjew/gradle-4.1/lib/plugins/jackson-core-2.6.6.jar
7fa018b80000-7fa018b8e000 r--s 00087000 103:04 4854776                   /home/tom/.gradle/wrapper/dists/gradle-4.1-all/bzyivzo6n839fup2jbap0tjew/gradle-4.1/lib/plugins/aws-java-sdk-core-1.11.6.jar
7fa018b8e000-7fa018b95000 r--s 00057000 103:04 4854775                   /home/tom/.gradle/wrapper/dists/gradle-4.1-all/bzyivzo6n839fup2jbap0tjew/gradle-4.1/lib/plugins/aws-java-sdk-kms-1.11.6.jar
7fa018b95000-7fa018ba2000 r--s 0008e000 103:04 4854774                   /home/tom/.gradle/wrapper/dists/gradle-4.1-all/bzyivzo6n839fup2jbap0tjew/gradle-4.1/lib/plugins/aws-java-sdk-s3-1.11.6.jar
7fa018ba2000-7fa018ba4000 r--s 00004000 103:04 4854748                   /home/tom/.gradle/wrapper/dists/gradle-4.1-all/bzyivzo6n839fup2jbap0tjew/gradle-4.1/lib/plugins/gradle-resources-s3-4.1.jar
7fa018ba4000-7fa018ba6000 r--s 00010000 103:04 4854744                   /home/tom/.gradle/wrapper/dists/gradle-4.1-all/bzyivzo6n839fup2jbap0tjew/gradle-4.1/lib/plugins/gradle-reporting-4.1.jar
7fa018ba6000-7fa018ba8000 r--s 00002000 103:04 4854745                   /home/tom/.gradle/wrapper/dists/gradle-4.1-all/bzyivzo6n839fup2jbap0tjew/gradle-4.1/lib/plugins/gradle-publish-4.1.jar
7fa018ba8000-7fa018baa000 r--s 00009000 103:04 4854756                   /home/tom/.gradle/wrapper/dists/gradle-4.1-all/bzyivzo6n839fup2jbap0tjew/gradle-4.1/lib/plugins/commons-cli-1.2.jar
7fa018baa000-7fa018bb0000 r--s 00036000 103:04 4854728                   /home/tom/.gradle/wrapper/dists/gradle-4.1-all/bzyivzo6n839fup2jbap0tjew/gradle-4.1/lib/plugins/gradle-plugins-4.1.jar
7fa018bb0000-7fa018bb2000 r--s 00009000 103:04 4854715                   /home/tom/.gradle/wrapper/dists/gradle-4.1-all/bzyivzo6n839fup2jbap0tjew/gradle-4.1/lib/plugins/gradle-plugin-development-4.1.jar
7fa018bb2000-7fa018bb8000 r--s 0002b000 103:04 4854723                   /home/tom/.gradle/wrapper/dists/gradle-4.1-all/bzyivzo6n839fup2jbap0tjew/gradle-4.1/lib/plugins/gradle-platform-play-4.1.jar
7fa018bb8000-7fa018bc7000 r--s 0005b000 103:04 4854741                   /home/tom/.gradle/wrapper/dists/gradle-4.1-all/bzyivzo6n839fup2jbap0tjew/gradle-4.1/lib/plugins/gradle-platform-native-4.1.jar
7fa018bc7000-7fa018bcb000 r--s 0001b000 103:04 4854738                   /home/tom/.gradle/wrapper/dists/gradle-4.1-all/bzyivzo6n839fup2jbap0tjew/gradle-4.1/lib/plugins/gradle-platform-jvm-4.1.jar
7fa018bcb000-7fa018bd3000 r--s 00027000 103:04 4854746                   /home/tom/.gradle/wrapper/dists/gradle-4.1-all/bzyivzo6n839fup2jbap0tjew/gradle-4.1/lib/plugins/gradle-platform-base-4.1.jar
7fa018bd3000-7fa018bfb000 r--s 0021c000 103:04 4854757                   /home/tom/.gradle/wrapper/dists/gradle-4.1-all/bzyivzo6n839fup2jbap0tjew/gradle-4.1/lib/plugins/biz.aQute.bndlib-3.2.0.jar
7fa018bfb000-7fa018bfc000 r--s 00004000 103:04 4854713                   /home/tom/.gradle/wrapper/dists/gradle-4.1-all/bzyivzo6n839fup2jbap0tjew/gradle-4.1/lib/plugins/gradle-osgi-4.1.jar
7fa018bfc000-7fa018bff000 r--s 0000c000 103:04 4854760                   /home/tom/.gradle/wrapper/dists/gradle-4.1-all/bzyivzo6n839fup2jbap0tjew/gradle-4.1/lib/plugins/pmaven-groovy-0.8-20100325.jar
7fa018bff000-7fa018c00000 r--s 00004000 103:04 4854759                   /home/tom/.gradle/wrapper/dists/gradle-4.1-all/bzyivzo6n839fup2jbap0tjew/gradle-4.1/lib/plugins/pmaven-common-0.8-20100325.jar
7fa018c00000-7fa018c06000 r--s 00023000 103:04 4854716                   /home/tom/.gradle/wrapper/dists/gradle-4.1-all/bzyivzo6n839fup2jbap0tjew/gradle-4.1/lib/plugins/gradle-maven-4.1.jar
7fa018c06000-7fa018c09000 r--s 0000b000 103:04 4854734                   /home/tom/.gradle/wrapper/dists/gradle-4.1-all/bzyivzo6n839fup2jbap0tjew/gradle-4.1/lib/plugins/gradle-language-scala-4.1.jar
7fa018c09000-7fa018c10000 r--s 00020000 103:04 4854740                   /home/tom/.gradle/wrapper/dists/gradle-4.1-all/bzyivzo6n839fup2jbap0tjew/gradle-4.1/lib/plugins/gradle-language-native-4.1.jar
7fa018c10000-7fa018c12000 r--s 00005000 103:04 4854737                   /home/tom/.gradle/wrapper/dists/gradle-4.1-all/bzyivzo6n839fup2jbap0tjew/gradle-4.1/lib/plugins/gradle-language-jvm-4.1.jar
7fa018c12000-7fa018c19000 r--s 0002f000 103:04 4854736                   /home/tom/.gradle/wrapper/dists/gradle-4.1-all/bzyivzo6n839fup2jbap0tjew/gradle-4.1/lib/plugins/gradle-language-java-4.1.jar
7fa018c19000-7fa018c1c000 r--s 0000a000 103:04 4854733                   /home/tom/.gradle/wrapper/dists/gradle-4.1-all/bzyivzo6n839fup2jbap0tjew/gradle-4.1/lib/plugins/gradle-language-groovy-4.1.jar
7fa018c1c000-7fa018c23000 r--s 00035000 103:04 4854766                   /home/tom/.gradle/wrapper/dists/gradle-4.1-all/bzyivzo6n839fup2jbap0tjew/gradle-4.1/lib/plugins/simple-4.1.21.jar
7fa018c23000-7fa018c2f000 r--s 00100000 103:04 4854764                   /home/tom/.gradle/wrapper/dists/gradle-4.1-all/bzyivzo6n839fup2jbap0tjew/gradle-4.1/lib/plugins/rhino-1.7R3.jar
7fa018c2f000-7fa018c33000 r--s 00012000 103:04 4854724                   /home/tom/.gradle/wrapper/dists/gradle-4.1-all/bzyivzo6n839fup2jbap0tjew/gradle-4.1/lib/plugins/gradle-javascript-4.1.jar
7fa018c33000-7fa018c36000 r--s 00011000 103:04 4854726                   /home/tom/.gradle/wrapper/dists/gradle-4.1-all/bzyivzo6n839fup2jbap0tjew/gradle-4.1/lib/plugins/gradle-jacoco-4.1.jar
7fa018c36000-7fa018c39000 r--s 0000e000 103:04 4854725                   /home/tom/.gradle/wrapper/dists/gradle-4.1-all/bzyivzo6n839fup2jbap0tjew/gradle-4.1/lib/plugins/gradle-ivy-4.1.jar
7fa018c39000-7fa018c3c000 r--s 00013000 103:04 4854718                   /home/tom/.gradle/wrapper/dists/gradle-4.1-all/bzyivzo6n839fup2jbap0tjew/gradle-4.1/lib/plugins/gradle-ide-native-4.1.jar
7fa018c3c000-7fa018c46000 r--s 00054000 103:04 4854719                   /home/tom/.gradle/wrapper/dists/gradle-4.1-all/bzyivzo6n839fup2jbap0tjew/gradle-4.1/lib/plugins/gradle-ide-4.1.jar
7fa018c46000-7fa018c48000 r--s 00007000 103:04 4854722                   /home/tom/.gradle/wrapper/dists/gradle-4.1-all/bzyivzo6n839fup2jbap0tjew/gradle-4.1/lib/plugins/gradle-ear-4.1.jar
7fa018c48000-7fa018c4a000 r--s 00005000 103:04 4854754                   /home/tom/.gradle/wrapper/dists/gradle-4.1-all/bzyivzo6n839fup2jbap0tjew/gradle-4.1/lib/plugins/jatl-0.2.2.jar
7fa018c4a000-7fa018c51000 r--s 00038000 103:04 4854742                   /home/tom/.gradle/wrapper/dists/gradle-4.1-all/bzyivzo6n839fup2jbap0tjew/gradle-4.1/lib/plugins/gradle-diagnostics-4.1.jar
7fa018c51000-7fa018c56000 r--s 00025000 103:04 4854711                   /home/tom/.gradle/wrapper/dists/gradle-4.1-all/bzyivzo6n839fup2jbap0tjew/gradle-4.1/lib/plugins/gradle-code-quality-4.1.jar
7fa018c56000-7fa018c5b000 r--s 00022000 103:04 4854727                   /home/tom/.gradle/wrapper/dists/gradle-4.1-all/bzyivzo6n839fup2jbap0tjew/gradle-4.1/lib/plugins/gradle-build-init-4.1.jar
7fa018c5b000-7fa018c61000 r--s 0008e000 103:04 4854721                   /home/tom/.gradle/wrapper/dists/gradle-4.1-all/bzyivzo6n839fup2jbap0tjew/gradle-4.1/lib/plugins/gradle-build-comparison-4.1.jar
7fa018c61000-7fa018c79000 r--s 00115000 103:04 4854771                   /home/tom/.gradle/wrapper/dists/gradle-4.1-all/bzyivzo6n839fup2jbap0tjew/gradle-4.1/lib/plugins/xercesImpl-2.9.1.jar
7fa018c79000-7fa018df1000 r-xp 00000000 103:04 1189341                   /usr/lib/x86_64-linux-gnu/libstdc++.so.6.0.24
7fa018df1000-7fa018ff0000 ---p 00178000 103:04 1189341                   /usr/lib/x86_64-linux-gnu/libstdc++.so.6.0.24
7fa018ff0000-7fa018ffa000 r--p 00177000 103:04 1189341                   /usr/lib/x86_64-linux-gnu/libstdc++.so.6.0.24
7fa018ffa000-7fa018ffc000 rw-p 00181000 103:04 1189341                   /usr/lib/x86_64-linux-gnu/libstdc++.so.6.0.24
7fa018ffc000-7fa01c000000 rw-p 00000000 00:00 0 
7fa01c000000-7fa01c021000 rw-p 00000000 00:00 0 
7fa01c021000-7fa020000000 ---p 00000000 00:00 0 
7fa020000000-7fa02010c000 rw-p 00000000 00:00 0 
7fa02010c000-7fa024000000 ---p 00000000 00:00 0 
7fa024000000-7fa025d66000 rw-p 00000000 00:00 0 
7fa025d66000-7fa028000000 ---p 00000000 00:00 0 
7fa028000000-7fa028eb0000 rw-p 00000000 00:00 0 
7fa028eb0000-7fa02c000000 ---p 00000000 00:00 0 
7fa02c000000-7fa02c047000 rw-p 00000000 00:00 0 
7fa02c047000-7fa030000000 ---p 00000000 00:00 0 
7fa030000000-7fa031f5d000 rw-p 00000000 00:00 0 
7fa031f5d000-7fa034000000 ---p 00000000 00:00 0 
7fa034000000-7fa034bdf000 rw-p 00000000 00:00 0 
7fa034bdf000-7fa038000000 ---p 00000000 00:00 0 
7fa038000000-7fa038021000 rw-p 00000000 00:00 0 
7fa038021000-7fa03c000000 ---p 00000000 00:00 0 
7fa03c000000-7fa03c29a000 rw-p 00000000 00:00 0 
7fa03c29a000-7fa040000000 ---p 00000000 00:00 0 
7fa040000000-7fa040447000 rw-p 00000000 00:00 0 
7fa040447000-7fa044000000 ---p 00000000 00:00 0 
7fa044000000-7fa044001000 r--s 00002000 103:04 4854717                   /home/tom/.gradle/wrapper/dists/gradle-4.1-all/bzyivzo6n839fup2jbap0tjew/gradle-4.1/lib/plugins/gradle-ide-play-4.1.jar
7fa044001000-7fa044003000 r--s 0000b000 103:04 4854731                   /home/tom/.gradle/wrapper/dists/gradle-4.1-all/bzyivzo6n839fup2jbap0tjew/gradle-4.1/lib/plugins/gradle-composite-builds-4.1.jar
7fa044003000-7fa044004000 r--s 00002000 103:04 4854749                   /home/tom/.gradle/wrapper/dists/gradle-4.1-all/bzyivzo6n839fup2jbap0tjew/gradle-4.1/lib/plugins/gradle-build-cache-http-4.1.jar
7fa044004000-7fa044006000 r--s 00008000 103:04 4854712                   /home/tom/.gradle/wrapper/dists/gradle-4.1-all/bzyivzo6n839fup2jbap0tjew/gradle-4.1/lib/plugins/gradle-antlr-4.1.jar
7fa044006000-7fa044008000 r--s 00004000 103:04 4854732                   /home/tom/.gradle/wrapper/dists/gradle-4.1-all/bzyivzo6n839fup2jbap0tjew/gradle-4.1/lib/plugins/gradle-announce-4.1.jar
7fa044008000-7fa04400a000 r--s 00008000 103:04 4854652                   /home/tom/.gradle/wrapper/dists/gradle-4.1-all/bzyivzo6n839fup2jbap0tjew/gradle-4.1/lib/gradle-kotlin-dsl-tooling-builders-0.10.3.jar
7fa04400a000-7fa04400d000 r--s 0001c000 103:04 4854770                   /home/tom/.gradle/wrapper/dists/gradle-4.1-all/bzyivzo6n839fup2jbap0tjew/gradle-4.1/lib/plugins/nekohtml-1.9.14.jar
7fa04400d000-7fa044015000 r--s 00028000 103:04 4854811                   /home/tom/.gradle/wrapper/dists/gradle-4.1-all/bzyivzo6n839fup2jbap0tjew/gradle-4.1/lib/plugins/xml-apis-1.3.04.jar
7fa044015000-7fa04401b000 r--s 0005b000 103:04 4854769                   /home/tom/.gradle/wrapper/dists/gradle-4.1-all/bzyivzo6n839fup2jbap0tjew/gradle-4.1/lib/plugins/jcifs-1.3.17.jar
7fa04401b000-7fa044022000 r--s 00049000 103:04 4854810                   /home/tom/.gradle/wrapper/dists/gradle-4.1-all/bzyivzo6n839fup2jbap0tjew/gradle-4.1/lib/plugins/httpcore-4.4.4.jar
7fa044022000-7fa044028000 r--s 00033000 103:04 4854762                   /home/tom/.gradle/wrapper/dists/gradle-4.1-all/bzyivzo6n839fup2jbap0tjew/gradle-4.1/lib/plugins/commons-codec-1.6.jar
7fa044028000-7fa044035000 r--s 000a4000 103:04 4854755                   /home/tom/.gradle/wrapper/dists/gradle-4.1-all/bzyivzo6n839fup2jbap0tjew/gradle-4.1/lib/plugins/httpclient-4.4.1.jar
7fa044035000-7fa044037000 r--s 0000b000 103:04 4854750                   /home/tom/.gradle/wrapper/dists/gradle-4.1-all/bzyivzo6n839fup2jbap0tjew/gradle-4.1/lib/plugins/gradle-resources-http-4.1.jar
7fa044037000-7fa04403b000 r--s 00017000 103:04 4854747                   /home/tom/.gradle/wrapper/dists/gradle-4.1-all/bzyivzo6n839fup2jbap0tjew/gradle-4.1/lib/plugins/gradle-plugin-use-4.1.jar
7fa04403b000-7fa04403c000 r--s 00000000 103:04 4854658                   /home/tom/.gradle/wrapper/dists/gradle-4.1-all/bzyivzo6n839fup2jbap0tjew/gradle-4.1/lib/gradle-runtime-api-info-4.1.jar
7fa04403c000-7fa04403d000 r--s 00000000 103:04 4854661                   /home/tom/.gradle/wrapper/dists/gradle-4.1-all/bzyivzo6n839fup2jbap0tjew/gradle-4.1/lib/gradle-installation-beacon-4.1.jar
7fa04403d000-7fa04407d000 r--s 00277000 103:04 4854782                   /home/tom/.gradle/wrapper/dists/gradle-4.1-all/bzyivzo6n839fup2jbap0tjew/gradle-4.1/lib/plugins/bcprov-jdk15on-1.51.jar
7fa04407d000-7fa044081000 r--s 0001d000 103:04 4854781                   /home/tom/.gradle/wrapper/dists/gradle-4.1-all/bzyivzo6n839fup2jbap0tjew/gradle-4.1/lib/plugins/xbean-reflect-3.4.jar
7fa044081000-7fa044083000 r--s 0000a000 103:04 4854783                   /home/tom/.gradle/wrapper/dists/gradle-4.1-all/bzyivzo6n839fup2jbap0tjew/gradle-4.1/lib/plugins/maven-settings-3.0.4.jar
7fa044083000-7fa044086000 r--s 00008000 103:04 4854784                   /home/tom/.gradle/wrapper/dists/gradle-4.1-all/bzyivzo6n839fup2jbap0tjew/gradle-4.1/lib/plugins/maven-settings-builder-3.0.4.jar
7fa044086000-7fa04408a000 r--s 00033000 103:04 4854785                   /home/tom/.gradle/wrapper/dists/gradle-4.1-all/bzyivzo6n839fup2jbap0tjew/gradle-4.1/lib/plugins/plexus-utils-2.0.6.jar
7fa04408a000-7fa04408c000 r--s 0000d000 103:04 4854786                   /home/tom/.gradle/wrapper/dists/gradle-4.1-all/bzyivzo6n839fup2jbap0tjew/gradle-4.1/lib/plugins/plexus-interpolation-1.14.jar
7fa04408c000-7fa04408e000 r--s 00000000 103:04 4854761                   /home/tom/.gradle/wrapper/dists/gradle-4.1-all/bzyivzo6n839fup2jbap0tjew/gradle-4.1/lib/plugins/plexus-component-annotations-1.5.5.jar
7fa04408e000-7fa044095000 r--s 0002e000 103:04 4854787                   /home/tom/.gradle/wrapper/dists/gradle-4.1-all/bzyivzo6n839fup2jbap0tjew/gradle-4.1/lib/plugins/plexus-container-default-1.5.5.jar
7fa044095000-7fa044097000 r--s 0000a000 103:04 4854788                   /home/tom/.gradle/wrapper/dists/gradle-4.1-all/bzyivzo6n839fup2jbap0tjew/gradle-4.1/lib/plugins/plexus-classworlds-2.4.jar
7fa044097000-7fa044099000 r--s 00002000 103:04 4854789                   /home/tom/.gradle/wrapper/dists/gradle-4.1-all/bzyivzo6n839fup2jbap0tjew/gradle-4.1/lib/plugins/plexus-cipher-1.7.jar
7fa044099000-7fa04409a000 r--s 00006000 103:04 4854790                   /home/tom/.gradle/wrapper/dists/gradle-4.1-all/bzyivzo6n839fup2jbap0tjew/gradle-4.1/lib/plugins/plexus-sec-dispatcher-1.3.jar
7fa04409a000-7fa0440a0000 r--s 0003f000 103:04 4854791                   /home/tom/.gradle/wrapper/dists/gradle-4.1-all/bzyivzo6n839fup2jbap0tjew/gradle-4.1/lib/plugins/maven-compat-3.0.4.jar
7fa0440a0000-7fa0440a4000 r--s 00021000 103:04 4854792                   /home/tom/.gradle/wrapper/dists/gradle-4.1-all/bzyivzo6n839fup2jbap0tjew/gradle-4.1/lib/plugins/maven-model-builder-3.0.4.jar
7fa0440a4000-7fa0440a6000 r--s 00026000 103:04 4854793                   /home/tom/.gradle/wrapper/dists/gradle-4.1-all/bzyivzo6n839fup2jbap0tjew/gradle-4.1/lib/plugins/maven-model-3.0.4.jar
7fa0440a6000-7fa0440a8000 r--s 0000b000 103:04 4854794                   /home/tom/.gradle/wrapper/dists/gradle-4.1-all/bzyivzo6n839fup2jbap0tjew/gradle-4.1/lib/plugins/maven-artifact-3.0.4.jar
7fa0440a8000-7fa0440aa000 r--s 00006000 103:04 4854795                   /home/tom/.gradle/wrapper/dists/gradle-4.1-all/bzyivzo6n839fup2jbap0tjew/gradle-4.1/lib/plugins/maven-repository-metadata-3.0.4.jar
7fa0440aa000-7fa0440ac000 r--s 0000b000 103:04 4854796                   /home/tom/.gradle/wrapper/dists/gradle-4.1-all/bzyivzo6n839fup2jbap0tjew/gradle-4.1/lib/plugins/maven-plugin-api-3.0.4.jar
7fa0440ac000-7fa0440ae000 r--s 0000c000 103:04 4854797                   /home/tom/.gradle/wrapper/dists/gradle-4.1-all/bzyivzo6n839fup2jbap0tjew/gradle-4.1/lib/plugins/maven-aether-provider-3.0.4.jar
7fa0440ae000-7fa0440af000 r--s 00002000 103:04 4854798                   /home/tom/.gradle/wrapper/dists/gradle-4.1-all/bzyivzo6n839fup2jbap0tjew/gradle-4.1/lib/plugins/wagon-file-2.4.jar
7fa0440af000-7fa0440b0000 r--s 00002000 103:04 4854799                   /home/tom/.gradle/wrapper/dists/gradle-4.1-all/bzyivzo6n839fup2jbap0tjew/gradle-4.1/lib/plugins/wagon-http-2.4.jar
7fa0440b0000-7fa0440b3000 r--s 00013000 103:04 4854802                   /home/tom/.gradle/wrapper/dists/gradle-4.1-all/bzyivzo6n839fup2jbap0tjew/gradle-4.1/lib/plugins/aether-api-1.13.1.jar
7fa0440b3000-7fa0440b6000 r--s 0001d000 103:04 4854803                   /home/tom/.gradle/wrapper/dists/gradle-4.1-all/bzyivzo6n839fup2jbap0tjew/gradle-4.1/lib/plugins/aether-impl-1.13.1.jar
7fa0440b6000-7fa0440ba000 r--s 0001c000 103:04 4854805                   /home/tom/.gradle/wrapper/dists/gradle-4.1-all/bzyivzo6n839fup2jbap0tjew/gradle-4.1/lib/plugins/aether-util-1.13.1.jar
7fa0440ba000-7fa0440c6000 r--s 0007d000 103:04 4854758                   /home/tom/.gradle/wrapper/dists/gradle-4.1-all/bzyivzo6n839fup2jbap0tjew/gradle-4.1/lib/plugins/maven-core-3.0.4.jar
7fa0440c6000-7fa0440cb000 r--s 00034000 103:04 4854765                   /home/tom/.gradle/wrapper/dists/gradle-4.1-all/bzyivzo6n839fup2jbap0tjew/gradle-4.1/lib/plugins/gson-2.7.jar
7fa0440cb000-7fa0440da000 r--s 000d9000 103:04 4854772                   /home/tom/.gradle/wrapper/dists/gradle-4.1-all/bzyivzo6n839fup2jbap0tjew/gradle-4.1/lib/plugins/ivy-2.2.0.jar
7fa0440da000-7fa0440f0000 r-xp 00000000 103:04 791132                    /lib/x86_64-linux-gnu/libgcc_s.so.1
7fa0440f0000-7fa0442ef000 ---p 00016000 103:04 791132                    /lib/x86_64-linux-gnu/libgcc_s.so.1
7fa0442ef000-7fa0442f0000 r--p 00015000 103:04 791132                    /lib/x86_64-linux-gnu/libgcc_s.so.1
7fa0442f0000-7fa0442f1000 rw-p 00016000 103:04 791132                    /lib/x86_64-linux-gnu/libgcc_s.so.1
7fa0442f1000-7fa0442f3000 r--s 0000b000 103:04 4854800                   /home/tom/.gradle/wrapper/dists/gradle-4.1-all/bzyivzo6n839fup2jbap0tjew/gradle-4.1/lib/plugins/wagon-provider-api-2.4.jar
7fa0442f3000-7fa0442f8000 r--s 00040000 103:04 4854773                   /home/tom/.gradle/wrapper/dists/gradle-4.1-all/bzyivzo6n839fup2jbap0tjew/gradle-4.1/lib/plugins/jsch-0.1.54.jar
7fa0442f8000-7fa04431c000 r--s 0011a000 103:04 4854753                   /home/tom/.gradle/wrapper/dists/gradle-4.1-all/bzyivzo6n839fup2jbap0tjew/gradle-4.1/lib/plugins/gradle-dependency-management-4.1.jar
7fa04431c000-7fa044321000 r-xp 00000000 103:04 4855842                   /home/tom/.gradle/native/25/linux-amd64/libnative-platform.so
7fa044321000-7fa044520000 ---p 00005000 103:04 4855842                   /home/tom/.gradle/native/25/linux-amd64/libnative-platform.so
7fa044520000-7fa044521000 rw-p 00004000 103:04 4855842                   /home/tom/.gradle/native/25/linux-amd64/libnative-platform.so
7fa044521000-7fa044532000 r-xp 00000000 103:04 1198588                   /usr/local/android-studio/jre/jre/lib/amd64/libnio.so
7fa044532000-7fa044731000 ---p 00011000 103:04 1198588                   /usr/local/android-studio/jre/jre/lib/amd64/libnio.so
7fa044731000-7fa044732000 r--p 00010000 103:04 1198588                   /usr/local/android-studio/jre/jre/lib/amd64/libnio.so
7fa044732000-7fa044733000 rw-p 00011000 103:04 1198588                   /usr/local/android-studio/jre/jre/lib/amd64/libnio.so
7fa044733000-7fa044749000 r-xp 00000000 103:04 1198590                   /usr/local/android-studio/jre/jre/lib/amd64/libnet.so
7fa044749000-7fa044949000 ---p 00016000 103:04 1198590                   /usr/local/android-studio/jre/jre/lib/amd64/libnet.so
7fa044949000-7fa04494a000 r--p 00016000 103:04 1198590                   /usr/local/android-studio/jre/jre/lib/amd64/libnet.so
7fa04494a000-7fa04494b000 rw-p 00017000 103:04 1198590                   /usr/local/android-studio/jre/jre/lib/amd64/libnet.so
7fa04494b000-7fa044958000 r--s 00043000 103:04 4854659                   /home/tom/.gradle/wrapper/dists/gradle-4.1-all/bzyivzo6n839fup2jbap0tjew/gradle-4.1/lib/gradle-tooling-api-4.1.jar
7fa044958000-7fa044967000 r--s 000c8000 103:04 4854656                   /home/tom/.gradle/wrapper/dists/gradle-4.1-all/bzyivzo6n839fup2jbap0tjew/gradle-4.1/lib/kotlin-stdlib-1.1.3-2.jar
7fa044967000-7fa044999000 r--s 0021b000 103:04 4854655                   /home/tom/.gradle/wrapper/dists/gradle-4.1-all/bzyivzo6n839fup2jbap0tjew/gradle-4.1/lib/kotlin-reflect-1.1.3-2.jar
7fa044999000-7fa0449d5000 rw-p 00000000 00:00 0 
7fa0449d5000-7fa044b8c000 r--s 01786000 103:04 4854654                   /home/tom/.gradle/wrapper/dists/gradle-4.1-all/bzyivzo6n839fup2jbap0tjew/gradle-4.1/lib/kotlin-compiler-embeddable-1.1.3-2.jar
7fa044b8c000-7fa044bfc000 r--s 00645000 103:04 4854686                   /home/tom/.gradle/wrapper/dists/gradle-4.1-all/bzyivzo6n839fup2jbap0tjew/gradle-4.1/lib/groovy-all-2.4.11.jar
7fa044bfc000-7fa044bfd000 ---p 00000000 00:00 0 
7fa044bfd000-7fa044cfd000 rw-p 00000000 00:00 0 
7fa044cfd000-7fa044d00000 ---p 00000000 00:00 0 
7fa044d00000-7fa044dfe000 rw-p 00000000 00:00 0 
7fa044dfe000-7fa044e01000 ---p 00000000 00:00 0 
7fa044e01000-7fa044eff000 rw-p 00000000 00:00 0 
7fa044eff000-7fa044f02000 ---p 00000000 00:00 0 
7fa044f02000-7fa048000000 rw-p 00000000 00:00 0 
7fa048000000-7fa04813c000 rw-p 00000000 00:00 0 
7fa04813c000-7fa04c000000 ---p 00000000 00:00 0 
7fa04c000000-7fa04c029000 rw-p 00000000 00:00 0 
7fa04c029000-7fa050000000 ---p 00000000 00:00 0 
7fa050000000-7fa050035000 rw-p 00000000 00:00 0 
7fa050035000-7fa054000000 ---p 00000000 00:00 0 
7fa054000000-7fa054001000 r--s 00007000 103:04 4854801                   /home/tom/.gradle/wrapper/dists/gradle-4.1-all/bzyivzo6n839fup2jbap0tjew/gradle-4.1/lib/plugins/wagon-http-shared4-2.4.jar
7fa054001000-7fa054002000 r--s 00003000 103:04 4854804                   /home/tom/.gradle/wrapper/dists/gradle-4.1-all/bzyivzo6n839fup2jbap0tjew/gradle-4.1/lib/plugins/aether-spi-1.13.1.jar
7fa054002000-7fa054004000 r--s 00006000 103:04 4854806                   /home/tom/.gradle/wrapper/dists/gradle-4.1-all/bzyivzo6n839fup2jbap0tjew/gradle-4.1/lib/plugins/aether-connector-wagon-1.13.1.jar
7fa054004000-7fa054007000 r--s 0000d000 103:04 4854752                   /home/tom/.gradle/wrapper/dists/gradle-4.1-all/bzyivzo6n839fup2jbap0tjew/gradle-4.1/lib/plugins/gradle-workers-4.1.jar
7fa054007000-7fa054008000 r--s 00006000 103:04 4854660                   /home/tom/.gradle/wrapper/dists/gradle-4.1-all/bzyivzo6n839fup2jbap0tjew/gradle-4.1/lib/gradle-wrapper-4.1.jar
7fa054008000-7fa054009000 r--s 00000000 103:04 4854653                   /home/tom/.gradle/wrapper/dists/gradle-4.1-all/bzyivzo6n839fup2jbap0tjew/gradle-4.1/lib/gradle-kotlin-dsl-tooling-models-0.10.3.jar
7fa054009000-7fa05400a000 r--s 00001000 103:04 4854651                   /home/tom/.gradle/wrapper/dists/gradle-4.1-all/bzyivzo6n839fup2jbap0tjew/gradle-4.1/lib/gradle-kotlin-dsl-compiler-plugin-0.10.3.jar
7fa05400a000-7fa05400c000 r--s 00003000 103:04 4854649                   /home/tom/.gradle/wrapper/dists/gradle-4.1-all/bzyivzo6n839fup2jbap0tjew/gradle-4.1/lib/annotations-13.0.jar
7fa05400c000-7fa054016000 r--s 00073000 103:04 4854650                   /home/tom/.gradle/wrapper/dists/gradle-4.1-all/bzyivzo6n839fup2jbap0tjew/gradle-4.1/lib/gradle-kotlin-dsl-0.10.3.jar
7fa054016000-7fa05401b000 r--s 00013000 103:04 4854666                   /home/tom/.gradle/wrapper/dists/gradle-4.1-all/bzyivzo6n839fup2jbap0tjew/gradle-4.1/lib/gradle-resources-4.1.jar
7fa05401b000-7fa05401d000 r--s 00005000 103:04 4854673                   /home/tom/.gradle/wrapper/dists/gradle-4.1-all/bzyivzo6n839fup2jbap0tjew/gradle-4.1/lib/gradle-cli-4.1.jar
7fa05401d000-7fa05401f000 r--s 00003000 103:04 4854680                   /home/tom/.gradle/wrapper/dists/gradle-4.1-all/bzyivzo6n839fup2jbap0tjew/gradle-4.1/lib/jcl-over-slf4j-1.7.10.jar
7fa05401f000-7fa054020000 r--s 00005000 103:04 4854679                   /home/tom/.gradle/wrapper/dists/gradle-4.1-all/bzyivzo6n839fup2jbap0tjew/gradle-4.1/lib/log4j-over-slf4j-1.7.10.jar
7fa054020000-7fa054030000 r--s 00082000 103:04 4854669                   /home/tom/.gradle/wrapper/dists/gradle-4.1-all/bzyivzo6n839fup2jbap0tjew/gradle-4.1/lib/gradle-model-core-4.1.jar
7fa054030000-7fa054033000 ---p 00000000 00:00 0 
7fa054033000-7fa054131000 rw-p 00000000 00:00 0 
7fa054131000-7fa054134000 ---p 00000000 00:00 0 
7fa054134000-7fa054232000 rw-p 00000000 00:00 0 
7fa054232000-7fa054bfc000 r--p 00000000 103:04 1186569                   /usr/lib/locale/locale-archive
7fa054bfc000-7fa054bff000 ---p 00000000 00:00 0 
7fa054bff000-7fa054cfd000 rw-p 00000000 00:00 0 
7fa054cfd000-7fa054d00000 ---p 00000000 00:00 0 
7fa054d00000-7fa054dfe000 rw-p 00000000 00:00 0 
7fa054dfe000-7fa054dff000 ---p 00000000 00:00 0 
7fa054dff000-7fa055000000 rw-p 00000000 00:00 0 
7fa055000000-7fa057c70000 rwxp 00000000 00:00 0 
7fa057c70000-7fa064000000 ---p 00000000 00:00 0 
7fa064000000-7fa064c74000 rw-p 00000000 00:00 0 
7fa064c74000-7fa068000000 ---p 00000000 00:00 0 
7fa068000000-7fa068002000 r--s 00000000 103:04 4854678                   /home/tom/.gradle/wrapper/dists/gradle-4.1-all/bzyivzo6n839fup2jbap0tjew/gradle-4.1/lib/jul-to-slf4j-1.7.10.jar
7fa068002000-7fa068009000 r--s 0002c000 103:04 4854664                   /home/tom/.gradle/wrapper/dists/gradle-4.1-all/bzyivzo6n839fup2jbap0tjew/gradle-4.1/lib/gradle-logging-4.1.jar
7fa068009000-7fa06800b000 r--s 00006000 103:04 4854670                   /home/tom/.gradle/wrapper/dists/gradle-4.1-all/bzyivzo6n839fup2jbap0tjew/gradle-4.1/lib/gradle-base-services-groovy-4.1.jar
7fa06800b000-7fa06800d000 r--s 00007000 103:04 4854668                   /home/tom/.gradle/wrapper/dists/gradle-4.1-all/bzyivzo6n839fup2jbap0tjew/gradle-4.1/lib/gradle-model-groovy-4.1.jar
7fa06800d000-7fa06800e000 r--s 00002000 103:04 4854691                   /home/tom/.gradle/wrapper/dists/gradle-4.1-all/bzyivzo6n839fup2jbap0tjew/gradle-4.1/lib/gradle-docs-4.1.jar
7fa06800e000-7fa06801b000 r--s 00083000 103:04 4854689                   /home/tom/.gradle/wrapper/dists/gradle-4.1-all/bzyivzo6n839fup2jbap0tjew/gradle-4.1/lib/commons-collections-3.2.2.jar
7fa06801b000-7fa06801c000 r--s 00000000 103:04 4854688                   /home/tom/.gradle/wrapper/dists/gradle-4.1-all/bzyivzo6n839fup2jbap0tjew/gradle-4.1/lib/javax.inject-1.jar
7fa06801c000-7fa06801f000 r--s 00023000 103:04 4854692                   /home/tom/.gradle/wrapper/dists/gradle-4.1-all/bzyivzo6n839fup2jbap0tjew/gradle-4.1/lib/jansi-1.14.jar
7fa06801f000-7fa068020000 r--s 00004000 103:04 4854694                   /home/tom/.gradle/wrapper/dists/gradle-4.1-all/bzyivzo6n839fup2jbap0tjew/gradle-4.1/lib/native-platform-freebsd-amd64-libcpp-0.14.jar
7fa068020000-7fa068021000 r--s 00004000 103:04 4854695                   /home/tom/.gradle/wrapper/dists/gradle-4.1-all/bzyivzo6n839fup2jbap0tjew/gradle-4.1/lib/native-platform-freebsd-amd64-libstdcpp-0.14.jar
7fa068021000-7fa068022000 r--s 00004000 103:04 4854696                   /home/tom/.gradle/wrapper/dists/gradle-4.1-all/bzyivzo6n839fup2jbap0tjew/gradle-4.1/lib/native-platform-freebsd-i386-libcpp-0.14.jar
7fa068022000-7fa068023000 r--s 00003000 103:04 4854697                   /home/tom/.gradle/wrapper/dists/gradle-4.1-all/bzyivzo6n839fup2jbap0tjew/gradle-4.1/lib/native-platform-freebsd-i386-libstdcpp-0.14.jar
7fa068023000-7fa068024000 r--s 00002000 103:04 4854698                   /home/tom/.gradle/wrapper/dists/gradle-4.1-all/bzyivzo6n839fup2jbap0tjew/gradle-4.1/lib/native-platform-linux-amd64-0.14.jar
7fa068024000-7fa068025000 r--s 00002000 103:04 4854699                   /home/tom/.gradle/wrapper/dists/gradle-4.1-all/bzyivzo6n839fup2jbap0tjew/gradle-4.1/lib/native-platform-linux-i386-0.14.jar
7fa068025000-7fa068027000 r--s 00002000 103:04 4854700                   /home/tom/.gradle/wrapper/dists/gradle-4.1-all/bzyivzo6n839fup2jbap0tjew/gradle-4.1/lib/native-platform-osx-amd64-0.14.jar
7fa068027000-7fa068028000 r--s 00003000 103:04 4854701                   /home/tom/.gradle/wrapper/dists/gradle-4.1-all/bzyivzo6n839fup2jbap0tjew/gradle-4.1/lib/native-platform-osx-i386-0.14.jar
7fa068028000-7fa06802a000 r--s 0000b000 103:04 4854702                   /home/tom/.gradle/wrapper/dists/gradle-4.1-all/bzyivzo6n839fup2jbap0tjew/gradle-4.1/lib/native-platform-windows-amd64-0.14.jar
7fa06802a000-7fa06802b000 r--s 0000b000 103:04 4854703                   /home/tom/.gradle/wrapper/dists/gradle-4.1-all/bzyivzo6n839fup2jbap0tjew/gradle-4.1/lib/native-platform-windows-i386-0.14.jar
7fa06802b000-7fa06802c000 r--s 00001000 103:04 4854704                   /home/tom/.gradle/wrapper/dists/gradle-4.1-all/bzyivzo6n839fup2jbap0tjew/gradle-4.1/lib/native-platform-linux-amd64-ncurses5-0.14.jar
7fa06802c000-7fa06802d000 r--s 00001000 103:04 4854705                   /home/tom/.gradle/wrapper/dists/gradle-4.1-all/bzyivzo6n839fup2jbap0tjew/gradle-4.1/lib/native-platform-linux-amd64-ncurses6-0.14.jar
7fa06802d000-7fa06802e000 r--s 00001000 103:04 4854706                   /home/tom/.gradle/wrapper/dists/gradle-4.1-all/bzyivzo6n839fup2jbap0tjew/gradle-4.1/lib/native-platform-linux-i386-ncurses5-0.14.jar
7fa06802e000-7fa06802f000 r--s 00001000 103:04 4854707                   /home/tom/.gradle/wrapper/dists/gradle-4.1-all/bzyivzo6n839fup2jbap0tjew/gradle-4.1/lib/native-platform-linux-i386-ncurses6-0.14.jar
7fa06802f000-7fa068033000 r--s 00012000 103:04 4854690                   /home/tom/.gradle/wrapper/dists/gradle-4.1-all/bzyivzo6n839fup2jbap0tjew/gradle-4.1/lib/native-platform-0.14.jar
7fa068033000-7fa068036000 r--s 0000c000 103:04 4854667                   /home/tom/.gradle/wrapper/dists/gradle-4.1-all/bzyivzo6n839fup2jbap0tjew/gradle-4.1/lib/gradle-native-4.1.jar
7fa068036000-7fa068038000 r--s 0000f000 103:04 4854675                   /home/tom/.gradle/wrapper/dists/gradle-4.1-all/bzyivzo6n839fup2jbap0tjew/gradle-4.1/lib/reflectasm-1.07-shaded.jar
7fa068038000-7fa06803a000 r--s 00000000 103:04 4854708                   /home/tom/.gradle/wrapper/dists/gradle-4.1-all/bzyivzo6n839fup2jbap0tjew/gradle-4.1/lib/minlog-1.2.jar
7fa06803a000-7fa06803c000 r--s 00007000 103:04 4854709                   /home/tom/.gradle/wrapper/dists/gradle-4.1-all/bzyivzo6n839fup2jbap0tjew/gradle-4.1/lib/objenesis-1.2.jar
7fa06803c000-7fa068040000 r--s 00026000 103:04 4854674                   /home/tom/.gradle/wrapper/dists/gradle-4.1-all/bzyivzo6n839fup2jbap0tjew/gradle-4.1/lib/kryo-2.20.jar
7fa068040000-7fa068046000 r--s 0002b000 103:04 4854671                   /home/tom/.gradle/wrapper/dists/gradle-4.1-all/bzyivzo6n839fup2jbap0tjew/gradle-4.1/lib/gradle-messaging-4.1.jar
7fa068046000-7fa068048000 r--s 00006000 103:04 4854665                   /home/tom/.gradle/wrapper/dists/gradle-4.1-all/bzyivzo6n839fup2jbap0tjew/gradle-4.1/lib/gradle-process-services-4.1.jar
7fa068048000-7fa06804d000 r--s 00041000 103:04 4854684                   /home/tom/.gradle/wrapper/dists/gradle-4.1-all/bzyivzo6n839fup2jbap0tjew/gradle-4.1/lib/commons-lang-2.6.jar
7fa06804d000-7fa068050000 r--s 00006000 103:04 4854683                   /home/tom/.gradle/wrapper/dists/gradle-4.1-all/bzyivzo6n839fup2jbap0tjew/gradle-4.1/lib/jsr305-1.3.9.jar
7fa068050000-7fa068078000 r--s 001cf000 103:04 4854682                   /home/tom/.gradle/wrapper/dists/gradle-4.1-all/bzyivzo6n839fup2jbap0tjew/gradle-4.1/lib/guava-jdk5-17.0.jar
7fa068078000-7fa06807c000 r--s 00027000 103:04 4854677                   /home/tom/.gradle/wrapper/dists/gradle-4.1-all/bzyivzo6n839fup2jbap0tjew/gradle-4.1/lib/commons-io-2.2.jar
7fa06807c000-7fa06809b000 r--s 001d1000 103:04 4854687                   /home/tom/.gradle/wrapper/dists/gradle-4.1-all/bzyivzo6n839fup2jbap0tjew/gradle-4.1/lib/ant-1.9.6.jar
7fa06809b000-7fa0680a7000 r--s 00053000 103:04 4854672                   /home/tom/.gradle/wrapper/dists/gradle-4.1-all/bzyivzo6n839fup2jbap0tjew/gradle-4.1/lib/gradle-base-services-4.1.jar
7fa0680a7000-7fa0680f1000 r--s 00253000 103:04 4854662                   /home/tom/.gradle/wrapper/dists/gradle-4.1-all/bzyivzo6n839fup2jbap0tjew/gradle-4.1/lib/gradle-core-4.1.jar
7fa0680f1000-7fa0680fd000 r--s 0005c000 103:04 4854657                   /home/tom/.gradle/wrapper/dists/gradle-4.1-all/bzyivzo6n839fup2jbap0tjew/gradle-4.1/lib/gradle-launcher-4.1.jar
7fa0680fd000-7fa068fbc000 rw-p 00000000 00:00 0 
7fa068fbc000-7fa06918c000 r--s 03c46000 103:04 1198544                   /usr/local/android-studio/jre/jre/lib/rt.jar
7fa06918c000-7fa069d02000 rw-p 00000000 00:00 0 
7fa069d02000-7fa069d03000 ---p 00000000 00:00 0 
7fa069d03000-7fa069e03000 rw-p 00000000 00:00 0 
7fa069e03000-7fa069e04000 ---p 00000000 00:00 0 
7fa069e04000-7fa069f04000 rw-p 00000000 00:00 0 
7fa069f04000-7fa069f05000 ---p 00000000 00:00 0 
7fa069f05000-7fa06a005000 rw-p 00000000 00:00 0 
7fa06a005000-7fa06a006000 ---p 00000000 00:00 0 
7fa06a006000-7fa06a14a000 rw-p 00000000 00:00 0 
7fa06a14a000-7fa06a306000 ---p 00000000 00:00 0 
7fa06a306000-7fa06a34a000 rw-p 00000000 00:00 0 
7fa06a34a000-7fa06a506000 ---p 00000000 00:00 0 
7fa06a506000-7fa06a602000 rw-p 00000000 00:00 0 
7fa06a602000-7fa06a606000 ---p 00000000 00:00 0 
7fa06a606000-7fa06a6b9000 rw-p 00000000 00:00 0 
7fa06a6b9000-7fa06a9c7000 ---p 00000000 00:00 0 
7fa06a9c7000-7fa06a9e1000 r-xp 00000000 103:04 1198565                   /usr/local/android-studio/jre/jre/lib/amd64/libzip.so
7fa06a9e1000-7fa06abe1000 ---p 0001a000 103:04 1198565                   /usr/local/android-studio/jre/jre/lib/amd64/libzip.so
7fa06abe1000-7fa06abe2000 r--p 0001a000 103:04 1198565                   /usr/local/android-studio/jre/jre/lib/amd64/libzip.so
7fa06abe2000-7fa06abe3000 rw-p 0001b000 103:04 1198565                   /usr/local/android-studio/jre/jre/lib/amd64/libzip.so
7fa06abe3000-7fa06abee000 r-xp 00000000 103:04 791187                    /lib/x86_64-linux-gnu/libnss_files-2.26.so
7fa06abee000-7fa06aded000 ---p 0000b000 103:04 791187                    /lib/x86_64-linux-gnu/libnss_files-2.26.so
7fa06aded000-7fa06adee000 r--p 0000a000 103:04 791187                    /lib/x86_64-linux-gnu/libnss_files-2.26.so
7fa06adee000-7fa06adef000 rw-p 0000b000 103:04 791187                    /lib/x86_64-linux-gnu/libnss_files-2.26.so
7fa06adef000-7fa06adf5000 rw-p 00000000 00:00 0 
7fa06adf5000-7fa06ae00000 r-xp 00000000 103:04 791198                    /lib/x86_64-linux-gnu/libnss_nis-2.26.so
7fa06ae00000-7fa06afff000 ---p 0000b000 103:04 791198                    /lib/x86_64-linux-gnu/libnss_nis-2.26.so
7fa06afff000-7fa06b000000 r--p 0000a000 103:04 791198                    /lib/x86_64-linux-gnu/libnss_nis-2.26.so
7fa06b000000-7fa06b001000 rw-p 0000b000 103:04 791198                    /lib/x86_64-linux-gnu/libnss_nis-2.26.so
7fa06b001000-7fa06b018000 r-xp 00000000 103:04 791181                    /lib/x86_64-linux-gnu/libnsl-2.26.so
7fa06b018000-7fa06b217000 ---p 00017000 103:04 791181                    /lib/x86_64-linux-gnu/libnsl-2.26.so
7fa06b217000-7fa06b218000 r--p 00016000 103:04 791181                    /lib/x86_64-linux-gnu/libnsl-2.26.so
7fa06b218000-7fa06b219000 rw-p 00017000 103:04 791181                    /lib/x86_64-linux-gnu/libnsl-2.26.so
7fa06b219000-7fa06b21b000 rw-p 00000000 00:00 0 
7fa06b21b000-7fa06b223000 r-xp 00000000 103:04 791183                    /lib/x86_64-linux-gnu/libnss_compat-2.26.so
7fa06b223000-7fa06b422000 ---p 00008000 103:04 791183                    /lib/x86_64-linux-gnu/libnss_compat-2.26.so
7fa06b422000-7fa06b423000 r--p 00007000 103:04 791183                    /lib/x86_64-linux-gnu/libnss_compat-2.26.so
7fa06b423000-7fa06b424000 rw-p 00008000 103:04 791183                    /lib/x86_64-linux-gnu/libnss_compat-2.26.so
7fa06b424000-7fa06b451000 r-xp 00000000 103:04 1198564                   /usr/local/android-studio/jre/jre/lib/amd64/libjava.so
7fa06b451000-7fa06b650000 ---p 0002d000 103:04 1198564                   /usr/local/android-studio/jre/jre/lib/amd64/libjava.so
7fa06b650000-7fa06b651000 r--p 0002c000 103:04 1198564                   /usr/local/android-studio/jre/jre/lib/amd64/libjava.so
7fa06b651000-7fa06b653000 rw-p 0002d000 103:04 1198564                   /usr/local/android-studio/jre/jre/lib/amd64/libjava.so
7fa06b653000-7fa06b663000 r-xp 00000000 103:04 1198570                   /usr/local/android-studio/jre/jre/lib/amd64/libverify.so
7fa06b663000-7fa06b862000 ---p 00010000 103:04 1198570                   /usr/local/android-studio/jre/jre/lib/amd64/libverify.so
7fa06b862000-7fa06b864000 r--p 0000f000 103:04 1198570                   /usr/local/android-studio/jre/jre/lib/amd64/libverify.so
7fa06b864000-7fa06b865000 rw-p 00011000 103:04 1198570                   /usr/local/android-studio/jre/jre/lib/amd64/libverify.so
7fa06b865000-7fa06b86c000 r-xp 00000000 103:04 791241                    /lib/x86_64-linux-gnu/librt-2.26.so
7fa06b86c000-7fa06ba6b000 ---p 00007000 103:04 791241                    /lib/x86_64-linux-gnu/librt-2.26.so
7fa06ba6b000-7fa06ba6c000 r--p 00006000 103:04 791241                    /lib/x86_64-linux-gnu/librt-2.26.so
7fa06ba6c000-7fa06ba6d000 rw-p 00007000 103:04 791241                    /lib/x86_64-linux-gnu/librt-2.26.so
7fa06ba6d000-7fa06bbc2000 r-xp 00000000 103:04 791160                    /lib/x86_64-linux-gnu/libm-2.26.so
7fa06bbc2000-7fa06bdc1000 ---p 00155000 103:04 791160                    /lib/x86_64-linux-gnu/libm-2.26.so
7fa06bdc1000-7fa06bdc2000 r--p 00154000 103:04 791160                    /lib/x86_64-linux-gnu/libm-2.26.so
7fa06bdc2000-7fa06bdc3000 rw-p 00155000 103:04 791160                    /lib/x86_64-linux-gnu/libm-2.26.so
7fa06bdc3000-7fa06c9bb000 r-xp 00000000 103:04 1198574                   /usr/local/android-studio/jre/jre/lib/amd64/server/libjvm.so
7fa06c9bb000-7fa06cbbb000 ---p 00bf8000 103:04 1198574                   /usr/local/android-studio/jre/jre/lib/amd64/server/libjvm.so
7fa06cbbb000-7fa06cc5a000 r--p 00bf8000 103:04 1198574                   /usr/local/android-studio/jre/jre/lib/amd64/server/libjvm.so
7fa06cc5a000-7fa06cc83000 rw-p 00c97000 103:04 1198574                   /usr/local/android-studio/jre/jre/lib/amd64/server/libjvm.so
7fa06cc83000-7fa06ccc7000 rw-p 00000000 00:00 0 
7fa06ccc7000-7fa06cce1000 r-xp 00000000 103:04 791233                    /lib/x86_64-linux-gnu/libpthread-2.26.so
7fa06cce1000-7fa06cee0000 ---p 0001a000 103:04 791233                    /lib/x86_64-linux-gnu/libpthread-2.26.so
7fa06cee0000-7fa06cee1000 r--p 00019000 103:04 791233                    /lib/x86_64-linux-gnu/libpthread-2.26.so
7fa06cee1000-7fa06cee2000 rw-p 0001a000 103:04 791233                    /lib/x86_64-linux-gnu/libpthread-2.26.so
7fa06cee2000-7fa06cee6000 rw-p 00000000 00:00 0 
7fa06cee6000-7fa06cee9000 r-xp 00000000 103:04 791118                    /lib/x86_64-linux-gnu/libdl-2.26.so
7fa06cee9000-7fa06d0e8000 ---p 00003000 103:04 791118                    /lib/x86_64-linux-gnu/libdl-2.26.so
7fa06d0e8000-7fa06d0e9000 r--p 00002000 103:04 791118                    /lib/x86_64-linux-gnu/libdl-2.26.so
7fa06d0e9000-7fa06d0ea000 rw-p 00003000 103:04 791118                    /lib/x86_64-linux-gnu/libdl-2.26.so
7fa06d0ea000-7fa06d2c0000 r-xp 00000000 103:04 791094                    /lib/x86_64-linux-gnu/libc-2.26.so
7fa06d2c0000-7fa06d4c0000 ---p 001d6000 103:04 791094                    /lib/x86_64-linux-gnu/libc-2.26.so
7fa06d4c0000-7fa06d4c4000 r--p 001d6000 103:04 791094                    /lib/x86_64-linux-gnu/libc-2.26.so
7fa06d4c4000-7fa06d4c6000 rw-p 001da000 103:04 791094                    /lib/x86_64-linux-gnu/libc-2.26.so
7fa06d4c6000-7fa06d4ca000 rw-p 00000000 00:00 0 
7fa06d4ca000-7fa06d4e0000 r-xp 00000000 103:04 1198513                   /usr/local/android-studio/jre/lib/amd64/jli/libjli.so
7fa06d4e0000-7fa06d6df000 ---p 00016000 103:04 1198513                   /usr/local/android-studio/jre/lib/amd64/jli/libjli.so
7fa06d6df000-7fa06d6e0000 r--p 00015000 103:04 1198513                   /usr/local/android-studio/jre/lib/amd64/jli/libjli.so
7fa06d6e0000-7fa06d6e1000 rw-p 00016000 103:04 1198513                   /usr/local/android-studio/jre/lib/amd64/jli/libjli.so
7fa06d6e1000-7fa06d708000 r-xp 00000000 103:04 791066                    /lib/x86_64-linux-gnu/ld-2.26.so
7fa06d708000-7fa06d70a000 r--s 00000000 103:04 4854663                   /home/tom/.gradle/wrapper/dists/gradle-4.1-all/bzyivzo6n839fup2jbap0tjew/gradle-4.1/lib/gradle-jvm-services-4.1.jar
7fa06d70a000-7fa06d712000 r--s 000bd000 103:04 4854676                   /home/tom/.gradle/wrapper/dists/gradle-4.1-all/bzyivzo6n839fup2jbap0tjew/gradle-4.1/lib/asm-debug-all-6.0_ALPHA.jar
7fa06d712000-7fa06d7d7000 rw-p 00000000 00:00 0 
7fa06d7d7000-7fa06d7da000 ---p 00000000 00:00 0 
7fa06d7da000-7fa06d8da000 rw-p 00000000 00:00 0 
7fa06d8da000-7fa06d8db000 r--s 00000000 103:04 4854685                   /home/tom/.gradle/wrapper/dists/gradle-4.1-all/bzyivzo6n839fup2jbap0tjew/gradle-4.1/lib/jcip-annotations-1.0.jar
7fa06d8db000-7fa06d8dc000 r--s 00007000 103:04 4854681                   /home/tom/.gradle/wrapper/dists/gradle-4.1-all/bzyivzo6n839fup2jbap0tjew/gradle-4.1/lib/slf4j-api-1.7.10.jar
7fa06d8dc000-7fa06d8dd000 r--s 00004000 103:04 4854693                   /home/tom/.gradle/wrapper/dists/gradle-4.1-all/bzyivzo6n839fup2jbap0tjew/gradle-4.1/lib/ant-launcher-1.9.6.jar
7fa06d8dd000-7fa06d8fb000 rw-p 00000000 00:00 0 
7fa06d8fb000-7fa06d903000 rw-s 00000000 103:04 3289530                   /tmp/hsperfdata_tom/11067
7fa06d903000-7fa06d904000 rw-p 00000000 00:00 0 
7fa06d904000-7fa06d905000 ---p 00000000 00:00 0 
7fa06d905000-7fa06d908000 rw-p 00000000 00:00 0 
7fa06d908000-7fa06d909000 r--p 00027000 103:04 791066                    /lib/x86_64-linux-gnu/ld-2.26.so
7fa06d909000-7fa06d90a000 rw-p 00028000 103:04 791066                    /lib/x86_64-linux-gnu/ld-2.26.so
7fa06d90a000-7fa06d90b000 rw-p 00000000 00:00 0 
7fffea980000-7fffea9a1000 rw-p 00000000 00:00 0                          [stack]
7fffea9ac000-7fffea9af000 r--p 00000000 00:00 0                          [vvar]
7fffea9af000-7fffea9b1000 r-xp 00000000 00:00 0                          [vdso]
ffffffffff600000-ffffffffff601000 r-xp 00000000 00:00 0                  [vsyscall]

VM Arguments:
jvm_args: -Xmx1536m -Dfile.encoding=UTF-8 -Duser.country=GB -Duser.language=en -Duser.variant 
java_command: org.gradle.launcher.daemon.bootstrap.GradleDaemon 4.1
java_class_path (initial): /home/tom/.gradle/wrapper/dists/gradle-4.1-all/bzyivzo6n839fup2jbap0tjew/gradle-4.1/lib/gradle-launcher-4.1.jar
Launcher Type: SUN_STANDARD

Environment Variables:
PATH=/usr/local/sbin:/usr/local/bin:/usr/sbin:/usr/bin:/sbin:/bin:/usr/games:/usr/local/games:/snap/bin:/home/tom/Android/Sdk/platform-tools
USERNAME=tom
LD_LIBRARY_PATH=/usr/local/android-studio/bin:
SHELL=/bin/bash
DISPLAY=:0

Signal Handlers:
SIGSEGV: [libjvm.so+0x9ebc60], sa_mask[0]=11111111011111111101111111111110, sa_flags=SA_RESTART|SA_SIGINFO
SIGBUS: [libjvm.so+0x9ebc60], sa_mask[0]=11111111011111111101111111111110, sa_flags=SA_RESTART|SA_SIGINFO
SIGFPE: [libjvm.so+0x84cf60], sa_mask[0]=11111111011111111101111111111110, sa_flags=SA_RESTART|SA_SIGINFO
SIGPIPE: [libjvm.so+0x84cf60], sa_mask[0]=11111111011111111101111111111110, sa_flags=SA_RESTART|SA_SIGINFO
SIGXFSZ: [libjvm.so+0x84cf60], sa_mask[0]=11111111011111111101111111111110, sa_flags=SA_RESTART|SA_SIGINFO
SIGILL: [libjvm.so+0x84cf60], sa_mask[0]=11111111011111111101111111111110, sa_flags=SA_RESTART|SA_SIGINFO
SIGUSR1: SIG_DFL, sa_mask[0]=00000000000000000000000000000000, sa_flags=none
SIGUSR2: [libjvm.so+0x84ce30], sa_mask[0]=00100000000000000000000000000000, sa_flags=SA_RESTART|SA_SIGINFO
SIGHUP: [libjvm.so+0x84d020], sa_mask[0]=11111111011111111101111111111110, sa_flags=SA_RESTART|SA_SIGINFO
SIGINT: [libjvm.so+0x84d020], sa_mask[0]=11111111011111111101111111111110, sa_flags=SA_RESTART|SA_SIGINFO
SIGTERM: [libjvm.so+0x84d020], sa_mask[0]=11111111011111111101111111111110, sa_flags=SA_RESTART|SA_SIGINFO
SIGQUIT: [libjvm.so+0x84d020], sa_mask[0]=11111111011111111101111111111110, sa_flags=SA_RESTART|SA_SIGINFO


---------------  S Y S T E M  ---------------

OS:DISTRIB_ID=Ubuntu
DISTRIB_RELEASE=17.10
DISTRIB_CODENAME=artful
DISTRIB_DESCRIPTION="Ubuntu 17.10"

uname:Linux 4.14.8-surface #2 SMP Fri Dec 22 11:23:52 GMT 2017 x86_64
libc:glibc 2.26 NPTL 2.26 
rlimit: STACK 8192k, CORE 0k, NPROC 15003, NOFILE 1048576, AS infinity
load average:6.62 2.67 1.76

/proc/meminfo:
MemTotal:        3966468 kB
MemFree:           90652 kB
MemAvailable:          0 kB
Buffers:             268 kB
Cached:           515268 kB
SwapCached:           88 kB
Active:          3012776 kB
Inactive:         608088 kB
Active(anon):    3009732 kB
Inactive(anon):   602084 kB
Active(file):       3044 kB
Inactive(file):     6004 kB
Unevictable:         660 kB
Mlocked:             660 kB
SwapTotal:       2097148 kB
SwapFree:              0 kB
Dirty:                24 kB
Writeback:             0 kB
AnonPages:       3105956 kB
Mapped:             7292 kB
Shmem:            506576 kB
Slab:             106380 kB
SReclaimable:      40636 kB
SUnreclaim:        65744 kB
KernelStack:       16720 kB
PageTables:        77420 kB
NFS_Unstable:          0 kB
Bounce:                0 kB
WritebackTmp:          0 kB
CommitLimit:     4080380 kB
Committed_AS:   13609932 kB
VmallocTotal:   34359738367 kB
VmallocUsed:           0 kB
VmallocChunk:          0 kB
HardwareCorrupted:     0 kB
AnonHugePages:         0 kB
ShmemHugePages:        0 kB
ShmemPmdMapped:        0 kB
CmaTotal:              0 kB
CmaFree:               0 kB
HugePages_Total:       0
HugePages_Free:        0
HugePages_Rsvd:        0
HugePages_Surp:        0
Hugepagesize:       2048 kB
DirectMap4k:      208360 kB
DirectMap2M:     3909632 kB
DirectMap1G:           0 kB


CPU:total 4 (initial active 4) (2 cores per cpu, 2 threads per core) family 6 model 78 stepping 3, cmov, cx8, fxsr, mmx, sse, sse2, sse3, ssse3, sse4.1, sse4.2, popcnt, avx, avx2, aes, clmul, erms, 3dnowpref, lzcnt, ht, tsc, tscinvbit, bmi1, bmi2, adx

/proc/cpuinfo:
processor	: 0
vendor_id	: GenuineIntel
cpu family	: 6
model		: 78
model name	: Intel(R) Core(TM) m3-6Y30 CPU @ 0.90GHz
stepping	: 3
microcode	: 0xba
cpu MHz		: 1500.000
cache size	: 4096 KB
physical id	: 0
siblings	: 4
core id		: 0
cpu cores	: 2
apicid		: 0
initial apicid	: 0
fpu		: yes
fpu_exception	: yes
cpuid level	: 22
wp		: yes
flags		: fpu vme de pse tsc msr pae mce cx8 apic sep mtrr pge mca cmov pat pse36 clflush dts acpi mmx fxsr sse sse2 ss ht tm pbe syscall nx pdpe1gb rdtscp lm constant_tsc art arch_perfmon pebs bts rep_good nopl xtopology nonstop_tsc cpuid aperfmperf tsc_known_freq pni pclmulqdq dtes64 monitor ds_cpl vmx est tm2 ssse3 sdbg fma cx16 xtpr pdcm pcid sse4_1 sse4_2 x2apic movbe popcnt tsc_deadline_timer aes xsave avx f16c rdrand lahf_lm abm 3dnowprefetch cpuid_fault epb intel_pt tpr_shadow vnmi flexpriority ept vpid fsgsbase tsc_adjust bmi1 avx2 smep bmi2 erms invpcid mpx rdseed adx smap clflushopt xsaveopt xsavec xgetbv1 xsaves dtherm ida arat pln pts hwp hwp_notify hwp_act_window hwp_epp
bugs		:
bogomips	: 3024.00
clflush size	: 64
cache_alignment	: 64
address sizes	: 39 bits physical, 48 bits virtual
power management:

processor	: 1
vendor_id	: GenuineIntel
cpu family	: 6
model		: 78
model name	: Intel(R) Core(TM) m3-6Y30 CPU @ 0.90GHz
stepping	: 3
microcode	: 0xba
cpu MHz		: 1500.000
cache size	: 4096 KB
physical id	: 0
siblings	: 4
core id		: 1
cpu cores	: 2
apicid		: 2
initial apicid	: 2
fpu		: yes
fpu_exception	: yes
cpuid level	: 22
wp		: yes
flags		: fpu vme de pse tsc msr pae mce cx8 apic sep mtrr pge mca cmov pat pse36 clflush dts acpi mmx fxsr sse sse2 ss ht tm pbe syscall nx pdpe1gb rdtscp lm constant_tsc art arch_perfmon pebs bts rep_good nopl xtopology nonstop_tsc cpuid aperfmperf tsc_known_freq pni pclmulqdq dtes64 monitor ds_cpl vmx est tm2 ssse3 sdbg fma cx16 xtpr pdcm pcid sse4_1 sse4_2 x2apic movbe popcnt tsc_deadline_timer aes xsave avx f16c rdrand lahf_lm abm 3dnowprefetch cpuid_fault epb intel_pt tpr_shadow vnmi flexpriority ept vpid fsgsbase tsc_adjust bmi1 avx2 smep bmi2 erms invpcid mpx rdseed adx smap clflushopt xsaveopt xsavec xgetbv1 xsaves dtherm ida arat pln pts hwp hwp_notify hwp_act_window hwp_epp
bugs		:
bogomips	: 3024.00
clflush size	: 64
cache_alignment	: 64
address sizes	: 39 bits physical, 48 bits virtual
power management:

processor	: 2
vendor_id	: GenuineIntel
cpu family	: 6
model		: 78
model name	: Intel(R) Core(TM) m3-6Y30 CPU @ 0.90GHz
stepping	: 3
microcode	: 0xba
cpu MHz		: 1500.000
cache size	: 4096 KB
physical id	: 0
siblings	: 4
core id		: 0
cpu cores	: 2
apicid		: 1
initial apicid	: 1
fpu		: yes
fpu_exception	: yes
cpuid level	: 22
wp		: yes
flags		: fpu vme de pse tsc msr pae mce cx8 apic sep mtrr pge mca cmov pat pse36 clflush dts acpi mmx fxsr sse sse2 ss ht tm pbe syscall nx pdpe1gb rdtscp lm constant_tsc art arch_perfmon pebs bts rep_good nopl xtopology nonstop_tsc cpuid aperfmperf tsc_known_freq pni pclmulqdq dtes64 monitor ds_cpl vmx est tm2 ssse3 sdbg fma cx16 xtpr pdcm pcid sse4_1 sse4_2 x2apic movbe popcnt tsc_deadline_timer aes xsave avx f16c rdrand lahf_lm abm 3dnowprefetch cpuid_fault epb intel_pt tpr_shadow vnmi flexpriority ept vpid fsgsbase tsc_adjust bmi1 avx2 smep bmi2 erms invpcid mpx rdseed adx smap clflushopt xsaveopt xsavec xgetbv1 xsaves dtherm ida arat pln pts hwp hwp_notify hwp_act_window hwp_epp
bugs		:
bogomips	: 3024.00
clflush size	: 64
cache_alignment	: 64
address sizes	: 39 bits physical, 48 bits virtual
power management:

processor	: 3
vendor_id	: GenuineIntel
cpu family	: 6
model		: 78
model name	: Intel(R) Core(TM) m3-6Y30 CPU @ 0.90GHz
stepping	: 3
microcode	: 0xba
cpu MHz		: 1500.000
cache size	: 4096 KB
physical id	: 0
siblings	: 4
core id		: 1
cpu cores	: 2
apicid		: 3
initial apicid	: 3
fpu		: yes
fpu_exception	: yes
cpuid level	: 22
wp		: yes
flags		: fpu vme de pse tsc msr pae mce cx8 apic sep mtrr pge mca cmov pat pse36 clflush dts acpi mmx fxsr sse sse2 ss ht tm pbe syscall nx pdpe1gb rdtscp lm constant_tsc art arch_perfmon pebs bts rep_good nopl xtopology nonstop_tsc cpuid aperfmperf tsc_known_freq pni pclmulqdq dtes64 monitor ds_cpl vmx est tm2 ssse3 sdbg fma cx16 xtpr pdcm pcid sse4_1 sse4_2 x2apic movbe popcnt tsc_deadline_timer aes xsave avx f16c rdrand lahf_lm abm 3dnowprefetch cpuid_fault epb intel_pt tpr_shadow vnmi flexpriority ept vpid fsgsbase tsc_adjust bmi1 avx2 smep bmi2 erms invpcid mpx rdseed adx smap clflushopt xsaveopt xsavec xgetbv1 xsaves dtherm ida arat pln pts hwp hwp_notify hwp_act_window hwp_epp
bugs		:
bogomips	: 3024.00
clflush size	: 64
cache_alignment	: 64
address sizes	: 39 bits physical, 48 bits virtual
power management:



Memory: 4k page, physical 3966468k(90488k free), swap 2097148k(0k free)

vm_info: OpenJDK 64-Bit Server VM (25.152-b01) for linux-amd64 JRE (1.8.0_152-release-915-b01), built by "builder" with gcc 4.8.4

time: Sun Dec 31 18:22:52 2017
elapsed time: 2186 seconds (0d 0h 36m 26s)

