#
# There is insufficient memory for the Java Runtime Environment to continue.
# Native memory allocation (mmap) failed to map 67633152 bytes for committing reserved memory.
# Possible reasons:
#   The system is out of physical RAM or swap space
#   In 32 bit mode, the process size limit was hit
# Possible solutions:
#   Reduce memory load on the system
#   Increase physical memory or swap space
#   Check if swap backing store is full
#   Use 64 bit Java on a 64 bit OS
#   Decrease Java heap size (-Xmx/-Xms)
#   Decrease number of Java threads
#   Decrease Java thread stack sizes (-Xss)
#   Set larger code cache with -XX:ReservedCodeCacheSize=
# This output file may be truncated or incomplete.
#
#  Out of Memory Error (os_linux.cpp:2640), pid=5040, tid=0x00007f29dbbfb700
#
# JRE version: OpenJDK Runtime Environment (8.0_152-b01) (build 1.8.0_152-release-915-b01)
# Java VM: OpenJDK 64-Bit Server VM (25.152-b01 mixed mode linux-amd64 compressed oops)
# Failed to write core dump. Core dumps have been disabled. To enable core dumping, try "ulimit -c unlimited" before starting Java again
#

---------------  T H R E A D  ---------------

Current thread (0x00007f2a00079000):  VMThread [stack: 0x00007f29dbafb000,0x00007f29dbbfc000] [id=5048]

Stack: [0x00007f29dbafb000,0x00007f29dbbfc000],  sp=0x00007f29dbbfa470,  free space=1021k
Native frames: (J=compiled Java code, j=interpreted, Vv=VM code, C=native code)
V  [libjvm.so+0x9eb15d]  VMError::report_and_die()+0x15d
V  [libjvm.so+0x4b8eaa]  report_vm_out_of_memory(char const*, int, unsigned long, VMErrorType, char const*)+0x8a
V  [libjvm.so+0x851370]  os::pd_commit_memory(char*, unsigned long, unsigned long, bool)+0xf0
V  [libjvm.so+0x84be8f]  os::commit_memory(char*, unsigned long, unsigned long, bool)+0x1f
V  [libjvm.so+0x8c261b]  PSVirtualSpace::expand_by(unsigned long)+0x5b
V  [libjvm.so+0x8c3290]  PSYoungGen::resize_generation(unsigned long, unsigned long)+0xb0
V  [libjvm.so+0x8c35ab]  PSYoungGen::resize(unsigned long, unsigned long)+0x1b
V  [libjvm.so+0x8bfc9c]  PSScavenge::invoke_no_policy()+0xdac
V  [libjvm.so+0x8c0478]  PSScavenge::invoke()+0x38
V  [libjvm.so+0x8748f3]  ParallelScavengeHeap::failed_mem_allocate(unsigned long)+0x63
V  [libjvm.so+0x9ecc84]  VM_ParallelGCFailedAllocation::doit()+0x84
V  [libjvm.so+0x9f1197]  VM_Operation::evaluate()+0x47
V  [libjvm.so+0x9efb78]  VMThread::evaluate_operation(VM_Operation*)+0x2c8
V  [libjvm.so+0x9efff9]  VMThread::loop()+0x219
V  [libjvm.so+0x9f0442]  VMThread::run()+0x72
V  [libjvm.so+0x84e792]  java_start(Thread*)+0xf2

VM_Operation (0x00007f29727e93b0): ParallelGCFailedAllocation, mode: safepoint, requested by thread 0x00007f2995f2c000


---------------  P R O C E S S  ---------------

Java Threads: ( => current thread )
  0x00007f2995f36800 JavaThread "Task worker for ':' Thread 3" [_thread_blocked, id=5131, stack(0x00007f29725ed000,0x00007f29726ee000)]
  0x00007f2995f2c000 JavaThread "Task worker for ':' Thread 2" [_thread_blocked, id=5130, stack(0x00007f29726ee000,0x00007f29727ef000)]
  0x00007f2995f2b800 JavaThread "Task worker for ':'" [_thread_blocked, id=5129, stack(0x00007f29727ef000,0x00007f29728f0000)]
  0x00007f2995f1e800 JavaThread "Cache worker for task history cache (/home/tom/AndroidStudioProjects/SmartAlarm/.gradle/4.1/taskHistory)" [_thread_blocked, id=5128, stack(0x00007f2972af0000,0x00007f2972bf1000)]
  0x00007f2995f02800 JavaThread "Cache worker for file content cache (/home/tom/AndroidStudioProjects/SmartAlarm/.gradle/4.1/fileContent)" [_thread_blocked, id=5126, stack(0x00007f2972bf1000,0x00007f2972cf2000)]
  0x00007f29950e9800 JavaThread "Memory manager" [_thread_blocked, id=5106, stack(0x00007f2973907000,0x00007f2973a08000)]
  0x00007f29954fa000 JavaThread "build operations Thread 4" [_thread_blocked, id=5105, stack(0x00007f29b03fb000,0x00007f29b04fc000)]
  0x00007f29954f8800 JavaThread "build operations Thread 3" [_thread_blocked, id=5104, stack(0x00007f29b04fc000,0x00007f29b05fd000)]
  0x00007f29954f2800 JavaThread "build operations Thread 2" [_thread_blocked, id=5103, stack(0x00007f29b05fd000,0x00007f29b06fe000)]
  0x00007f29954f1800 JavaThread "build operations" [_thread_blocked, id=5102, stack(0x00007f29b06fe000,0x00007f29b07ff000)]
  0x00007f29953bf000 JavaThread "Cache worker for Artifact transforms cache (/home/tom/.gradle/caches/transforms-1)" [_thread_blocked, id=5092, stack(0x00007f29d8003000,0x00007f29d8104000)]
  0x00007f2994212000 JavaThread "Cache worker for file hash cache (/home/tom/AndroidStudioProjects/SmartAlarm/.gradle/4.1/fileHashes)" [_thread_blocked, id=5091, stack(0x00007f29d877d000,0x00007f29d887e000)]
  0x00007f299411f000 JavaThread "File lock request listener" [_thread_in_native, id=5090, stack(0x00007f29d887e000,0x00007f29d897f000)]
  0x00007f2994118000 JavaThread "Cache worker for file hash cache (/home/tom/.gradle/caches/4.1/fileHashes)" [_thread_blocked, id=5089, stack(0x00007f29d897f000,0x00007f29d8a80000)]
  0x00007f2994012800 JavaThread "Stdin handler" [_thread_blocked, id=5088, stack(0x00007f29d8c80000,0x00007f29d8d81000)]
  0x00007f2994010000 JavaThread "Asynchronous log dispatcher for DefaultDaemonConnection: socket connection from /127.0.0.1:44913 to /127.0.0.1:48332" [_thread_blocked, id=5087, stack(0x00007f29d8d81000,0x00007f29d8e82000)]
  0x00007f29a800a000 JavaThread "Daemon worker" [_thread_blocked, id=5084, stack(0x00007f29d8e82000,0x00007f29d8f83000)]
  0x00007f29a8008800 JavaThread "Cancel handler" [_thread_blocked, id=5083, stack(0x00007f29d8f83000,0x00007f29d9084000)]
  0x00007f29a8003800 JavaThread "Handler for socket connection from /127.0.0.1:44913 to /127.0.0.1:48332" [_thread_in_native, id=5082, stack(0x00007f29d9084000,0x00007f29d9185000)]
  0x00007f29ac044000 JavaThread "Daemon" [_thread_blocked, id=5081, stack(0x00007f29d9185000,0x00007f29d9286000)]
  0x00007f2a00ca7800 JavaThread "Daemon periodic checks" [_thread_blocked, id=5080, stack(0x00007f29d9286000,0x00007f29d9387000)]
  0x00007f2a00c7a800 JavaThread "Incoming local TCP Connector on port 44913" [_thread_in_native, id=5079, stack(0x00007f29d938e000,0x00007f29d948f000)]
  0x00007f2a000d3800 JavaThread "Service Thread" daemon [_thread_blocked, id=5055, stack(0x00007f29daa2a000,0x00007f29dab2b000)]
  0x00007f2a000be000 JavaThread "C1 CompilerThread2" daemon [_thread_blocked, id=5054, stack(0x00007f29dab2b000,0x00007f29dac2c000)]
  0x00007f2a000bc800 JavaThread "C2 CompilerThread1" daemon [_thread_blocked, id=5053, stack(0x00007f29dac2c000,0x00007f29dad2d000)]
  0x00007f2a000b9800 JavaThread "C2 CompilerThread0" daemon [_thread_blocked, id=5052, stack(0x00007f29dad2d000,0x00007f29dae2e000)]
  0x00007f2a000b5000 JavaThread "Signal Dispatcher" daemon [_thread_blocked, id=5051, stack(0x00007f29dae2e000,0x00007f29daf2f000)]
  0x00007f2a00085000 JavaThread "Finalizer" daemon [_thread_blocked, id=5050, stack(0x00007f29db8f9000,0x00007f29db9fa000)]
  0x00007f2a00080800 JavaThread "Reference Handler" daemon [_thread_blocked, id=5049, stack(0x00007f29db9fa000,0x00007f29dbafb000)]
  0x00007f2a0000b000 JavaThread "main" [_thread_blocked, id=5043, stack(0x00007f2a0751b000,0x00007f2a0761c000)]

Other Threads:
=>0x00007f2a00079000 VMThread [stack: 0x00007f29dbafb000,0x00007f29dbbfc000] [id=5048]
  0x00007f2a000d6000 WatcherThread [stack: 0x00007f29da929000,0x00007f29daa2a000] [id=5056]

VM state:at safepoint (normal execution)

VM Mutex/Monitor currently owned by a thread:  ([mutex/lock_event])
[0x00007f2a00007be0] Threads_lock - owner thread: 0x00007f2a00079000
[0x00007f2a000080e0] Heap_lock - owner thread: 0x00007f2995f2c000

Heap:
 PSYoungGen      total 290816K, used 9831K [0x00000000e0000000, 0x00000000f3780000, 0x0000000100000000)
  eden space 263680K, 0% used [0x00000000e0000000,0x00000000e0000000,0x00000000f0180000)
  from space 27136K, 36% used [0x00000000f0180000,0x00000000f0b19e78,0x00000000f1c00000)
  to   space 26624K, 0% used [0x00000000f1c00000,0x00000000f1c00000,0x00000000f3600000)
 ParOldGen       total 98304K, used 40445K [0x00000000a0000000, 0x00000000a6000000, 0x00000000e0000000)
  object space 98304K, 41% used [0x00000000a0000000,0x00000000a277f7b8,0x00000000a6000000)
 Metaspace       used 70507K, capacity 72462K, committed 72664K, reserved 1112064K
  class space    used 9284K, capacity 9720K, committed 9728K, reserved 1048576K

Card table byte_map: [0x00007f2a0404a000,0x00007f2a0434b000] byte_map_base: 0x00007f2a03b4a000

Marking Bits: (ParMarkBitMap*) 0x00007f2a069dc3e0
 Begin Bits: [0x00007f29e9000000, 0x00007f29ea800000)
 End Bits:   [0x00007f29ea800000, 0x00007f29ec000000)

Polling page: 0x00007f2a07648000

CodeCache: size=245760Kb used=26710Kb max_used=26710Kb free=219049Kb
 bounds [0x00007f29f1000000, 0x00007f29f2a30000, 0x00007f2a00000000]
 total_blobs=8958 nmethods=8163 adapters=706
 compilation: enabled

Compilation events (10 events):
Event: 14.757 Thread 0x00007f2a000be000 nmethod 9357 0x00007f29f2a299d0 code [0x00007f29f2a29b40, 0x00007f29f2a29cc8]
Event: 14.757 Thread 0x00007f2a000be000 9337       2       com.intellij.psi.impl.source.PsiFileImpl::calcTreeElement (153 bytes)
Event: 14.758 Thread 0x00007f2a000be000 nmethod 9337 0x00007f29f2a29d90 code [0x00007f29f2a2a0a0, 0x00007f29f2a2b208]
Event: 14.758 Thread 0x00007f2a000be000 9361       2       com.intellij.psi.impl.source.PsiFileImpl::mayReloadStub (44 bytes)
Event: 14.759 Thread 0x00007f2a000be000 nmethod 9361 0x00007f29f2a2c090 code [0x00007f29f2a2c220, 0x00007f29f2a2c468]
Event: 14.759 Thread 0x00007f2a000be000 9338       2       com.intellij.psi.scope.util.PsiScopesUtil::resolveAndWalk (104 bytes)
Event: 14.760 Thread 0x00007f2a000be000 nmethod 9338 0x00007f29f2a2c5d0 code [0x00007f29f2a2c840, 0x00007f29f2a2d468]
Event: 14.760 Thread 0x00007f2a000be000 9362       2       com.intellij.psi.impl.source.PsiJavaCodeReferenceElementImpl::getTypeParameters (100 bytes)
Event: 14.761 Thread 0x00007f2a000be000 nmethod 9362 0x00007f29f2a2de50 code [0x00007f29f2a2e060, 0x00007f29f2a2e7e8]
Event: 14.761 Thread 0x00007f2a000be000 9339       2       com.intellij.psi.scope.util.PsiScopesUtil::resolveAndWalk (530 bytes)

GC Heap History (10 events):
Event: 12.440 GC heap after
Heap after GC invocations=17 (full 3):
 PSYoungGen      total 177152K, used 20988K [0x00000000e0000000, 0x00000000ec800000, 0x0000000100000000)
  eden space 155648K, 0% used [0x00000000e0000000,0x00000000e0000000,0x00000000e9800000)
  from space 21504K, 97% used [0x00000000eb200000,0x00000000ec67f090,0x00000000ec700000)
  to   space 24576K, 0% used [0x00000000e9800000,0x00000000e9800000,0x00000000eb000000)
 ParOldGen       total 98304K, used 36095K [0x00000000a0000000, 0x00000000a6000000, 0x00000000e0000000)
  object space 98304K, 36% used [0x00000000a0000000,0x00000000a233fea0,0x00000000a6000000)
 Metaspace       used 65259K, capacity 66920K, committed 67288K, reserved 1107968K
  class space    used 8688K, capacity 9091K, committed 9216K, reserved 1048576K
}
Event: 12.600 GC heap before
{Heap before GC invocations=18 (full 3):
 PSYoungGen      total 177152K, used 140743K [0x00000000e0000000, 0x00000000ec800000, 0x0000000100000000)
  eden space 155648K, 76% used [0x00000000e0000000,0x00000000e74f2de0,0x00000000e9800000)
  from space 21504K, 97% used [0x00000000eb200000,0x00000000ec67f090,0x00000000ec700000)
  to   space 24576K, 0% used [0x00000000e9800000,0x00000000e9800000,0x00000000eb000000)
 ParOldGen       total 98304K, used 36095K [0x00000000a0000000, 0x00000000a6000000, 0x00000000e0000000)
  object space 98304K, 36% used [0x00000000a0000000,0x00000000a233fea0,0x00000000a6000000)
 Metaspace       used 66424K, capacity 68122K, committed 68440K, reserved 1107968K
  class space    used 8831K, capacity 9268K, committed 9344K, reserved 1048576K
Event: 12.615 GC heap after
Heap after GC invocations=18 (full 3):
 PSYoungGen      total 180224K, used 15631K [0x00000000e0000000, 0x00000000efb80000, 0x0000000100000000)
  eden space 155648K, 0% used [0x00000000e0000000,0x00000000e0000000,0x00000000e9800000)
  from space 24576K, 63% used [0x00000000e9800000,0x00000000ea743d08,0x00000000eb000000)
  to   space 25088K, 0% used [0x00000000ee300000,0x00000000ee300000,0x00000000efb80000)
 ParOldGen       total 98304K, used 36103K [0x00000000a0000000, 0x00000000a6000000, 0x00000000e0000000)
  object space 98304K, 36% used [0x00000000a0000000,0x00000000a2341ea0,0x00000000a6000000)
 Metaspace       used 66424K, capacity 68122K, committed 68440K, reserved 1107968K
  class space    used 8831K, capacity 9268K, committed 9344K, reserved 1048576K
}
Event: 12.737 GC heap before
{Heap before GC invocations=19 (full 3):
 PSYoungGen      total 180224K, used 132308K [0x00000000e0000000, 0x00000000efb80000, 0x0000000100000000)
  eden space 155648K, 74% used [0x00000000e0000000,0x00000000e71f1488,0x00000000e9800000)
  from space 24576K, 63% used [0x00000000e9800000,0x00000000ea743d08,0x00000000eb000000)
  to   space 25088K, 0% used [0x00000000ee300000,0x00000000ee300000,0x00000000efb80000)
 ParOldGen       total 98304K, used 36103K [0x00000000a0000000, 0x00000000a6000000, 0x00000000e0000000)
  object space 98304K, 36% used [0x00000000a0000000,0x00000000a2341ea0,0x00000000a6000000)
 Metaspace       used 66617K, capacity 68352K, committed 68696K, reserved 1107968K
  class space    used 8858K, capacity 9275K, committed 9344K, reserved 1048576K
Event: 12.750 GC heap after
Heap after GC invocations=19 (full 3):
 PSYoungGen      total 231936K, used 15797K [0x00000000e0000000, 0x00000000f0300000, 0x0000000100000000)
  eden space 206848K, 0% used [0x00000000e0000000,0x00000000e0000000,0x00000000eca00000)
  from space 25088K, 62% used [0x00000000ee300000,0x00000000ef26d7f0,0x00000000efb80000)
  to   space 25600K, 0% used [0x00000000eca00000,0x00000000eca00000,0x00000000ee300000)
 ParOldGen       total 98304K, used 36111K [0x00000000a0000000, 0x00000000a6000000, 0x00000000e0000000)
  object space 98304K, 36% used [0x00000000a0000000,0x00000000a2343ea0,0x00000000a6000000)
 Metaspace       used 66617K, capacity 68352K, committed 68696K, reserved 1107968K
  class space    used 8858K, capacity 9275K, committed 9344K, reserved 1048576K
}
Event: 13.068 GC heap before
{Heap before GC invocations=20 (full 3):
 PSYoungGen      total 231936K, used 194383K [0x00000000e0000000, 0x00000000f0300000, 0x0000000100000000)
  eden space 206848K, 86% used [0x00000000e0000000,0x00000000eae667e0,0x00000000eca00000)
  from space 25088K, 62% used [0x00000000ee300000,0x00000000ef26d7f0,0x00000000efb80000)
  to   space 25600K, 0% used [0x00000000eca00000,0x00000000eca00000,0x00000000ee300000)
 ParOldGen       total 98304K, used 36111K [0x00000000a0000000, 0x00000000a6000000, 0x00000000e0000000)
  object space 98304K, 36% used [0x00000000a0000000,0x00000000a2343ea0,0x00000000a6000000)
 Metaspace       used 68284K, capacity 70016K, committed 70232K, reserved 1110016K
  class space    used 9099K, capacity 9525K, committed 9600K, reserved 1048576K
Event: 13.116 GC heap after
Heap after GC invocations=20 (full 3):
 PSYoungGen      total 232448K, used 17677K [0x00000000e0000000, 0x00000000f3600000, 0x0000000100000000)
  eden space 206848K, 0% used [0x00000000e0000000,0x00000000e0000000,0x00000000eca00000)
  from space 25600K, 69% used [0x00000000eca00000,0x00000000edb43770,0x00000000ee300000)
  to   space 26624K, 0% used [0x00000000f1c00000,0x00000000f1c00000,0x00000000f3600000)
 ParOldGen       total 98304K, used 36119K [0x00000000a0000000, 0x00000000a6000000, 0x00000000e0000000)
  object space 98304K, 36% used [0x00000000a0000000,0x00000000a2345ea0,0x00000000a6000000)
 Metaspace       used 68284K, capacity 70016K, committed 70232K, reserved 1110016K
  class space    used 9099K, capacity 9525K, committed 9600K, reserved 1048576K
}
Event: 13.365 GC heap before
{Heap before GC invocations=21 (full 3):
 PSYoungGen      total 232448K, used 193881K [0x00000000e0000000, 0x00000000f3600000, 0x0000000100000000)
  eden space 206848K, 85% used [0x00000000e0000000,0x00000000eac12f70,0x00000000eca00000)
  from space 25600K, 69% used [0x00000000eca00000,0x00000000edb43770,0x00000000ee300000)
  to   space 26624K, 0% used [0x00000000f1c00000,0x00000000f1c00000,0x00000000f3600000)
 ParOldGen       total 98304K, used 36119K [0x00000000a0000000, 0x00000000a6000000, 0x00000000e0000000)
  object space 98304K, 36% used [0x00000000a0000000,0x00000000a2345ea0,0x00000000a6000000)
 Metaspace       used 68724K, capacity 70520K, committed 70744K, reserved 1110016K
  class space    used 9153K, capacity 9599K, committed 9600K, reserved 1048576K
Event: 13.386 GC heap after
Heap after GC invocations=21 (full 3):
 PSYoungGen      total 290304K, used 17537K [0x00000000e0000000, 0x00000000f3780000, 0x0000000100000000)
  eden space 263680K, 0% used [0x00000000e0000000,0x00000000e0000000,0x00000000f0180000)
  from space 26624K, 65% used [0x00000000f1c00000,0x00000000f2d20760,0x00000000f3600000)
  to   space 27136K, 0% used [0x00000000f0180000,0x00000000f0180000,0x00000000f1c00000)
 ParOldGen       total 98304K, used 36127K [0x00000000a0000000, 0x00000000a6000000, 0x00000000e0000000)
  object space 98304K, 36% used [0x00000000a0000000,0x00000000a2347ea0,0x00000000a6000000)
 Metaspace       used 68724K, capacity 70520K, committed 70744K, reserved 1110016K
  class space    used 9153K, capacity 9599K, committed 9600K, reserved 1048576K
}
Event: 14.763 GC heap before
{Heap before GC invocations=22 (full 3):
 PSYoungGen      total 290304K, used 271778K [0x00000000e0000000, 0x00000000f3780000, 0x0000000100000000)
  eden space 263680K, 96% used [0x00000000e0000000,0x00000000ef8481e8,0x00000000f0180000)
  from space 26624K, 65% used [0x00000000f1c00000,0x00000000f2d20760,0x00000000f3600000)
  to   space 27136K, 0% used [0x00000000f0180000,0x00000000f0180000,0x00000000f1c00000)
 ParOldGen       total 98304K, used 36127K [0x00000000a0000000, 0x00000000a6000000, 0x00000000e0000000)
  object space 98304K, 36% used [0x00000000a0000000,0x00000000a2347ea0,0x00000000a6000000)
 Metaspace       used 70507K, capacity 72462K, committed 72664K, reserved 1112064K
  class space    used 9284K, capacity 9720K, committed 9728K, reserved 1048576K

Deoptimization events (10 events):
Event: 13.603 Thread 0x00007f2995f2c000 Uncommon trap: reason=bimorphic action=maybe_recompile pc=0x00007f29f1d03fa4 method=java.util.regex.Matcher.search(I)Z @ 86
Event: 13.605 Thread 0x00007f2995f2c000 Uncommon trap: reason=bimorphic action=maybe_recompile pc=0x00007f29f189f7cc method=java.util.regex.Matcher.search(I)Z @ 86
Event: 13.617 Thread 0x00007f2995f2c000 Uncommon trap: reason=unstable_if action=reinterpret pc=0x00007f29f11c13a0 method=java.lang.CharacterData.of(I)Ljava/lang/CharacterData; @ 4
Event: 13.720 Thread 0x00007f2995f2c000 Uncommon trap: reason=unstable_if action=reinterpret pc=0x00007f29f1b5c078 method=com.sun.org.apache.xerces.internal.impl.XMLEntityScanner.scanLiteral(ILcom/sun/org/apache/xerces/internal/xni/XMLString;Z)I @ 44
Event: 14.088 Thread 0x00007f2995f2c000 Uncommon trap: reason=unstable_if action=reinterpret pc=0x00007f29f2741a38 method=com.intellij.openapi.vfs.local.CoreLocalVirtualFile.getChildren()[Lcom/intellij/openapi/vfs/VirtualFile; @ 6
Event: 14.090 Thread 0x00007f2995f2c000 Uncommon trap: reason=unstable_if action=reinterpret pc=0x00007f29f24c84f8 method=org.jetbrains.org.objectweb.asm.ClassReader.readUTF8(I[C)Ljava/lang/String; @ 11
Event: 14.091 Thread 0x00007f2995f2c000 Uncommon trap: reason=unstable_if action=reinterpret pc=0x00007f29f2705484 method=org.jetbrains.org.objectweb.asm.ClassReader.readCode(Lorg/jetbrains/org/objectweb/asm/MethodVisitor;Lorg/jetbrains/org/objectweb/asm/Context;I)V @ 2323
Event: 14.096 Thread 0x00007f2995f2c000 Uncommon trap: reason=unstable_if action=reinterpret pc=0x00007f29f27a3338 method=org.jetbrains.org.objectweb.asm.ClassReader.readLabel(I[Lorg/jetbrains/org/objectweb/asm/Label;)Lorg/jetbrains/org/objectweb/asm/Label; @ 3
Event: 14.116 Thread 0x00007f2995f2c000 Uncommon trap: reason=unstable_if action=reinterpret pc=0x00007f29f272764c method=gnu.trove.TObjectHash.insertionIndex(Ljava/lang/Object;)I @ 203
Event: 14.588 Thread 0x00007f2995f2c000 Uncommon trap: reason=unstable_if action=reinterpret pc=0x00007f29f28bffe8 method=com.intellij.lang.java.lexer.JavaLexer._locateToken()V @ 265

Classes redefined (0 events):
No events

Internal exceptions (10 events):
Event: 12.720 Thread 0x00007f2995f2c000 Exception <a 'java/lang/NoSuchMethodError': java.lang.Object.lambda$static$0(I)[Lcom/intellij/psi/PsiField;> (0x00000000e2fa9100) thrown at [/ssd/Android/AOSP-openjdk-git/jdk8u/hotspot/src/share/vm/interpreter/linkResolver.cpp, line 584]
Event: 12.735 Thread 0x00007f2995f2c000 Exception <a 'java/lang/NoSuchMethodError': java.lang.Object.lambda$static$0(I)[Lcom/intellij/psi/PsiClassInitializer;> (0x00000000e6608c48) thrown at [/ssd/Android/AOSP-openjdk-git/jdk8u/hotspot/src/share/vm/interpreter/linkResolver.cpp, line 584]
Event: 12.754 Thread 0x00007f2995f2c000 Exception <a 'java/lang/NoSuchMethodError': java.lang.Object.lambda$static$0(I)[Lcom/intellij/psi/PsiMethod;> (0x00000000e2be20d8) thrown at [/ssd/Android/AOSP-openjdk-git/jdk8u/hotspot/src/share/vm/interpreter/linkResolver.cpp, line 584]
Event: 12.776 Thread 0x00007f2995f2c000 Exception <a 'java/lang/NoSuchMethodError': java.lang.Object.lambda$static$0(I)[Lcom/intellij/psi/PsiNameValuePair;> (0x00000000e2d0e4f0) thrown at [/ssd/Android/AOSP-openjdk-git/jdk8u/hotspot/src/share/vm/interpreter/linkResolver.cpp, line 584]
Event: 12.777 Thread 0x00007f2995f2c000 Exception <a 'java/lang/NoSuchMethodError': java.lang.Object.lambda$static$0(I)[Lcom/intellij/psi/PsiParameter;> (0x00000000e2d1e2e0) thrown at [/ssd/Android/AOSP-openjdk-git/jdk8u/hotspot/src/share/vm/interpreter/linkResolver.cpp, line 584]
Event: 12.795 Thread 0x00007f2995f2c000 Exception <a 'java/lang/NoSuchMethodError': java.lang.Object.lambda$static$0(I)[Lcom/intellij/psi/PsiStatement;> (0x00000000e2db7318) thrown at [/ssd/Android/AOSP-openjdk-git/jdk8u/hotspot/src/share/vm/interpreter/linkResolver.cpp, line 584]
Event: 12.816 Thread 0x00007f2995f2c000 Exception <a 'java/lang/NoSuchMethodError': java.lang.Object.lambda$static$0(I)[Lcom/intellij/psi/PsiExpression;> (0x00000000e2e5fc30) thrown at [/ssd/Android/AOSP-openjdk-git/jdk8u/hotspot/src/share/vm/interpreter/linkResolver.cpp, line 584]
Event: 12.817 Thread 0x00007f2995f2c000 Exception <a 'java/lang/NoSuchMethodError': java.lang.Object.lambda$static$1(Lcom/intellij/psi/PsiExpression;)Lcom/intellij/psi/PsiType;> (0x00000000e2e629f0) thrown at [/ssd/Android/AOSP-openjdk-git/jdk8u/hotspot/src/share/vm/interpreter/linkResolver.cpp
Event: 14.214 Thread 0x00007f2995f2c000 Exception <a 'java/lang/NoSuchMethodError': java.lang.Object.lambda$static$0(I)[Lcom/intellij/psi/PsiAnnotationMemberValue;> (0x00000000ee453ec0) thrown at [/ssd/Android/AOSP-openjdk-git/jdk8u/hotspot/src/share/vm/interpreter/linkResolver.cpp, line 584]
Event: 14.316 Thread 0x00007f2995f2c000 Exception <a 'java/lang/NoSuchMethodError': java.lang.Object.lambda$static$0(I)[Lcom/intellij/psi/PsiCatchSection;> (0x00000000ee755998) thrown at [/ssd/Android/AOSP-openjdk-git/jdk8u/hotspot/src/share/vm/interpreter/linkResolver.cpp, line 584]

Events (10 events):
Event: 14.761 loading class com/intellij/psi/PsiDiamondTypeImpl$3 done
Event: 14.761 loading class com/intellij/psi/PsiDiamondTypeImpl$4
Event: 14.761 loading class com/intellij/psi/PsiDiamondTypeImpl$4 done
Event: 14.762 loading class com/intellij/psi/util/CachedValueProvider$Result
Event: 14.762 loading class com/intellij/psi/util/CachedValueProvider$Result done
Event: 14.762 loading class com/intellij/psi/PsiNewExpression
Event: 14.762 loading class com/intellij/psi/PsiNewExpression done
Event: 14.762 loading class com/intellij/psi/PsiNewExpression
Event: 14.762 loading class com/intellij/psi/PsiNewExpression done
Event: 14.763 Executing VM operation: ParallelGCFailedAllocation


Dynamic libraries:
00400000-00401000 r-xp 00000000 103:04 1198465                           /usr/local/android-studio/jre/bin/java
00600000-00601000 r--p 00000000 103:04 1198465                           /usr/local/android-studio/jre/bin/java
00601000-00602000 rw-p 00001000 103:04 1198465                           /usr/local/android-studio/jre/bin/java
022af000-022d0000 rw-p 00000000 00:00 0                                  [heap]
a0000000-a6000000 rw-p 00000000 00:00 0 
a6000000-e0000000 ---p 00000000 00:00 0 
e0000000-f3780000 rw-p 00000000 00:00 0 
f7800000-100000000 ---p 00000000 00:00 0 
100000000-100980000 rw-p 00000000 00:00 0 
100980000-140000000 ---p 00000000 00:00 0 
7f2968000000-7f2968026000 rw-p 00000000 00:00 0 
7f2968026000-7f296c000000 ---p 00000000 00:00 0 
7f296c000000-7f296c04a000 rw-p 00000000 00:00 0 
7f296c04a000-7f2970000000 ---p 00000000 00:00 0 
7f29714cc000-7f297164c000 rw-p 00000000 00:00 0 
7f297164c000-7f29716cc000 ---p 00000000 00:00 0 
7f29716cc000-7f29716cf000 r--s 00004000 103:04 926020                    /home/tom/.gradle/caches/modules-2/files-2.1/com.android.support/support-annotations/26.1.0/814258103cf26a15fcc26ecce35f5b7d24b73f8/support-annotations-26.1.0.jar
7f29716cf000-7f29718cf000 rw-p 00000000 00:00 0 
7f29718cf000-7f2971acf000 rw-p 00000000 00:00 0 
7f2971acf000-7f2971ccf000 rw-p 00000000 00:00 0 
7f2971ccf000-7f2971dcb000 r--s 01842000 103:04 1061910                   /home/tom/Android/Sdk/platforms/android-26/android.jar
7f2971dcb000-7f2971dce000 r--s 0000c000 103:04 3289351                   /home/tom/.gradle/caches/transforms-1/files-1.1/play-services-tasks-11.6.2.aar/dc061b6d3bc04d0fe006e38017390299/jars/classes.jar
7f2971dce000-7f2971dd9000 r--s 00083000 103:04 3289438                   /home/tom/.gradle/caches/transforms-1/files-1.1/wearable-2.1.0.aar/e3ae8ed462cc0f4c3e8febad77fa2b67/jars/classes.jar
7f2971dd9000-7f2971ddc000 r--s 00018000 103:04 3289610                   /home/tom/.gradle/caches/transforms-1/files-1.1/volley-1.1.0.aar/c17a2ba67c5a1bbb6a7863a80f29dc49/jars/classes.jar
7f2971ddc000-7f2971dde000 r--s 00002000 103:04 3289340                   /home/tom/.gradle/caches/transforms-1/files-1.1/percent-26.1.0.aar/678d855e8ef192fa9351e83f5718f58e/jars/classes.jar
7f2971dde000-7f2971ddf000 r--s 00000000 103:04 3408563                   /home/tom/.gradle/caches/transforms-1/files-1.1/play-services-wearable-license-11.6.2.aar/1f03a3a786656ca15c9e9281f9821e44/jars/classes.jar
7f2971ddf000-7f2971de0000 r--s 00006000 103:04 3679824                   /home/tom/.gradle/caches/transforms-1/files-1.1/wearpreferenceactivity-0.5.0.aar/174952acdc03f09182732a353bc9f64c/jars/classes.jar
7f2971de0000-7f2971de2000 r--s 00011000 103:04 3289564                   /home/tom/.gradle/caches/transforms-1/files-1.1/graphview-4.2.1.aar/f3c95f9973692a52cba38de716b3b596/jars/classes.jar
7f2971de2000-7f2971de7000 r--s 0001d000 103:04 1061634                   /home/tom/Android/Sdk/platforms/android-27/data/annotations.zip
7f2971de7000-7f2971dec000 r--s 00039000 103:04 1456600                   /home/tom/.gradle/caches/transforms-1/files-1.1/support-core-ui-26.1.0.aar/00179f1007723679ef4c9b94d0c7e086/jars/classes.jar
7f2971dec000-7f2971ded000 r--s 00000000 103:04 663028                    /home/tom/.gradle/caches/transforms-1/files-1.1/support-v4-26.1.0.aar/82d4bad37f013b05b50c74b43011f652/jars/classes.jar
7f2971ded000-7f2971fed000 rw-p 00000000 00:00 0 
7f2971fed000-7f29721ed000 rw-p 00000000 00:00 0 
7f29721ed000-7f29723ed000 rw-p 00000000 00:00 0 
7f29723ed000-7f29725ed000 rw-p 00000000 00:00 0 
7f29725ed000-7f29725f0000 ---p 00000000 00:00 0 
7f29725f0000-7f29726ee000 rw-p 00000000 00:00 0 
7f29726ee000-7f29726f1000 ---p 00000000 00:00 0 
7f29726f1000-7f29727ef000 rw-p 00000000 00:00 0 
7f29727ef000-7f29727f2000 ---p 00000000 00:00 0 
7f29727f2000-7f2972af0000 rw-p 00000000 00:00 0 
7f2972af0000-7f2972af3000 ---p 00000000 00:00 0 
7f2972af3000-7f2972bf1000 rw-p 00000000 00:00 0 
7f2972bf1000-7f2972bf4000 ---p 00000000 00:00 0 
7f2972bf4000-7f2972ef2000 rw-p 00000000 00:00 0 
7f2972ef2000-7f29730f2000 rw-p 00000000 00:00 0 
7f29730f2000-7f29732f2000 rw-p 00000000 00:00 0 
7f29732f2000-7f2973304000 r--s 00345000 103:04 1198547                   /usr/local/android-studio/jre/jre/lib/resources.jar
7f2973304000-7f2973504000 rw-p 00000000 00:00 0 
7f2973504000-7f2973704000 rw-p 00000000 00:00 0 
7f2973704000-7f2973707000 r--s 00015000 103:04 1198546                   /usr/local/android-studio/jre/jre/lib/jce.jar
7f2973707000-7f2973907000 rw-p 00000000 00:00 0 
7f2973907000-7f297390a000 ---p 00000000 00:00 0 
7f297390a000-7f2973a08000 rw-p 00000000 00:00 0 
7f2973a08000-7f2973a09000 r--p 00000000 103:04 1970248                   /usr/share/locale-langpack/en_GB/LC_MESSAGES/libc.mo
7f2973a09000-7f2973c09000 rw-p 00000000 00:00 0 
7f2973c09000-7f2973dff000 rw-p 00000000 00:00 0 
7f2973dff000-7f2973e09000 ---p 00000000 00:00 0 
7f2973e09000-7f2973e14000 r--s 00081000 103:04 662964                    /home/tom/.gradle/caches/jars-3/fc6e889a0f45cc9752787eb60f920103/trove4j-20160824.jar
7f2973e14000-7f2973e97000 r--s 00758000 103:04 662962                    /home/tom/.gradle/caches/jars-3/b46ab84062ddfd52701cfe0a9718e764/intellij-core-26.0.1.jar
7f2973e97000-7f2973e9d000 r--s 00033000 103:04 662960                    /home/tom/.gradle/caches/jars-3/f96c897d327ea500d64fe3af2833bd50/commons-codec-1.6.jar
7f2973e9d000-7f2973e9f000 r--s 0000d000 103:04 662958                    /home/tom/.gradle/caches/jars-3/ccc849edcf9fccd61ed937bf93ffe896/commons-logging-1.1.1.jar
7f2973e9f000-7f2973ea5000 r--s 00032000 103:04 662956                    /home/tom/.gradle/caches/jars-3/72e344059d1923829968d0d38b0c3c72/httpcore-4.2.5.jar
7f2973ea5000-7f2973ea6000 r--s 00004000 103:04 662954                    /home/tom/.gradle/caches/jars-3/3a4299d1ce3e273e7c03a9ccf5a1e333/annotations-12.0.jar
7f2973ea6000-7f2973ea7000 r--s 00000000 103:04 662952                    /home/tom/.gradle/caches/jars-3/0e2fbc3b8c56d2975eca90c524790c13/animal-sniffer-annotations-1.14.jar
7f2973ea7000-7f2973ea9000 r--s 00001000 103:04 662950                    /home/tom/.gradle/caches/jars-3/ad41f8f3ac67c0323ce9eb1c20c8dc3f/j2objc-annotations-1.1.jar
7f2973ea9000-7f2973eaa000 r--s 00002000 103:04 662948                    /home/tom/.gradle/caches/jars-3/9edb0f46b907c34c4718edabde6c791c/error_prone_annotations-2.0.18.jar
7f2973eaa000-7f2973ead000 r--s 00006000 103:04 662946                    /home/tom/.gradle/caches/jars-3/b58a9bc3bbba42132e4abc0bacae8da1/jsr305-1.3.9.jar
7f2973ead000-7f2973eae000 r--s 0000a000 103:04 662944                    /home/tom/.gradle/caches/jars-3/5b8b36ed61fe92731031cca3c9b3a0b3/kxml2-2.3.0.jar
7f2973eae000-7f2973eb0000 r--s 00005000 103:04 662942                    /home/tom/.gradle/caches/jars-3/f10e1e1978816198f2eb1189c974b440/httpmime-4.1.jar
7f2973eb0000-7f2973eba000 r--s 00061000 103:04 662940                    /home/tom/.gradle/caches/jars-3/bc4b2527f35dc983f759e8f85f3f8d52/httpclient-4.2.6.jar
7f2973eba000-7f2973ec3000 r--s 00064000 103:04 662938                    /home/tom/.gradle/caches/jars-3/fc37c717528c2a0d27f3e3621835f781/commons-compress-1.12.jar
7f2973ec3000-7f2973ec8000 r--s 0002e000 103:04 662936                    /home/tom/.gradle/caches/jars-3/c5bcda7f6f4809e9c92270f99e51f154/gson-2.3.jar
7f2973ec8000-7f2973ed8000 r--s 000d6000 103:04 662934                    /home/tom/.gradle/caches/jars-3/dbdb8caed2514263a34702cc763c6785/proguard-base-5.3.3.jar
7f2973ed8000-7f2973eda000 r--s 00003000 103:04 662932                    /home/tom/.gradle/caches/jars-3/01ab8600ebbfdcaf9b89b45c2b992e82/annotations-13.0.jar
7f2973eda000-7f2973edb000 r--s 00001000 103:04 662930                    /home/tom/.gradle/caches/jars-3/dccac9b7f67766e57200b1770178f61c/annotations-26.0.1.jar
7f2973edb000-7f2974000000 r--s 00f5d000 103:04 5130812                   /home/tom/.gradle/caches/jars-3/dfd566a90e18a0aa75879c33e0731ab8/fastutil-7.2.0.jar
7f2974000000-7f297403f000 rw-p 00000000 00:00 0 
7f297403f000-7f2978000000 ---p 00000000 00:00 0 
7f2978000000-7f29789aa000 rw-p 00000000 00:00 0 
7f29789aa000-7f297c000000 ---p 00000000 00:00 0 
7f297c000000-7f297c021000 rw-p 00000000 00:00 0 
7f297c021000-7f2980000000 ---p 00000000 00:00 0 
7f2980000000-7f2980021000 rw-p 00000000 00:00 0 
7f2980021000-7f2984000000 ---p 00000000 00:00 0 
7f2984000000-7f2984021000 rw-p 00000000 00:00 0 
7f2984021000-7f2988000000 ---p 00000000 00:00 0 
7f2988000000-7f2988021000 rw-p 00000000 00:00 0 
7f2988021000-7f298c000000 ---p 00000000 00:00 0 
7f298c000000-7f298c021000 rw-p 00000000 00:00 0 
7f298c021000-7f2990000000 ---p 00000000 00:00 0 
7f2990000000-7f2990026000 rw-p 00000000 00:00 0 
7f2990026000-7f2994000000 ---p 00000000 00:00 0 
7f2994000000-7f2995f3c000 rw-p 00000000 00:00 0 
7f2995f3c000-7f2998000000 ---p 00000000 00:00 0 
7f2998000000-7f2998283000 rw-p 00000000 00:00 0 
7f2998283000-7f299c000000 ---p 00000000 00:00 0 
7f299c000000-7f299c02d000 rw-p 00000000 00:00 0 
7f299c02d000-7f29a0000000 ---p 00000000 00:00 0 
7f29a0000000-7f29a0021000 rw-p 00000000 00:00 0 
7f29a0021000-7f29a4000000 ---p 00000000 00:00 0 
7f29a4000000-7f29a4021000 rw-p 00000000 00:00 0 
7f29a4021000-7f29a8000000 ---p 00000000 00:00 0 
7f29a8000000-7f29a8021000 rw-p 00000000 00:00 0 
7f29a8021000-7f29ac000000 ---p 00000000 00:00 0 
7f29ac000000-7f29ac07b000 rw-p 00000000 00:00 0 
7f29ac07b000-7f29b0000000 ---p 00000000 00:00 0 
7f29b0000000-7f29b0003000 r--s 00033000 103:04 662928                    /home/tom/.gradle/caches/jars-3/0ce03714647bf7bd3c78634c20ddbf38/juniversalchardet-1.0.3.jar
7f29b0003000-7f29b0007000 r--s 0002a000 103:04 5130828                   /home/tom/.gradle/caches/jars-3/9849af6d4b0409ba64061601342f385d/commons-io-2.4.jar
7f29b0007000-7f29b001e000 r--s 00154000 103:04 5130826                   /home/tom/.gradle/caches/jars-3/57adf9abd30c921d4ea1dfdcfe7b9efd/antlr4-4.5.3.jar
7f29b001e000-7f29b001f000 r--s 00003000 103:04 5130824                   /home/tom/.gradle/caches/jars-3/54a15dd332fd4c2e246ad396835dc0d2/baseLibrary-3.0.1.jar
7f29b001f000-7f29b004f000 r--s 00245000 103:04 5130822                   /home/tom/.gradle/caches/jars-3/8e27cdebb49ba2f804f9403d90aaaac5/guava-22.0.jar
7f29b004f000-7f29b0057000 r--s 000a8000 103:04 5130820                   /home/tom/.gradle/caches/jars-3/6cc57ce9ec0d90186f781694264d61bc/lombok-ast-0.2.3.jar
7f29b0057000-7f29b005b000 r--s 0002f000 103:04 5130818                   /home/tom/.gradle/caches/jars-3/505fcc8c47da308b2f1262f0ff3c65f1/jimfs-1.1.jar
7f29b005b000-7f29b006e000 r--s 00241000 103:04 5130816                   /home/tom/.gradle/caches/jars-3/d8dc71eb6d91c966c45f7b594129e14a/ecj-4.6.1.jar
7f29b006e000-7f29b006f000 r--s 00003000 103:04 5130814                   /home/tom/.gradle/caches/jars-3/fdb8f5ebd6a086c4818336712b830716/json-simple-1.1.jar
7f29b006f000-7f29b00ba000 r--s 002ff000 103:04 5130810                   /home/tom/.gradle/caches/jars-3/d3d44e9a7fcb4a86fb40775c385dd3d0/bcprov-jdk15on-1.56.jar
7f29b00ba000-7f29b00cb000 r--s 00097000 103:04 5130808                   /home/tom/.gradle/caches/jars-3/59ebb77d99c5ca0e24bb23272e0329dd/bcpkix-jdk15on-1.56.jar
7f29b00cb000-7f29b00cd000 r--s 00002000 103:04 5130806                   /home/tom/.gradle/caches/jars-3/f268e5e8fc83bb846ac355d6a16b1f30/javawriter-2.5.0.jar
7f29b00cd000-7f29b00d2000 r--s 0003b000 103:04 5130804                   /home/tom/.gradle/caches/jars-3/91bf67441f6ac57ccbb374f99f9ed0fc/apksig-3.0.1.jar
7f29b00d2000-7f29b00d5000 r--s 00024000 103:04 5130802                   /home/tom/.gradle/caches/jars-3/04183dcd1bde85515b23d1bbd46ea9bc/common-26.0.1.jar
7f29b00d5000-7f29b00d7000 r--s 00006000 103:04 5130800                   /home/tom/.gradle/caches/jars-3/a0ea702af2bdb16dfa1a50969b155dea/dvlib-26.0.1.jar
7f29b00d7000-7f29b00da000 r--s 00014000 103:04 5130798                   /home/tom/.gradle/caches/jars-3/6abb718b4b844aa0386163f0c2f6eb72/layoutlib-api-26.0.1.jar
7f29b00da000-7f29b00df000 r--s 0004d000 103:04 5130796                   /home/tom/.gradle/caches/jars-3/65a80584522712b8832b7c1c03186c4b/ddmlib-26.0.1.jar
7f29b00df000-7f29b00e0000 r--s 00003000 103:04 5130794                   /home/tom/.gradle/caches/jars-3/af01854c900e4906a368ef59064a245d/builder-test-api-3.0.1.jar
7f29b00e0000-7f29b00e3000 r--s 00007000 103:04 5130792                   /home/tom/.gradle/caches/jars-3/124ec36ab4edce0919b54d1123daa364/builder-model-3.0.1.jar
7f29b00e3000-7f29b00f2000 r--s 00130000 103:04 5130790                   /home/tom/.gradle/caches/jars-3/72ba1443c6adcea1f6ba21e12f0bb0fc/protobuf-java-3.0.0.jar
7f29b00f2000-7f29b0105000 r--s 001a8000 103:04 5130788                   /home/tom/.gradle/caches/jars-3/a1cbdfb97e256e71fcbd29dc4584a785/protos-26.0.1.jar
7f29b0105000-7f29b0106000 r--s 00005000 103:04 5130786                   /home/tom/.gradle/caches/jars-3/ca5180624b528b15325a5d002dbfbb6d/shared-26.0.1.jar
7f29b0106000-7f29b0108000 r--s 00004000 103:04 5130784                   /home/tom/.gradle/caches/jars-3/07f12c2b6f66ca8d4d6bd02e9c9b060a/tracker-26.0.1.jar
7f29b0108000-7f29b010a000 r--s 00002000 103:04 5130782                   /home/tom/.gradle/caches/jars-3/e91624d2ed1c3b55eec9fd768ed13c1d/proguard-gradle-5.3.3.jar
7f29b010a000-7f29b010c000 r--s 0000f000 103:04 5130780                   /home/tom/.gradle/caches/jars-3/96760c32d36a5d7066e3ccf088bfd362/jopt-simple-4.9.jar
7f29b010c000-7f29b0110000 r--s 0001e000 103:04 5130778                   /home/tom/.gradle/caches/jars-3/0d3e95aba631209a078aeec58a76633d/org.jacoco.core-0.7.4.201502262128.jar
7f29b0110000-7f29b0113000 r--s 00020000 103:04 5130776                   /home/tom/.gradle/caches/jars-3/c72fc284d34f39eab57a4e3ba83405e9/org.jacoco.report-0.7.4.201502262128.jar
7f29b0113000-7f29b0115000 r--s 0000c000 103:04 5130774                   /home/tom/.gradle/caches/jars-3/9b0a36633c92c6e87e62c81734593183/asm-5.1.jar
7f29b0115000-7f29b0117000 r--s 00006000 103:04 5130772                   /home/tom/.gradle/caches/jars-3/50c8a7da333c41693b2b7ce95b6d9d89/asm-tree-5.1.jar
7f29b0117000-7f29b0118000 r--s 0000a000 103:04 5130770                   /home/tom/.gradle/caches/jars-3/c4f1f1d5a624f981d35a78d181e2c418/asm-util-5.1.jar
7f29b0118000-7f29b011a000 r--s 0000a000 103:04 5130768                   /home/tom/.gradle/caches/jars-3/d37aa405961c464c627b1efe5def81b8/asm-commons-5.1.jar
7f29b011a000-7f29b011b000 r--s 00004000 103:04 5130766                   /home/tom/.gradle/caches/jars-3/2b2689d10a4425b1cb2d0654db2ea088/asm-analysis-5.1.jar
7f29b011b000-7f29b012a000 r--s 000c8000 103:04 5130762                   /home/tom/.gradle/caches/jars-3/af931fae44e009148423077fa09abbd1/kotlin-stdlib-1.1.3-2.jar
7f29b012a000-7f29b015c000 r--s 0021b000 103:04 5130760                   /home/tom/.gradle/caches/jars-3/24b2127528a18b338af82ff7ea236d45/kotlin-reflect-1.1.3-2.jar
7f29b015c000-7f29b0162000 r--s 00030000 103:04 5130758                   /home/tom/.gradle/caches/jars-3/90ec49f8b88710e2876aefe447609abb/repository-26.0.1.jar
7f29b0162000-7f29b016d000 r--s 0009b000 103:04 5130756                   /home/tom/.gradle/caches/jars-3/af771564c510a1c104220a8be892ab2d/sdklib-26.0.1.jar
7f29b016d000-7f29b017c000 r--s 000da000 103:04 5130754                   /home/tom/.gradle/caches/jars-3/50767da85151ce151711c301f4a0623c/sdk-common-26.0.1.jar
7f29b017c000-7f29b0180000 r--s 00023000 103:04 5130752                   /home/tom/.gradle/caches/jars-3/186e268c3a12c0a405d658dabf9d64d2/manifest-merger-26.0.1.jar
7f29b0180000-7f29b0184000 r--s 0002e000 103:04 5130750                   /home/tom/.gradle/caches/jars-3/c519ce7b2f3637e909703f541c08c445/compilerCommon-3.0.1.jar
7f29b0184000-7f29b0186000 r--s 00003000 103:04 5130748                   /home/tom/.gradle/caches/jars-3/34cfdbf6cad3f54cc2f45521bf0374e7/gradle-api-3.0.1.jar
7f29b0186000-7f29b0195000 r--s 000cb000 103:04 5130746                   /home/tom/.gradle/caches/jars-3/e5c09abb4b0acf0785ecd8a8015ab959/uast-26.0.1.jar
7f29b0195000-7f29b019c000 r--s 0007f000 103:04 5130744                   /home/tom/.gradle/caches/jars-3/b1f5a73634581e955e7f89376aea2d48/lint-api-26.0.1.jar
7f29b019c000-7f29b01a5000 r--s 000ff000 103:04 5130742                   /home/tom/.gradle/caches/jars-3/75e696a5531ca85e1fe447df83f74bd2/lint-checks-26.0.1.jar
7f29b01a5000-7f29b01a8000 r--s 00039000 103:04 5130740                   /home/tom/.gradle/caches/jars-3/7fa6c4fcdd1d81db4cc9c7439ce29486/lint-26.0.1.jar
7f29b01a8000-7f29b01d8000 r--s 01983000 103:04 5130738                   /home/tom/.gradle/caches/jars-3/add7f1627b730db059119a8274a10c21/builder-3.0.1.jar
7f29b01d8000-7f29b01fb000 r--s 0020b000 103:04 5130736                   /home/tom/.gradle/caches/jars-3/4adae2b762c8552c6e3aa2ded1493e4b/gradle-core-3.0.1.jar
7f29b01fb000-7f29b03fb000 rw-p 00000000 00:00 0 
7f29b03fb000-7f29b03fe000 ---p 00000000 00:00 0 
7f29b03fe000-7f29b04fc000 rw-p 00000000 00:00 0 
7f29b04fc000-7f29b04ff000 ---p 00000000 00:00 0 
7f29b04ff000-7f29b05fd000 rw-p 00000000 00:00 0 
7f29b05fd000-7f29b0600000 ---p 00000000 00:00 0 
7f29b0600000-7f29b06fe000 rw-p 00000000 00:00 0 
7f29b06fe000-7f29b0701000 ---p 00000000 00:00 0 
7f29b0701000-7f29b09ff000 rw-p 00000000 00:00 0 
7f29b09ff000-7f29b0bff000 rw-p 00000000 00:00 0 
7f29b0bff000-7f29b0dff000 rw-p 00000000 00:00 0 
7f29b0dff000-7f29b0fff000 rw-p 00000000 00:00 0 
7f29b0fff000-7f29b4000000 rw-p 00000000 00:00 0 
7f29b4000000-7f29b4021000 rw-p 00000000 00:00 0 
7f29b4021000-7f29b8000000 ---p 00000000 00:00 0 
7f29b8000000-7f29b8021000 rw-p 00000000 00:00 0 
7f29b8021000-7f29bc000000 ---p 00000000 00:00 0 
7f29bc000000-7f29bc021000 rw-p 00000000 00:00 0 
7f29bc021000-7f29c0000000 ---p 00000000 00:00 0 
7f29c0000000-7f29c1074000 rw-p 00000000 00:00 0 
7f29c1074000-7f29c4000000 ---p 00000000 00:00 0 
7f29c4000000-7f29c5f3f000 rw-p 00000000 00:00 0 
7f29c5f3f000-7f29c8000000 ---p 00000000 00:00 0 
7f29c8000000-7f29c9af0000 rw-p 00000000 00:00 0 
7f29c9af0000-7f29cc000000 ---p 00000000 00:00 0 
7f29cc000000-7f29cc021000 rw-p 00000000 00:00 0 
7f29cc021000-7f29d0000000 ---p 00000000 00:00 0 
7f29d0000000-7f29d0021000 rw-p 00000000 00:00 0 
7f29d0021000-7f29d4000000 ---p 00000000 00:00 0 
7f29d4000000-7f29d42c7000 rw-p 00000000 00:00 0 
7f29d42c7000-7f29d8000000 ---p 00000000 00:00 0 
7f29d8000000-7f29d8001000 r--s 00000000 103:04 5130764                   /home/tom/.gradle/caches/jars-3/5206138fb8a6b2ffbd31e140916c2100/transform-api-2.0.0-deprecated-use-gradle-api.jar
7f29d8001000-7f29d8003000 r--s 0000f000 103:04 5130734                   /home/tom/.gradle/caches/jars-3/afd86a0d8507fd7f2e97461eaf9e4416/gradle-3.0.1.jar
7f29d8003000-7f29d8006000 ---p 00000000 00:00 0 
7f29d8006000-7f29d8304000 rw-p 00000000 00:00 0 
7f29d8304000-7f29d8504000 rw-p 00000000 00:00 0 
7f29d8504000-7f29d857d000 r--s 010fd000 103:04 1198518                   /usr/local/android-studio/jre/lib/tools.jar
7f29d857d000-7f29d877d000 rw-p 00000000 00:00 0 
7f29d877d000-7f29d8780000 ---p 00000000 00:00 0 
7f29d8780000-7f29d887e000 rw-p 00000000 00:00 0 
7f29d887e000-7f29d8881000 ---p 00000000 00:00 0 
7f29d8881000-7f29d897f000 rw-p 00000000 00:00 0 
7f29d897f000-7f29d8982000 ---p 00000000 00:00 0 
7f29d8982000-7f29d8c80000 rw-p 00000000 00:00 0 
7f29d8c80000-7f29d8c83000 ---p 00000000 00:00 0 
7f29d8c83000-7f29d8d81000 rw-p 00000000 00:00 0 
7f29d8d81000-7f29d8d84000 ---p 00000000 00:00 0 
7f29d8d84000-7f29d8e82000 rw-p 00000000 00:00 0 
7f29d8e82000-7f29d8e85000 ---p 00000000 00:00 0 
7f29d8e85000-7f29d8f83000 rw-p 00000000 00:00 0 
7f29d8f83000-7f29d8f86000 ---p 00000000 00:00 0 
7f29d8f86000-7f29d9084000 rw-p 00000000 00:00 0 
7f29d9084000-7f29d9087000 ---p 00000000 00:00 0 
7f29d9087000-7f29d9185000 rw-p 00000000 00:00 0 
7f29d9185000-7f29d9188000 ---p 00000000 00:00 0 
7f29d9188000-7f29d9286000 rw-p 00000000 00:00 0 
7f29d9286000-7f29d9289000 ---p 00000000 00:00 0 
7f29d9289000-7f29d9387000 rw-p 00000000 00:00 0 
7f29d9387000-7f29d938e000 r--s 00000000 103:04 1443562                   /usr/lib/x86_64-linux-gnu/gconv/gconv-modules.cache
7f29d938e000-7f29d9391000 ---p 00000000 00:00 0 
7f29d9391000-7f29d948f000 rw-p 00000000 00:00 0 
7f29d948f000-7f29d9494000 r--s 0009a000 103:04 1198643                   /usr/local/android-studio/jre/jre/lib/jsse.jar
7f29d9494000-7f29d9694000 rw-p 00000000 00:00 0 
7f29d9694000-7f29d969d000 r-xp 00000000 103:04 1198596                   /usr/local/android-studio/jre/jre/lib/amd64/libmanagement.so
7f29d969d000-7f29d989c000 ---p 00009000 103:04 1198596                   /usr/local/android-studio/jre/jre/lib/amd64/libmanagement.so
7f29d989c000-7f29d989d000 r--p 00008000 103:04 1198596                   /usr/local/android-studio/jre/jre/lib/amd64/libmanagement.so
7f29d989d000-7f29d989e000 rw-p 00009000 103:04 1198596                   /usr/local/android-studio/jre/jre/lib/amd64/libmanagement.so
7f29d989e000-7f29d98a0000 r--s 00007000 103:04 4854729                   /home/tom/.gradle/wrapper/dists/gradle-4.1-all/bzyivzo6n839fup2jbap0tjew/gradle-4.1/lib/plugins/gradle-tooling-api-builders-4.1.jar
7f29d98a0000-7f29d98a3000 r--s 00009000 103:04 4854739                   /home/tom/.gradle/wrapper/dists/gradle-4.1-all/bzyivzo6n839fup2jbap0tjew/gradle-4.1/lib/plugins/gradle-testing-native-4.1.jar
7f29d98a3000-7f29d98a5000 r--s 00009000 103:04 4854812                   /home/tom/.gradle/wrapper/dists/gradle-4.1-all/bzyivzo6n839fup2jbap0tjew/gradle-4.1/lib/plugins/hamcrest-core-1.3.jar
7f29d98a5000-7f29d98aa000 r--s 00040000 103:04 4854807                   /home/tom/.gradle/wrapper/dists/gradle-4.1-all/bzyivzo6n839fup2jbap0tjew/gradle-4.1/lib/plugins/bsh-2.0b4.jar
7f29d98aa000-7f29d98ac000 r--s 00006000 103:04 4854808                   /home/tom/.gradle/wrapper/dists/gradle-4.1-all/bzyivzo6n839fup2jbap0tjew/gradle-4.1/lib/plugins/jcommander-1.12.jar
7f29d98ac000-7f29d98b2000 r--s 00033000 103:04 4854809                   /home/tom/.gradle/wrapper/dists/gradle-4.1-all/bzyivzo6n839fup2jbap0tjew/gradle-4.1/lib/plugins/snakeyaml-1.6.jar
7f29d98b2000-7f29d98bb000 r--s 00089000 103:04 4854767                   /home/tom/.gradle/wrapper/dists/gradle-4.1-all/bzyivzo6n839fup2jbap0tjew/gradle-4.1/lib/plugins/testng-6.3.1.jar
7f29d98bb000-7f29d98c3000 r--s 00045000 103:04 4854768                   /home/tom/.gradle/wrapper/dists/gradle-4.1-all/bzyivzo6n839fup2jbap0tjew/gradle-4.1/lib/plugins/junit-4.12.jar
7f29d98c3000-7f29d98c9000 r--s 0002e000 103:04 4854735                   /home/tom/.gradle/wrapper/dists/gradle-4.1-all/bzyivzo6n839fup2jbap0tjew/gradle-4.1/lib/plugins/gradle-testing-jvm-4.1.jar
7f29d98c9000-7f29d98cd000 r--s 00017000 103:04 4854743                   /home/tom/.gradle/wrapper/dists/gradle-4.1-all/bzyivzo6n839fup2jbap0tjew/gradle-4.1/lib/plugins/gradle-testing-base-4.1.jar
7f29d98cd000-7f29d98d4000 r--s 00038000 103:04 4854763                   /home/tom/.gradle/wrapper/dists/gradle-4.1-all/bzyivzo6n839fup2jbap0tjew/gradle-4.1/lib/plugins/bcpg-jdk15on-1.51.jar
7f29d98d4000-7f29d98d6000 r--s 0000c000 103:04 4854714                   /home/tom/.gradle/wrapper/dists/gradle-4.1-all/bzyivzo6n839fup2jbap0tjew/gradle-4.1/lib/plugins/gradle-signing-4.1.jar
7f29d98d6000-7f29d98d8000 r--s 00007000 103:04 4854720                   /home/tom/.gradle/wrapper/dists/gradle-4.1-all/bzyivzo6n839fup2jbap0tjew/gradle-4.1/lib/plugins/gradle-scala-4.1.jar
7f29d98d8000-7f29d98d9000 r--s 00004000 103:04 4854751                   /home/tom/.gradle/wrapper/dists/gradle-4.1-all/bzyivzo6n839fup2jbap0tjew/gradle-4.1/lib/plugins/gradle-resources-sftp-4.1.jar
7f29d98d9000-7f29d98e9000 r--s 00088000 103:04 4854780                   /home/tom/.gradle/wrapper/dists/gradle-4.1-all/bzyivzo6n839fup2jbap0tjew/gradle-4.1/lib/plugins/joda-time-2.8.2.jar
7f29d98e9000-7f29d98fa000 r--s 0010d000 103:04 4854779                   /home/tom/.gradle/wrapper/dists/gradle-4.1-all/bzyivzo6n839fup2jbap0tjew/gradle-4.1/lib/plugins/jackson-databind-2.6.6.jar
7f29d98fa000-7f29d98fd000 r--s 00009000 103:04 4854778                   /home/tom/.gradle/wrapper/dists/gradle-4.1-all/bzyivzo6n839fup2jbap0tjew/gradle-4.1/lib/plugins/jackson-annotations-2.6.6.jar
7f29d98fd000-7f29d9901000 r--s 0003c000 103:04 4854777                   /home/tom/.gradle/wrapper/dists/gradle-4.1-all/bzyivzo6n839fup2jbap0tjew/gradle-4.1/lib/plugins/jackson-core-2.6.6.jar
7f29d9901000-7f29d990f000 r--s 00087000 103:04 4854776                   /home/tom/.gradle/wrapper/dists/gradle-4.1-all/bzyivzo6n839fup2jbap0tjew/gradle-4.1/lib/plugins/aws-java-sdk-core-1.11.6.jar
7f29d990f000-7f29d9916000 r--s 00057000 103:04 4854775                   /home/tom/.gradle/wrapper/dists/gradle-4.1-all/bzyivzo6n839fup2jbap0tjew/gradle-4.1/lib/plugins/aws-java-sdk-kms-1.11.6.jar
7f29d9916000-7f29d9923000 r--s 0008e000 103:04 4854774                   /home/tom/.gradle/wrapper/dists/gradle-4.1-all/bzyivzo6n839fup2jbap0tjew/gradle-4.1/lib/plugins/aws-java-sdk-s3-1.11.6.jar
7f29d9923000-7f29d9925000 r--s 00004000 103:04 4854748                   /home/tom/.gradle/wrapper/dists/gradle-4.1-all/bzyivzo6n839fup2jbap0tjew/gradle-4.1/lib/plugins/gradle-resources-s3-4.1.jar
7f29d9925000-7f29d9927000 r--s 00010000 103:04 4854744                   /home/tom/.gradle/wrapper/dists/gradle-4.1-all/bzyivzo6n839fup2jbap0tjew/gradle-4.1/lib/plugins/gradle-reporting-4.1.jar
7f29d9927000-7f29d9929000 r--s 00002000 103:04 4854745                   /home/tom/.gradle/wrapper/dists/gradle-4.1-all/bzyivzo6n839fup2jbap0tjew/gradle-4.1/lib/plugins/gradle-publish-4.1.jar
7f29d9929000-7f29d992b000 r--s 00009000 103:04 4854756                   /home/tom/.gradle/wrapper/dists/gradle-4.1-all/bzyivzo6n839fup2jbap0tjew/gradle-4.1/lib/plugins/commons-cli-1.2.jar
7f29d992b000-7f29d9931000 r--s 00036000 103:04 4854728                   /home/tom/.gradle/wrapper/dists/gradle-4.1-all/bzyivzo6n839fup2jbap0tjew/gradle-4.1/lib/plugins/gradle-plugins-4.1.jar
7f29d9931000-7f29d9933000 r--s 00009000 103:04 4854715                   /home/tom/.gradle/wrapper/dists/gradle-4.1-all/bzyivzo6n839fup2jbap0tjew/gradle-4.1/lib/plugins/gradle-plugin-development-4.1.jar
7f29d9933000-7f29d9939000 r--s 0002b000 103:04 4854723                   /home/tom/.gradle/wrapper/dists/gradle-4.1-all/bzyivzo6n839fup2jbap0tjew/gradle-4.1/lib/plugins/gradle-platform-play-4.1.jar
7f29d9939000-7f29d9948000 r--s 0005b000 103:04 4854741                   /home/tom/.gradle/wrapper/dists/gradle-4.1-all/bzyivzo6n839fup2jbap0tjew/gradle-4.1/lib/plugins/gradle-platform-native-4.1.jar
7f29d9948000-7f29d994c000 r--s 0001b000 103:04 4854738                   /home/tom/.gradle/wrapper/dists/gradle-4.1-all/bzyivzo6n839fup2jbap0tjew/gradle-4.1/lib/plugins/gradle-platform-jvm-4.1.jar
7f29d994c000-7f29d9954000 r--s 00027000 103:04 4854746                   /home/tom/.gradle/wrapper/dists/gradle-4.1-all/bzyivzo6n839fup2jbap0tjew/gradle-4.1/lib/plugins/gradle-platform-base-4.1.jar
7f29d9954000-7f29d997c000 r--s 0021c000 103:04 4854757                   /home/tom/.gradle/wrapper/dists/gradle-4.1-all/bzyivzo6n839fup2jbap0tjew/gradle-4.1/lib/plugins/biz.aQute.bndlib-3.2.0.jar
7f29d997c000-7f29d997d000 r--s 00004000 103:04 4854713                   /home/tom/.gradle/wrapper/dists/gradle-4.1-all/bzyivzo6n839fup2jbap0tjew/gradle-4.1/lib/plugins/gradle-osgi-4.1.jar
7f29d997d000-7f29d9980000 r--s 0000c000 103:04 4854760                   /home/tom/.gradle/wrapper/dists/gradle-4.1-all/bzyivzo6n839fup2jbap0tjew/gradle-4.1/lib/plugins/pmaven-groovy-0.8-20100325.jar
7f29d9980000-7f29d9981000 r--s 00004000 103:04 4854759                   /home/tom/.gradle/wrapper/dists/gradle-4.1-all/bzyivzo6n839fup2jbap0tjew/gradle-4.1/lib/plugins/pmaven-common-0.8-20100325.jar
7f29d9981000-7f29d9987000 r--s 00023000 103:04 4854716                   /home/tom/.gradle/wrapper/dists/gradle-4.1-all/bzyivzo6n839fup2jbap0tjew/gradle-4.1/lib/plugins/gradle-maven-4.1.jar
7f29d9987000-7f29d998a000 r--s 0000b000 103:04 4854734                   /home/tom/.gradle/wrapper/dists/gradle-4.1-all/bzyivzo6n839fup2jbap0tjew/gradle-4.1/lib/plugins/gradle-language-scala-4.1.jar
7f29d998a000-7f29d9991000 r--s 00020000 103:04 4854740                   /home/tom/.gradle/wrapper/dists/gradle-4.1-all/bzyivzo6n839fup2jbap0tjew/gradle-4.1/lib/plugins/gradle-language-native-4.1.jar
7f29d9991000-7f29d9993000 r--s 00005000 103:04 4854737                   /home/tom/.gradle/wrapper/dists/gradle-4.1-all/bzyivzo6n839fup2jbap0tjew/gradle-4.1/lib/plugins/gradle-language-jvm-4.1.jar
7f29d9993000-7f29d999a000 r--s 0002f000 103:04 4854736                   /home/tom/.gradle/wrapper/dists/gradle-4.1-all/bzyivzo6n839fup2jbap0tjew/gradle-4.1/lib/plugins/gradle-language-java-4.1.jar
7f29d999a000-7f29d999d000 r--s 0000a000 103:04 4854733                   /home/tom/.gradle/wrapper/dists/gradle-4.1-all/bzyivzo6n839fup2jbap0tjew/gradle-4.1/lib/plugins/gradle-language-groovy-4.1.jar
7f29d999d000-7f29d99a4000 r--s 00035000 103:04 4854766                   /home/tom/.gradle/wrapper/dists/gradle-4.1-all/bzyivzo6n839fup2jbap0tjew/gradle-4.1/lib/plugins/simple-4.1.21.jar
7f29d99a4000-7f29d99b0000 r--s 00100000 103:04 4854764                   /home/tom/.gradle/wrapper/dists/gradle-4.1-all/bzyivzo6n839fup2jbap0tjew/gradle-4.1/lib/plugins/rhino-1.7R3.jar
7f29d99b0000-7f29d99b4000 r--s 00012000 103:04 4854724                   /home/tom/.gradle/wrapper/dists/gradle-4.1-all/bzyivzo6n839fup2jbap0tjew/gradle-4.1/lib/plugins/gradle-javascript-4.1.jar
7f29d99b4000-7f29d99b7000 r--s 00011000 103:04 4854726                   /home/tom/.gradle/wrapper/dists/gradle-4.1-all/bzyivzo6n839fup2jbap0tjew/gradle-4.1/lib/plugins/gradle-jacoco-4.1.jar
7f29d99b7000-7f29d99ba000 r--s 0000e000 103:04 4854725                   /home/tom/.gradle/wrapper/dists/gradle-4.1-all/bzyivzo6n839fup2jbap0tjew/gradle-4.1/lib/plugins/gradle-ivy-4.1.jar
7f29d99ba000-7f29d99bb000 r--s 00002000 103:04 4854717                   /home/tom/.gradle/wrapper/dists/gradle-4.1-all/bzyivzo6n839fup2jbap0tjew/gradle-4.1/lib/plugins/gradle-ide-play-4.1.jar
7f29d99bb000-7f29d99be000 r--s 00013000 103:04 4854718                   /home/tom/.gradle/wrapper/dists/gradle-4.1-all/bzyivzo6n839fup2jbap0tjew/gradle-4.1/lib/plugins/gradle-ide-native-4.1.jar
7f29d99be000-7f29d99c8000 r--s 00054000 103:04 4854719                   /home/tom/.gradle/wrapper/dists/gradle-4.1-all/bzyivzo6n839fup2jbap0tjew/gradle-4.1/lib/plugins/gradle-ide-4.1.jar
7f29d99c8000-7f29d99ca000 r--s 00007000 103:04 4854722                   /home/tom/.gradle/wrapper/dists/gradle-4.1-all/bzyivzo6n839fup2jbap0tjew/gradle-4.1/lib/plugins/gradle-ear-4.1.jar
7f29d99ca000-7f29d99cc000 r--s 00005000 103:04 4854754                   /home/tom/.gradle/wrapper/dists/gradle-4.1-all/bzyivzo6n839fup2jbap0tjew/gradle-4.1/lib/plugins/jatl-0.2.2.jar
7f29d99cc000-7f29d99d3000 r--s 00038000 103:04 4854742                   /home/tom/.gradle/wrapper/dists/gradle-4.1-all/bzyivzo6n839fup2jbap0tjew/gradle-4.1/lib/plugins/gradle-diagnostics-4.1.jar
7f29d99d3000-7f29d99d5000 r--s 0000b000 103:04 4854731                   /home/tom/.gradle/wrapper/dists/gradle-4.1-all/bzyivzo6n839fup2jbap0tjew/gradle-4.1/lib/plugins/gradle-composite-builds-4.1.jar
7f29d99d5000-7f29d99da000 r--s 00025000 103:04 4854711                   /home/tom/.gradle/wrapper/dists/gradle-4.1-all/bzyivzo6n839fup2jbap0tjew/gradle-4.1/lib/plugins/gradle-code-quality-4.1.jar
7f29d99da000-7f29d99df000 r--s 00022000 103:04 4854727                   /home/tom/.gradle/wrapper/dists/gradle-4.1-all/bzyivzo6n839fup2jbap0tjew/gradle-4.1/lib/plugins/gradle-build-init-4.1.jar
7f29d99df000-7f29d99e5000 r--s 0008e000 103:04 4854721                   /home/tom/.gradle/wrapper/dists/gradle-4.1-all/bzyivzo6n839fup2jbap0tjew/gradle-4.1/lib/plugins/gradle-build-comparison-4.1.jar
7f29d99e5000-7f29d99e6000 r--s 00002000 103:04 4854749                   /home/tom/.gradle/wrapper/dists/gradle-4.1-all/bzyivzo6n839fup2jbap0tjew/gradle-4.1/lib/plugins/gradle-build-cache-http-4.1.jar
7f29d99e6000-7f29d99e8000 r--s 00008000 103:04 4854712                   /home/tom/.gradle/wrapper/dists/gradle-4.1-all/bzyivzo6n839fup2jbap0tjew/gradle-4.1/lib/plugins/gradle-antlr-4.1.jar
7f29d99e8000-7f29d99ea000 r--s 00004000 103:04 4854732                   /home/tom/.gradle/wrapper/dists/gradle-4.1-all/bzyivzo6n839fup2jbap0tjew/gradle-4.1/lib/plugins/gradle-announce-4.1.jar
7f29d99ea000-7f29d99ec000 r--s 00008000 103:04 4854652                   /home/tom/.gradle/wrapper/dists/gradle-4.1-all/bzyivzo6n839fup2jbap0tjew/gradle-4.1/lib/gradle-kotlin-dsl-tooling-builders-0.10.3.jar
7f29d99ec000-7f29d99ef000 r--s 0001c000 103:04 4854770                   /home/tom/.gradle/wrapper/dists/gradle-4.1-all/bzyivzo6n839fup2jbap0tjew/gradle-4.1/lib/plugins/nekohtml-1.9.14.jar
7f29d99ef000-7f29d99f7000 r--s 00028000 103:04 4854811                   /home/tom/.gradle/wrapper/dists/gradle-4.1-all/bzyivzo6n839fup2jbap0tjew/gradle-4.1/lib/plugins/xml-apis-1.3.04.jar
7f29d99f7000-7f29d9a0f000 r--s 00115000 103:04 4854771                   /home/tom/.gradle/wrapper/dists/gradle-4.1-all/bzyivzo6n839fup2jbap0tjew/gradle-4.1/lib/plugins/xercesImpl-2.9.1.jar
7f29d9a0f000-7f29d9a15000 r--s 0005b000 103:04 4854769                   /home/tom/.gradle/wrapper/dists/gradle-4.1-all/bzyivzo6n839fup2jbap0tjew/gradle-4.1/lib/plugins/jcifs-1.3.17.jar
7f29d9a15000-7f29d9a1c000 r--s 00049000 103:04 4854810                   /home/tom/.gradle/wrapper/dists/gradle-4.1-all/bzyivzo6n839fup2jbap0tjew/gradle-4.1/lib/plugins/httpcore-4.4.4.jar
7f29d9a1c000-7f29d9a22000 r--s 00033000 103:04 4854762                   /home/tom/.gradle/wrapper/dists/gradle-4.1-all/bzyivzo6n839fup2jbap0tjew/gradle-4.1/lib/plugins/commons-codec-1.6.jar
7f29d9a22000-7f29d9a2f000 r--s 000a4000 103:04 4854755                   /home/tom/.gradle/wrapper/dists/gradle-4.1-all/bzyivzo6n839fup2jbap0tjew/gradle-4.1/lib/plugins/httpclient-4.4.1.jar
7f29d9a2f000-7f29d9a31000 r--s 0000b000 103:04 4854750                   /home/tom/.gradle/wrapper/dists/gradle-4.1-all/bzyivzo6n839fup2jbap0tjew/gradle-4.1/lib/plugins/gradle-resources-http-4.1.jar
7f29d9a31000-7f29d9a35000 r--s 00017000 103:04 4854747                   /home/tom/.gradle/wrapper/dists/gradle-4.1-all/bzyivzo6n839fup2jbap0tjew/gradle-4.1/lib/plugins/gradle-plugin-use-4.1.jar
7f29d9a35000-7f29d9a36000 r--s 00000000 103:04 4854658                   /home/tom/.gradle/wrapper/dists/gradle-4.1-all/bzyivzo6n839fup2jbap0tjew/gradle-4.1/lib/gradle-runtime-api-info-4.1.jar
7f29d9a36000-7f29d9a37000 r--s 00000000 103:04 4854661                   /home/tom/.gradle/wrapper/dists/gradle-4.1-all/bzyivzo6n839fup2jbap0tjew/gradle-4.1/lib/gradle-installation-beacon-4.1.jar
7f29d9a37000-7f29d9a77000 r--s 00277000 103:04 4854782                   /home/tom/.gradle/wrapper/dists/gradle-4.1-all/bzyivzo6n839fup2jbap0tjew/gradle-4.1/lib/plugins/bcprov-jdk15on-1.51.jar
7f29d9a77000-7f29d9a7b000 r--s 0001d000 103:04 4854781                   /home/tom/.gradle/wrapper/dists/gradle-4.1-all/bzyivzo6n839fup2jbap0tjew/gradle-4.1/lib/plugins/xbean-reflect-3.4.jar
7f29d9a7b000-7f29d9a7d000 r--s 0000a000 103:04 4854783                   /home/tom/.gradle/wrapper/dists/gradle-4.1-all/bzyivzo6n839fup2jbap0tjew/gradle-4.1/lib/plugins/maven-settings-3.0.4.jar
7f29d9a7d000-7f29d9a80000 r--s 00008000 103:04 4854784                   /home/tom/.gradle/wrapper/dists/gradle-4.1-all/bzyivzo6n839fup2jbap0tjew/gradle-4.1/lib/plugins/maven-settings-builder-3.0.4.jar
7f29d9a80000-7f29d9a84000 r--s 00033000 103:04 4854785                   /home/tom/.gradle/wrapper/dists/gradle-4.1-all/bzyivzo6n839fup2jbap0tjew/gradle-4.1/lib/plugins/plexus-utils-2.0.6.jar
7f29d9a84000-7f29d9a86000 r--s 0000d000 103:04 4854786                   /home/tom/.gradle/wrapper/dists/gradle-4.1-all/bzyivzo6n839fup2jbap0tjew/gradle-4.1/lib/plugins/plexus-interpolation-1.14.jar
7f29d9a86000-7f29d9a88000 r--s 00000000 103:04 4854761                   /home/tom/.gradle/wrapper/dists/gradle-4.1-all/bzyivzo6n839fup2jbap0tjew/gradle-4.1/lib/plugins/plexus-component-annotations-1.5.5.jar
7f29d9a88000-7f29d9a8f000 r--s 0002e000 103:04 4854787                   /home/tom/.gradle/wrapper/dists/gradle-4.1-all/bzyivzo6n839fup2jbap0tjew/gradle-4.1/lib/plugins/plexus-container-default-1.5.5.jar
7f29d9a8f000-7f29d9a91000 r--s 0000a000 103:04 4854788                   /home/tom/.gradle/wrapper/dists/gradle-4.1-all/bzyivzo6n839fup2jbap0tjew/gradle-4.1/lib/plugins/plexus-classworlds-2.4.jar
7f29d9a91000-7f29d9a93000 r--s 00002000 103:04 4854789                   /home/tom/.gradle/wrapper/dists/gradle-4.1-all/bzyivzo6n839fup2jbap0tjew/gradle-4.1/lib/plugins/plexus-cipher-1.7.jar
7f29d9a93000-7f29d9a94000 r--s 00006000 103:04 4854790                   /home/tom/.gradle/wrapper/dists/gradle-4.1-all/bzyivzo6n839fup2jbap0tjew/gradle-4.1/lib/plugins/plexus-sec-dispatcher-1.3.jar
7f29d9a94000-7f29d9a9a000 r--s 0003f000 103:04 4854791                   /home/tom/.gradle/wrapper/dists/gradle-4.1-all/bzyivzo6n839fup2jbap0tjew/gradle-4.1/lib/plugins/maven-compat-3.0.4.jar
7f29d9a9a000-7f29d9a9e000 r--s 00021000 103:04 4854792                   /home/tom/.gradle/wrapper/dists/gradle-4.1-all/bzyivzo6n839fup2jbap0tjew/gradle-4.1/lib/plugins/maven-model-builder-3.0.4.jar
7f29d9a9e000-7f29d9aa0000 r--s 00026000 103:04 4854793                   /home/tom/.gradle/wrapper/dists/gradle-4.1-all/bzyivzo6n839fup2jbap0tjew/gradle-4.1/lib/plugins/maven-model-3.0.4.jar
7f29d9aa0000-7f29d9aa2000 r--s 0000b000 103:04 4854794                   /home/tom/.gradle/wrapper/dists/gradle-4.1-all/bzyivzo6n839fup2jbap0tjew/gradle-4.1/lib/plugins/maven-artifact-3.0.4.jar
7f29d9aa2000-7f29d9aa4000 r--s 00006000 103:04 4854795                   /home/tom/.gradle/wrapper/dists/gradle-4.1-all/bzyivzo6n839fup2jbap0tjew/gradle-4.1/lib/plugins/maven-repository-metadata-3.0.4.jar
7f29d9aa4000-7f29d9aa6000 r--s 0000b000 103:04 4854796                   /home/tom/.gradle/wrapper/dists/gradle-4.1-all/bzyivzo6n839fup2jbap0tjew/gradle-4.1/lib/plugins/maven-plugin-api-3.0.4.jar
7f29d9aa6000-7f29d9aa8000 r--s 0000c000 103:04 4854797                   /home/tom/.gradle/wrapper/dists/gradle-4.1-all/bzyivzo6n839fup2jbap0tjew/gradle-4.1/lib/plugins/maven-aether-provider-3.0.4.jar
7f29d9aa8000-7f29d9aa9000 r--s 00002000 103:04 4854798                   /home/tom/.gradle/wrapper/dists/gradle-4.1-all/bzyivzo6n839fup2jbap0tjew/gradle-4.1/lib/plugins/wagon-file-2.4.jar
7f29d9aa9000-7f29d9aaa000 r--s 00002000 103:04 4854799                   /home/tom/.gradle/wrapper/dists/gradle-4.1-all/bzyivzo6n839fup2jbap0tjew/gradle-4.1/lib/plugins/wagon-http-2.4.jar
7f29d9aaa000-7f29d9aac000 r--s 0000b000 103:04 4854800                   /home/tom/.gradle/wrapper/dists/gradle-4.1-all/bzyivzo6n839fup2jbap0tjew/gradle-4.1/lib/plugins/wagon-provider-api-2.4.jar
7f29d9aac000-7f29d9aad000 r--s 00007000 103:04 4854801                   /home/tom/.gradle/wrapper/dists/gradle-4.1-all/bzyivzo6n839fup2jbap0tjew/gradle-4.1/lib/plugins/wagon-http-shared4-2.4.jar
7f29d9aad000-7f29d9ab0000 r--s 00013000 103:04 4854802                   /home/tom/.gradle/wrapper/dists/gradle-4.1-all/bzyivzo6n839fup2jbap0tjew/gradle-4.1/lib/plugins/aether-api-1.13.1.jar
7f29d9ab0000-7f29d9ab3000 r--s 0001d000 103:04 4854803                   /home/tom/.gradle/wrapper/dists/gradle-4.1-all/bzyivzo6n839fup2jbap0tjew/gradle-4.1/lib/plugins/aether-impl-1.13.1.jar
7f29d9ab3000-7f29d9ab4000 r--s 00003000 103:04 4854804                   /home/tom/.gradle/wrapper/dists/gradle-4.1-all/bzyivzo6n839fup2jbap0tjew/gradle-4.1/lib/plugins/aether-spi-1.13.1.jar
7f29d9ab4000-7f29d9ac0000 r--s 0007d000 103:04 4854758                   /home/tom/.gradle/wrapper/dists/gradle-4.1-all/bzyivzo6n839fup2jbap0tjew/gradle-4.1/lib/plugins/maven-core-3.0.4.jar
7f29d9ac0000-7f29d9ac5000 r--s 00034000 103:04 4854765                   /home/tom/.gradle/wrapper/dists/gradle-4.1-all/bzyivzo6n839fup2jbap0tjew/gradle-4.1/lib/plugins/gson-2.7.jar
7f29d9ac5000-7f29d9aca000 r--s 00040000 103:04 4854773                   /home/tom/.gradle/wrapper/dists/gradle-4.1-all/bzyivzo6n839fup2jbap0tjew/gradle-4.1/lib/plugins/jsch-0.1.54.jar
7f29d9aca000-7f29d9ad9000 r--s 000d9000 103:04 4854772                   /home/tom/.gradle/wrapper/dists/gradle-4.1-all/bzyivzo6n839fup2jbap0tjew/gradle-4.1/lib/plugins/ivy-2.2.0.jar
7f29d9ad9000-7f29d9aef000 r-xp 00000000 103:04 791132                    /lib/x86_64-linux-gnu/libgcc_s.so.1
7f29d9aef000-7f29d9cee000 ---p 00016000 103:04 791132                    /lib/x86_64-linux-gnu/libgcc_s.so.1
7f29d9cee000-7f29d9cef000 r--p 00015000 103:04 791132                    /lib/x86_64-linux-gnu/libgcc_s.so.1
7f29d9cef000-7f29d9cf0000 rw-p 00016000 103:04 791132                    /lib/x86_64-linux-gnu/libgcc_s.so.1
7f29d9cf0000-7f29d9e68000 r-xp 00000000 103:04 1189341                   /usr/lib/x86_64-linux-gnu/libstdc++.so.6.0.24
7f29d9e68000-7f29da067000 ---p 00178000 103:04 1189341                   /usr/lib/x86_64-linux-gnu/libstdc++.so.6.0.24
7f29da067000-7f29da071000 r--p 00177000 103:04 1189341                   /usr/lib/x86_64-linux-gnu/libstdc++.so.6.0.24
7f29da071000-7f29da073000 rw-p 00181000 103:04 1189341                   /usr/lib/x86_64-linux-gnu/libstdc++.so.6.0.24
7f29da073000-7f29da076000 rw-p 00000000 00:00 0 
7f29da076000-7f29da07a000 r--s 0001c000 103:04 4854805                   /home/tom/.gradle/wrapper/dists/gradle-4.1-all/bzyivzo6n839fup2jbap0tjew/gradle-4.1/lib/plugins/aether-util-1.13.1.jar
7f29da07a000-7f29da09e000 r--s 0011a000 103:04 4854753                   /home/tom/.gradle/wrapper/dists/gradle-4.1-all/bzyivzo6n839fup2jbap0tjew/gradle-4.1/lib/plugins/gradle-dependency-management-4.1.jar
7f29da09e000-7f29da0a1000 r--s 0000d000 103:04 4854752                   /home/tom/.gradle/wrapper/dists/gradle-4.1-all/bzyivzo6n839fup2jbap0tjew/gradle-4.1/lib/plugins/gradle-workers-4.1.jar
7f29da0a1000-7f29da0a6000 r-xp 00000000 103:04 4855842                   /home/tom/.gradle/native/25/linux-amd64/libnative-platform.so
7f29da0a6000-7f29da2a5000 ---p 00005000 103:04 4855842                   /home/tom/.gradle/native/25/linux-amd64/libnative-platform.so
7f29da2a5000-7f29da2a6000 rw-p 00004000 103:04 4855842                   /home/tom/.gradle/native/25/linux-amd64/libnative-platform.so
7f29da2a6000-7f29da2b7000 r-xp 00000000 103:04 1198588                   /usr/local/android-studio/jre/jre/lib/amd64/libnio.so
7f29da2b7000-7f29da4b6000 ---p 00011000 103:04 1198588                   /usr/local/android-studio/jre/jre/lib/amd64/libnio.so
7f29da4b6000-7f29da4b7000 r--p 00010000 103:04 1198588                   /usr/local/android-studio/jre/jre/lib/amd64/libnio.so
7f29da4b7000-7f29da4b8000 rw-p 00011000 103:04 1198588                   /usr/local/android-studio/jre/jre/lib/amd64/libnio.so
7f29da4b8000-7f29da4ce000 r-xp 00000000 103:04 1198590                   /usr/local/android-studio/jre/jre/lib/amd64/libnet.so
7f29da4ce000-7f29da6ce000 ---p 00016000 103:04 1198590                   /usr/local/android-studio/jre/jre/lib/amd64/libnet.so
7f29da6ce000-7f29da6cf000 r--p 00016000 103:04 1198590                   /usr/local/android-studio/jre/jre/lib/amd64/libnet.so
7f29da6cf000-7f29da6d0000 rw-p 00017000 103:04 1198590                   /usr/local/android-studio/jre/jre/lib/amd64/libnet.so
7f29da6d0000-7f29da702000 r--s 0021b000 103:04 4854655                   /home/tom/.gradle/wrapper/dists/gradle-4.1-all/bzyivzo6n839fup2jbap0tjew/gradle-4.1/lib/kotlin-reflect-1.1.3-2.jar
7f29da702000-7f29da8b9000 r--s 01786000 103:04 4854654                   /home/tom/.gradle/wrapper/dists/gradle-4.1-all/bzyivzo6n839fup2jbap0tjew/gradle-4.1/lib/kotlin-compiler-embeddable-1.1.3-2.jar
7f29da8b9000-7f29da929000 r--s 00645000 103:04 4854686                   /home/tom/.gradle/wrapper/dists/gradle-4.1-all/bzyivzo6n839fup2jbap0tjew/gradle-4.1/lib/groovy-all-2.4.11.jar
7f29da929000-7f29da92a000 ---p 00000000 00:00 0 
7f29da92a000-7f29daa2a000 rw-p 00000000 00:00 0 
7f29daa2a000-7f29daa2d000 ---p 00000000 00:00 0 
7f29daa2d000-7f29dab2b000 rw-p 00000000 00:00 0 
7f29dab2b000-7f29dab2e000 ---p 00000000 00:00 0 
7f29dab2e000-7f29dac2c000 rw-p 00000000 00:00 0 
7f29dac2c000-7f29dac2f000 ---p 00000000 00:00 0 
7f29dac2f000-7f29dad2d000 rw-p 00000000 00:00 0 
7f29dad2d000-7f29dad30000 ---p 00000000 00:00 0 
7f29dad30000-7f29dae2e000 rw-p 00000000 00:00 0 
7f29dae2e000-7f29dae31000 ---p 00000000 00:00 0 
7f29dae31000-7f29daf2f000 rw-p 00000000 00:00 0 
7f29daf2f000-7f29db8f9000 r--p 00000000 103:04 1186569                   /usr/lib/locale/locale-archive
7f29db8f9000-7f29db8fc000 ---p 00000000 00:00 0 
7f29db8fc000-7f29db9fa000 rw-p 00000000 00:00 0 
7f29db9fa000-7f29db9fd000 ---p 00000000 00:00 0 
7f29db9fd000-7f29dbafb000 rw-p 00000000 00:00 0 
7f29dbafb000-7f29dbafc000 ---p 00000000 00:00 0 
7f29dbafc000-7f29dc000000 rw-p 00000000 00:00 0 
7f29dc000000-7f29dc036000 rw-p 00000000 00:00 0 
7f29dc036000-7f29e0000000 ---p 00000000 00:00 0 
7f29e0000000-7f29e002e000 rw-p 00000000 00:00 0 
7f29e002e000-7f29e4000000 ---p 00000000 00:00 0 
7f29e4000000-7f29e4033000 rw-p 00000000 00:00 0 
7f29e4033000-7f29e8000000 ---p 00000000 00:00 0 
7f29e8000000-7f29e8002000 r--s 00006000 103:04 4854806                   /home/tom/.gradle/wrapper/dists/gradle-4.1-all/bzyivzo6n839fup2jbap0tjew/gradle-4.1/lib/plugins/aether-connector-wagon-1.13.1.jar
7f29e8002000-7f29e8003000 r--s 00006000 103:04 4854660                   /home/tom/.gradle/wrapper/dists/gradle-4.1-all/bzyivzo6n839fup2jbap0tjew/gradle-4.1/lib/gradle-wrapper-4.1.jar
7f29e8003000-7f29e8010000 r--s 00043000 103:04 4854659                   /home/tom/.gradle/wrapper/dists/gradle-4.1-all/bzyivzo6n839fup2jbap0tjew/gradle-4.1/lib/gradle-tooling-api-4.1.jar
7f29e8010000-7f29e801f000 r--s 000c8000 103:04 4854656                   /home/tom/.gradle/wrapper/dists/gradle-4.1-all/bzyivzo6n839fup2jbap0tjew/gradle-4.1/lib/kotlin-stdlib-1.1.3-2.jar
7f29e801f000-7f29e8020000 r--s 00000000 103:04 4854653                   /home/tom/.gradle/wrapper/dists/gradle-4.1-all/bzyivzo6n839fup2jbap0tjew/gradle-4.1/lib/gradle-kotlin-dsl-tooling-models-0.10.3.jar
7f29e8020000-7f29e8021000 r--s 00001000 103:04 4854651                   /home/tom/.gradle/wrapper/dists/gradle-4.1-all/bzyivzo6n839fup2jbap0tjew/gradle-4.1/lib/gradle-kotlin-dsl-compiler-plugin-0.10.3.jar
7f29e8021000-7f29e8023000 r--s 00003000 103:04 4854649                   /home/tom/.gradle/wrapper/dists/gradle-4.1-all/bzyivzo6n839fup2jbap0tjew/gradle-4.1/lib/annotations-13.0.jar
7f29e8023000-7f29e802d000 r--s 00073000 103:04 4854650                   /home/tom/.gradle/wrapper/dists/gradle-4.1-all/bzyivzo6n839fup2jbap0tjew/gradle-4.1/lib/gradle-kotlin-dsl-0.10.3.jar
7f29e802d000-7f29e8032000 r--s 00013000 103:04 4854666                   /home/tom/.gradle/wrapper/dists/gradle-4.1-all/bzyivzo6n839fup2jbap0tjew/gradle-4.1/lib/gradle-resources-4.1.jar
7f29e8032000-7f29e8034000 r--s 00005000 103:04 4854673                   /home/tom/.gradle/wrapper/dists/gradle-4.1-all/bzyivzo6n839fup2jbap0tjew/gradle-4.1/lib/gradle-cli-4.1.jar
7f29e8034000-7f29e8036000 r--s 00003000 103:04 4854680                   /home/tom/.gradle/wrapper/dists/gradle-4.1-all/bzyivzo6n839fup2jbap0tjew/gradle-4.1/lib/jcl-over-slf4j-1.7.10.jar
7f29e8036000-7f29e8037000 r--s 00005000 103:04 4854679                   /home/tom/.gradle/wrapper/dists/gradle-4.1-all/bzyivzo6n839fup2jbap0tjew/gradle-4.1/lib/log4j-over-slf4j-1.7.10.jar
7f29e8037000-7f29e8039000 r--s 00000000 103:04 4854678                   /home/tom/.gradle/wrapper/dists/gradle-4.1-all/bzyivzo6n839fup2jbap0tjew/gradle-4.1/lib/jul-to-slf4j-1.7.10.jar
7f29e8039000-7f29e8040000 r--s 0002c000 103:04 4854664                   /home/tom/.gradle/wrapper/dists/gradle-4.1-all/bzyivzo6n839fup2jbap0tjew/gradle-4.1/lib/gradle-logging-4.1.jar
7f29e8040000-7f29e8050000 r--s 00082000 103:04 4854669                   /home/tom/.gradle/wrapper/dists/gradle-4.1-all/bzyivzo6n839fup2jbap0tjew/gradle-4.1/lib/gradle-model-core-4.1.jar
7f29e8050000-7f29e8052000 r--s 00006000 103:04 4854670                   /home/tom/.gradle/wrapper/dists/gradle-4.1-all/bzyivzo6n839fup2jbap0tjew/gradle-4.1/lib/gradle-base-services-groovy-4.1.jar
7f29e8052000-7f29e8054000 r--s 00007000 103:04 4854668                   /home/tom/.gradle/wrapper/dists/gradle-4.1-all/bzyivzo6n839fup2jbap0tjew/gradle-4.1/lib/gradle-model-groovy-4.1.jar
7f29e8054000-7f29e8055000 r--s 00002000 103:04 4854691                   /home/tom/.gradle/wrapper/dists/gradle-4.1-all/bzyivzo6n839fup2jbap0tjew/gradle-4.1/lib/gradle-docs-4.1.jar
7f29e8055000-7f29e8062000 r--s 00083000 103:04 4854689                   /home/tom/.gradle/wrapper/dists/gradle-4.1-all/bzyivzo6n839fup2jbap0tjew/gradle-4.1/lib/commons-collections-3.2.2.jar
7f29e8062000-7f29e8063000 r--s 00000000 103:04 4854688                   /home/tom/.gradle/wrapper/dists/gradle-4.1-all/bzyivzo6n839fup2jbap0tjew/gradle-4.1/lib/javax.inject-1.jar
7f29e8063000-7f29e8066000 r--s 00023000 103:04 4854692                   /home/tom/.gradle/wrapper/dists/gradle-4.1-all/bzyivzo6n839fup2jbap0tjew/gradle-4.1/lib/jansi-1.14.jar
7f29e8066000-7f29e8067000 r--s 00004000 103:04 4854694                   /home/tom/.gradle/wrapper/dists/gradle-4.1-all/bzyivzo6n839fup2jbap0tjew/gradle-4.1/lib/native-platform-freebsd-amd64-libcpp-0.14.jar
7f29e8067000-7f29e8068000 r--s 00004000 103:04 4854695                   /home/tom/.gradle/wrapper/dists/gradle-4.1-all/bzyivzo6n839fup2jbap0tjew/gradle-4.1/lib/native-platform-freebsd-amd64-libstdcpp-0.14.jar
7f29e8068000-7f29e8069000 r--s 00004000 103:04 4854696                   /home/tom/.gradle/wrapper/dists/gradle-4.1-all/bzyivzo6n839fup2jbap0tjew/gradle-4.1/lib/native-platform-freebsd-i386-libcpp-0.14.jar
7f29e8069000-7f29e806a000 r--s 00003000 103:04 4854697                   /home/tom/.gradle/wrapper/dists/gradle-4.1-all/bzyivzo6n839fup2jbap0tjew/gradle-4.1/lib/native-platform-freebsd-i386-libstdcpp-0.14.jar
7f29e806a000-7f29e806b000 r--s 00002000 103:04 4854698                   /home/tom/.gradle/wrapper/dists/gradle-4.1-all/bzyivzo6n839fup2jbap0tjew/gradle-4.1/lib/native-platform-linux-amd64-0.14.jar
7f29e806b000-7f29e806c000 r--s 00002000 103:04 4854699                   /home/tom/.gradle/wrapper/dists/gradle-4.1-all/bzyivzo6n839fup2jbap0tjew/gradle-4.1/lib/native-platform-linux-i386-0.14.jar
7f29e806c000-7f29e806e000 r--s 00002000 103:04 4854700                   /home/tom/.gradle/wrapper/dists/gradle-4.1-all/bzyivzo6n839fup2jbap0tjew/gradle-4.1/lib/native-platform-osx-amd64-0.14.jar
7f29e806e000-7f29e806f000 r--s 00003000 103:04 4854701                   /home/tom/.gradle/wrapper/dists/gradle-4.1-all/bzyivzo6n839fup2jbap0tjew/gradle-4.1/lib/native-platform-osx-i386-0.14.jar
7f29e806f000-7f29e8071000 r--s 0000b000 103:04 4854702                   /home/tom/.gradle/wrapper/dists/gradle-4.1-all/bzyivzo6n839fup2jbap0tjew/gradle-4.1/lib/native-platform-windows-amd64-0.14.jar
7f29e8071000-7f29e8072000 r--s 0000b000 103:04 4854703                   /home/tom/.gradle/wrapper/dists/gradle-4.1-all/bzyivzo6n839fup2jbap0tjew/gradle-4.1/lib/native-platform-windows-i386-0.14.jar
7f29e8072000-7f29e8073000 r--s 00001000 103:04 4854704                   /home/tom/.gradle/wrapper/dists/gradle-4.1-all/bzyivzo6n839fup2jbap0tjew/gradle-4.1/lib/native-platform-linux-amd64-ncurses5-0.14.jar
7f29e8073000-7f29e8074000 r--s 00001000 103:04 4854705                   /home/tom/.gradle/wrapper/dists/gradle-4.1-all/bzyivzo6n839fup2jbap0tjew/gradle-4.1/lib/native-platform-linux-amd64-ncurses6-0.14.jar
7f29e8074000-7f29e8078000 r--s 00012000 103:04 4854690                   /home/tom/.gradle/wrapper/dists/gradle-4.1-all/bzyivzo6n839fup2jbap0tjew/gradle-4.1/lib/native-platform-0.14.jar
7f29e8078000-7f29e807b000 r--s 0000c000 103:04 4854667                   /home/tom/.gradle/wrapper/dists/gradle-4.1-all/bzyivzo6n839fup2jbap0tjew/gradle-4.1/lib/gradle-native-4.1.jar
7f29e807b000-7f29e807d000 r--s 0000f000 103:04 4854675                   /home/tom/.gradle/wrapper/dists/gradle-4.1-all/bzyivzo6n839fup2jbap0tjew/gradle-4.1/lib/reflectasm-1.07-shaded.jar
7f29e807d000-7f29e807f000 r--s 00000000 103:04 4854708                   /home/tom/.gradle/wrapper/dists/gradle-4.1-all/bzyivzo6n839fup2jbap0tjew/gradle-4.1/lib/minlog-1.2.jar
7f29e807f000-7f29e8081000 r--s 00007000 103:04 4854709                   /home/tom/.gradle/wrapper/dists/gradle-4.1-all/bzyivzo6n839fup2jbap0tjew/gradle-4.1/lib/objenesis-1.2.jar
7f29e8081000-7f29e8087000 r--s 0002b000 103:04 4854671                   /home/tom/.gradle/wrapper/dists/gradle-4.1-all/bzyivzo6n839fup2jbap0tjew/gradle-4.1/lib/gradle-messaging-4.1.jar
7f29e8087000-7f29e80af000 r--s 001cf000 103:04 4854682                   /home/tom/.gradle/wrapper/dists/gradle-4.1-all/bzyivzo6n839fup2jbap0tjew/gradle-4.1/lib/guava-jdk5-17.0.jar
7f29e80af000-7f29e80f9000 r--s 00253000 103:04 4854662                   /home/tom/.gradle/wrapper/dists/gradle-4.1-all/bzyivzo6n839fup2jbap0tjew/gradle-4.1/lib/gradle-core-4.1.jar
7f29e80f9000-7f29ec000000 rw-p 00000000 00:00 0 
7f29ec000000-7f29ec057000 rw-p 00000000 00:00 0 
7f29ec057000-7f29f0000000 ---p 00000000 00:00 0 
7f29f0000000-7f29f0001000 r--s 00001000 103:04 4854706                   /home/tom/.gradle/wrapper/dists/gradle-4.1-all/bzyivzo6n839fup2jbap0tjew/gradle-4.1/lib/native-platform-linux-i386-ncurses5-0.14.jar
7f29f0001000-7f29f0005000 r--s 00026000 103:04 4854674                   /home/tom/.gradle/wrapper/dists/gradle-4.1-all/bzyivzo6n839fup2jbap0tjew/gradle-4.1/lib/kryo-2.20.jar
7f29f0005000-7f29f0007000 r--s 00006000 103:04 4854665                   /home/tom/.gradle/wrapper/dists/gradle-4.1-all/bzyivzo6n839fup2jbap0tjew/gradle-4.1/lib/gradle-process-services-4.1.jar
7f29f0007000-7f29f000c000 r--s 00041000 103:04 4854684                   /home/tom/.gradle/wrapper/dists/gradle-4.1-all/bzyivzo6n839fup2jbap0tjew/gradle-4.1/lib/commons-lang-2.6.jar
7f29f000c000-7f29f002b000 r--s 001d1000 103:04 4854687                   /home/tom/.gradle/wrapper/dists/gradle-4.1-all/bzyivzo6n839fup2jbap0tjew/gradle-4.1/lib/ant-1.9.6.jar
7f29f002b000-7f29f0037000 r--s 00053000 103:04 4854672                   /home/tom/.gradle/wrapper/dists/gradle-4.1-all/bzyivzo6n839fup2jbap0tjew/gradle-4.1/lib/gradle-base-services-4.1.jar
7f29f0037000-7f29f0043000 r--s 0005c000 103:04 4854657                   /home/tom/.gradle/wrapper/dists/gradle-4.1-all/bzyivzo6n839fup2jbap0tjew/gradle-4.1/lib/gradle-launcher-4.1.jar
7f29f0043000-7f29f04b6000 rw-p 00000000 00:00 0 
7f29f04b6000-7f29f0686000 r--s 03c46000 103:04 1198544                   /usr/local/android-studio/jre/jre/lib/rt.jar
7f29f0686000-7f29f09fc000 rw-p 00000000 00:00 0 
7f29f09fc000-7f29f09fd000 ---p 00000000 00:00 0 
7f29f09fd000-7f29f0afd000 rw-p 00000000 00:00 0 
7f29f0afd000-7f29f0afe000 ---p 00000000 00:00 0 
7f29f0afe000-7f29f0bfe000 rw-p 00000000 00:00 0 
7f29f0bfe000-7f29f0bff000 ---p 00000000 00:00 0 
7f29f0bff000-7f29f0cff000 rw-p 00000000 00:00 0 
7f29f0cff000-7f29f0d00000 ---p 00000000 00:00 0 
7f29f0d00000-7f29f0e30000 rw-p 00000000 00:00 0 
7f29f0e30000-7f29f1000000 ---p 00000000 00:00 0 
7f29f1000000-7f29f2a30000 rwxp 00000000 00:00 0 
7f29f2a30000-7f2a00000000 ---p 00000000 00:00 0 
7f2a00000000-7f2a00cad000 rw-p 00000000 00:00 0 
7f2a00cad000-7f2a04000000 ---p 00000000 00:00 0 
7f2a04000000-7f2a04001000 r--s 00001000 103:04 4854707                   /home/tom/.gradle/wrapper/dists/gradle-4.1-all/bzyivzo6n839fup2jbap0tjew/gradle-4.1/lib/native-platform-linux-i386-ncurses6-0.14.jar
7f2a04001000-7f2a04004000 r--s 00006000 103:04 4854683                   /home/tom/.gradle/wrapper/dists/gradle-4.1-all/bzyivzo6n839fup2jbap0tjew/gradle-4.1/lib/jsr305-1.3.9.jar
7f2a04004000-7f2a04008000 r--s 00027000 103:04 4854677                   /home/tom/.gradle/wrapper/dists/gradle-4.1-all/bzyivzo6n839fup2jbap0tjew/gradle-4.1/lib/commons-io-2.2.jar
7f2a04008000-7f2a0407a000 rw-p 00000000 00:00 0 
7f2a0407a000-7f2a0424a000 ---p 00000000 00:00 0 
7f2a0424a000-7f2a042e6000 rw-p 00000000 00:00 0 
7f2a042e6000-7f2a0434a000 ---p 00000000 00:00 0 
7f2a0434a000-7f2a043b4000 rw-p 00000000 00:00 0 
7f2a043b4000-7f2a0470b000 ---p 00000000 00:00 0 
7f2a0470b000-7f2a04725000 r-xp 00000000 103:04 1198565                   /usr/local/android-studio/jre/jre/lib/amd64/libzip.so
7f2a04725000-7f2a04925000 ---p 0001a000 103:04 1198565                   /usr/local/android-studio/jre/jre/lib/amd64/libzip.so
7f2a04925000-7f2a04926000 r--p 0001a000 103:04 1198565                   /usr/local/android-studio/jre/jre/lib/amd64/libzip.so
7f2a04926000-7f2a04927000 rw-p 0001b000 103:04 1198565                   /usr/local/android-studio/jre/jre/lib/amd64/libzip.so
7f2a04927000-7f2a04932000 r-xp 00000000 103:04 791187                    /lib/x86_64-linux-gnu/libnss_files-2.26.so
7f2a04932000-7f2a04b31000 ---p 0000b000 103:04 791187                    /lib/x86_64-linux-gnu/libnss_files-2.26.so
7f2a04b31000-7f2a04b32000 r--p 0000a000 103:04 791187                    /lib/x86_64-linux-gnu/libnss_files-2.26.so
7f2a04b32000-7f2a04b33000 rw-p 0000b000 103:04 791187                    /lib/x86_64-linux-gnu/libnss_files-2.26.so
7f2a04b33000-7f2a04b39000 rw-p 00000000 00:00 0 
7f2a04b39000-7f2a04b44000 r-xp 00000000 103:04 791198                    /lib/x86_64-linux-gnu/libnss_nis-2.26.so
7f2a04b44000-7f2a04d43000 ---p 0000b000 103:04 791198                    /lib/x86_64-linux-gnu/libnss_nis-2.26.so
7f2a04d43000-7f2a04d44000 r--p 0000a000 103:04 791198                    /lib/x86_64-linux-gnu/libnss_nis-2.26.so
7f2a04d44000-7f2a04d45000 rw-p 0000b000 103:04 791198                    /lib/x86_64-linux-gnu/libnss_nis-2.26.so
7f2a04d45000-7f2a04d5c000 r-xp 00000000 103:04 791181                    /lib/x86_64-linux-gnu/libnsl-2.26.so
7f2a04d5c000-7f2a04f5b000 ---p 00017000 103:04 791181                    /lib/x86_64-linux-gnu/libnsl-2.26.so
7f2a04f5b000-7f2a04f5c000 r--p 00016000 103:04 791181                    /lib/x86_64-linux-gnu/libnsl-2.26.so
7f2a04f5c000-7f2a04f5d000 rw-p 00017000 103:04 791181                    /lib/x86_64-linux-gnu/libnsl-2.26.so
7f2a04f5d000-7f2a04f5f000 rw-p 00000000 00:00 0 
7f2a04f5f000-7f2a04f67000 r-xp 00000000 103:04 791183                    /lib/x86_64-linux-gnu/libnss_compat-2.26.so
7f2a04f67000-7f2a05166000 ---p 00008000 103:04 791183                    /lib/x86_64-linux-gnu/libnss_compat-2.26.so
7f2a05166000-7f2a05167000 r--p 00007000 103:04 791183                    /lib/x86_64-linux-gnu/libnss_compat-2.26.so
7f2a05167000-7f2a05168000 rw-p 00008000 103:04 791183                    /lib/x86_64-linux-gnu/libnss_compat-2.26.so
7f2a05168000-7f2a05195000 r-xp 00000000 103:04 1198564                   /usr/local/android-studio/jre/jre/lib/amd64/libjava.so
7f2a05195000-7f2a05394000 ---p 0002d000 103:04 1198564                   /usr/local/android-studio/jre/jre/lib/amd64/libjava.so
7f2a05394000-7f2a05395000 r--p 0002c000 103:04 1198564                   /usr/local/android-studio/jre/jre/lib/amd64/libjava.so
7f2a05395000-7f2a05397000 rw-p 0002d000 103:04 1198564                   /usr/local/android-studio/jre/jre/lib/amd64/libjava.so
7f2a05397000-7f2a053a7000 r-xp 00000000 103:04 1198570                   /usr/local/android-studio/jre/jre/lib/amd64/libverify.so
7f2a053a7000-7f2a055a6000 ---p 00010000 103:04 1198570                   /usr/local/android-studio/jre/jre/lib/amd64/libverify.so
7f2a055a6000-7f2a055a8000 r--p 0000f000 103:04 1198570                   /usr/local/android-studio/jre/jre/lib/amd64/libverify.so
7f2a055a8000-7f2a055a9000 rw-p 00011000 103:04 1198570                   /usr/local/android-studio/jre/jre/lib/amd64/libverify.so
7f2a055a9000-7f2a055b0000 r-xp 00000000 103:04 791241                    /lib/x86_64-linux-gnu/librt-2.26.so
7f2a055b0000-7f2a057af000 ---p 00007000 103:04 791241                    /lib/x86_64-linux-gnu/librt-2.26.so
7f2a057af000-7f2a057b0000 r--p 00006000 103:04 791241                    /lib/x86_64-linux-gnu/librt-2.26.so
7f2a057b0000-7f2a057b1000 rw-p 00007000 103:04 791241                    /lib/x86_64-linux-gnu/librt-2.26.so
7f2a057b1000-7f2a05906000 r-xp 00000000 103:04 791160                    /lib/x86_64-linux-gnu/libm-2.26.so
7f2a05906000-7f2a05b05000 ---p 00155000 103:04 791160                    /lib/x86_64-linux-gnu/libm-2.26.so
7f2a05b05000-7f2a05b06000 r--p 00154000 103:04 791160                    /lib/x86_64-linux-gnu/libm-2.26.so
7f2a05b06000-7f2a05b07000 rw-p 00155000 103:04 791160                    /lib/x86_64-linux-gnu/libm-2.26.so
7f2a05b07000-7f2a066ff000 r-xp 00000000 103:04 1198574                   /usr/local/android-studio/jre/jre/lib/amd64/server/libjvm.so
7f2a066ff000-7f2a068ff000 ---p 00bf8000 103:04 1198574                   /usr/local/android-studio/jre/jre/lib/amd64/server/libjvm.so
7f2a068ff000-7f2a0699e000 r--p 00bf8000 103:04 1198574                   /usr/local/android-studio/jre/jre/lib/amd64/server/libjvm.so
7f2a0699e000-7f2a069c7000 rw-p 00c97000 103:04 1198574                   /usr/local/android-studio/jre/jre/lib/amd64/server/libjvm.so
7f2a069c7000-7f2a06a0b000 rw-p 00000000 00:00 0 
7f2a06a0b000-7f2a06a25000 r-xp 00000000 103:04 791233                    /lib/x86_64-linux-gnu/libpthread-2.26.so
7f2a06a25000-7f2a06c24000 ---p 0001a000 103:04 791233                    /lib/x86_64-linux-gnu/libpthread-2.26.so
7f2a06c24000-7f2a06c25000 r--p 00019000 103:04 791233                    /lib/x86_64-linux-gnu/libpthread-2.26.so
7f2a06c25000-7f2a06c26000 rw-p 0001a000 103:04 791233                    /lib/x86_64-linux-gnu/libpthread-2.26.so
7f2a06c26000-7f2a06c2a000 rw-p 00000000 00:00 0 
7f2a06c2a000-7f2a06c2d000 r-xp 00000000 103:04 791118                    /lib/x86_64-linux-gnu/libdl-2.26.so
7f2a06c2d000-7f2a06e2c000 ---p 00003000 103:04 791118                    /lib/x86_64-linux-gnu/libdl-2.26.so
7f2a06e2c000-7f2a06e2d000 r--p 00002000 103:04 791118                    /lib/x86_64-linux-gnu/libdl-2.26.so
7f2a06e2d000-7f2a06e2e000 rw-p 00003000 103:04 791118                    /lib/x86_64-linux-gnu/libdl-2.26.so
7f2a06e2e000-7f2a07004000 r-xp 00000000 103:04 791094                    /lib/x86_64-linux-gnu/libc-2.26.so
7f2a07004000-7f2a07204000 ---p 001d6000 103:04 791094                    /lib/x86_64-linux-gnu/libc-2.26.so
7f2a07204000-7f2a07208000 r--p 001d6000 103:04 791094                    /lib/x86_64-linux-gnu/libc-2.26.so
7f2a07208000-7f2a0720a000 rw-p 001da000 103:04 791094                    /lib/x86_64-linux-gnu/libc-2.26.so
7f2a0720a000-7f2a0720e000 rw-p 00000000 00:00 0 
7f2a0720e000-7f2a07224000 r-xp 00000000 103:04 1198513                   /usr/local/android-studio/jre/lib/amd64/jli/libjli.so
7f2a07224000-7f2a07423000 ---p 00016000 103:04 1198513                   /usr/local/android-studio/jre/lib/amd64/jli/libjli.so
7f2a07423000-7f2a07424000 r--p 00015000 103:04 1198513                   /usr/local/android-studio/jre/lib/amd64/jli/libjli.so
7f2a07424000-7f2a07425000 rw-p 00016000 103:04 1198513                   /usr/local/android-studio/jre/lib/amd64/jli/libjli.so
7f2a07425000-7f2a0744c000 r-xp 00000000 103:04 791066                    /lib/x86_64-linux-gnu/ld-2.26.so
7f2a0744c000-7f2a0744e000 r--s 00000000 103:04 4854663                   /home/tom/.gradle/wrapper/dists/gradle-4.1-all/bzyivzo6n839fup2jbap0tjew/gradle-4.1/lib/gradle-jvm-services-4.1.jar
7f2a0744e000-7f2a07456000 r--s 000bd000 103:04 4854676                   /home/tom/.gradle/wrapper/dists/gradle-4.1-all/bzyivzo6n839fup2jbap0tjew/gradle-4.1/lib/asm-debug-all-6.0_ALPHA.jar
7f2a07456000-7f2a0751b000 rw-p 00000000 00:00 0 
7f2a0751b000-7f2a0751e000 ---p 00000000 00:00 0 
7f2a0751e000-7f2a0761e000 rw-p 00000000 00:00 0 
7f2a0761e000-7f2a0761f000 r--s 00000000 103:04 4854685                   /home/tom/.gradle/wrapper/dists/gradle-4.1-all/bzyivzo6n839fup2jbap0tjew/gradle-4.1/lib/jcip-annotations-1.0.jar
7f2a0761f000-7f2a07620000 r--s 00007000 103:04 4854681                   /home/tom/.gradle/wrapper/dists/gradle-4.1-all/bzyivzo6n839fup2jbap0tjew/gradle-4.1/lib/slf4j-api-1.7.10.jar
7f2a07620000-7f2a07621000 r--s 00004000 103:04 4854693                   /home/tom/.gradle/wrapper/dists/gradle-4.1-all/bzyivzo6n839fup2jbap0tjew/gradle-4.1/lib/ant-launcher-1.9.6.jar
7f2a07621000-7f2a0763f000 rw-p 00000000 00:00 0 
7f2a0763f000-7f2a07647000 rw-s 00000000 103:04 3289585                   /tmp/hsperfdata_tom/5040
7f2a07647000-7f2a07648000 rw-p 00000000 00:00 0 
7f2a07648000-7f2a07649000 ---p 00000000 00:00 0 
7f2a07649000-7f2a0764c000 rw-p 00000000 00:00 0 
7f2a0764c000-7f2a0764d000 r--p 00027000 103:04 791066                    /lib/x86_64-linux-gnu/ld-2.26.so
7f2a0764d000-7f2a0764e000 rw-p 00028000 103:04 791066                    /lib/x86_64-linux-gnu/ld-2.26.so
7f2a0764e000-7f2a0764f000 rw-p 00000000 00:00 0 
7ffe9b2d7000-7ffe9b2f8000 rw-p 00000000 00:00 0                          [stack]
7ffe9b33e000-7ffe9b341000 r--p 00000000 00:00 0                          [vvar]
7ffe9b341000-7ffe9b343000 r-xp 00000000 00:00 0                          [vdso]
ffffffffff600000-ffffffffff601000 r-xp 00000000 00:00 0                  [vsyscall]

VM Arguments:
jvm_args: -Xmx1536m -Dfile.encoding=UTF-8 -Duser.country=GB -Duser.language=en -Duser.variant 
java_command: org.gradle.launcher.daemon.bootstrap.GradleDaemon 4.1
java_class_path (initial): /home/tom/.gradle/wrapper/dists/gradle-4.1-all/bzyivzo6n839fup2jbap0tjew/gradle-4.1/lib/gradle-launcher-4.1.jar
Launcher Type: SUN_STANDARD

Environment Variables:
PATH=/usr/local/sbin:/usr/local/bin:/usr/sbin:/usr/bin:/sbin:/bin:/usr/games:/usr/local/games:/snap/bin:/home/tom/Android/Sdk/platform-tools
USERNAME=tom
LD_LIBRARY_PATH=/usr/local/android-studio/bin:
SHELL=/bin/bash
DISPLAY=:0

Signal Handlers:
SIGSEGV: [libjvm.so+0x9ebc60], sa_mask[0]=11111111011111111101111111111110, sa_flags=SA_RESTART|SA_SIGINFO
SIGBUS: [libjvm.so+0x9ebc60], sa_mask[0]=11111111011111111101111111111110, sa_flags=SA_RESTART|SA_SIGINFO
SIGFPE: [libjvm.so+0x84cf60], sa_mask[0]=11111111011111111101111111111110, sa_flags=SA_RESTART|SA_SIGINFO
SIGPIPE: [libjvm.so+0x84cf60], sa_mask[0]=11111111011111111101111111111110, sa_flags=SA_RESTART|SA_SIGINFO
SIGXFSZ: [libjvm.so+0x84cf60], sa_mask[0]=11111111011111111101111111111110, sa_flags=SA_RESTART|SA_SIGINFO
SIGILL: [libjvm.so+0x84cf60], sa_mask[0]=11111111011111111101111111111110, sa_flags=SA_RESTART|SA_SIGINFO
SIGUSR1: SIG_DFL, sa_mask[0]=00000000000000000000000000000000, sa_flags=none
SIGUSR2: [libjvm.so+0x84ce30], sa_mask[0]=00100000000000000000000000000000, sa_flags=SA_RESTART|SA_SIGINFO
SIGHUP: [libjvm.so+0x84d020], sa_mask[0]=11111111011111111101111111111110, sa_flags=SA_RESTART|SA_SIGINFO
SIGINT: [libjvm.so+0x84d020], sa_mask[0]=11111111011111111101111111111110, sa_flags=SA_RESTART|SA_SIGINFO
SIGTERM: [libjvm.so+0x84d020], sa_mask[0]=11111111011111111101111111111110, sa_flags=SA_RESTART|SA_SIGINFO
SIGQUIT: [libjvm.so+0x84d020], sa_mask[0]=11111111011111111101111111111110, sa_flags=SA_RESTART|SA_SIGINFO


---------------  S Y S T E M  ---------------

OS:DISTRIB_ID=Ubuntu
DISTRIB_RELEASE=17.10
DISTRIB_CODENAME=artful
DISTRIB_DESCRIPTION="Ubuntu 17.10"

uname:Linux 4.14.8-surface #2 SMP Fri Dec 22 11:23:52 GMT 2017 x86_64
libc:glibc 2.26 NPTL 2.26 
rlimit: STACK 8192k, CORE 0k, NPROC 15003, NOFILE 1048576, AS infinity
load average:3.35 2.33 1.88

/proc/meminfo:
MemTotal:        3966476 kB
MemFree:          106920 kB
MemAvailable:      20416 kB
Buffers:            1064 kB
Cached:           526832 kB
SwapCached:        12724 kB
Active:          2971024 kB
Inactive:         625240 kB
Active(anon):    2960908 kB
Inactive(anon):   604132 kB
Active(file):      10116 kB
Inactive(file):    21108 kB
Unevictable:         676 kB
Mlocked:             676 kB
SwapTotal:       2097148 kB
SwapFree:              0 kB
Dirty:               812 kB
Writeback:             0 kB
AnonPages:       3057096 kB
Mapped:            91648 kB
Shmem:            496340 kB
Slab:             115840 kB
SReclaimable:      42504 kB
SUnreclaim:        73336 kB
KernelStack:       16928 kB
PageTables:        78312 kB
NFS_Unstable:          0 kB
Bounce:                0 kB
WritebackTmp:          0 kB
CommitLimit:     4080384 kB
Committed_AS:   13408592 kB
VmallocTotal:   34359738367 kB
VmallocUsed:           0 kB
VmallocChunk:          0 kB
HardwareCorrupted:     0 kB
AnonHugePages:         0 kB
ShmemHugePages:        0 kB
ShmemPmdMapped:        0 kB
CmaTotal:              0 kB
CmaFree:               0 kB
HugePages_Total:       0
HugePages_Free:        0
HugePages_Rsvd:        0
HugePages_Surp:        0
Hugepagesize:       2048 kB
DirectMap4k:      300520 kB
DirectMap2M:     3817472 kB
DirectMap1G:           0 kB


CPU:total 4 (initial active 4) (2 cores per cpu, 2 threads per core) family 6 model 78 stepping 3, cmov, cx8, fxsr, mmx, sse, sse2, sse3, ssse3, sse4.1, sse4.2, popcnt, avx, avx2, aes, clmul, erms, 3dnowpref, lzcnt, ht, tsc, tscinvbit, bmi1, bmi2, adx

/proc/cpuinfo:
processor	: 0
vendor_id	: GenuineIntel
cpu family	: 6
model		: 78
model name	: Intel(R) Core(TM) m3-6Y30 CPU @ 0.90GHz
stepping	: 3
microcode	: 0xba
cpu MHz		: 1500.000
cache size	: 4096 KB
physical id	: 0
siblings	: 4
core id		: 0
cpu cores	: 2
apicid		: 0
initial apicid	: 0
fpu		: yes
fpu_exception	: yes
cpuid level	: 22
wp		: yes
flags		: fpu vme de pse tsc msr pae mce cx8 apic sep mtrr pge mca cmov pat pse36 clflush dts acpi mmx fxsr sse sse2 ss ht tm pbe syscall nx pdpe1gb rdtscp lm constant_tsc art arch_perfmon pebs bts rep_good nopl xtopology nonstop_tsc cpuid aperfmperf tsc_known_freq pni pclmulqdq dtes64 monitor ds_cpl vmx est tm2 ssse3 sdbg fma cx16 xtpr pdcm pcid sse4_1 sse4_2 x2apic movbe popcnt tsc_deadline_timer aes xsave avx f16c rdrand lahf_lm abm 3dnowprefetch cpuid_fault epb intel_pt tpr_shadow vnmi flexpriority ept vpid fsgsbase tsc_adjust bmi1 avx2 smep bmi2 erms invpcid mpx rdseed adx smap clflushopt xsaveopt xsavec xgetbv1 xsaves dtherm ida arat pln pts hwp hwp_notify hwp_act_window hwp_epp
bugs		:
bogomips	: 3024.00
clflush size	: 64
cache_alignment	: 64
address sizes	: 39 bits physical, 48 bits virtual
power management:

processor	: 1
vendor_id	: GenuineIntel
cpu family	: 6
model		: 78
model name	: Intel(R) Core(TM) m3-6Y30 CPU @ 0.90GHz
stepping	: 3
microcode	: 0xba
cpu MHz		: 1500.000
cache size	: 4096 KB
physical id	: 0
siblings	: 4
core id		: 1
cpu cores	: 2
apicid		: 2
initial apicid	: 2
fpu		: yes
fpu_exception	: yes
cpuid level	: 22
wp		: yes
flags		: fpu vme de pse tsc msr pae mce cx8 apic sep mtrr pge mca cmov pat pse36 clflush dts acpi mmx fxsr sse sse2 ss ht tm pbe syscall nx pdpe1gb rdtscp lm constant_tsc art arch_perfmon pebs bts rep_good nopl xtopology nonstop_tsc cpuid aperfmperf tsc_known_freq pni pclmulqdq dtes64 monitor ds_cpl vmx est tm2 ssse3 sdbg fma cx16 xtpr pdcm pcid sse4_1 sse4_2 x2apic movbe popcnt tsc_deadline_timer aes xsave avx f16c rdrand lahf_lm abm 3dnowprefetch cpuid_fault epb intel_pt tpr_shadow vnmi flexpriority ept vpid fsgsbase tsc_adjust bmi1 avx2 smep bmi2 erms invpcid mpx rdseed adx smap clflushopt xsaveopt xsavec xgetbv1 xsaves dtherm ida arat pln pts hwp hwp_notify hwp_act_window hwp_epp
bugs		:
bogomips	: 3024.00
clflush size	: 64
cache_alignment	: 64
address sizes	: 39 bits physical, 48 bits virtual
power management:

processor	: 2
vendor_id	: GenuineIntel
cpu family	: 6
model		: 78
model name	: Intel(R) Core(TM) m3-6Y30 CPU @ 0.90GHz
stepping	: 3
microcode	: 0xba
cpu MHz		: 1500.000
cache size	: 4096 KB
physical id	: 0
siblings	: 4
core id		: 0
cpu cores	: 2
apicid		: 1
initial apicid	: 1
fpu		: yes
fpu_exception	: yes
cpuid level	: 22
wp		: yes
flags		: fpu vme de pse tsc msr pae mce cx8 apic sep mtrr pge mca cmov pat pse36 clflush dts acpi mmx fxsr sse sse2 ss ht tm pbe syscall nx pdpe1gb rdtscp lm constant_tsc art arch_perfmon pebs bts rep_good nopl xtopology nonstop_tsc cpuid aperfmperf tsc_known_freq pni pclmulqdq dtes64 monitor ds_cpl vmx est tm2 ssse3 sdbg fma cx16 xtpr pdcm pcid sse4_1 sse4_2 x2apic movbe popcnt tsc_deadline_timer aes xsave avx f16c rdrand lahf_lm abm 3dnowprefetch cpuid_fault epb intel_pt tpr_shadow vnmi flexpriority ept vpid fsgsbase tsc_adjust bmi1 avx2 smep bmi2 erms invpcid mpx rdseed adx smap clflushopt xsaveopt xsavec xgetbv1 xsaves dtherm ida arat pln pts hwp hwp_notify hwp_act_window hwp_epp
bugs		:
bogomips	: 3024.00
clflush size	: 64
cache_alignment	: 64
address sizes	: 39 bits physical, 48 bits virtual
power management:

processor	: 3
vendor_id	: GenuineIntel
cpu family	: 6
model		: 78
model name	: Intel(R) Core(TM) m3-6Y30 CPU @ 0.90GHz
stepping	: 3
microcode	: 0xba
cpu MHz		: 1500.000
cache size	: 4096 KB
physical id	: 0
siblings	: 4
core id		: 1
cpu cores	: 2
apicid		: 3
initial apicid	: 3
fpu		: yes
fpu_exception	: yes
cpuid level	: 22
wp		: yes
flags		: fpu vme de pse tsc msr pae mce cx8 apic sep mtrr pge mca cmov pat pse36 clflush dts acpi mmx fxsr sse sse2 ss ht tm pbe syscall nx pdpe1gb rdtscp lm constant_tsc art arch_perfmon pebs bts rep_good nopl xtopology nonstop_tsc cpuid aperfmperf tsc_known_freq pni pclmulqdq dtes64 monitor ds_cpl vmx est tm2 ssse3 sdbg fma cx16 xtpr pdcm pcid sse4_1 sse4_2 x2apic movbe popcnt tsc_deadline_timer aes xsave avx f16c rdrand lahf_lm abm 3dnowprefetch cpuid_fault epb intel_pt tpr_shadow vnmi flexpriority ept vpid fsgsbase tsc_adjust bmi1 avx2 smep bmi2 erms invpcid mpx rdseed adx smap clflushopt xsaveopt xsavec xgetbv1 xsaves dtherm ida arat pln pts hwp hwp_notify hwp_act_window hwp_epp
bugs		:
bogomips	: 3024.00
clflush size	: 64
cache_alignment	: 64
address sizes	: 39 bits physical, 48 bits virtual
power management:



Memory: 4k page, physical 3966476k(106548k free), swap 2097148k(0k free)

vm_info: OpenJDK 64-Bit Server VM (25.152-b01) for linux-amd64 JRE (1.8.0_152-release-915-b01), built by "builder" with gcc 4.8.4

time: Fri Dec 29 14:26:47 2017
elapsed time: 14 seconds (0d 0h 0m 14s)

